Graph loaded! 120 nodes, 54 edges
Node list:
	SYSTEM-1MET
	SYSTEM-2PRO
	SYSTEM-3SER
	SYSTEM-4GLU
	SYSTEM-5LYS
	SYSTEM-6THR
	SYSTEM-7PHE
	SYSTEM-8LYS
	SYSTEM-9GLN
	SYSTEM-10ARG
	SYSTEM-11ARG
	SYSTEM-12THR
	SYSTEM-13PHE
	SYSTEM-14GLU
	SYSTEM-15GLN
	SYSTEM-16ARG
	SYSTEM-17VAL
	SYSTEM-18GLU
	SYSTEM-19ASP
	SYSTEM-20VAL
	SYSTEM-21ARG
	SYSTEM-22LEU
	SYSTEM-23ILE
	SYSTEM-24ARG
	SYSTEM-25GLU
	SYSTEM-26GLN
	SYSTEM-27HIS
	SYSTEM-28PRO
	SYSTEM-29THR
	SYSTEM-30LYS
	SYSTEM-31ILE
	SYSTEM-32PRO
	SYSTEM-33VAL
	SYSTEM-34ILE
	SYSTEM-35ILE
	SYSTEM-36GLU
	SYSTEM-37ARG
	SYSTEM-38TYR
	SYSTEM-39LYS
	SYSTEM-40GLY
	SYSTEM-41GLU
	SYSTEM-42LYS
	SYSTEM-43GLN
	SYSTEM-44LEU
	SYSTEM-45PRO
	SYSTEM-46VAL
	SYSTEM-47LEU
	SYSTEM-48ASP
	SYSTEM-49LYS
	SYSTEM-50THR
	SYSTEM-51LYS
	SYSTEM-52PHE
	SYSTEM-53LEU
	SYSTEM-54VAL
	SYSTEM-55PRO
	SYSTEM-56ASP
	SYSTEM-57HIS
	SYSTEM-58VAL
	SYSTEM-59ASN
	SYSTEM-60MET
	SYSTEM-61SER
	SYSTEM-62GLU
	SYSTEM-63LEU
	SYSTEM-64ILE
	SYSTEM-65LYS
	SYSTEM-66ILE
	SYSTEM-67ILE
	SYSTEM-68ARG
	SYSTEM-69ARG
	SYSTEM-70ARG
	SYSTEM-71LEU
	SYSTEM-72GLN
	SYSTEM-73LEU
	SYSTEM-74ASN
	SYSTEM-75ALA
	SYSTEM-76ASN
	SYSTEM-77GLN
	SYSTEM-78ALA
	SYSTEM-79PHE
	SYSTEM-80PHE
	SYSTEM-81LEU
	SYSTEM-82LEU
	SYSTEM-83VAL
	SYSTEM-84ASN
	SYSTEM-85GLY
	SYSTEM-86HIS
	SYSTEM-87SER
	SYSTEM-88MET
	SYSTEM-89VAL
	SYSTEM-90SER
	SYSTEM-91VAL
	SYSTEM-92SER
	SYSTEM-93THR
	SYSTEM-94PRO
	SYSTEM-95ILE
	SYSTEM-96SER
	SYSTEM-97GLU
	SYSTEM-98VAL
	SYSTEM-99TYR
	SYSTEM-100GLU
	SYSTEM-101SER
	SYSTEM-102GLU
	SYSTEM-103LYS
	SYSTEM-104ASP
	SYSTEM-105GLU
	SYSTEM-106ASP
	SYSTEM-107GLY
	SYSTEM-108PHE
	SYSTEM-109LEU
	SYSTEM-110TYR
	SYSTEM-111MET
	SYSTEM-112VAL
	SYSTEM-113TYR
	SYSTEM-114ALA
	SYSTEM-115SER
	SYSTEM-116GLN
	SYSTEM-117GLU
	SYSTEM-118THR
	SYSTEM-119PHE
	SYSTEM-120GLY
Path #	Length	Sum of weights	Average weight	Path
1	8	451.9		64.6		SYSTEM-53LEU,SYSTEM-23ILE,SYSTEM-32PRO,SYSTEM-31ILE,SYSTEM-95ILE,SYSTEM-63LEU,SYSTEM-67ILE,SYSTEM-35ILE
2	9	471.6		59.0		SYSTEM-53LEU,SYSTEM-23ILE,SYSTEM-32PRO,SYSTEM-31ILE,SYSTEM-95ILE,SYSTEM-98VAL,SYSTEM-89VAL,SYSTEM-81LEU,SYSTEM-35ILE
3	9	555.3		69.4		SYSTEM-53LEU,SYSTEM-23ILE,SYSTEM-32PRO,SYSTEM-31ILE,SYSTEM-95ILE,SYSTEM-60MET,SYSTEM-89VAL,SYSTEM-81LEU,SYSTEM-35ILE
4	9	544.3		68.0		SYSTEM-53LEU,SYSTEM-23ILE,SYSTEM-32PRO,SYSTEM-31ILE,SYSTEM-95ILE,SYSTEM-60MET,SYSTEM-63LEU,SYSTEM-67ILE,SYSTEM-35ILE
5	9	497.0		62.1		SYSTEM-53LEU,SYSTEM-23ILE,SYSTEM-32PRO,SYSTEM-31ILE,SYSTEM-95ILE,SYSTEM-63LEU,SYSTEM-67ILE,SYSTEM-52PHE,SYSTEM-35ILE
6	9	450.8		56.4		SYSTEM-53LEU,SYSTEM-23ILE,SYSTEM-32PRO,SYSTEM-31ILE,SYSTEM-95ILE,SYSTEM-63LEU,SYSTEM-67ILE,SYSTEM-81LEU,SYSTEM-35ILE
7	9	654.2		81.8		SYSTEM-53LEU,SYSTEM-23ILE,SYSTEM-32PRO,SYSTEM-31ILE,SYSTEM-95ILE,SYSTEM-54VAL,SYSTEM-33VAL,SYSTEM-111MET,SYSTEM-35ILE
8	9	605.3		75.7		SYSTEM-53LEU,SYSTEM-23ILE,SYSTEM-32PRO,SYSTEM-31ILE,SYSTEM-95ILE,SYSTEM-54VAL,SYSTEM-63LEU,SYSTEM-67ILE,SYSTEM-35ILE
9	10	607.2		67.5		SYSTEM-53LEU,SYSTEM-23ILE,SYSTEM-32PRO,SYSTEM-31ILE,SYSTEM-95ILE,SYSTEM-98VAL,SYSTEM-60MET,SYSTEM-89VAL,SYSTEM-81LEU,SYSTEM-35ILE
10	10	596.2		66.2		SYSTEM-53LEU,SYSTEM-23ILE,SYSTEM-32PRO,SYSTEM-31ILE,SYSTEM-95ILE,SYSTEM-98VAL,SYSTEM-60MET,SYSTEM-63LEU,SYSTEM-67ILE,SYSTEM-35ILE
11	10	590.2		65.6		SYSTEM-53LEU,SYSTEM-23ILE,SYSTEM-32PRO,SYSTEM-31ILE,SYSTEM-95ILE,SYSTEM-98VAL,SYSTEM-89VAL,SYSTEM-81LEU,SYSTEM-111MET,SYSTEM-35ILE
12	10	546.1		60.7		SYSTEM-53LEU,SYSTEM-23ILE,SYSTEM-32PRO,SYSTEM-31ILE,SYSTEM-95ILE,SYSTEM-98VAL,SYSTEM-89VAL,SYSTEM-81LEU,SYSTEM-67ILE,SYSTEM-35ILE
13	10	589.1		65.5		SYSTEM-53LEU,SYSTEM-23ILE,SYSTEM-32PRO,SYSTEM-31ILE,SYSTEM-95ILE,SYSTEM-60MET,SYSTEM-98VAL,SYSTEM-89VAL,SYSTEM-81LEU,SYSTEM-35ILE
14	10	673.9		74.9		SYSTEM-53LEU,SYSTEM-23ILE,SYSTEM-32PRO,SYSTEM-31ILE,SYSTEM-95ILE,SYSTEM-60MET,SYSTEM-89VAL,SYSTEM-81LEU,SYSTEM-111MET,SYSTEM-35ILE
15	10	629.8		70.0		SYSTEM-53LEU,SYSTEM-23ILE,SYSTEM-32PRO,SYSTEM-31ILE,SYSTEM-95ILE,SYSTEM-60MET,SYSTEM-89VAL,SYSTEM-81LEU,SYSTEM-67ILE,SYSTEM-35ILE
16	10	589.4		65.5		SYSTEM-53LEU,SYSTEM-23ILE,SYSTEM-32PRO,SYSTEM-31ILE,SYSTEM-95ILE,SYSTEM-60MET,SYSTEM-63LEU,SYSTEM-67ILE,SYSTEM-52PHE,SYSTEM-35ILE
17	10	543.2		60.4		SYSTEM-53LEU,SYSTEM-23ILE,SYSTEM-32PRO,SYSTEM-31ILE,SYSTEM-95ILE,SYSTEM-60MET,SYSTEM-63LEU,SYSTEM-67ILE,SYSTEM-81LEU,SYSTEM-35ILE
18	10	580.7		64.5		SYSTEM-53LEU,SYSTEM-23ILE,SYSTEM-32PRO,SYSTEM-31ILE,SYSTEM-95ILE,SYSTEM-63LEU,SYSTEM-60MET,SYSTEM-89VAL,SYSTEM-81LEU,SYSTEM-35ILE
19	10	677.8		75.3		SYSTEM-53LEU,SYSTEM-23ILE,SYSTEM-32PRO,SYSTEM-31ILE,SYSTEM-95ILE,SYSTEM-63LEU,SYSTEM-54VAL,SYSTEM-33VAL,SYSTEM-111MET,SYSTEM-35ILE
20	10	569.4		63.3		SYSTEM-53LEU,SYSTEM-23ILE,SYSTEM-32PRO,SYSTEM-31ILE,SYSTEM-95ILE,SYSTEM-63LEU,SYSTEM-67ILE,SYSTEM-81LEU,SYSTEM-111MET,SYSTEM-35ILE
21	10	590.8		65.6		SYSTEM-53LEU,SYSTEM-23ILE,SYSTEM-32PRO,SYSTEM-31ILE,SYSTEM-95ILE,SYSTEM-54VAL,SYSTEM-58VAL,SYSTEM-63LEU,SYSTEM-67ILE,SYSTEM-35ILE
22	10	734.0		81.6		SYSTEM-53LEU,SYSTEM-23ILE,SYSTEM-32PRO,SYSTEM-31ILE,SYSTEM-95ILE,SYSTEM-54VAL,SYSTEM-33VAL,SYSTEM-109LEU,SYSTEM-111MET,SYSTEM-35ILE
23	10	727.6		80.8		SYSTEM-53LEU,SYSTEM-23ILE,SYSTEM-32PRO,SYSTEM-31ILE,SYSTEM-95ILE,SYSTEM-54VAL,SYSTEM-33VAL,SYSTEM-111MET,SYSTEM-81LEU,SYSTEM-35ILE
24	10	650.4		72.3		SYSTEM-53LEU,SYSTEM-23ILE,SYSTEM-32PRO,SYSTEM-31ILE,SYSTEM-95ILE,SYSTEM-54VAL,SYSTEM-63LEU,SYSTEM-67ILE,SYSTEM-52PHE,SYSTEM-35ILE
25	10	604.2		67.1		SYSTEM-53LEU,SYSTEM-23ILE,SYSTEM-32PRO,SYSTEM-31ILE,SYSTEM-95ILE,SYSTEM-54VAL,SYSTEM-63LEU,SYSTEM-67ILE,SYSTEM-81LEU,SYSTEM-35ILE
26	11	725.8		72.6		SYSTEM-53LEU,SYSTEM-23ILE,SYSTEM-32PRO,SYSTEM-31ILE,SYSTEM-95ILE,SYSTEM-98VAL,SYSTEM-60MET,SYSTEM-89VAL,SYSTEM-81LEU,SYSTEM-111MET,SYSTEM-35ILE
27	11	681.7		68.2		SYSTEM-53LEU,SYSTEM-23ILE,SYSTEM-32PRO,SYSTEM-31ILE,SYSTEM-95ILE,SYSTEM-98VAL,SYSTEM-60MET,SYSTEM-89VAL,SYSTEM-81LEU,SYSTEM-67ILE,SYSTEM-35ILE
28	11	641.3		64.1		SYSTEM-53LEU,SYSTEM-23ILE,SYSTEM-32PRO,SYSTEM-31ILE,SYSTEM-95ILE,SYSTEM-98VAL,SYSTEM-60MET,SYSTEM-63LEU,SYSTEM-67ILE,SYSTEM-52PHE,SYSTEM-35ILE
29	11	595.1		59.5		SYSTEM-53LEU,SYSTEM-23ILE,SYSTEM-32PRO,SYSTEM-31ILE,SYSTEM-95ILE,SYSTEM-98VAL,SYSTEM-60MET,SYSTEM-63LEU,SYSTEM-67ILE,SYSTEM-81LEU,SYSTEM-35ILE
30	11	647.2		64.7		SYSTEM-53LEU,SYSTEM-23ILE,SYSTEM-32PRO,SYSTEM-31ILE,SYSTEM-95ILE,SYSTEM-98VAL,SYSTEM-89VAL,SYSTEM-60MET,SYSTEM-63LEU,SYSTEM-67ILE,SYSTEM-35ILE
31	11	591.2		59.1		SYSTEM-53LEU,SYSTEM-23ILE,SYSTEM-32PRO,SYSTEM-31ILE,SYSTEM-95ILE,SYSTEM-98VAL,SYSTEM-89VAL,SYSTEM-81LEU,SYSTEM-67ILE,SYSTEM-52PHE,SYSTEM-35ILE
32	11	707.7		70.8		SYSTEM-53LEU,SYSTEM-23ILE,SYSTEM-32PRO,SYSTEM-31ILE,SYSTEM-95ILE,SYSTEM-60MET,SYSTEM-98VAL,SYSTEM-89VAL,SYSTEM-81LEU,SYSTEM-111MET,SYSTEM-35ILE
33	11	663.6		66.4		SYSTEM-53LEU,SYSTEM-23ILE,SYSTEM-32PRO,SYSTEM-31ILE,SYSTEM-95ILE,SYSTEM-60MET,SYSTEM-98VAL,SYSTEM-89VAL,SYSTEM-81LEU,SYSTEM-67ILE,SYSTEM-35ILE
34	11	674.9		67.5		SYSTEM-53LEU,SYSTEM-23ILE,SYSTEM-32PRO,SYSTEM-31ILE,SYSTEM-95ILE,SYSTEM-60MET,SYSTEM-89VAL,SYSTEM-81LEU,SYSTEM-67ILE,SYSTEM-52PHE,SYSTEM-35ILE
35	11	770.2		77.0		SYSTEM-53LEU,SYSTEM-23ILE,SYSTEM-32PRO,SYSTEM-31ILE,SYSTEM-95ILE,SYSTEM-60MET,SYSTEM-63LEU,SYSTEM-54VAL,SYSTEM-33VAL,SYSTEM-111MET,SYSTEM-35ILE
36	11	661.8		66.2		SYSTEM-53LEU,SYSTEM-23ILE,SYSTEM-32PRO,SYSTEM-31ILE,SYSTEM-95ILE,SYSTEM-60MET,SYSTEM-63LEU,SYSTEM-67ILE,SYSTEM-81LEU,SYSTEM-111MET,SYSTEM-35ILE
37	11	663.3		66.3		SYSTEM-53LEU,SYSTEM-23ILE,SYSTEM-32PRO,SYSTEM-31ILE,SYSTEM-95ILE,SYSTEM-63LEU,SYSTEM-58VAL,SYSTEM-54VAL,SYSTEM-33VAL,SYSTEM-111MET,SYSTEM-35ILE
38	11	614.5		61.5		SYSTEM-53LEU,SYSTEM-23ILE,SYSTEM-32PRO,SYSTEM-31ILE,SYSTEM-95ILE,SYSTEM-63LEU,SYSTEM-60MET,SYSTEM-98VAL,SYSTEM-89VAL,SYSTEM-81LEU,SYSTEM-35ILE
39	11	699.3		69.9		SYSTEM-53LEU,SYSTEM-23ILE,SYSTEM-32PRO,SYSTEM-31ILE,SYSTEM-95ILE,SYSTEM-63LEU,SYSTEM-60MET,SYSTEM-89VAL,SYSTEM-81LEU,SYSTEM-111MET,SYSTEM-35ILE
40	11	655.2		65.5		SYSTEM-53LEU,SYSTEM-23ILE,SYSTEM-32PRO,SYSTEM-31ILE,SYSTEM-95ILE,SYSTEM-63LEU,SYSTEM-60MET,SYSTEM-89VAL,SYSTEM-81LEU,SYSTEM-67ILE,SYSTEM-35ILE
41	11	757.6		75.8		SYSTEM-53LEU,SYSTEM-23ILE,SYSTEM-32PRO,SYSTEM-31ILE,SYSTEM-95ILE,SYSTEM-63LEU,SYSTEM-54VAL,SYSTEM-33VAL,SYSTEM-109LEU,SYSTEM-111MET,SYSTEM-35ILE
42	11	751.2		75.1		SYSTEM-53LEU,SYSTEM-23ILE,SYSTEM-32PRO,SYSTEM-31ILE,SYSTEM-95ILE,SYSTEM-63LEU,SYSTEM-54VAL,SYSTEM-33VAL,SYSTEM-111MET,SYSTEM-81LEU,SYSTEM-35ILE
43	11	635.9		63.6		SYSTEM-53LEU,SYSTEM-23ILE,SYSTEM-32PRO,SYSTEM-31ILE,SYSTEM-95ILE,SYSTEM-54VAL,SYSTEM-58VAL,SYSTEM-63LEU,SYSTEM-67ILE,SYSTEM-52PHE,SYSTEM-35ILE
44	11	589.7		59.0		SYSTEM-53LEU,SYSTEM-23ILE,SYSTEM-32PRO,SYSTEM-31ILE,SYSTEM-95ILE,SYSTEM-54VAL,SYSTEM-58VAL,SYSTEM-63LEU,SYSTEM-67ILE,SYSTEM-81LEU,SYSTEM-35ILE
45	11	807.4		80.7		SYSTEM-53LEU,SYSTEM-23ILE,SYSTEM-32PRO,SYSTEM-31ILE,SYSTEM-95ILE,SYSTEM-54VAL,SYSTEM-33VAL,SYSTEM-109LEU,SYSTEM-111MET,SYSTEM-81LEU,SYSTEM-35ILE
46	11	802.1		80.2		SYSTEM-53LEU,SYSTEM-23ILE,SYSTEM-32PRO,SYSTEM-31ILE,SYSTEM-95ILE,SYSTEM-54VAL,SYSTEM-33VAL,SYSTEM-111MET,SYSTEM-81LEU,SYSTEM-67ILE,SYSTEM-35ILE
47	11	734.1		73.4		SYSTEM-53LEU,SYSTEM-23ILE,SYSTEM-32PRO,SYSTEM-31ILE,SYSTEM-95ILE,SYSTEM-54VAL,SYSTEM-63LEU,SYSTEM-60MET,SYSTEM-89VAL,SYSTEM-81LEU,SYSTEM-35ILE
48	11	722.8		72.3		SYSTEM-53LEU,SYSTEM-23ILE,SYSTEM-32PRO,SYSTEM-31ILE,SYSTEM-95ILE,SYSTEM-54VAL,SYSTEM-63LEU,SYSTEM-67ILE,SYSTEM-81LEU,SYSTEM-111MET,SYSTEM-35ILE
49	11	722.4		72.2		SYSTEM-53LEU,SYSTEM-23ILE,SYSTEM-32PRO,SYSTEM-31ILE,SYSTEM-95ILE,SYSTEM-54VAL,SYSTEM-55PRO,SYSTEM-58VAL,SYSTEM-63LEU,SYSTEM-67ILE,SYSTEM-35ILE
