Graph loaded! 120 nodes, 144 edges
Node list:
	SYSTEM-1MET
	SYSTEM-2PRO
	SYSTEM-3SER
	SYSTEM-4GLU
	SYSTEM-5LYS
	SYSTEM-6THR
	SYSTEM-7PHE
	SYSTEM-8LYS
	SYSTEM-9GLN
	SYSTEM-10ARG
	SYSTEM-11ARG
	SYSTEM-12THR
	SYSTEM-13PHE
	SYSTEM-14GLU
	SYSTEM-15GLN
	SYSTEM-16ARG
	SYSTEM-17VAL
	SYSTEM-18GLU
	SYSTEM-19ASP
	SYSTEM-20VAL
	SYSTEM-21ARG
	SYSTEM-22LEU
	SYSTEM-23ILE
	SYSTEM-24ARG
	SYSTEM-25GLU
	SYSTEM-26GLN
	SYSTEM-27HIS
	SYSTEM-28PRO
	SYSTEM-29THR
	SYSTEM-30LYS
	SYSTEM-31ILE
	SYSTEM-32PRO
	SYSTEM-33VAL
	SYSTEM-34ILE
	SYSTEM-35ILE
	SYSTEM-36GLU
	SYSTEM-37ARG
	SYSTEM-38TYR
	SYSTEM-39LYS
	SYSTEM-40GLY
	SYSTEM-41GLU
	SYSTEM-42LYS
	SYSTEM-43GLN
	SYSTEM-44LEU
	SYSTEM-45PRO
	SYSTEM-46VAL
	SYSTEM-47LEU
	SYSTEM-48ASP
	SYSTEM-49LYS
	SYSTEM-50THR
	SYSTEM-51LYS
	SYSTEM-52PHE
	SYSTEM-53LEU
	SYSTEM-54VAL
	SYSTEM-55PRO
	SYSTEM-56ASP
	SYSTEM-57HIS
	SYSTEM-58VAL
	SYSTEM-59ASN
	SYSTEM-60MET
	SYSTEM-61SER
	SYSTEM-62GLU
	SYSTEM-63LEU
	SYSTEM-64ILE
	SYSTEM-65LYS
	SYSTEM-66ILE
	SYSTEM-67ILE
	SYSTEM-68ARG
	SYSTEM-69ARG
	SYSTEM-70ARG
	SYSTEM-71LEU
	SYSTEM-72GLN
	SYSTEM-73LEU
	SYSTEM-74ASN
	SYSTEM-75ALA
	SYSTEM-76ASN
	SYSTEM-77GLN
	SYSTEM-78ALA
	SYSTEM-79PHE
	SYSTEM-80PHE
	SYSTEM-81LEU
	SYSTEM-82LEU
	SYSTEM-83VAL
	SYSTEM-84ASN
	SYSTEM-85GLY
	SYSTEM-86HIS
	SYSTEM-87SER
	SYSTEM-88MET
	SYSTEM-89VAL
	SYSTEM-90SER
	SYSTEM-91VAL
	SYSTEM-92SER
	SYSTEM-93THR
	SYSTEM-94PRO
	SYSTEM-95ILE
	SYSTEM-96SER
	SYSTEM-97GLU
	SYSTEM-98VAL
	SYSTEM-99TYR
	SYSTEM-100GLU
	SYSTEM-101SER
	SYSTEM-102GLU
	SYSTEM-103LYS
	SYSTEM-104ASP
	SYSTEM-105GLU
	SYSTEM-106ASP
	SYSTEM-107GLY
	SYSTEM-108PHE
	SYSTEM-109LEU
	SYSTEM-110TYR
	SYSTEM-111MET
	SYSTEM-112VAL
	SYSTEM-113TYR
	SYSTEM-114ALA
	SYSTEM-115SER
	SYSTEM-116GLN
	SYSTEM-117GLU
	SYSTEM-118THR
	SYSTEM-119PHE
	SYSTEM-120GLY
Path #	Length	Sum of weights	Average weight	Path
1	8	249.7		35.7		SYSTEM-57HIS,SYSTEM-58VAL,SYSTEM-63LEU,SYSTEM-67ILE,SYSTEM-52PHE,SYSTEM-49LYS,SYSTEM-48ASP,SYSTEM-70ARG
2	9	365.4		45.7		SYSTEM-57HIS,SYSTEM-58VAL,SYSTEM-54VAL,SYSTEM-63LEU,SYSTEM-67ILE,SYSTEM-52PHE,SYSTEM-49LYS,SYSTEM-48ASP,SYSTEM-70ARG
3	9	355.2		44.4		SYSTEM-57HIS,SYSTEM-58VAL,SYSTEM-63LEU,SYSTEM-67ILE,SYSTEM-35ILE,SYSTEM-52PHE,SYSTEM-49LYS,SYSTEM-48ASP,SYSTEM-70ARG
4	9	384.9		48.1		SYSTEM-57HIS,SYSTEM-55PRO,SYSTEM-54VAL,SYSTEM-63LEU,SYSTEM-67ILE,SYSTEM-52PHE,SYSTEM-49LYS,SYSTEM-48ASP,SYSTEM-70ARG
5	9	302.2		37.8		SYSTEM-57HIS,SYSTEM-55PRO,SYSTEM-58VAL,SYSTEM-63LEU,SYSTEM-67ILE,SYSTEM-52PHE,SYSTEM-49LYS,SYSTEM-48ASP,SYSTEM-70ARG
6	10	390.8		43.4		SYSTEM-57HIS,SYSTEM-58VAL,SYSTEM-54VAL,SYSTEM-95ILE,SYSTEM-63LEU,SYSTEM-67ILE,SYSTEM-52PHE,SYSTEM-49LYS,SYSTEM-48ASP,SYSTEM-70ARG
7	10	519.8		57.8		SYSTEM-57HIS,SYSTEM-58VAL,SYSTEM-54VAL,SYSTEM-33VAL,SYSTEM-111MET,SYSTEM-35ILE,SYSTEM-52PHE,SYSTEM-49LYS,SYSTEM-48ASP,SYSTEM-70ARG
8	10	470.9		52.3		SYSTEM-57HIS,SYSTEM-58VAL,SYSTEM-54VAL,SYSTEM-63LEU,SYSTEM-67ILE,SYSTEM-35ILE,SYSTEM-52PHE,SYSTEM-49LYS,SYSTEM-48ASP,SYSTEM-70ARG
9	10	354.1		39.3		SYSTEM-57HIS,SYSTEM-58VAL,SYSTEM-63LEU,SYSTEM-67ILE,SYSTEM-81LEU,SYSTEM-35ILE,SYSTEM-52PHE,SYSTEM-49LYS,SYSTEM-48ASP,SYSTEM-70ARG
10	10	497.0		55.2		SYSTEM-57HIS,SYSTEM-58VAL,SYSTEM-55PRO,SYSTEM-54VAL,SYSTEM-63LEU,SYSTEM-67ILE,SYSTEM-52PHE,SYSTEM-49LYS,SYSTEM-48ASP,SYSTEM-70ARG
11	10	410.3		45.6		SYSTEM-57HIS,SYSTEM-55PRO,SYSTEM-54VAL,SYSTEM-95ILE,SYSTEM-63LEU,SYSTEM-67ILE,SYSTEM-52PHE,SYSTEM-49LYS,SYSTEM-48ASP,SYSTEM-70ARG
12	10	370.4		41.2		SYSTEM-57HIS,SYSTEM-55PRO,SYSTEM-54VAL,SYSTEM-58VAL,SYSTEM-63LEU,SYSTEM-67ILE,SYSTEM-52PHE,SYSTEM-49LYS,SYSTEM-48ASP,SYSTEM-70ARG
13	10	539.3		59.9		SYSTEM-57HIS,SYSTEM-55PRO,SYSTEM-54VAL,SYSTEM-33VAL,SYSTEM-111MET,SYSTEM-35ILE,SYSTEM-52PHE,SYSTEM-49LYS,SYSTEM-48ASP,SYSTEM-70ARG
14	10	490.4		54.5		SYSTEM-57HIS,SYSTEM-55PRO,SYSTEM-54VAL,SYSTEM-63LEU,SYSTEM-67ILE,SYSTEM-35ILE,SYSTEM-52PHE,SYSTEM-49LYS,SYSTEM-48ASP,SYSTEM-70ARG
15	10	417.9		46.4		SYSTEM-57HIS,SYSTEM-55PRO,SYSTEM-58VAL,SYSTEM-54VAL,SYSTEM-63LEU,SYSTEM-67ILE,SYSTEM-52PHE,SYSTEM-49LYS,SYSTEM-48ASP,SYSTEM-70ARG
16	10	407.7		45.3		SYSTEM-57HIS,SYSTEM-55PRO,SYSTEM-58VAL,SYSTEM-63LEU,SYSTEM-67ILE,SYSTEM-35ILE,SYSTEM-52PHE,SYSTEM-49LYS,SYSTEM-48ASP,SYSTEM-70ARG
17	11	483.2		48.3		SYSTEM-57HIS,SYSTEM-58VAL,SYSTEM-54VAL,SYSTEM-95ILE,SYSTEM-60MET,SYSTEM-63LEU,SYSTEM-67ILE,SYSTEM-52PHE,SYSTEM-49LYS,SYSTEM-48ASP,SYSTEM-70ARG
18	11	496.3		49.6		SYSTEM-57HIS,SYSTEM-58VAL,SYSTEM-54VAL,SYSTEM-95ILE,SYSTEM-63LEU,SYSTEM-67ILE,SYSTEM-35ILE,SYSTEM-52PHE,SYSTEM-49LYS,SYSTEM-48ASP,SYSTEM-70ARG
19	11	599.6		60.0		SYSTEM-57HIS,SYSTEM-58VAL,SYSTEM-54VAL,SYSTEM-33VAL,SYSTEM-109LEU,SYSTEM-111MET,SYSTEM-35ILE,SYSTEM-52PHE,SYSTEM-49LYS,SYSTEM-48ASP,SYSTEM-70ARG
20	11	534.5		53.5		SYSTEM-57HIS,SYSTEM-58VAL,SYSTEM-54VAL,SYSTEM-33VAL,SYSTEM-111MET,SYSTEM-35ILE,SYSTEM-67ILE,SYSTEM-52PHE,SYSTEM-49LYS,SYSTEM-48ASP,SYSTEM-70ARG
21	11	593.2		59.3		SYSTEM-57HIS,SYSTEM-58VAL,SYSTEM-54VAL,SYSTEM-33VAL,SYSTEM-111MET,SYSTEM-81LEU,SYSTEM-35ILE,SYSTEM-52PHE,SYSTEM-49LYS,SYSTEM-48ASP,SYSTEM-70ARG
22	11	562.2		56.2		SYSTEM-57HIS,SYSTEM-58VAL,SYSTEM-54VAL,SYSTEM-33VAL,SYSTEM-111MET,SYSTEM-81LEU,SYSTEM-67ILE,SYSTEM-52PHE,SYSTEM-49LYS,SYSTEM-48ASP,SYSTEM-70ARG
23	11	469.8		47.0		SYSTEM-57HIS,SYSTEM-58VAL,SYSTEM-54VAL,SYSTEM-63LEU,SYSTEM-67ILE,SYSTEM-81LEU,SYSTEM-35ILE,SYSTEM-52PHE,SYSTEM-49LYS,SYSTEM-48ASP,SYSTEM-70ARG
24	11	484.0		48.4		SYSTEM-57HIS,SYSTEM-58VAL,SYSTEM-63LEU,SYSTEM-60MET,SYSTEM-89VAL,SYSTEM-81LEU,SYSTEM-35ILE,SYSTEM-52PHE,SYSTEM-49LYS,SYSTEM-48ASP,SYSTEM-70ARG
25	11	453.0		45.3		SYSTEM-57HIS,SYSTEM-58VAL,SYSTEM-63LEU,SYSTEM-60MET,SYSTEM-89VAL,SYSTEM-81LEU,SYSTEM-67ILE,SYSTEM-52PHE,SYSTEM-49LYS,SYSTEM-48ASP,SYSTEM-70ARG
26	11	581.1		58.1		SYSTEM-57HIS,SYSTEM-58VAL,SYSTEM-63LEU,SYSTEM-54VAL,SYSTEM-33VAL,SYSTEM-111MET,SYSTEM-35ILE,SYSTEM-52PHE,SYSTEM-49LYS,SYSTEM-48ASP,SYSTEM-70ARG
27	11	472.7		47.3		SYSTEM-57HIS,SYSTEM-58VAL,SYSTEM-63LEU,SYSTEM-67ILE,SYSTEM-81LEU,SYSTEM-111MET,SYSTEM-35ILE,SYSTEM-52PHE,SYSTEM-49LYS,SYSTEM-48ASP,SYSTEM-70ARG
28	11	522.4		52.2		SYSTEM-57HIS,SYSTEM-58VAL,SYSTEM-55PRO,SYSTEM-54VAL,SYSTEM-95ILE,SYSTEM-63LEU,SYSTEM-67ILE,SYSTEM-52PHE,SYSTEM-49LYS,SYSTEM-48ASP,SYSTEM-70ARG
29	11	651.4		65.1		SYSTEM-57HIS,SYSTEM-58VAL,SYSTEM-55PRO,SYSTEM-54VAL,SYSTEM-33VAL,SYSTEM-111MET,SYSTEM-35ILE,SYSTEM-52PHE,SYSTEM-49LYS,SYSTEM-48ASP,SYSTEM-70ARG
30	11	602.5		60.2		SYSTEM-57HIS,SYSTEM-58VAL,SYSTEM-55PRO,SYSTEM-54VAL,SYSTEM-63LEU,SYSTEM-67ILE,SYSTEM-35ILE,SYSTEM-52PHE,SYSTEM-49LYS,SYSTEM-48ASP,SYSTEM-70ARG
31	11	502.7		50.3		SYSTEM-57HIS,SYSTEM-55PRO,SYSTEM-54VAL,SYSTEM-95ILE,SYSTEM-60MET,SYSTEM-63LEU,SYSTEM-67ILE,SYSTEM-52PHE,SYSTEM-49LYS,SYSTEM-48ASP,SYSTEM-70ARG
32	11	515.8		51.6		SYSTEM-57HIS,SYSTEM-55PRO,SYSTEM-54VAL,SYSTEM-95ILE,SYSTEM-63LEU,SYSTEM-67ILE,SYSTEM-35ILE,SYSTEM-52PHE,SYSTEM-49LYS,SYSTEM-48ASP,SYSTEM-70ARG
33	11	475.9		47.6		SYSTEM-57HIS,SYSTEM-55PRO,SYSTEM-54VAL,SYSTEM-58VAL,SYSTEM-63LEU,SYSTEM-67ILE,SYSTEM-35ILE,SYSTEM-52PHE,SYSTEM-49LYS,SYSTEM-48ASP,SYSTEM-70ARG
34	11	619.1		61.9		SYSTEM-57HIS,SYSTEM-55PRO,SYSTEM-54VAL,SYSTEM-33VAL,SYSTEM-109LEU,SYSTEM-111MET,SYSTEM-35ILE,SYSTEM-52PHE,SYSTEM-49LYS,SYSTEM-48ASP,SYSTEM-70ARG
35	11	554.0		55.4		SYSTEM-57HIS,SYSTEM-55PRO,SYSTEM-54VAL,SYSTEM-33VAL,SYSTEM-111MET,SYSTEM-35ILE,SYSTEM-67ILE,SYSTEM-52PHE,SYSTEM-49LYS,SYSTEM-48ASP,SYSTEM-70ARG
36	11	612.7		61.3		SYSTEM-57HIS,SYSTEM-55PRO,SYSTEM-54VAL,SYSTEM-33VAL,SYSTEM-111MET,SYSTEM-81LEU,SYSTEM-35ILE,SYSTEM-52PHE,SYSTEM-49LYS,SYSTEM-48ASP,SYSTEM-70ARG
37	11	581.7		58.2		SYSTEM-57HIS,SYSTEM-55PRO,SYSTEM-54VAL,SYSTEM-33VAL,SYSTEM-111MET,SYSTEM-81LEU,SYSTEM-67ILE,SYSTEM-52PHE,SYSTEM-49LYS,SYSTEM-48ASP,SYSTEM-70ARG
38	11	489.3		48.9		SYSTEM-57HIS,SYSTEM-55PRO,SYSTEM-54VAL,SYSTEM-63LEU,SYSTEM-67ILE,SYSTEM-81LEU,SYSTEM-35ILE,SYSTEM-52PHE,SYSTEM-49LYS,SYSTEM-48ASP,SYSTEM-70ARG
39	11	443.3		44.3		SYSTEM-57HIS,SYSTEM-55PRO,SYSTEM-58VAL,SYSTEM-54VAL,SYSTEM-95ILE,SYSTEM-63LEU,SYSTEM-67ILE,SYSTEM-52PHE,SYSTEM-49LYS,SYSTEM-48ASP,SYSTEM-70ARG
40	11	572.3		57.2		SYSTEM-57HIS,SYSTEM-55PRO,SYSTEM-58VAL,SYSTEM-54VAL,SYSTEM-33VAL,SYSTEM-111MET,SYSTEM-35ILE,SYSTEM-52PHE,SYSTEM-49LYS,SYSTEM-48ASP,SYSTEM-70ARG
41	11	523.4		52.3		SYSTEM-57HIS,SYSTEM-55PRO,SYSTEM-58VAL,SYSTEM-54VAL,SYSTEM-63LEU,SYSTEM-67ILE,SYSTEM-35ILE,SYSTEM-52PHE,SYSTEM-49LYS,SYSTEM-48ASP,SYSTEM-70ARG
42	11	406.6		40.7		SYSTEM-57HIS,SYSTEM-55PRO,SYSTEM-58VAL,SYSTEM-63LEU,SYSTEM-67ILE,SYSTEM-81LEU,SYSTEM-35ILE,SYSTEM-52PHE,SYSTEM-49LYS,SYSTEM-48ASP,SYSTEM-70ARG
