Graph loaded! 120 nodes, 144 edges
Node list:
	SYSTEM-1MET
	SYSTEM-2PRO
	SYSTEM-3SER
	SYSTEM-4GLU
	SYSTEM-5LYS
	SYSTEM-6THR
	SYSTEM-7PHE
	SYSTEM-8LYS
	SYSTEM-9GLN
	SYSTEM-10ARG
	SYSTEM-11ARG
	SYSTEM-12THR
	SYSTEM-13PHE
	SYSTEM-14GLU
	SYSTEM-15GLN
	SYSTEM-16ARG
	SYSTEM-17VAL
	SYSTEM-18GLU
	SYSTEM-19ASP
	SYSTEM-20VAL
	SYSTEM-21ARG
	SYSTEM-22LEU
	SYSTEM-23ILE
	SYSTEM-24ARG
	SYSTEM-25GLU
	SYSTEM-26GLN
	SYSTEM-27HIS
	SYSTEM-28PRO
	SYSTEM-29THR
	SYSTEM-30LYS
	SYSTEM-31ILE
	SYSTEM-32PRO
	SYSTEM-33VAL
	SYSTEM-34ILE
	SYSTEM-35ILE
	SYSTEM-36GLU
	SYSTEM-37ARG
	SYSTEM-38TYR
	SYSTEM-39LYS
	SYSTEM-40GLY
	SYSTEM-41GLU
	SYSTEM-42LYS
	SYSTEM-43GLN
	SYSTEM-44LEU
	SYSTEM-45PRO
	SYSTEM-46VAL
	SYSTEM-47LEU
	SYSTEM-48ASP
	SYSTEM-49LYS
	SYSTEM-50THR
	SYSTEM-51LYS
	SYSTEM-52PHE
	SYSTEM-53LEU
	SYSTEM-54VAL
	SYSTEM-55PRO
	SYSTEM-56ASP
	SYSTEM-57HIS
	SYSTEM-58VAL
	SYSTEM-59ASN
	SYSTEM-60MET
	SYSTEM-61SER
	SYSTEM-62GLU
	SYSTEM-63LEU
	SYSTEM-64ILE
	SYSTEM-65LYS
	SYSTEM-66ILE
	SYSTEM-67ILE
	SYSTEM-68ARG
	SYSTEM-69ARG
	SYSTEM-70ARG
	SYSTEM-71LEU
	SYSTEM-72GLN
	SYSTEM-73LEU
	SYSTEM-74ASN
	SYSTEM-75ALA
	SYSTEM-76ASN
	SYSTEM-77GLN
	SYSTEM-78ALA
	SYSTEM-79PHE
	SYSTEM-80PHE
	SYSTEM-81LEU
	SYSTEM-82LEU
	SYSTEM-83VAL
	SYSTEM-84ASN
	SYSTEM-85GLY
	SYSTEM-86HIS
	SYSTEM-87SER
	SYSTEM-88MET
	SYSTEM-89VAL
	SYSTEM-90SER
	SYSTEM-91VAL
	SYSTEM-92SER
	SYSTEM-93THR
	SYSTEM-94PRO
	SYSTEM-95ILE
	SYSTEM-96SER
	SYSTEM-97GLU
	SYSTEM-98VAL
	SYSTEM-99TYR
	SYSTEM-100GLU
	SYSTEM-101SER
	SYSTEM-102GLU
	SYSTEM-103LYS
	SYSTEM-104ASP
	SYSTEM-105GLU
	SYSTEM-106ASP
	SYSTEM-107GLY
	SYSTEM-108PHE
	SYSTEM-109LEU
	SYSTEM-110TYR
	SYSTEM-111MET
	SYSTEM-112VAL
	SYSTEM-113TYR
	SYSTEM-114ALA
	SYSTEM-115SER
	SYSTEM-116GLN
	SYSTEM-117GLU
	SYSTEM-118THR
	SYSTEM-119PHE
	SYSTEM-120GLY
Path #	Length	Sum of weights	Average weight	Path
1	9	506.2		63.3		SYSTEM-10ARG,SYSTEM-7PHE,SYSTEM-34ILE,SYSTEM-108PHE,SYSTEM-32PRO,SYSTEM-99TYR,SYSTEM-109LEU,SYSTEM-111MET,SYSTEM-35ILE
2	10	562.4		62.5		SYSTEM-10ARG,SYSTEM-7PHE,SYSTEM-34ILE,SYSTEM-108PHE,SYSTEM-32PRO,SYSTEM-31ILE,SYSTEM-95ILE,SYSTEM-63LEU,SYSTEM-67ILE,SYSTEM-35ILE
3	10	624.6		69.4		SYSTEM-10ARG,SYSTEM-7PHE,SYSTEM-34ILE,SYSTEM-108PHE,SYSTEM-32PRO,SYSTEM-31ILE,SYSTEM-99TYR,SYSTEM-109LEU,SYSTEM-111MET,SYSTEM-35ILE
4	10	579.6		64.4		SYSTEM-10ARG,SYSTEM-7PHE,SYSTEM-34ILE,SYSTEM-108PHE,SYSTEM-32PRO,SYSTEM-99TYR,SYSTEM-109LEU,SYSTEM-111MET,SYSTEM-81LEU,SYSTEM-35ILE
5	10	611.8		68.0		SYSTEM-10ARG,SYSTEM-7PHE,SYSTEM-34ILE,SYSTEM-108PHE,SYSTEM-32PRO,SYSTEM-99TYR,SYSTEM-109LEU,SYSTEM-33VAL,SYSTEM-111MET,SYSTEM-35ILE
6	10	619.7		68.9		SYSTEM-10ARG,SYSTEM-7PHE,SYSTEM-34ILE,SYSTEM-108PHE,SYSTEM-20VAL,SYSTEM-32PRO,SYSTEM-99TYR,SYSTEM-109LEU,SYSTEM-111MET,SYSTEM-35ILE
7	10	470.0		52.2		SYSTEM-10ARG,SYSTEM-7PHE,SYSTEM-50THR,SYSTEM-34ILE,SYSTEM-108PHE,SYSTEM-32PRO,SYSTEM-99TYR,SYSTEM-109LEU,SYSTEM-111MET,SYSTEM-35ILE
8	11	582.1		58.2		SYSTEM-10ARG,SYSTEM-7PHE,SYSTEM-34ILE,SYSTEM-108PHE,SYSTEM-32PRO,SYSTEM-31ILE,SYSTEM-95ILE,SYSTEM-98VAL,SYSTEM-89VAL,SYSTEM-81LEU,SYSTEM-35ILE
9	11	665.8		66.6		SYSTEM-10ARG,SYSTEM-7PHE,SYSTEM-34ILE,SYSTEM-108PHE,SYSTEM-32PRO,SYSTEM-31ILE,SYSTEM-95ILE,SYSTEM-60MET,SYSTEM-89VAL,SYSTEM-81LEU,SYSTEM-35ILE
10	11	654.8		65.5		SYSTEM-10ARG,SYSTEM-7PHE,SYSTEM-34ILE,SYSTEM-108PHE,SYSTEM-32PRO,SYSTEM-31ILE,SYSTEM-95ILE,SYSTEM-60MET,SYSTEM-63LEU,SYSTEM-67ILE,SYSTEM-35ILE
11	11	607.5		60.7		SYSTEM-10ARG,SYSTEM-7PHE,SYSTEM-34ILE,SYSTEM-108PHE,SYSTEM-32PRO,SYSTEM-31ILE,SYSTEM-95ILE,SYSTEM-63LEU,SYSTEM-67ILE,SYSTEM-52PHE,SYSTEM-35ILE
12	11	561.3		56.1		SYSTEM-10ARG,SYSTEM-7PHE,SYSTEM-34ILE,SYSTEM-108PHE,SYSTEM-32PRO,SYSTEM-31ILE,SYSTEM-95ILE,SYSTEM-63LEU,SYSTEM-67ILE,SYSTEM-81LEU,SYSTEM-35ILE
13	11	764.7		76.5		SYSTEM-10ARG,SYSTEM-7PHE,SYSTEM-34ILE,SYSTEM-108PHE,SYSTEM-32PRO,SYSTEM-31ILE,SYSTEM-95ILE,SYSTEM-54VAL,SYSTEM-33VAL,SYSTEM-111MET,SYSTEM-35ILE
14	11	715.8		71.6		SYSTEM-10ARG,SYSTEM-7PHE,SYSTEM-34ILE,SYSTEM-108PHE,SYSTEM-32PRO,SYSTEM-31ILE,SYSTEM-95ILE,SYSTEM-54VAL,SYSTEM-63LEU,SYSTEM-67ILE,SYSTEM-35ILE
15	11	698.0		69.8		SYSTEM-10ARG,SYSTEM-7PHE,SYSTEM-34ILE,SYSTEM-108PHE,SYSTEM-32PRO,SYSTEM-31ILE,SYSTEM-99TYR,SYSTEM-109LEU,SYSTEM-111MET,SYSTEM-81LEU,SYSTEM-35ILE
16	11	730.2		73.0		SYSTEM-10ARG,SYSTEM-7PHE,SYSTEM-34ILE,SYSTEM-108PHE,SYSTEM-32PRO,SYSTEM-31ILE,SYSTEM-99TYR,SYSTEM-109LEU,SYSTEM-33VAL,SYSTEM-111MET,SYSTEM-35ILE
17	11	654.1		65.4		SYSTEM-10ARG,SYSTEM-7PHE,SYSTEM-34ILE,SYSTEM-108PHE,SYSTEM-32PRO,SYSTEM-99TYR,SYSTEM-109LEU,SYSTEM-111MET,SYSTEM-81LEU,SYSTEM-67ILE,SYSTEM-35ILE
18	11	685.2		68.5		SYSTEM-10ARG,SYSTEM-7PHE,SYSTEM-34ILE,SYSTEM-108PHE,SYSTEM-32PRO,SYSTEM-99TYR,SYSTEM-109LEU,SYSTEM-33VAL,SYSTEM-111MET,SYSTEM-81LEU,SYSTEM-35ILE
19	11	644.0		64.4		SYSTEM-10ARG,SYSTEM-7PHE,SYSTEM-34ILE,SYSTEM-108PHE,SYSTEM-32PRO,SYSTEM-99TYR,SYSTEM-31ILE,SYSTEM-95ILE,SYSTEM-63LEU,SYSTEM-67ILE,SYSTEM-35ILE
20	11	675.9		67.6		SYSTEM-10ARG,SYSTEM-7PHE,SYSTEM-34ILE,SYSTEM-108PHE,SYSTEM-20VAL,SYSTEM-32PRO,SYSTEM-31ILE,SYSTEM-95ILE,SYSTEM-63LEU,SYSTEM-67ILE,SYSTEM-35ILE
21	11	738.1		73.8		SYSTEM-10ARG,SYSTEM-7PHE,SYSTEM-34ILE,SYSTEM-108PHE,SYSTEM-20VAL,SYSTEM-32PRO,SYSTEM-31ILE,SYSTEM-99TYR,SYSTEM-109LEU,SYSTEM-111MET,SYSTEM-35ILE
22	11	693.1		69.3		SYSTEM-10ARG,SYSTEM-7PHE,SYSTEM-34ILE,SYSTEM-108PHE,SYSTEM-20VAL,SYSTEM-32PRO,SYSTEM-99TYR,SYSTEM-109LEU,SYSTEM-111MET,SYSTEM-81LEU,SYSTEM-35ILE
23	11	725.3		72.5		SYSTEM-10ARG,SYSTEM-7PHE,SYSTEM-34ILE,SYSTEM-108PHE,SYSTEM-20VAL,SYSTEM-32PRO,SYSTEM-99TYR,SYSTEM-109LEU,SYSTEM-33VAL,SYSTEM-111MET,SYSTEM-35ILE
24	11	663.9		66.4		SYSTEM-10ARG,SYSTEM-7PHE,SYSTEM-34ILE,SYSTEM-110TYR,SYSTEM-106ASP,SYSTEM-108PHE,SYSTEM-32PRO,SYSTEM-99TYR,SYSTEM-109LEU,SYSTEM-111MET,SYSTEM-35ILE
25	11	526.2		52.6		SYSTEM-10ARG,SYSTEM-7PHE,SYSTEM-50THR,SYSTEM-34ILE,SYSTEM-108PHE,SYSTEM-32PRO,SYSTEM-31ILE,SYSTEM-95ILE,SYSTEM-63LEU,SYSTEM-67ILE,SYSTEM-35ILE
26	11	588.4		58.8		SYSTEM-10ARG,SYSTEM-7PHE,SYSTEM-50THR,SYSTEM-34ILE,SYSTEM-108PHE,SYSTEM-32PRO,SYSTEM-31ILE,SYSTEM-99TYR,SYSTEM-109LEU,SYSTEM-111MET,SYSTEM-35ILE
27	11	543.4		54.3		SYSTEM-10ARG,SYSTEM-7PHE,SYSTEM-50THR,SYSTEM-34ILE,SYSTEM-108PHE,SYSTEM-32PRO,SYSTEM-99TYR,SYSTEM-109LEU,SYSTEM-111MET,SYSTEM-81LEU,SYSTEM-35ILE
28	11	575.6		57.6		SYSTEM-10ARG,SYSTEM-7PHE,SYSTEM-50THR,SYSTEM-34ILE,SYSTEM-108PHE,SYSTEM-32PRO,SYSTEM-99TYR,SYSTEM-109LEU,SYSTEM-33VAL,SYSTEM-111MET,SYSTEM-35ILE
29	11	583.5		58.4		SYSTEM-10ARG,SYSTEM-7PHE,SYSTEM-50THR,SYSTEM-34ILE,SYSTEM-108PHE,SYSTEM-20VAL,SYSTEM-32PRO,SYSTEM-99TYR,SYSTEM-109LEU,SYSTEM-111MET,SYSTEM-35ILE
