Graph loaded! 120 nodes, 118 edges
Node list:
	SYSTEM-1MET
	SYSTEM-2PRO
	SYSTEM-3SER
	SYSTEM-4GLU
	SYSTEM-5LYS
	SYSTEM-6THR
	SYSTEM-7PHE
	SYSTEM-8LYS
	SYSTEM-9GLN
	SYSTEM-10ARG
	SYSTEM-11ARG
	SYSTEM-12THR
	SYSTEM-13PHE
	SYSTEM-14GLU
	SYSTEM-15GLN
	SYSTEM-16ARG
	SYSTEM-17VAL
	SYSTEM-18GLU
	SYSTEM-19ASP
	SYSTEM-20VAL
	SYSTEM-21ARG
	SYSTEM-22LEU
	SYSTEM-23ILE
	SYSTEM-24ARG
	SYSTEM-25GLU
	SYSTEM-26GLN
	SYSTEM-27HIS
	SYSTEM-28PRO
	SYSTEM-29THR
	SYSTEM-30LYS
	SYSTEM-31ILE
	SYSTEM-32PRO
	SYSTEM-33VAL
	SYSTEM-34ILE
	SYSTEM-35ILE
	SYSTEM-36GLU
	SYSTEM-37ARG
	SYSTEM-38TYR
	SYSTEM-39LYS
	SYSTEM-40GLY
	SYSTEM-41GLU
	SYSTEM-42LYS
	SYSTEM-43GLN
	SYSTEM-44LEU
	SYSTEM-45PRO
	SYSTEM-46VAL
	SYSTEM-47LEU
	SYSTEM-48ASP
	SYSTEM-49LYS
	SYSTEM-50THR
	SYSTEM-51LYS
	SYSTEM-52PHE
	SYSTEM-53LEU
	SYSTEM-54VAL
	SYSTEM-55PRO
	SYSTEM-56ASP
	SYSTEM-57HIS
	SYSTEM-58VAL
	SYSTEM-59ASN
	SYSTEM-60MET
	SYSTEM-61SER
	SYSTEM-62GLU
	SYSTEM-63LEU
	SYSTEM-64ILE
	SYSTEM-65LYS
	SYSTEM-66ILE
	SYSTEM-67ILE
	SYSTEM-68ARG
	SYSTEM-69ARG
	SYSTEM-70ARG
	SYSTEM-71LEU
	SYSTEM-72GLN
	SYSTEM-73LEU
	SYSTEM-74ASN
	SYSTEM-75ALA
	SYSTEM-76ASN
	SYSTEM-77GLN
	SYSTEM-78ALA
	SYSTEM-79PHE
	SYSTEM-80PHE
	SYSTEM-81LEU
	SYSTEM-82LEU
	SYSTEM-83VAL
	SYSTEM-84ASN
	SYSTEM-85GLY
	SYSTEM-86HIS
	SYSTEM-87SER
	SYSTEM-88MET
	SYSTEM-89VAL
	SYSTEM-90SER
	SYSTEM-91VAL
	SYSTEM-92SER
	SYSTEM-93THR
	SYSTEM-94PRO
	SYSTEM-95ILE
	SYSTEM-96SER
	SYSTEM-97GLU
	SYSTEM-98VAL
	SYSTEM-99TYR
	SYSTEM-100GLU
	SYSTEM-101SER
	SYSTEM-102GLU
	SYSTEM-103LYS
	SYSTEM-104ASP
	SYSTEM-105GLU
	SYSTEM-106ASP
	SYSTEM-107GLY
	SYSTEM-108PHE
	SYSTEM-109LEU
	SYSTEM-110TYR
	SYSTEM-111MET
	SYSTEM-112VAL
	SYSTEM-113TYR
	SYSTEM-114ALA
	SYSTEM-115SER
	SYSTEM-116GLN
	SYSTEM-117GLU
	SYSTEM-118THR
	SYSTEM-119PHE
	SYSTEM-120GLY
Path #	Length	Sum of weights	Average weight	Path
1	7	376.0		62.7		SYSTEM-51LYS,SYSTEM-19ASP,SYSTEM-11ARG,SYSTEM-7PHE,SYSTEM-10ARG,SYSTEM-50THR,SYSTEM-35ILE
2	8	402.8		57.5		SYSTEM-51LYS,SYSTEM-19ASP,SYSTEM-11ARG,SYSTEM-8LYS,SYSTEM-6THR,SYSTEM-10ARG,SYSTEM-50THR,SYSTEM-35ILE
3	8	353.1		50.4		SYSTEM-51LYS,SYSTEM-19ASP,SYSTEM-16ARG,SYSTEM-8LYS,SYSTEM-6THR,SYSTEM-10ARG,SYSTEM-50THR,SYSTEM-35ILE
4	8	418.6		59.8		SYSTEM-51LYS,SYSTEM-19ASP,SYSTEM-16ARG,SYSTEM-11ARG,SYSTEM-7PHE,SYSTEM-10ARG,SYSTEM-50THR,SYSTEM-35ILE
5	9	511.6		63.9		SYSTEM-51LYS,SYSTEM-19ASP,SYSTEM-11ARG,SYSTEM-7PHE,SYSTEM-36GLU,SYSTEM-6THR,SYSTEM-10ARG,SYSTEM-50THR,SYSTEM-35ILE
6	9	510.5		63.8		SYSTEM-51LYS,SYSTEM-19ASP,SYSTEM-11ARG,SYSTEM-16ARG,SYSTEM-8LYS,SYSTEM-6THR,SYSTEM-10ARG,SYSTEM-50THR,SYSTEM-35ILE
7	9	434.5		54.3		SYSTEM-51LYS,SYSTEM-19ASP,SYSTEM-16ARG,SYSTEM-8LYS,SYSTEM-11ARG,SYSTEM-7PHE,SYSTEM-10ARG,SYSTEM-50THR,SYSTEM-35ILE
8	9	445.4		55.7		SYSTEM-51LYS,SYSTEM-19ASP,SYSTEM-16ARG,SYSTEM-11ARG,SYSTEM-8LYS,SYSTEM-6THR,SYSTEM-10ARG,SYSTEM-50THR,SYSTEM-35ILE
9	10	481.4		53.5		SYSTEM-51LYS,SYSTEM-19ASP,SYSTEM-11ARG,SYSTEM-8LYS,SYSTEM-6THR,SYSTEM-36GLU,SYSTEM-7PHE,SYSTEM-10ARG,SYSTEM-50THR,SYSTEM-35ILE
10	10	623.9		69.3		SYSTEM-51LYS,SYSTEM-19ASP,SYSTEM-15GLN,SYSTEM-12THR,SYSTEM-16ARG,SYSTEM-8LYS,SYSTEM-6THR,SYSTEM-10ARG,SYSTEM-50THR,SYSTEM-35ILE
11	10	689.4		76.6		SYSTEM-51LYS,SYSTEM-19ASP,SYSTEM-15GLN,SYSTEM-12THR,SYSTEM-16ARG,SYSTEM-11ARG,SYSTEM-7PHE,SYSTEM-10ARG,SYSTEM-50THR,SYSTEM-35ILE
12	10	431.7		48.0		SYSTEM-51LYS,SYSTEM-19ASP,SYSTEM-16ARG,SYSTEM-8LYS,SYSTEM-6THR,SYSTEM-36GLU,SYSTEM-7PHE,SYSTEM-10ARG,SYSTEM-50THR,SYSTEM-35ILE
13	10	554.2		61.6		SYSTEM-51LYS,SYSTEM-19ASP,SYSTEM-16ARG,SYSTEM-11ARG,SYSTEM-7PHE,SYSTEM-36GLU,SYSTEM-6THR,SYSTEM-10ARG,SYSTEM-50THR,SYSTEM-35ILE
14	11	589.1		58.9		SYSTEM-51LYS,SYSTEM-19ASP,SYSTEM-11ARG,SYSTEM-16ARG,SYSTEM-8LYS,SYSTEM-6THR,SYSTEM-36GLU,SYSTEM-7PHE,SYSTEM-10ARG,SYSTEM-50THR,SYSTEM-35ILE
15	11	705.3		70.5		SYSTEM-51LYS,SYSTEM-19ASP,SYSTEM-15GLN,SYSTEM-12THR,SYSTEM-16ARG,SYSTEM-8LYS,SYSTEM-11ARG,SYSTEM-7PHE,SYSTEM-10ARG,SYSTEM-50THR,SYSTEM-35ILE
16	11	716.2		71.6		SYSTEM-51LYS,SYSTEM-19ASP,SYSTEM-15GLN,SYSTEM-12THR,SYSTEM-16ARG,SYSTEM-11ARG,SYSTEM-8LYS,SYSTEM-6THR,SYSTEM-10ARG,SYSTEM-50THR,SYSTEM-35ILE
17	11	570.1		57.0		SYSTEM-51LYS,SYSTEM-19ASP,SYSTEM-16ARG,SYSTEM-8LYS,SYSTEM-11ARG,SYSTEM-7PHE,SYSTEM-36GLU,SYSTEM-6THR,SYSTEM-10ARG,SYSTEM-50THR,SYSTEM-35ILE
18	11	524.0		52.4		SYSTEM-51LYS,SYSTEM-19ASP,SYSTEM-16ARG,SYSTEM-11ARG,SYSTEM-8LYS,SYSTEM-6THR,SYSTEM-36GLU,SYSTEM-7PHE,SYSTEM-10ARG,SYSTEM-50THR,SYSTEM-35ILE
19	11	591.1		59.1		SYSTEM-51LYS,SYSTEM-19ASP,SYSTEM-16ARG,SYSTEM-106ASP,SYSTEM-107GLY,SYSTEM-104ASP,SYSTEM-8LYS,SYSTEM-6THR,SYSTEM-10ARG,SYSTEM-50THR,SYSTEM-35ILE
20	11	688.0		68.8		SYSTEM-51LYS,SYSTEM-19ASP,SYSTEM-16ARG,SYSTEM-106ASP,SYSTEM-108PHE,SYSTEM-104ASP,SYSTEM-8LYS,SYSTEM-6THR,SYSTEM-10ARG,SYSTEM-50THR,SYSTEM-35ILE
