Graph loaded! 120 nodes, 144 edges
Node list:
	SYSTEM-1MET
	SYSTEM-2PRO
	SYSTEM-3SER
	SYSTEM-4GLU
	SYSTEM-5LYS
	SYSTEM-6THR
	SYSTEM-7PHE
	SYSTEM-8LYS
	SYSTEM-9GLN
	SYSTEM-10ARG
	SYSTEM-11ARG
	SYSTEM-12THR
	SYSTEM-13PHE
	SYSTEM-14GLU
	SYSTEM-15GLN
	SYSTEM-16ARG
	SYSTEM-17VAL
	SYSTEM-18GLU
	SYSTEM-19ASP
	SYSTEM-20VAL
	SYSTEM-21ARG
	SYSTEM-22LEU
	SYSTEM-23ILE
	SYSTEM-24ARG
	SYSTEM-25GLU
	SYSTEM-26GLN
	SYSTEM-27HIS
	SYSTEM-28PRO
	SYSTEM-29THR
	SYSTEM-30LYS
	SYSTEM-31ILE
	SYSTEM-32PRO
	SYSTEM-33VAL
	SYSTEM-34ILE
	SYSTEM-35ILE
	SYSTEM-36GLU
	SYSTEM-37ARG
	SYSTEM-38TYR
	SYSTEM-39LYS
	SYSTEM-40GLY
	SYSTEM-41GLU
	SYSTEM-42LYS
	SYSTEM-43GLN
	SYSTEM-44LEU
	SYSTEM-45PRO
	SYSTEM-46VAL
	SYSTEM-47LEU
	SYSTEM-48ASP
	SYSTEM-49LYS
	SYSTEM-50THR
	SYSTEM-51LYS
	SYSTEM-52PHE
	SYSTEM-53LEU
	SYSTEM-54VAL
	SYSTEM-55PRO
	SYSTEM-56ASP
	SYSTEM-57HIS
	SYSTEM-58VAL
	SYSTEM-59ASN
	SYSTEM-60MET
	SYSTEM-61SER
	SYSTEM-62GLU
	SYSTEM-63LEU
	SYSTEM-64ILE
	SYSTEM-65LYS
	SYSTEM-66ILE
	SYSTEM-67ILE
	SYSTEM-68ARG
	SYSTEM-69ARG
	SYSTEM-70ARG
	SYSTEM-71LEU
	SYSTEM-72GLN
	SYSTEM-73LEU
	SYSTEM-74ASN
	SYSTEM-75ALA
	SYSTEM-76ASN
	SYSTEM-77GLN
	SYSTEM-78ALA
	SYSTEM-79PHE
	SYSTEM-80PHE
	SYSTEM-81LEU
	SYSTEM-82LEU
	SYSTEM-83VAL
	SYSTEM-84ASN
	SYSTEM-85GLY
	SYSTEM-86HIS
	SYSTEM-87SER
	SYSTEM-88MET
	SYSTEM-89VAL
	SYSTEM-90SER
	SYSTEM-91VAL
	SYSTEM-92SER
	SYSTEM-93THR
	SYSTEM-94PRO
	SYSTEM-95ILE
	SYSTEM-96SER
	SYSTEM-97GLU
	SYSTEM-98VAL
	SYSTEM-99TYR
	SYSTEM-100GLU
	SYSTEM-101SER
	SYSTEM-102GLU
	SYSTEM-103LYS
	SYSTEM-104ASP
	SYSTEM-105GLU
	SYSTEM-106ASP
	SYSTEM-107GLY
	SYSTEM-108PHE
	SYSTEM-109LEU
	SYSTEM-110TYR
	SYSTEM-111MET
	SYSTEM-112VAL
	SYSTEM-113TYR
	SYSTEM-114ALA
	SYSTEM-115SER
	SYSTEM-116GLN
	SYSTEM-117GLU
	SYSTEM-118THR
	SYSTEM-119PHE
	SYSTEM-120GLY
Path #	Length	Sum of weights	Average weight	Path
1	9	645.0		80.6		SYSTEM-57HIS,SYSTEM-58VAL,SYSTEM-54VAL,SYSTEM-95ILE,SYSTEM-31ILE,SYSTEM-32PRO,SYSTEM-108PHE,SYSTEM-106ASP,SYSTEM-16ARG
2	9	552.9		69.1		SYSTEM-57HIS,SYSTEM-58VAL,SYSTEM-63LEU,SYSTEM-95ILE,SYSTEM-31ILE,SYSTEM-32PRO,SYSTEM-108PHE,SYSTEM-106ASP,SYSTEM-16ARG
3	9	664.5		83.1		SYSTEM-57HIS,SYSTEM-55PRO,SYSTEM-54VAL,SYSTEM-95ILE,SYSTEM-31ILE,SYSTEM-32PRO,SYSTEM-108PHE,SYSTEM-106ASP,SYSTEM-16ARG
4	9	635.2		79.4		SYSTEM-57HIS,SYSTEM-55PRO,SYSTEM-30LYS,SYSTEM-53LEU,SYSTEM-23ILE,SYSTEM-32PRO,SYSTEM-108PHE,SYSTEM-106ASP,SYSTEM-16ARG
5	10	758.5		84.3		SYSTEM-57HIS,SYSTEM-58VAL,SYSTEM-54VAL,SYSTEM-95ILE,SYSTEM-31ILE,SYSTEM-32PRO,SYSTEM-20VAL,SYSTEM-108PHE,SYSTEM-106ASP,SYSTEM-16ARG
6	10	726.6		80.7		SYSTEM-57HIS,SYSTEM-58VAL,SYSTEM-54VAL,SYSTEM-95ILE,SYSTEM-31ILE,SYSTEM-99TYR,SYSTEM-32PRO,SYSTEM-108PHE,SYSTEM-106ASP,SYSTEM-16ARG
7	10	665.1		73.9		SYSTEM-57HIS,SYSTEM-58VAL,SYSTEM-54VAL,SYSTEM-33VAL,SYSTEM-109LEU,SYSTEM-99TYR,SYSTEM-32PRO,SYSTEM-108PHE,SYSTEM-106ASP,SYSTEM-16ARG
8	10	668.6		74.3		SYSTEM-57HIS,SYSTEM-58VAL,SYSTEM-54VAL,SYSTEM-63LEU,SYSTEM-95ILE,SYSTEM-31ILE,SYSTEM-32PRO,SYSTEM-108PHE,SYSTEM-106ASP,SYSTEM-16ARG
9	10	666.4		74.0		SYSTEM-57HIS,SYSTEM-58VAL,SYSTEM-63LEU,SYSTEM-95ILE,SYSTEM-31ILE,SYSTEM-32PRO,SYSTEM-20VAL,SYSTEM-108PHE,SYSTEM-106ASP,SYSTEM-16ARG
10	10	634.5		70.5		SYSTEM-57HIS,SYSTEM-58VAL,SYSTEM-63LEU,SYSTEM-95ILE,SYSTEM-31ILE,SYSTEM-99TYR,SYSTEM-32PRO,SYSTEM-108PHE,SYSTEM-106ASP,SYSTEM-16ARG
11	10	645.3		71.7		SYSTEM-57HIS,SYSTEM-58VAL,SYSTEM-63LEU,SYSTEM-60MET,SYSTEM-95ILE,SYSTEM-31ILE,SYSTEM-32PRO,SYSTEM-108PHE,SYSTEM-106ASP,SYSTEM-16ARG
12	10	706.3		78.5		SYSTEM-57HIS,SYSTEM-58VAL,SYSTEM-63LEU,SYSTEM-54VAL,SYSTEM-95ILE,SYSTEM-31ILE,SYSTEM-32PRO,SYSTEM-108PHE,SYSTEM-106ASP,SYSTEM-16ARG
13	10	776.6		86.3		SYSTEM-57HIS,SYSTEM-58VAL,SYSTEM-55PRO,SYSTEM-54VAL,SYSTEM-95ILE,SYSTEM-31ILE,SYSTEM-32PRO,SYSTEM-108PHE,SYSTEM-106ASP,SYSTEM-16ARG
14	10	747.3		83.0		SYSTEM-57HIS,SYSTEM-58VAL,SYSTEM-55PRO,SYSTEM-30LYS,SYSTEM-53LEU,SYSTEM-23ILE,SYSTEM-32PRO,SYSTEM-108PHE,SYSTEM-106ASP,SYSTEM-16ARG
15	10	778.0		86.4		SYSTEM-57HIS,SYSTEM-55PRO,SYSTEM-54VAL,SYSTEM-95ILE,SYSTEM-31ILE,SYSTEM-32PRO,SYSTEM-20VAL,SYSTEM-108PHE,SYSTEM-106ASP,SYSTEM-16ARG
16	10	746.1		82.9		SYSTEM-57HIS,SYSTEM-55PRO,SYSTEM-54VAL,SYSTEM-95ILE,SYSTEM-31ILE,SYSTEM-99TYR,SYSTEM-32PRO,SYSTEM-108PHE,SYSTEM-106ASP,SYSTEM-16ARG
17	10	684.6		76.1		SYSTEM-57HIS,SYSTEM-55PRO,SYSTEM-54VAL,SYSTEM-33VAL,SYSTEM-109LEU,SYSTEM-99TYR,SYSTEM-32PRO,SYSTEM-108PHE,SYSTEM-106ASP,SYSTEM-16ARG
18	10	688.1		76.5		SYSTEM-57HIS,SYSTEM-55PRO,SYSTEM-54VAL,SYSTEM-63LEU,SYSTEM-95ILE,SYSTEM-31ILE,SYSTEM-32PRO,SYSTEM-108PHE,SYSTEM-106ASP,SYSTEM-16ARG
19	10	748.7		83.2		SYSTEM-57HIS,SYSTEM-55PRO,SYSTEM-30LYS,SYSTEM-53LEU,SYSTEM-23ILE,SYSTEM-32PRO,SYSTEM-20VAL,SYSTEM-108PHE,SYSTEM-106ASP,SYSTEM-16ARG
20	10	661.3		73.5		SYSTEM-57HIS,SYSTEM-55PRO,SYSTEM-30LYS,SYSTEM-27HIS,SYSTEM-53LEU,SYSTEM-23ILE,SYSTEM-32PRO,SYSTEM-108PHE,SYSTEM-106ASP,SYSTEM-16ARG
21	10	406.4		45.2		SYSTEM-57HIS,SYSTEM-55PRO,SYSTEM-30LYS,SYSTEM-27HIS,SYSTEM-26GLN,SYSTEM-22LEU,SYSTEM-21ARG,SYSTEM-17VAL,SYSTEM-13PHE,SYSTEM-16ARG
22	10	697.5		77.5		SYSTEM-57HIS,SYSTEM-55PRO,SYSTEM-58VAL,SYSTEM-54VAL,SYSTEM-95ILE,SYSTEM-31ILE,SYSTEM-32PRO,SYSTEM-108PHE,SYSTEM-106ASP,SYSTEM-16ARG
23	10	605.4		67.3		SYSTEM-57HIS,SYSTEM-55PRO,SYSTEM-58VAL,SYSTEM-63LEU,SYSTEM-95ILE,SYSTEM-31ILE,SYSTEM-32PRO,SYSTEM-108PHE,SYSTEM-106ASP,SYSTEM-16ARG
24	11	709.3		70.9		SYSTEM-57HIS,SYSTEM-58VAL,SYSTEM-54VAL,SYSTEM-95ILE,SYSTEM-31ILE,SYSTEM-32PRO,SYSTEM-108PHE,SYSTEM-106ASP,SYSTEM-104ASP,SYSTEM-8LYS,SYSTEM-16ARG
25	11	747.5		74.8		SYSTEM-57HIS,SYSTEM-58VAL,SYSTEM-54VAL,SYSTEM-95ILE,SYSTEM-31ILE,SYSTEM-32PRO,SYSTEM-108PHE,SYSTEM-106ASP,SYSTEM-110TYR,SYSTEM-8LYS,SYSTEM-16ARG
26	11	789.2		78.9		SYSTEM-57HIS,SYSTEM-58VAL,SYSTEM-54VAL,SYSTEM-95ILE,SYSTEM-31ILE,SYSTEM-32PRO,SYSTEM-108PHE,SYSTEM-34ILE,SYSTEM-110TYR,SYSTEM-8LYS,SYSTEM-16ARG
27	11	803.1		80.3		SYSTEM-57HIS,SYSTEM-58VAL,SYSTEM-54VAL,SYSTEM-95ILE,SYSTEM-31ILE,SYSTEM-32PRO,SYSTEM-108PHE,SYSTEM-34ILE,SYSTEM-110TYR,SYSTEM-106ASP,SYSTEM-16ARG
28	11	840.1		84.0		SYSTEM-57HIS,SYSTEM-58VAL,SYSTEM-54VAL,SYSTEM-95ILE,SYSTEM-31ILE,SYSTEM-99TYR,SYSTEM-32PRO,SYSTEM-20VAL,SYSTEM-108PHE,SYSTEM-106ASP,SYSTEM-16ARG
29	11	778.6		77.9		SYSTEM-57HIS,SYSTEM-58VAL,SYSTEM-54VAL,SYSTEM-33VAL,SYSTEM-109LEU,SYSTEM-99TYR,SYSTEM-32PRO,SYSTEM-20VAL,SYSTEM-108PHE,SYSTEM-106ASP,SYSTEM-16ARG
30	11	783.5		78.3		SYSTEM-57HIS,SYSTEM-58VAL,SYSTEM-54VAL,SYSTEM-33VAL,SYSTEM-109LEU,SYSTEM-99TYR,SYSTEM-31ILE,SYSTEM-32PRO,SYSTEM-108PHE,SYSTEM-106ASP,SYSTEM-16ARG
31	11	737.3		73.7		SYSTEM-57HIS,SYSTEM-58VAL,SYSTEM-54VAL,SYSTEM-33VAL,SYSTEM-111MET,SYSTEM-109LEU,SYSTEM-99TYR,SYSTEM-32PRO,SYSTEM-108PHE,SYSTEM-106ASP,SYSTEM-16ARG
32	11	782.1		78.2		SYSTEM-57HIS,SYSTEM-58VAL,SYSTEM-54VAL,SYSTEM-63LEU,SYSTEM-95ILE,SYSTEM-31ILE,SYSTEM-32PRO,SYSTEM-20VAL,SYSTEM-108PHE,SYSTEM-106ASP,SYSTEM-16ARG
33	11	750.2		75.0		SYSTEM-57HIS,SYSTEM-58VAL,SYSTEM-54VAL,SYSTEM-63LEU,SYSTEM-95ILE,SYSTEM-31ILE,SYSTEM-99TYR,SYSTEM-32PRO,SYSTEM-108PHE,SYSTEM-106ASP,SYSTEM-16ARG
34	11	761.0		76.1		SYSTEM-57HIS,SYSTEM-58VAL,SYSTEM-54VAL,SYSTEM-63LEU,SYSTEM-60MET,SYSTEM-95ILE,SYSTEM-31ILE,SYSTEM-32PRO,SYSTEM-108PHE,SYSTEM-106ASP,SYSTEM-16ARG
35	11	815.5		81.5		SYSTEM-57HIS,SYSTEM-58VAL,SYSTEM-54VAL,SYSTEM-55PRO,SYSTEM-30LYS,SYSTEM-53LEU,SYSTEM-23ILE,SYSTEM-32PRO,SYSTEM-108PHE,SYSTEM-106ASP,SYSTEM-16ARG
36	11	617.2		61.7		SYSTEM-57HIS,SYSTEM-58VAL,SYSTEM-63LEU,SYSTEM-95ILE,SYSTEM-31ILE,SYSTEM-32PRO,SYSTEM-108PHE,SYSTEM-106ASP,SYSTEM-104ASP,SYSTEM-8LYS,SYSTEM-16ARG
37	11	655.4		65.5		SYSTEM-57HIS,SYSTEM-58VAL,SYSTEM-63LEU,SYSTEM-95ILE,SYSTEM-31ILE,SYSTEM-32PRO,SYSTEM-108PHE,SYSTEM-106ASP,SYSTEM-110TYR,SYSTEM-8LYS,SYSTEM-16ARG
38	11	697.1		69.7		SYSTEM-57HIS,SYSTEM-58VAL,SYSTEM-63LEU,SYSTEM-95ILE,SYSTEM-31ILE,SYSTEM-32PRO,SYSTEM-108PHE,SYSTEM-34ILE,SYSTEM-110TYR,SYSTEM-8LYS,SYSTEM-16ARG
39	11	711.0		71.1		SYSTEM-57HIS,SYSTEM-58VAL,SYSTEM-63LEU,SYSTEM-95ILE,SYSTEM-31ILE,SYSTEM-32PRO,SYSTEM-108PHE,SYSTEM-34ILE,SYSTEM-110TYR,SYSTEM-106ASP,SYSTEM-16ARG
40	11	748.0		74.8		SYSTEM-57HIS,SYSTEM-58VAL,SYSTEM-63LEU,SYSTEM-95ILE,SYSTEM-31ILE,SYSTEM-99TYR,SYSTEM-32PRO,SYSTEM-20VAL,SYSTEM-108PHE,SYSTEM-106ASP,SYSTEM-16ARG
41	11	758.8		75.9		SYSTEM-57HIS,SYSTEM-58VAL,SYSTEM-63LEU,SYSTEM-60MET,SYSTEM-95ILE,SYSTEM-31ILE,SYSTEM-32PRO,SYSTEM-20VAL,SYSTEM-108PHE,SYSTEM-106ASP,SYSTEM-16ARG
42	11	726.9		72.7		SYSTEM-57HIS,SYSTEM-58VAL,SYSTEM-63LEU,SYSTEM-60MET,SYSTEM-95ILE,SYSTEM-31ILE,SYSTEM-99TYR,SYSTEM-32PRO,SYSTEM-108PHE,SYSTEM-106ASP,SYSTEM-16ARG
43	11	697.2		69.7		SYSTEM-57HIS,SYSTEM-58VAL,SYSTEM-63LEU,SYSTEM-60MET,SYSTEM-98VAL,SYSTEM-95ILE,SYSTEM-31ILE,SYSTEM-32PRO,SYSTEM-108PHE,SYSTEM-106ASP,SYSTEM-16ARG
44	11	819.8		82.0		SYSTEM-57HIS,SYSTEM-58VAL,SYSTEM-63LEU,SYSTEM-54VAL,SYSTEM-95ILE,SYSTEM-31ILE,SYSTEM-32PRO,SYSTEM-20VAL,SYSTEM-108PHE,SYSTEM-106ASP,SYSTEM-16ARG
45	11	787.9		78.8		SYSTEM-57HIS,SYSTEM-58VAL,SYSTEM-63LEU,SYSTEM-54VAL,SYSTEM-95ILE,SYSTEM-31ILE,SYSTEM-99TYR,SYSTEM-32PRO,SYSTEM-108PHE,SYSTEM-106ASP,SYSTEM-16ARG
46	11	726.4		72.6		SYSTEM-57HIS,SYSTEM-58VAL,SYSTEM-63LEU,SYSTEM-54VAL,SYSTEM-33VAL,SYSTEM-109LEU,SYSTEM-99TYR,SYSTEM-32PRO,SYSTEM-108PHE,SYSTEM-106ASP,SYSTEM-16ARG
47	11	890.1		89.0		SYSTEM-57HIS,SYSTEM-58VAL,SYSTEM-55PRO,SYSTEM-54VAL,SYSTEM-95ILE,SYSTEM-31ILE,SYSTEM-32PRO,SYSTEM-20VAL,SYSTEM-108PHE,SYSTEM-106ASP,SYSTEM-16ARG
48	11	858.2		85.8		SYSTEM-57HIS,SYSTEM-58VAL,SYSTEM-55PRO,SYSTEM-54VAL,SYSTEM-95ILE,SYSTEM-31ILE,SYSTEM-99TYR,SYSTEM-32PRO,SYSTEM-108PHE,SYSTEM-106ASP,SYSTEM-16ARG
49	11	796.7		79.7		SYSTEM-57HIS,SYSTEM-58VAL,SYSTEM-55PRO,SYSTEM-54VAL,SYSTEM-33VAL,SYSTEM-109LEU,SYSTEM-99TYR,SYSTEM-32PRO,SYSTEM-108PHE,SYSTEM-106ASP,SYSTEM-16ARG
50	11	800.2		80.0		SYSTEM-57HIS,SYSTEM-58VAL,SYSTEM-55PRO,SYSTEM-54VAL,SYSTEM-63LEU,SYSTEM-95ILE,SYSTEM-31ILE,SYSTEM-32PRO,SYSTEM-108PHE,SYSTEM-106ASP,SYSTEM-16ARG
51	11	860.8		86.1		SYSTEM-57HIS,SYSTEM-58VAL,SYSTEM-55PRO,SYSTEM-30LYS,SYSTEM-53LEU,SYSTEM-23ILE,SYSTEM-32PRO,SYSTEM-20VAL,SYSTEM-108PHE,SYSTEM-106ASP,SYSTEM-16ARG
52	11	773.4		77.3		SYSTEM-57HIS,SYSTEM-58VAL,SYSTEM-55PRO,SYSTEM-30LYS,SYSTEM-27HIS,SYSTEM-53LEU,SYSTEM-23ILE,SYSTEM-32PRO,SYSTEM-108PHE,SYSTEM-106ASP,SYSTEM-16ARG
53	11	518.5		51.8		SYSTEM-57HIS,SYSTEM-58VAL,SYSTEM-55PRO,SYSTEM-30LYS,SYSTEM-27HIS,SYSTEM-26GLN,SYSTEM-22LEU,SYSTEM-21ARG,SYSTEM-17VAL,SYSTEM-13PHE,SYSTEM-16ARG
54	11	728.8		72.9		SYSTEM-57HIS,SYSTEM-55PRO,SYSTEM-54VAL,SYSTEM-95ILE,SYSTEM-31ILE,SYSTEM-32PRO,SYSTEM-108PHE,SYSTEM-106ASP,SYSTEM-104ASP,SYSTEM-8LYS,SYSTEM-16ARG
55	11	767.0		76.7		SYSTEM-57HIS,SYSTEM-55PRO,SYSTEM-54VAL,SYSTEM-95ILE,SYSTEM-31ILE,SYSTEM-32PRO,SYSTEM-108PHE,SYSTEM-106ASP,SYSTEM-110TYR,SYSTEM-8LYS,SYSTEM-16ARG
56	11	808.7		80.9		SYSTEM-57HIS,SYSTEM-55PRO,SYSTEM-54VAL,SYSTEM-95ILE,SYSTEM-31ILE,SYSTEM-32PRO,SYSTEM-108PHE,SYSTEM-34ILE,SYSTEM-110TYR,SYSTEM-8LYS,SYSTEM-16ARG
57	11	822.6		82.3		SYSTEM-57HIS,SYSTEM-55PRO,SYSTEM-54VAL,SYSTEM-95ILE,SYSTEM-31ILE,SYSTEM-32PRO,SYSTEM-108PHE,SYSTEM-34ILE,SYSTEM-110TYR,SYSTEM-106ASP,SYSTEM-16ARG
58	11	859.6		86.0		SYSTEM-57HIS,SYSTEM-55PRO,SYSTEM-54VAL,SYSTEM-95ILE,SYSTEM-31ILE,SYSTEM-99TYR,SYSTEM-32PRO,SYSTEM-20VAL,SYSTEM-108PHE,SYSTEM-106ASP,SYSTEM-16ARG
59	11	673.6		67.4		SYSTEM-57HIS,SYSTEM-55PRO,SYSTEM-54VAL,SYSTEM-58VAL,SYSTEM-63LEU,SYSTEM-95ILE,SYSTEM-31ILE,SYSTEM-32PRO,SYSTEM-108PHE,SYSTEM-106ASP,SYSTEM-16ARG
60	11	798.1		79.8		SYSTEM-57HIS,SYSTEM-55PRO,SYSTEM-54VAL,SYSTEM-33VAL,SYSTEM-109LEU,SYSTEM-99TYR,SYSTEM-32PRO,SYSTEM-20VAL,SYSTEM-108PHE,SYSTEM-106ASP,SYSTEM-16ARG
61	11	803.0		80.3		SYSTEM-57HIS,SYSTEM-55PRO,SYSTEM-54VAL,SYSTEM-33VAL,SYSTEM-109LEU,SYSTEM-99TYR,SYSTEM-31ILE,SYSTEM-32PRO,SYSTEM-108PHE,SYSTEM-106ASP,SYSTEM-16ARG
62	11	756.8		75.7		SYSTEM-57HIS,SYSTEM-55PRO,SYSTEM-54VAL,SYSTEM-33VAL,SYSTEM-111MET,SYSTEM-109LEU,SYSTEM-99TYR,SYSTEM-32PRO,SYSTEM-108PHE,SYSTEM-106ASP,SYSTEM-16ARG
63	11	801.6		80.2		SYSTEM-57HIS,SYSTEM-55PRO,SYSTEM-54VAL,SYSTEM-63LEU,SYSTEM-95ILE,SYSTEM-31ILE,SYSTEM-32PRO,SYSTEM-20VAL,SYSTEM-108PHE,SYSTEM-106ASP,SYSTEM-16ARG
64	11	769.7		77.0		SYSTEM-57HIS,SYSTEM-55PRO,SYSTEM-54VAL,SYSTEM-63LEU,SYSTEM-95ILE,SYSTEM-31ILE,SYSTEM-99TYR,SYSTEM-32PRO,SYSTEM-108PHE,SYSTEM-106ASP,SYSTEM-16ARG
65	11	780.5		78.0		SYSTEM-57HIS,SYSTEM-55PRO,SYSTEM-54VAL,SYSTEM-63LEU,SYSTEM-60MET,SYSTEM-95ILE,SYSTEM-31ILE,SYSTEM-32PRO,SYSTEM-108PHE,SYSTEM-106ASP,SYSTEM-16ARG
66	11	461.5		46.1		SYSTEM-57HIS,SYSTEM-55PRO,SYSTEM-30LYS,SYSTEM-53LEU,SYSTEM-27HIS,SYSTEM-26GLN,SYSTEM-22LEU,SYSTEM-21ARG,SYSTEM-17VAL,SYSTEM-13PHE,SYSTEM-16ARG
67	11	699.5		70.0		SYSTEM-57HIS,SYSTEM-55PRO,SYSTEM-30LYS,SYSTEM-53LEU,SYSTEM-23ILE,SYSTEM-32PRO,SYSTEM-108PHE,SYSTEM-106ASP,SYSTEM-104ASP,SYSTEM-8LYS,SYSTEM-16ARG
68	11	737.7		73.8		SYSTEM-57HIS,SYSTEM-55PRO,SYSTEM-30LYS,SYSTEM-53LEU,SYSTEM-23ILE,SYSTEM-32PRO,SYSTEM-108PHE,SYSTEM-106ASP,SYSTEM-110TYR,SYSTEM-8LYS,SYSTEM-16ARG
69	11	779.4		77.9		SYSTEM-57HIS,SYSTEM-55PRO,SYSTEM-30LYS,SYSTEM-53LEU,SYSTEM-23ILE,SYSTEM-32PRO,SYSTEM-108PHE,SYSTEM-34ILE,SYSTEM-110TYR,SYSTEM-8LYS,SYSTEM-16ARG
70	11	793.3		79.3		SYSTEM-57HIS,SYSTEM-55PRO,SYSTEM-30LYS,SYSTEM-53LEU,SYSTEM-23ILE,SYSTEM-32PRO,SYSTEM-108PHE,SYSTEM-34ILE,SYSTEM-110TYR,SYSTEM-106ASP,SYSTEM-16ARG
71	11	774.8		77.5		SYSTEM-57HIS,SYSTEM-55PRO,SYSTEM-30LYS,SYSTEM-27HIS,SYSTEM-53LEU,SYSTEM-23ILE,SYSTEM-32PRO,SYSTEM-20VAL,SYSTEM-108PHE,SYSTEM-106ASP,SYSTEM-16ARG
72	11	811.0		81.1		SYSTEM-57HIS,SYSTEM-55PRO,SYSTEM-58VAL,SYSTEM-54VAL,SYSTEM-95ILE,SYSTEM-31ILE,SYSTEM-32PRO,SYSTEM-20VAL,SYSTEM-108PHE,SYSTEM-106ASP,SYSTEM-16ARG
73	11	779.1		77.9		SYSTEM-57HIS,SYSTEM-55PRO,SYSTEM-58VAL,SYSTEM-54VAL,SYSTEM-95ILE,SYSTEM-31ILE,SYSTEM-99TYR,SYSTEM-32PRO,SYSTEM-108PHE,SYSTEM-106ASP,SYSTEM-16ARG
74	11	717.6		71.8		SYSTEM-57HIS,SYSTEM-55PRO,SYSTEM-58VAL,SYSTEM-54VAL,SYSTEM-33VAL,SYSTEM-109LEU,SYSTEM-99TYR,SYSTEM-32PRO,SYSTEM-108PHE,SYSTEM-106ASP,SYSTEM-16ARG
75	11	721.1		72.1		SYSTEM-57HIS,SYSTEM-55PRO,SYSTEM-58VAL,SYSTEM-54VAL,SYSTEM-63LEU,SYSTEM-95ILE,SYSTEM-31ILE,SYSTEM-32PRO,SYSTEM-108PHE,SYSTEM-106ASP,SYSTEM-16ARG
76	11	718.9		71.9		SYSTEM-57HIS,SYSTEM-55PRO,SYSTEM-58VAL,SYSTEM-63LEU,SYSTEM-95ILE,SYSTEM-31ILE,SYSTEM-32PRO,SYSTEM-20VAL,SYSTEM-108PHE,SYSTEM-106ASP,SYSTEM-16ARG
77	11	687.0		68.7		SYSTEM-57HIS,SYSTEM-55PRO,SYSTEM-58VAL,SYSTEM-63LEU,SYSTEM-95ILE,SYSTEM-31ILE,SYSTEM-99TYR,SYSTEM-32PRO,SYSTEM-108PHE,SYSTEM-106ASP,SYSTEM-16ARG
78	11	697.8		69.8		SYSTEM-57HIS,SYSTEM-55PRO,SYSTEM-58VAL,SYSTEM-63LEU,SYSTEM-60MET,SYSTEM-95ILE,SYSTEM-31ILE,SYSTEM-32PRO,SYSTEM-108PHE,SYSTEM-106ASP,SYSTEM-16ARG
79	11	758.8		75.9		SYSTEM-57HIS,SYSTEM-55PRO,SYSTEM-58VAL,SYSTEM-63LEU,SYSTEM-54VAL,SYSTEM-95ILE,SYSTEM-31ILE,SYSTEM-32PRO,SYSTEM-108PHE,SYSTEM-106ASP,SYSTEM-16ARG
