Graph loaded! 120 nodes, 118 edges
Node list:
	SYSTEM-1MET
	SYSTEM-2PRO
	SYSTEM-3SER
	SYSTEM-4GLU
	SYSTEM-5LYS
	SYSTEM-6THR
	SYSTEM-7PHE
	SYSTEM-8LYS
	SYSTEM-9GLN
	SYSTEM-10ARG
	SYSTEM-11ARG
	SYSTEM-12THR
	SYSTEM-13PHE
	SYSTEM-14GLU
	SYSTEM-15GLN
	SYSTEM-16ARG
	SYSTEM-17VAL
	SYSTEM-18GLU
	SYSTEM-19ASP
	SYSTEM-20VAL
	SYSTEM-21ARG
	SYSTEM-22LEU
	SYSTEM-23ILE
	SYSTEM-24ARG
	SYSTEM-25GLU
	SYSTEM-26GLN
	SYSTEM-27HIS
	SYSTEM-28PRO
	SYSTEM-29THR
	SYSTEM-30LYS
	SYSTEM-31ILE
	SYSTEM-32PRO
	SYSTEM-33VAL
	SYSTEM-34ILE
	SYSTEM-35ILE
	SYSTEM-36GLU
	SYSTEM-37ARG
	SYSTEM-38TYR
	SYSTEM-39LYS
	SYSTEM-40GLY
	SYSTEM-41GLU
	SYSTEM-42LYS
	SYSTEM-43GLN
	SYSTEM-44LEU
	SYSTEM-45PRO
	SYSTEM-46VAL
	SYSTEM-47LEU
	SYSTEM-48ASP
	SYSTEM-49LYS
	SYSTEM-50THR
	SYSTEM-51LYS
	SYSTEM-52PHE
	SYSTEM-53LEU
	SYSTEM-54VAL
	SYSTEM-55PRO
	SYSTEM-56ASP
	SYSTEM-57HIS
	SYSTEM-58VAL
	SYSTEM-59ASN
	SYSTEM-60MET
	SYSTEM-61SER
	SYSTEM-62GLU
	SYSTEM-63LEU
	SYSTEM-64ILE
	SYSTEM-65LYS
	SYSTEM-66ILE
	SYSTEM-67ILE
	SYSTEM-68ARG
	SYSTEM-69ARG
	SYSTEM-70ARG
	SYSTEM-71LEU
	SYSTEM-72GLN
	SYSTEM-73LEU
	SYSTEM-74ASN
	SYSTEM-75ALA
	SYSTEM-76ASN
	SYSTEM-77GLN
	SYSTEM-78ALA
	SYSTEM-79PHE
	SYSTEM-80PHE
	SYSTEM-81LEU
	SYSTEM-82LEU
	SYSTEM-83VAL
	SYSTEM-84ASN
	SYSTEM-85GLY
	SYSTEM-86HIS
	SYSTEM-87SER
	SYSTEM-88MET
	SYSTEM-89VAL
	SYSTEM-90SER
	SYSTEM-91VAL
	SYSTEM-92SER
	SYSTEM-93THR
	SYSTEM-94PRO
	SYSTEM-95ILE
	SYSTEM-96SER
	SYSTEM-97GLU
	SYSTEM-98VAL
	SYSTEM-99TYR
	SYSTEM-100GLU
	SYSTEM-101SER
	SYSTEM-102GLU
	SYSTEM-103LYS
	SYSTEM-104ASP
	SYSTEM-105GLU
	SYSTEM-106ASP
	SYSTEM-107GLY
	SYSTEM-108PHE
	SYSTEM-109LEU
	SYSTEM-110TYR
	SYSTEM-111MET
	SYSTEM-112VAL
	SYSTEM-113TYR
	SYSTEM-114ALA
	SYSTEM-115SER
	SYSTEM-116GLN
	SYSTEM-117GLU
	SYSTEM-118THR
	SYSTEM-119PHE
	SYSTEM-120GLY
Path #	Length	Sum of weights	Average weight	Path
1	4	222.1		74.0		SYSTEM-70ARG,SYSTEM-67ILE,SYSTEM-63LEU,SYSTEM-60MET
2	4	140.0		46.7		SYSTEM-70ARG,SYSTEM-66ILE,SYSTEM-63LEU,SYSTEM-60MET
3	6	408.2		81.6		SYSTEM-70ARG,SYSTEM-67ILE,SYSTEM-71LEU,SYSTEM-68ARG,SYSTEM-64ILE,SYSTEM-60MET
4	6	399.0		79.8		SYSTEM-70ARG,SYSTEM-67ILE,SYSTEM-63LEU,SYSTEM-59ASN,SYSTEM-93THR,SYSTEM-60MET
5	6	316.9		63.4		SYSTEM-70ARG,SYSTEM-66ILE,SYSTEM-63LEU,SYSTEM-59ASN,SYSTEM-93THR,SYSTEM-60MET
6	6	385.9		77.2		SYSTEM-70ARG,SYSTEM-66ILE,SYSTEM-62GLU,SYSTEM-59ASN,SYSTEM-93THR,SYSTEM-60MET
7	6	386.2		77.2		SYSTEM-70ARG,SYSTEM-66ILE,SYSTEM-62GLU,SYSTEM-59ASN,SYSTEM-63LEU,SYSTEM-60MET
8	7	445.3		74.2		SYSTEM-70ARG,SYSTEM-67ILE,SYSTEM-63LEU,SYSTEM-59ASN,SYSTEM-61SER,SYSTEM-64ILE,SYSTEM-60MET
9	7	413.5		68.9		SYSTEM-70ARG,SYSTEM-66ILE,SYSTEM-69ARG,SYSTEM-65LYS,SYSTEM-61SER,SYSTEM-64ILE,SYSTEM-60MET
10	7	363.2		60.5		SYSTEM-70ARG,SYSTEM-66ILE,SYSTEM-63LEU,SYSTEM-59ASN,SYSTEM-61SER,SYSTEM-64ILE,SYSTEM-60MET
11	7	432.2		72.0		SYSTEM-70ARG,SYSTEM-66ILE,SYSTEM-62GLU,SYSTEM-59ASN,SYSTEM-61SER,SYSTEM-64ILE,SYSTEM-60MET
12	7	440.9		73.5		SYSTEM-70ARG,SYSTEM-66ILE,SYSTEM-62GLU,SYSTEM-65LYS,SYSTEM-61SER,SYSTEM-64ILE,SYSTEM-60MET
13	8	525.4		75.1		SYSTEM-70ARG,SYSTEM-67ILE,SYSTEM-63LEU,SYSTEM-66ILE,SYSTEM-62GLU,SYSTEM-59ASN,SYSTEM-93THR,SYSTEM-60MET
14	8	465.6		66.5		SYSTEM-70ARG,SYSTEM-66ILE,SYSTEM-69ARG,SYSTEM-65LYS,SYSTEM-61SER,SYSTEM-59ASN,SYSTEM-93THR,SYSTEM-60MET
15	8	465.9		66.6		SYSTEM-70ARG,SYSTEM-66ILE,SYSTEM-69ARG,SYSTEM-65LYS,SYSTEM-61SER,SYSTEM-59ASN,SYSTEM-63LEU,SYSTEM-60MET
16	8	516.5		73.8		SYSTEM-70ARG,SYSTEM-66ILE,SYSTEM-69ARG,SYSTEM-65LYS,SYSTEM-62GLU,SYSTEM-59ASN,SYSTEM-93THR,SYSTEM-60MET
17	8	516.8		73.8		SYSTEM-70ARG,SYSTEM-66ILE,SYSTEM-69ARG,SYSTEM-65LYS,SYSTEM-62GLU,SYSTEM-59ASN,SYSTEM-63LEU,SYSTEM-60MET
18	8	526.1		75.2		SYSTEM-70ARG,SYSTEM-66ILE,SYSTEM-63LEU,SYSTEM-67ILE,SYSTEM-71LEU,SYSTEM-68ARG,SYSTEM-64ILE,SYSTEM-60MET
19	8	493.0		70.4		SYSTEM-70ARG,SYSTEM-66ILE,SYSTEM-62GLU,SYSTEM-65LYS,SYSTEM-61SER,SYSTEM-59ASN,SYSTEM-93THR,SYSTEM-60MET
20	8	493.3		70.5		SYSTEM-70ARG,SYSTEM-66ILE,SYSTEM-62GLU,SYSTEM-65LYS,SYSTEM-61SER,SYSTEM-59ASN,SYSTEM-63LEU,SYSTEM-60MET
21	9	542.9		67.9		SYSTEM-70ARG,SYSTEM-67ILE,SYSTEM-71LEU,SYSTEM-68ARG,SYSTEM-64ILE,SYSTEM-61SER,SYSTEM-59ASN,SYSTEM-93THR,SYSTEM-60MET
22	9	543.2		67.9		SYSTEM-70ARG,SYSTEM-67ILE,SYSTEM-71LEU,SYSTEM-68ARG,SYSTEM-64ILE,SYSTEM-61SER,SYSTEM-59ASN,SYSTEM-63LEU,SYSTEM-60MET
23	9	629.8		78.7		SYSTEM-70ARG,SYSTEM-67ILE,SYSTEM-63LEU,SYSTEM-59ASN,SYSTEM-62GLU,SYSTEM-65LYS,SYSTEM-61SER,SYSTEM-64ILE,SYSTEM-60MET
24	9	553.0		69.1		SYSTEM-70ARG,SYSTEM-67ILE,SYSTEM-63LEU,SYSTEM-66ILE,SYSTEM-69ARG,SYSTEM-65LYS,SYSTEM-61SER,SYSTEM-64ILE,SYSTEM-60MET
25	9	571.7		71.5		SYSTEM-70ARG,SYSTEM-67ILE,SYSTEM-63LEU,SYSTEM-66ILE,SYSTEM-62GLU,SYSTEM-59ASN,SYSTEM-61SER,SYSTEM-64ILE,SYSTEM-60MET
26	9	580.4		72.6		SYSTEM-70ARG,SYSTEM-67ILE,SYSTEM-63LEU,SYSTEM-66ILE,SYSTEM-62GLU,SYSTEM-65LYS,SYSTEM-61SER,SYSTEM-64ILE,SYSTEM-60MET
27	9	562.8		70.3		SYSTEM-70ARG,SYSTEM-66ILE,SYSTEM-69ARG,SYSTEM-65LYS,SYSTEM-62GLU,SYSTEM-59ASN,SYSTEM-61SER,SYSTEM-64ILE,SYSTEM-60MET
28	9	547.7		68.5		SYSTEM-70ARG,SYSTEM-66ILE,SYSTEM-63LEU,SYSTEM-59ASN,SYSTEM-62GLU,SYSTEM-65LYS,SYSTEM-61SER,SYSTEM-64ILE,SYSTEM-60MET
29	10	605.1		67.2		SYSTEM-70ARG,SYSTEM-67ILE,SYSTEM-63LEU,SYSTEM-66ILE,SYSTEM-69ARG,SYSTEM-65LYS,SYSTEM-61SER,SYSTEM-59ASN,SYSTEM-93THR,SYSTEM-60MET
30	10	656.0		72.9		SYSTEM-70ARG,SYSTEM-67ILE,SYSTEM-63LEU,SYSTEM-66ILE,SYSTEM-69ARG,SYSTEM-65LYS,SYSTEM-62GLU,SYSTEM-59ASN,SYSTEM-93THR,SYSTEM-60MET
31	10	632.5		70.3		SYSTEM-70ARG,SYSTEM-67ILE,SYSTEM-63LEU,SYSTEM-66ILE,SYSTEM-62GLU,SYSTEM-65LYS,SYSTEM-61SER,SYSTEM-59ASN,SYSTEM-93THR,SYSTEM-60MET
32	10	772.3		85.8		SYSTEM-70ARG,SYSTEM-66ILE,SYSTEM-62GLU,SYSTEM-59ASN,SYSTEM-63LEU,SYSTEM-67ILE,SYSTEM-71LEU,SYSTEM-68ARG,SYSTEM-64ILE,SYSTEM-60MET
33	11	669.6		67.0		SYSTEM-70ARG,SYSTEM-67ILE,SYSTEM-71LEU,SYSTEM-68ARG,SYSTEM-64ILE,SYSTEM-61SER,SYSTEM-59ASN,SYSTEM-62GLU,SYSTEM-66ILE,SYSTEM-63LEU,SYSTEM-60MET
34	11	650.9		65.1		SYSTEM-70ARG,SYSTEM-67ILE,SYSTEM-71LEU,SYSTEM-68ARG,SYSTEM-64ILE,SYSTEM-61SER,SYSTEM-65LYS,SYSTEM-69ARG,SYSTEM-66ILE,SYSTEM-63LEU,SYSTEM-60MET
35	11	727.4		72.7		SYSTEM-70ARG,SYSTEM-67ILE,SYSTEM-71LEU,SYSTEM-68ARG,SYSTEM-64ILE,SYSTEM-61SER,SYSTEM-65LYS,SYSTEM-62GLU,SYSTEM-59ASN,SYSTEM-93THR,SYSTEM-60MET
36	11	727.7		72.8		SYSTEM-70ARG,SYSTEM-67ILE,SYSTEM-71LEU,SYSTEM-68ARG,SYSTEM-64ILE,SYSTEM-61SER,SYSTEM-65LYS,SYSTEM-62GLU,SYSTEM-59ASN,SYSTEM-63LEU,SYSTEM-60MET
37	11	678.3		67.8		SYSTEM-70ARG,SYSTEM-67ILE,SYSTEM-71LEU,SYSTEM-68ARG,SYSTEM-64ILE,SYSTEM-61SER,SYSTEM-65LYS,SYSTEM-62GLU,SYSTEM-66ILE,SYSTEM-63LEU,SYSTEM-60MET
38	11	799.2		79.9		SYSTEM-70ARG,SYSTEM-67ILE,SYSTEM-63LEU,SYSTEM-59ASN,SYSTEM-62GLU,SYSTEM-66ILE,SYSTEM-69ARG,SYSTEM-65LYS,SYSTEM-61SER,SYSTEM-64ILE,SYSTEM-60MET
39	11	702.3		70.2		SYSTEM-70ARG,SYSTEM-67ILE,SYSTEM-63LEU,SYSTEM-66ILE,SYSTEM-69ARG,SYSTEM-65LYS,SYSTEM-62GLU,SYSTEM-59ASN,SYSTEM-61SER,SYSTEM-64ILE,SYSTEM-60MET
40	11	711.4		71.1		SYSTEM-70ARG,SYSTEM-66ILE,SYSTEM-69ARG,SYSTEM-65LYS,SYSTEM-61SER,SYSTEM-64ILE,SYSTEM-68ARG,SYSTEM-71LEU,SYSTEM-67ILE,SYSTEM-63LEU,SYSTEM-60MET
41	11	660.8		66.1		SYSTEM-70ARG,SYSTEM-66ILE,SYSTEM-63LEU,SYSTEM-67ILE,SYSTEM-71LEU,SYSTEM-68ARG,SYSTEM-64ILE,SYSTEM-61SER,SYSTEM-59ASN,SYSTEM-93THR,SYSTEM-60MET
42	11	730.1		73.0		SYSTEM-70ARG,SYSTEM-66ILE,SYSTEM-62GLU,SYSTEM-59ASN,SYSTEM-61SER,SYSTEM-64ILE,SYSTEM-68ARG,SYSTEM-71LEU,SYSTEM-67ILE,SYSTEM-63LEU,SYSTEM-60MET
43	11	738.8		73.9		SYSTEM-70ARG,SYSTEM-66ILE,SYSTEM-62GLU,SYSTEM-65LYS,SYSTEM-61SER,SYSTEM-64ILE,SYSTEM-68ARG,SYSTEM-71LEU,SYSTEM-67ILE,SYSTEM-63LEU,SYSTEM-60MET
