Graph loaded! 120 nodes, 144 edges
Node list:
	SYSTEM-1MET
	SYSTEM-2PRO
	SYSTEM-3SER
	SYSTEM-4GLU
	SYSTEM-5LYS
	SYSTEM-6THR
	SYSTEM-7PHE
	SYSTEM-8LYS
	SYSTEM-9GLN
	SYSTEM-10ARG
	SYSTEM-11ARG
	SYSTEM-12THR
	SYSTEM-13PHE
	SYSTEM-14GLU
	SYSTEM-15GLN
	SYSTEM-16ARG
	SYSTEM-17VAL
	SYSTEM-18GLU
	SYSTEM-19ASP
	SYSTEM-20VAL
	SYSTEM-21ARG
	SYSTEM-22LEU
	SYSTEM-23ILE
	SYSTEM-24ARG
	SYSTEM-25GLU
	SYSTEM-26GLN
	SYSTEM-27HIS
	SYSTEM-28PRO
	SYSTEM-29THR
	SYSTEM-30LYS
	SYSTEM-31ILE
	SYSTEM-32PRO
	SYSTEM-33VAL
	SYSTEM-34ILE
	SYSTEM-35ILE
	SYSTEM-36GLU
	SYSTEM-37ARG
	SYSTEM-38TYR
	SYSTEM-39LYS
	SYSTEM-40GLY
	SYSTEM-41GLU
	SYSTEM-42LYS
	SYSTEM-43GLN
	SYSTEM-44LEU
	SYSTEM-45PRO
	SYSTEM-46VAL
	SYSTEM-47LEU
	SYSTEM-48ASP
	SYSTEM-49LYS
	SYSTEM-50THR
	SYSTEM-51LYS
	SYSTEM-52PHE
	SYSTEM-53LEU
	SYSTEM-54VAL
	SYSTEM-55PRO
	SYSTEM-56ASP
	SYSTEM-57HIS
	SYSTEM-58VAL
	SYSTEM-59ASN
	SYSTEM-60MET
	SYSTEM-61SER
	SYSTEM-62GLU
	SYSTEM-63LEU
	SYSTEM-64ILE
	SYSTEM-65LYS
	SYSTEM-66ILE
	SYSTEM-67ILE
	SYSTEM-68ARG
	SYSTEM-69ARG
	SYSTEM-70ARG
	SYSTEM-71LEU
	SYSTEM-72GLN
	SYSTEM-73LEU
	SYSTEM-74ASN
	SYSTEM-75ALA
	SYSTEM-76ASN
	SYSTEM-77GLN
	SYSTEM-78ALA
	SYSTEM-79PHE
	SYSTEM-80PHE
	SYSTEM-81LEU
	SYSTEM-82LEU
	SYSTEM-83VAL
	SYSTEM-84ASN
	SYSTEM-85GLY
	SYSTEM-86HIS
	SYSTEM-87SER
	SYSTEM-88MET
	SYSTEM-89VAL
	SYSTEM-90SER
	SYSTEM-91VAL
	SYSTEM-92SER
	SYSTEM-93THR
	SYSTEM-94PRO
	SYSTEM-95ILE
	SYSTEM-96SER
	SYSTEM-97GLU
	SYSTEM-98VAL
	SYSTEM-99TYR
	SYSTEM-100GLU
	SYSTEM-101SER
	SYSTEM-102GLU
	SYSTEM-103LYS
	SYSTEM-104ASP
	SYSTEM-105GLU
	SYSTEM-106ASP
	SYSTEM-107GLY
	SYSTEM-108PHE
	SYSTEM-109LEU
	SYSTEM-110TYR
	SYSTEM-111MET
	SYSTEM-112VAL
	SYSTEM-113TYR
	SYSTEM-114ALA
	SYSTEM-115SER
	SYSTEM-116GLN
	SYSTEM-117GLU
	SYSTEM-118THR
	SYSTEM-119PHE
	SYSTEM-120GLY
Path #	Length	Sum of weights	Average weight	Path
1	6	425.6		85.1		SYSTEM-10ARG,SYSTEM-7PHE,SYSTEM-34ILE,SYSTEM-108PHE,SYSTEM-106ASP,SYSTEM-16ARG
2	6	373.2		74.6		SYSTEM-10ARG,SYSTEM-7PHE,SYSTEM-34ILE,SYSTEM-110TYR,SYSTEM-8LYS,SYSTEM-16ARG
3	6	387.1		77.4		SYSTEM-10ARG,SYSTEM-7PHE,SYSTEM-34ILE,SYSTEM-110TYR,SYSTEM-106ASP,SYSTEM-16ARG
4	7	391.8		65.3		SYSTEM-10ARG,SYSTEM-7PHE,SYSTEM-34ILE,SYSTEM-110TYR,SYSTEM-104ASP,SYSTEM-8LYS,SYSTEM-16ARG
5	7	507.5		84.6		SYSTEM-10ARG,SYSTEM-7PHE,SYSTEM-34ILE,SYSTEM-110TYR,SYSTEM-104ASP,SYSTEM-106ASP,SYSTEM-16ARG
6	7	389.4		64.9		SYSTEM-10ARG,SYSTEM-7PHE,SYSTEM-50THR,SYSTEM-34ILE,SYSTEM-108PHE,SYSTEM-106ASP,SYSTEM-16ARG
7	7	337.0		56.2		SYSTEM-10ARG,SYSTEM-7PHE,SYSTEM-50THR,SYSTEM-34ILE,SYSTEM-110TYR,SYSTEM-8LYS,SYSTEM-16ARG
8	7	350.9		58.5		SYSTEM-10ARG,SYSTEM-7PHE,SYSTEM-50THR,SYSTEM-34ILE,SYSTEM-110TYR,SYSTEM-106ASP,SYSTEM-16ARG
9	8	489.9		70.0		SYSTEM-10ARG,SYSTEM-7PHE,SYSTEM-34ILE,SYSTEM-108PHE,SYSTEM-106ASP,SYSTEM-104ASP,SYSTEM-8LYS,SYSTEM-16ARG
10	8	528.1		75.4		SYSTEM-10ARG,SYSTEM-7PHE,SYSTEM-34ILE,SYSTEM-108PHE,SYSTEM-106ASP,SYSTEM-110TYR,SYSTEM-8LYS,SYSTEM-16ARG
11	8	547.3		78.2		SYSTEM-10ARG,SYSTEM-7PHE,SYSTEM-34ILE,SYSTEM-110TYR,SYSTEM-8LYS,SYSTEM-104ASP,SYSTEM-106ASP,SYSTEM-16ARG
12	8	451.4		64.5		SYSTEM-10ARG,SYSTEM-7PHE,SYSTEM-34ILE,SYSTEM-110TYR,SYSTEM-106ASP,SYSTEM-104ASP,SYSTEM-8LYS,SYSTEM-16ARG
13	8	355.6		50.8		SYSTEM-10ARG,SYSTEM-7PHE,SYSTEM-50THR,SYSTEM-34ILE,SYSTEM-110TYR,SYSTEM-104ASP,SYSTEM-8LYS,SYSTEM-16ARG
14	8	471.3		67.3		SYSTEM-10ARG,SYSTEM-7PHE,SYSTEM-50THR,SYSTEM-34ILE,SYSTEM-110TYR,SYSTEM-104ASP,SYSTEM-106ASP,SYSTEM-16ARG
15	9	648.5		81.1		SYSTEM-10ARG,SYSTEM-7PHE,SYSTEM-34ILE,SYSTEM-108PHE,SYSTEM-106ASP,SYSTEM-104ASP,SYSTEM-110TYR,SYSTEM-8LYS,SYSTEM-16ARG
16	9	546.7		68.3		SYSTEM-10ARG,SYSTEM-7PHE,SYSTEM-34ILE,SYSTEM-108PHE,SYSTEM-106ASP,SYSTEM-110TYR,SYSTEM-104ASP,SYSTEM-8LYS,SYSTEM-16ARG
17	9	453.7		56.7		SYSTEM-10ARG,SYSTEM-7PHE,SYSTEM-50THR,SYSTEM-34ILE,SYSTEM-108PHE,SYSTEM-106ASP,SYSTEM-104ASP,SYSTEM-8LYS,SYSTEM-16ARG
18	9	491.9		61.5		SYSTEM-10ARG,SYSTEM-7PHE,SYSTEM-50THR,SYSTEM-34ILE,SYSTEM-108PHE,SYSTEM-106ASP,SYSTEM-110TYR,SYSTEM-8LYS,SYSTEM-16ARG
19	9	511.1		63.9		SYSTEM-10ARG,SYSTEM-7PHE,SYSTEM-50THR,SYSTEM-34ILE,SYSTEM-110TYR,SYSTEM-8LYS,SYSTEM-104ASP,SYSTEM-106ASP,SYSTEM-16ARG
20	9	415.2		51.9		SYSTEM-10ARG,SYSTEM-7PHE,SYSTEM-50THR,SYSTEM-34ILE,SYSTEM-110TYR,SYSTEM-106ASP,SYSTEM-104ASP,SYSTEM-8LYS,SYSTEM-16ARG
21	10	612.3		68.0		SYSTEM-10ARG,SYSTEM-7PHE,SYSTEM-50THR,SYSTEM-34ILE,SYSTEM-108PHE,SYSTEM-106ASP,SYSTEM-104ASP,SYSTEM-110TYR,SYSTEM-8LYS,SYSTEM-16ARG
22	10	510.5		56.7		SYSTEM-10ARG,SYSTEM-7PHE,SYSTEM-50THR,SYSTEM-34ILE,SYSTEM-108PHE,SYSTEM-106ASP,SYSTEM-110TYR,SYSTEM-104ASP,SYSTEM-8LYS,SYSTEM-16ARG
