Graph loaded! 120 nodes, 144 edges
Node list:
	SYSTEM-1MET
	SYSTEM-2PRO
	SYSTEM-3SER
	SYSTEM-4GLU
	SYSTEM-5LYS
	SYSTEM-6THR
	SYSTEM-7PHE
	SYSTEM-8LYS
	SYSTEM-9GLN
	SYSTEM-10ARG
	SYSTEM-11ARG
	SYSTEM-12THR
	SYSTEM-13PHE
	SYSTEM-14GLU
	SYSTEM-15GLN
	SYSTEM-16ARG
	SYSTEM-17VAL
	SYSTEM-18GLU
	SYSTEM-19ASP
	SYSTEM-20VAL
	SYSTEM-21ARG
	SYSTEM-22LEU
	SYSTEM-23ILE
	SYSTEM-24ARG
	SYSTEM-25GLU
	SYSTEM-26GLN
	SYSTEM-27HIS
	SYSTEM-28PRO
	SYSTEM-29THR
	SYSTEM-30LYS
	SYSTEM-31ILE
	SYSTEM-32PRO
	SYSTEM-33VAL
	SYSTEM-34ILE
	SYSTEM-35ILE
	SYSTEM-36GLU
	SYSTEM-37ARG
	SYSTEM-38TYR
	SYSTEM-39LYS
	SYSTEM-40GLY
	SYSTEM-41GLU
	SYSTEM-42LYS
	SYSTEM-43GLN
	SYSTEM-44LEU
	SYSTEM-45PRO
	SYSTEM-46VAL
	SYSTEM-47LEU
	SYSTEM-48ASP
	SYSTEM-49LYS
	SYSTEM-50THR
	SYSTEM-51LYS
	SYSTEM-52PHE
	SYSTEM-53LEU
	SYSTEM-54VAL
	SYSTEM-55PRO
	SYSTEM-56ASP
	SYSTEM-57HIS
	SYSTEM-58VAL
	SYSTEM-59ASN
	SYSTEM-60MET
	SYSTEM-61SER
	SYSTEM-62GLU
	SYSTEM-63LEU
	SYSTEM-64ILE
	SYSTEM-65LYS
	SYSTEM-66ILE
	SYSTEM-67ILE
	SYSTEM-68ARG
	SYSTEM-69ARG
	SYSTEM-70ARG
	SYSTEM-71LEU
	SYSTEM-72GLN
	SYSTEM-73LEU
	SYSTEM-74ASN
	SYSTEM-75ALA
	SYSTEM-76ASN
	SYSTEM-77GLN
	SYSTEM-78ALA
	SYSTEM-79PHE
	SYSTEM-80PHE
	SYSTEM-81LEU
	SYSTEM-82LEU
	SYSTEM-83VAL
	SYSTEM-84ASN
	SYSTEM-85GLY
	SYSTEM-86HIS
	SYSTEM-87SER
	SYSTEM-88MET
	SYSTEM-89VAL
	SYSTEM-90SER
	SYSTEM-91VAL
	SYSTEM-92SER
	SYSTEM-93THR
	SYSTEM-94PRO
	SYSTEM-95ILE
	SYSTEM-96SER
	SYSTEM-97GLU
	SYSTEM-98VAL
	SYSTEM-99TYR
	SYSTEM-100GLU
	SYSTEM-101SER
	SYSTEM-102GLU
	SYSTEM-103LYS
	SYSTEM-104ASP
	SYSTEM-105GLU
	SYSTEM-106ASP
	SYSTEM-107GLY
	SYSTEM-108PHE
	SYSTEM-109LEU
	SYSTEM-110TYR
	SYSTEM-111MET
	SYSTEM-112VAL
	SYSTEM-113TYR
	SYSTEM-114ALA
	SYSTEM-115SER
	SYSTEM-116GLN
	SYSTEM-117GLU
	SYSTEM-118THR
	SYSTEM-119PHE
	SYSTEM-120GLY
Path #	Length	Sum of weights	Average weight	Path
1	8	513.0		73.3		SYSTEM-10ARG,SYSTEM-7PHE,SYSTEM-34ILE,SYSTEM-108PHE,SYSTEM-32PRO,SYSTEM-31ILE,SYSTEM-95ILE,SYSTEM-60MET
2	9	564.9		70.6		SYSTEM-10ARG,SYSTEM-7PHE,SYSTEM-34ILE,SYSTEM-108PHE,SYSTEM-32PRO,SYSTEM-31ILE,SYSTEM-95ILE,SYSTEM-98VAL,SYSTEM-60MET
3	9	538.4		67.3		SYSTEM-10ARG,SYSTEM-7PHE,SYSTEM-34ILE,SYSTEM-108PHE,SYSTEM-32PRO,SYSTEM-31ILE,SYSTEM-95ILE,SYSTEM-63LEU,SYSTEM-60MET
4	9	594.6		74.3		SYSTEM-10ARG,SYSTEM-7PHE,SYSTEM-34ILE,SYSTEM-108PHE,SYSTEM-32PRO,SYSTEM-99TYR,SYSTEM-31ILE,SYSTEM-95ILE,SYSTEM-60MET
5	9	626.5		78.3		SYSTEM-10ARG,SYSTEM-7PHE,SYSTEM-34ILE,SYSTEM-108PHE,SYSTEM-20VAL,SYSTEM-32PRO,SYSTEM-31ILE,SYSTEM-95ILE,SYSTEM-60MET
6	9	476.8		59.6		SYSTEM-10ARG,SYSTEM-7PHE,SYSTEM-50THR,SYSTEM-34ILE,SYSTEM-108PHE,SYSTEM-32PRO,SYSTEM-31ILE,SYSTEM-95ILE,SYSTEM-60MET
7	10	615.9		68.4		SYSTEM-10ARG,SYSTEM-7PHE,SYSTEM-34ILE,SYSTEM-108PHE,SYSTEM-32PRO,SYSTEM-31ILE,SYSTEM-95ILE,SYSTEM-98VAL,SYSTEM-89VAL,SYSTEM-60MET
8	10	691.8		76.9		SYSTEM-10ARG,SYSTEM-7PHE,SYSTEM-34ILE,SYSTEM-108PHE,SYSTEM-32PRO,SYSTEM-31ILE,SYSTEM-95ILE,SYSTEM-54VAL,SYSTEM-63LEU,SYSTEM-60MET
9	10	646.5		71.8		SYSTEM-10ARG,SYSTEM-7PHE,SYSTEM-34ILE,SYSTEM-108PHE,SYSTEM-32PRO,SYSTEM-99TYR,SYSTEM-31ILE,SYSTEM-95ILE,SYSTEM-98VAL,SYSTEM-60MET
10	10	620.0		68.9		SYSTEM-10ARG,SYSTEM-7PHE,SYSTEM-34ILE,SYSTEM-108PHE,SYSTEM-32PRO,SYSTEM-99TYR,SYSTEM-31ILE,SYSTEM-95ILE,SYSTEM-63LEU,SYSTEM-60MET
11	10	678.4		75.4		SYSTEM-10ARG,SYSTEM-7PHE,SYSTEM-34ILE,SYSTEM-108PHE,SYSTEM-20VAL,SYSTEM-32PRO,SYSTEM-31ILE,SYSTEM-95ILE,SYSTEM-98VAL,SYSTEM-60MET
12	10	651.9		72.4		SYSTEM-10ARG,SYSTEM-7PHE,SYSTEM-34ILE,SYSTEM-108PHE,SYSTEM-20VAL,SYSTEM-32PRO,SYSTEM-31ILE,SYSTEM-95ILE,SYSTEM-63LEU,SYSTEM-60MET
13	10	708.1		78.7		SYSTEM-10ARG,SYSTEM-7PHE,SYSTEM-34ILE,SYSTEM-108PHE,SYSTEM-20VAL,SYSTEM-32PRO,SYSTEM-99TYR,SYSTEM-31ILE,SYSTEM-95ILE,SYSTEM-60MET
14	10	670.7		74.5		SYSTEM-10ARG,SYSTEM-7PHE,SYSTEM-34ILE,SYSTEM-110TYR,SYSTEM-106ASP,SYSTEM-108PHE,SYSTEM-32PRO,SYSTEM-31ILE,SYSTEM-95ILE,SYSTEM-60MET
15	10	528.7		58.7		SYSTEM-10ARG,SYSTEM-7PHE,SYSTEM-50THR,SYSTEM-34ILE,SYSTEM-108PHE,SYSTEM-32PRO,SYSTEM-31ILE,SYSTEM-95ILE,SYSTEM-98VAL,SYSTEM-60MET
16	10	502.2		55.8		SYSTEM-10ARG,SYSTEM-7PHE,SYSTEM-50THR,SYSTEM-34ILE,SYSTEM-108PHE,SYSTEM-32PRO,SYSTEM-31ILE,SYSTEM-95ILE,SYSTEM-63LEU,SYSTEM-60MET
17	10	558.4		62.0		SYSTEM-10ARG,SYSTEM-7PHE,SYSTEM-50THR,SYSTEM-34ILE,SYSTEM-108PHE,SYSTEM-32PRO,SYSTEM-99TYR,SYSTEM-31ILE,SYSTEM-95ILE,SYSTEM-60MET
18	10	590.3		65.6		SYSTEM-10ARG,SYSTEM-7PHE,SYSTEM-50THR,SYSTEM-34ILE,SYSTEM-108PHE,SYSTEM-20VAL,SYSTEM-32PRO,SYSTEM-31ILE,SYSTEM-95ILE,SYSTEM-60MET
19	11	677.3		67.7		SYSTEM-10ARG,SYSTEM-7PHE,SYSTEM-34ILE,SYSTEM-108PHE,SYSTEM-32PRO,SYSTEM-31ILE,SYSTEM-95ILE,SYSTEM-54VAL,SYSTEM-58VAL,SYSTEM-63LEU,SYSTEM-60MET
20	11	687.8		68.8		SYSTEM-10ARG,SYSTEM-7PHE,SYSTEM-34ILE,SYSTEM-108PHE,SYSTEM-32PRO,SYSTEM-99TYR,SYSTEM-109LEU,SYSTEM-111MET,SYSTEM-81LEU,SYSTEM-89VAL,SYSTEM-60MET
21	11	711.9		71.2		SYSTEM-10ARG,SYSTEM-7PHE,SYSTEM-34ILE,SYSTEM-108PHE,SYSTEM-32PRO,SYSTEM-99TYR,SYSTEM-109LEU,SYSTEM-33VAL,SYSTEM-54VAL,SYSTEM-95ILE,SYSTEM-60MET
22	11	711.9		71.2		SYSTEM-10ARG,SYSTEM-7PHE,SYSTEM-34ILE,SYSTEM-108PHE,SYSTEM-32PRO,SYSTEM-99TYR,SYSTEM-109LEU,SYSTEM-33VAL,SYSTEM-54VAL,SYSTEM-63LEU,SYSTEM-60MET
23	11	697.5		69.7		SYSTEM-10ARG,SYSTEM-7PHE,SYSTEM-34ILE,SYSTEM-108PHE,SYSTEM-32PRO,SYSTEM-99TYR,SYSTEM-31ILE,SYSTEM-95ILE,SYSTEM-98VAL,SYSTEM-89VAL,SYSTEM-60MET
24	11	773.4		77.3		SYSTEM-10ARG,SYSTEM-7PHE,SYSTEM-34ILE,SYSTEM-108PHE,SYSTEM-32PRO,SYSTEM-99TYR,SYSTEM-31ILE,SYSTEM-95ILE,SYSTEM-54VAL,SYSTEM-63LEU,SYSTEM-60MET
25	11	729.4		72.9		SYSTEM-10ARG,SYSTEM-7PHE,SYSTEM-34ILE,SYSTEM-108PHE,SYSTEM-20VAL,SYSTEM-32PRO,SYSTEM-31ILE,SYSTEM-95ILE,SYSTEM-98VAL,SYSTEM-89VAL,SYSTEM-60MET
26	11	805.3		80.5		SYSTEM-10ARG,SYSTEM-7PHE,SYSTEM-34ILE,SYSTEM-108PHE,SYSTEM-20VAL,SYSTEM-32PRO,SYSTEM-31ILE,SYSTEM-95ILE,SYSTEM-54VAL,SYSTEM-63LEU,SYSTEM-60MET
27	11	760.0		76.0		SYSTEM-10ARG,SYSTEM-7PHE,SYSTEM-34ILE,SYSTEM-108PHE,SYSTEM-20VAL,SYSTEM-32PRO,SYSTEM-99TYR,SYSTEM-31ILE,SYSTEM-95ILE,SYSTEM-98VAL,SYSTEM-60MET
28	11	733.5		73.3		SYSTEM-10ARG,SYSTEM-7PHE,SYSTEM-34ILE,SYSTEM-108PHE,SYSTEM-20VAL,SYSTEM-32PRO,SYSTEM-99TYR,SYSTEM-31ILE,SYSTEM-95ILE,SYSTEM-63LEU,SYSTEM-60MET
29	11	791.1		79.1		SYSTEM-10ARG,SYSTEM-7PHE,SYSTEM-34ILE,SYSTEM-110TYR,SYSTEM-104ASP,SYSTEM-106ASP,SYSTEM-108PHE,SYSTEM-32PRO,SYSTEM-31ILE,SYSTEM-95ILE,SYSTEM-60MET
30	11	722.6		72.3		SYSTEM-10ARG,SYSTEM-7PHE,SYSTEM-34ILE,SYSTEM-110TYR,SYSTEM-106ASP,SYSTEM-108PHE,SYSTEM-32PRO,SYSTEM-31ILE,SYSTEM-95ILE,SYSTEM-98VAL,SYSTEM-60MET
31	11	696.1		69.6		SYSTEM-10ARG,SYSTEM-7PHE,SYSTEM-34ILE,SYSTEM-110TYR,SYSTEM-106ASP,SYSTEM-108PHE,SYSTEM-32PRO,SYSTEM-31ILE,SYSTEM-95ILE,SYSTEM-63LEU,SYSTEM-60MET
32	11	752.3		75.2		SYSTEM-10ARG,SYSTEM-7PHE,SYSTEM-34ILE,SYSTEM-110TYR,SYSTEM-106ASP,SYSTEM-108PHE,SYSTEM-32PRO,SYSTEM-99TYR,SYSTEM-31ILE,SYSTEM-95ILE,SYSTEM-60MET
33	11	784.2		78.4		SYSTEM-10ARG,SYSTEM-7PHE,SYSTEM-34ILE,SYSTEM-110TYR,SYSTEM-106ASP,SYSTEM-108PHE,SYSTEM-20VAL,SYSTEM-32PRO,SYSTEM-31ILE,SYSTEM-95ILE,SYSTEM-60MET
34	11	579.7		58.0		SYSTEM-10ARG,SYSTEM-7PHE,SYSTEM-50THR,SYSTEM-34ILE,SYSTEM-108PHE,SYSTEM-32PRO,SYSTEM-31ILE,SYSTEM-95ILE,SYSTEM-98VAL,SYSTEM-89VAL,SYSTEM-60MET
35	11	655.6		65.6		SYSTEM-10ARG,SYSTEM-7PHE,SYSTEM-50THR,SYSTEM-34ILE,SYSTEM-108PHE,SYSTEM-32PRO,SYSTEM-31ILE,SYSTEM-95ILE,SYSTEM-54VAL,SYSTEM-63LEU,SYSTEM-60MET
36	11	610.3		61.0		SYSTEM-10ARG,SYSTEM-7PHE,SYSTEM-50THR,SYSTEM-34ILE,SYSTEM-108PHE,SYSTEM-32PRO,SYSTEM-99TYR,SYSTEM-31ILE,SYSTEM-95ILE,SYSTEM-98VAL,SYSTEM-60MET
37	11	583.8		58.4		SYSTEM-10ARG,SYSTEM-7PHE,SYSTEM-50THR,SYSTEM-34ILE,SYSTEM-108PHE,SYSTEM-32PRO,SYSTEM-99TYR,SYSTEM-31ILE,SYSTEM-95ILE,SYSTEM-63LEU,SYSTEM-60MET
38	11	642.2		64.2		SYSTEM-10ARG,SYSTEM-7PHE,SYSTEM-50THR,SYSTEM-34ILE,SYSTEM-108PHE,SYSTEM-20VAL,SYSTEM-32PRO,SYSTEM-31ILE,SYSTEM-95ILE,SYSTEM-98VAL,SYSTEM-60MET
39	11	615.7		61.6		SYSTEM-10ARG,SYSTEM-7PHE,SYSTEM-50THR,SYSTEM-34ILE,SYSTEM-108PHE,SYSTEM-20VAL,SYSTEM-32PRO,SYSTEM-31ILE,SYSTEM-95ILE,SYSTEM-63LEU,SYSTEM-60MET
40	11	671.9		67.2		SYSTEM-10ARG,SYSTEM-7PHE,SYSTEM-50THR,SYSTEM-34ILE,SYSTEM-108PHE,SYSTEM-20VAL,SYSTEM-32PRO,SYSTEM-99TYR,SYSTEM-31ILE,SYSTEM-95ILE,SYSTEM-60MET
41	11	634.5		63.5		SYSTEM-10ARG,SYSTEM-7PHE,SYSTEM-50THR,SYSTEM-34ILE,SYSTEM-110TYR,SYSTEM-106ASP,SYSTEM-108PHE,SYSTEM-32PRO,SYSTEM-31ILE,SYSTEM-95ILE,SYSTEM-60MET
