Graph loaded! 120 nodes, 118 edges
Node list:
	SYSTEM-1MET
	SYSTEM-2PRO
	SYSTEM-3SER
	SYSTEM-4GLU
	SYSTEM-5LYS
	SYSTEM-6THR
	SYSTEM-7PHE
	SYSTEM-8LYS
	SYSTEM-9GLN
	SYSTEM-10ARG
	SYSTEM-11ARG
	SYSTEM-12THR
	SYSTEM-13PHE
	SYSTEM-14GLU
	SYSTEM-15GLN
	SYSTEM-16ARG
	SYSTEM-17VAL
	SYSTEM-18GLU
	SYSTEM-19ASP
	SYSTEM-20VAL
	SYSTEM-21ARG
	SYSTEM-22LEU
	SYSTEM-23ILE
	SYSTEM-24ARG
	SYSTEM-25GLU
	SYSTEM-26GLN
	SYSTEM-27HIS
	SYSTEM-28PRO
	SYSTEM-29THR
	SYSTEM-30LYS
	SYSTEM-31ILE
	SYSTEM-32PRO
	SYSTEM-33VAL
	SYSTEM-34ILE
	SYSTEM-35ILE
	SYSTEM-36GLU
	SYSTEM-37ARG
	SYSTEM-38TYR
	SYSTEM-39LYS
	SYSTEM-40GLY
	SYSTEM-41GLU
	SYSTEM-42LYS
	SYSTEM-43GLN
	SYSTEM-44LEU
	SYSTEM-45PRO
	SYSTEM-46VAL
	SYSTEM-47LEU
	SYSTEM-48ASP
	SYSTEM-49LYS
	SYSTEM-50THR
	SYSTEM-51LYS
	SYSTEM-52PHE
	SYSTEM-53LEU
	SYSTEM-54VAL
	SYSTEM-55PRO
	SYSTEM-56ASP
	SYSTEM-57HIS
	SYSTEM-58VAL
	SYSTEM-59ASN
	SYSTEM-60MET
	SYSTEM-61SER
	SYSTEM-62GLU
	SYSTEM-63LEU
	SYSTEM-64ILE
	SYSTEM-65LYS
	SYSTEM-66ILE
	SYSTEM-67ILE
	SYSTEM-68ARG
	SYSTEM-69ARG
	SYSTEM-70ARG
	SYSTEM-71LEU
	SYSTEM-72GLN
	SYSTEM-73LEU
	SYSTEM-74ASN
	SYSTEM-75ALA
	SYSTEM-76ASN
	SYSTEM-77GLN
	SYSTEM-78ALA
	SYSTEM-79PHE
	SYSTEM-80PHE
	SYSTEM-81LEU
	SYSTEM-82LEU
	SYSTEM-83VAL
	SYSTEM-84ASN
	SYSTEM-85GLY
	SYSTEM-86HIS
	SYSTEM-87SER
	SYSTEM-88MET
	SYSTEM-89VAL
	SYSTEM-90SER
	SYSTEM-91VAL
	SYSTEM-92SER
	SYSTEM-93THR
	SYSTEM-94PRO
	SYSTEM-95ILE
	SYSTEM-96SER
	SYSTEM-97GLU
	SYSTEM-98VAL
	SYSTEM-99TYR
	SYSTEM-100GLU
	SYSTEM-101SER
	SYSTEM-102GLU
	SYSTEM-103LYS
	SYSTEM-104ASP
	SYSTEM-105GLU
	SYSTEM-106ASP
	SYSTEM-107GLY
	SYSTEM-108PHE
	SYSTEM-109LEU
	SYSTEM-110TYR
	SYSTEM-111MET
	SYSTEM-112VAL
	SYSTEM-113TYR
	SYSTEM-114ALA
	SYSTEM-115SER
	SYSTEM-116GLN
	SYSTEM-117GLU
	SYSTEM-118THR
	SYSTEM-119PHE
	SYSTEM-120GLY
Path #	Length	Sum of weights	Average weight	Path
1	7	326.2		54.4		SYSTEM-51LYS,SYSTEM-19ASP,SYSTEM-11ARG,SYSTEM-7PHE,SYSTEM-10ARG,SYSTEM-5LYS,SYSTEM-3SER
2	8	353.0		50.4		SYSTEM-51LYS,SYSTEM-19ASP,SYSTEM-11ARG,SYSTEM-8LYS,SYSTEM-6THR,SYSTEM-10ARG,SYSTEM-5LYS,SYSTEM-3SER
3	8	303.3		43.3		SYSTEM-51LYS,SYSTEM-19ASP,SYSTEM-16ARG,SYSTEM-8LYS,SYSTEM-6THR,SYSTEM-10ARG,SYSTEM-5LYS,SYSTEM-3SER
4	8	368.8		52.7		SYSTEM-51LYS,SYSTEM-19ASP,SYSTEM-16ARG,SYSTEM-11ARG,SYSTEM-7PHE,SYSTEM-10ARG,SYSTEM-5LYS,SYSTEM-3SER
5	9	461.8		57.7		SYSTEM-51LYS,SYSTEM-19ASP,SYSTEM-11ARG,SYSTEM-7PHE,SYSTEM-36GLU,SYSTEM-6THR,SYSTEM-10ARG,SYSTEM-5LYS,SYSTEM-3SER
6	9	460.7		57.6		SYSTEM-51LYS,SYSTEM-19ASP,SYSTEM-11ARG,SYSTEM-16ARG,SYSTEM-8LYS,SYSTEM-6THR,SYSTEM-10ARG,SYSTEM-5LYS,SYSTEM-3SER
7	9	384.7		48.1		SYSTEM-51LYS,SYSTEM-19ASP,SYSTEM-16ARG,SYSTEM-8LYS,SYSTEM-11ARG,SYSTEM-7PHE,SYSTEM-10ARG,SYSTEM-5LYS,SYSTEM-3SER
8	9	395.6		49.5		SYSTEM-51LYS,SYSTEM-19ASP,SYSTEM-16ARG,SYSTEM-11ARG,SYSTEM-8LYS,SYSTEM-6THR,SYSTEM-10ARG,SYSTEM-5LYS,SYSTEM-3SER
9	10	431.6		48.0		SYSTEM-51LYS,SYSTEM-19ASP,SYSTEM-11ARG,SYSTEM-8LYS,SYSTEM-6THR,SYSTEM-36GLU,SYSTEM-7PHE,SYSTEM-10ARG,SYSTEM-5LYS,SYSTEM-3SER
10	10	574.1		63.8		SYSTEM-51LYS,SYSTEM-19ASP,SYSTEM-15GLN,SYSTEM-12THR,SYSTEM-16ARG,SYSTEM-8LYS,SYSTEM-6THR,SYSTEM-10ARG,SYSTEM-5LYS,SYSTEM-3SER
11	10	639.6		71.1		SYSTEM-51LYS,SYSTEM-19ASP,SYSTEM-15GLN,SYSTEM-12THR,SYSTEM-16ARG,SYSTEM-11ARG,SYSTEM-7PHE,SYSTEM-10ARG,SYSTEM-5LYS,SYSTEM-3SER
12	10	381.9		42.4		SYSTEM-51LYS,SYSTEM-19ASP,SYSTEM-16ARG,SYSTEM-8LYS,SYSTEM-6THR,SYSTEM-36GLU,SYSTEM-7PHE,SYSTEM-10ARG,SYSTEM-5LYS,SYSTEM-3SER
13	10	504.4		56.0		SYSTEM-51LYS,SYSTEM-19ASP,SYSTEM-16ARG,SYSTEM-11ARG,SYSTEM-7PHE,SYSTEM-36GLU,SYSTEM-6THR,SYSTEM-10ARG,SYSTEM-5LYS,SYSTEM-3SER
14	11	539.3		53.9		SYSTEM-51LYS,SYSTEM-19ASP,SYSTEM-11ARG,SYSTEM-16ARG,SYSTEM-8LYS,SYSTEM-6THR,SYSTEM-36GLU,SYSTEM-7PHE,SYSTEM-10ARG,SYSTEM-5LYS,SYSTEM-3SER
15	11	655.5		65.5		SYSTEM-51LYS,SYSTEM-19ASP,SYSTEM-15GLN,SYSTEM-12THR,SYSTEM-16ARG,SYSTEM-8LYS,SYSTEM-11ARG,SYSTEM-7PHE,SYSTEM-10ARG,SYSTEM-5LYS,SYSTEM-3SER
16	11	666.4		66.6		SYSTEM-51LYS,SYSTEM-19ASP,SYSTEM-15GLN,SYSTEM-12THR,SYSTEM-16ARG,SYSTEM-11ARG,SYSTEM-8LYS,SYSTEM-6THR,SYSTEM-10ARG,SYSTEM-5LYS,SYSTEM-3SER
17	11	520.3		52.0		SYSTEM-51LYS,SYSTEM-19ASP,SYSTEM-16ARG,SYSTEM-8LYS,SYSTEM-11ARG,SYSTEM-7PHE,SYSTEM-36GLU,SYSTEM-6THR,SYSTEM-10ARG,SYSTEM-5LYS,SYSTEM-3SER
18	11	474.2		47.4		SYSTEM-51LYS,SYSTEM-19ASP,SYSTEM-16ARG,SYSTEM-11ARG,SYSTEM-8LYS,SYSTEM-6THR,SYSTEM-36GLU,SYSTEM-7PHE,SYSTEM-10ARG,SYSTEM-5LYS,SYSTEM-3SER
19	11	541.3		54.1		SYSTEM-51LYS,SYSTEM-19ASP,SYSTEM-16ARG,SYSTEM-106ASP,SYSTEM-107GLY,SYSTEM-104ASP,SYSTEM-8LYS,SYSTEM-6THR,SYSTEM-10ARG,SYSTEM-5LYS,SYSTEM-3SER
20	11	638.2		63.8		SYSTEM-51LYS,SYSTEM-19ASP,SYSTEM-16ARG,SYSTEM-106ASP,SYSTEM-108PHE,SYSTEM-104ASP,SYSTEM-8LYS,SYSTEM-6THR,SYSTEM-10ARG,SYSTEM-5LYS,SYSTEM-3SER
