Graph loaded! 120 nodes, 95 edges
Node list:
	SYSTEM-1MET
	SYSTEM-2PRO
	SYSTEM-3SER
	SYSTEM-4GLU
	SYSTEM-5LYS
	SYSTEM-6THR
	SYSTEM-7PHE
	SYSTEM-8LYS
	SYSTEM-9GLN
	SYSTEM-10ARG
	SYSTEM-11ARG
	SYSTEM-12THR
	SYSTEM-13PHE
	SYSTEM-14GLU
	SYSTEM-15GLN
	SYSTEM-16ARG
	SYSTEM-17VAL
	SYSTEM-18GLU
	SYSTEM-19ASP
	SYSTEM-20VAL
	SYSTEM-21ARG
	SYSTEM-22LEU
	SYSTEM-23ILE
	SYSTEM-24ARG
	SYSTEM-25GLU
	SYSTEM-26GLN
	SYSTEM-27HIS
	SYSTEM-28PRO
	SYSTEM-29THR
	SYSTEM-30LYS
	SYSTEM-31ILE
	SYSTEM-32PRO
	SYSTEM-33VAL
	SYSTEM-34ILE
	SYSTEM-35ILE
	SYSTEM-36GLU
	SYSTEM-37ARG
	SYSTEM-38TYR
	SYSTEM-39LYS
	SYSTEM-40GLY
	SYSTEM-41GLU
	SYSTEM-42LYS
	SYSTEM-43GLN
	SYSTEM-44LEU
	SYSTEM-45PRO
	SYSTEM-46VAL
	SYSTEM-47LEU
	SYSTEM-48ASP
	SYSTEM-49LYS
	SYSTEM-50THR
	SYSTEM-51LYS
	SYSTEM-52PHE
	SYSTEM-53LEU
	SYSTEM-54VAL
	SYSTEM-55PRO
	SYSTEM-56ASP
	SYSTEM-57HIS
	SYSTEM-58VAL
	SYSTEM-59ASN
	SYSTEM-60MET
	SYSTEM-61SER
	SYSTEM-62GLU
	SYSTEM-63LEU
	SYSTEM-64ILE
	SYSTEM-65LYS
	SYSTEM-66ILE
	SYSTEM-67ILE
	SYSTEM-68ARG
	SYSTEM-69ARG
	SYSTEM-70ARG
	SYSTEM-71LEU
	SYSTEM-72GLN
	SYSTEM-73LEU
	SYSTEM-74ASN
	SYSTEM-75ALA
	SYSTEM-76ASN
	SYSTEM-77GLN
	SYSTEM-78ALA
	SYSTEM-79PHE
	SYSTEM-80PHE
	SYSTEM-81LEU
	SYSTEM-82LEU
	SYSTEM-83VAL
	SYSTEM-84ASN
	SYSTEM-85GLY
	SYSTEM-86HIS
	SYSTEM-87SER
	SYSTEM-88MET
	SYSTEM-89VAL
	SYSTEM-90SER
	SYSTEM-91VAL
	SYSTEM-92SER
	SYSTEM-93THR
	SYSTEM-94PRO
	SYSTEM-95ILE
	SYSTEM-96SER
	SYSTEM-97GLU
	SYSTEM-98VAL
	SYSTEM-99TYR
	SYSTEM-100GLU
	SYSTEM-101SER
	SYSTEM-102GLU
	SYSTEM-103LYS
	SYSTEM-104ASP
	SYSTEM-105GLU
	SYSTEM-106ASP
	SYSTEM-107GLY
	SYSTEM-108PHE
	SYSTEM-109LEU
	SYSTEM-110TYR
	SYSTEM-111MET
	SYSTEM-112VAL
	SYSTEM-113TYR
	SYSTEM-114ALA
	SYSTEM-115SER
	SYSTEM-116GLN
	SYSTEM-117GLU
	SYSTEM-118THR
	SYSTEM-119PHE
	SYSTEM-120GLY
Connected component 1:
	 (2 elements) SYSTEM-68ARG, SYSTEM-79PHE
Connected component 2:
	 (59 elements) SYSTEM-7PHE, SYSTEM-8LYS, SYSTEM-16ARG, SYSTEM-20VAL, SYSTEM-23ILE, SYSTEM-27HIS, SYSTEM-28PRO, SYSTEM-29THR, SYSTEM-30LYS, SYSTEM-31ILE, SYSTEM-32PRO, SYSTEM-33VAL, SYSTEM-34ILE, SYSTEM-35ILE, SYSTEM-48ASP, SYSTEM-49LYS, SYSTEM-52PHE, SYSTEM-53LEU, SYSTEM-54VAL, SYSTEM-55PRO, SYSTEM-56ASP, SYSTEM-57HIS, SYSTEM-58VAL, SYSTEM-59ASN, SYSTEM-60MET, SYSTEM-61SER, SYSTEM-62GLU, SYSTEM-63LEU, SYSTEM-64ILE, SYSTEM-65LYS, SYSTEM-67ILE, SYSTEM-70ARG, SYSTEM-81LEU, SYSTEM-83VAL, SYSTEM-84ASN, SYSTEM-86HIS, SYSTEM-87SER, SYSTEM-88MET, SYSTEM-89VAL, SYSTEM-90SER, SYSTEM-91VAL, SYSTEM-92SER, SYSTEM-93THR, SYSTEM-94PRO, SYSTEM-95ILE, SYSTEM-96SER, SYSTEM-97GLU, SYSTEM-98VAL, SYSTEM-99TYR, SYSTEM-100GLU, SYSTEM-101SER, SYSTEM-102GLU, SYSTEM-103LYS, SYSTEM-104ASP, SYSTEM-106ASP, SYSTEM-108PHE, SYSTEM-109LEU, SYSTEM-110TYR, SYSTEM-111MET
Connected component 3:
	 (1 elements) SYSTEM-120GLY
Connected component 4:
	 (6 elements) SYSTEM-43GLN, SYSTEM-44LEU, SYSTEM-77GLN, SYSTEM-78ALA, SYSTEM-80PHE, SYSTEM-115SER
Connected component 5:
	 (1 elements) SYSTEM-116GLN
Connected component 6:
	 (1 elements) SYSTEM-105GLU
Connected component 7:
	 (1 elements) SYSTEM-41GLU
Connected component 8:
	 (6 elements) SYSTEM-4GLU, SYSTEM-6THR, SYSTEM-9GLN, SYSTEM-36GLU, SYSTEM-37ARG, SYSTEM-46VAL
Connected component 9:
	 (1 elements) SYSTEM-40GLY
Connected component 10:
	 (1 elements) SYSTEM-85GLY
Connected component 11:
	 (1 elements) SYSTEM-74ASN
Connected component 12:
	 (1 elements) SYSTEM-117GLU
Connected component 13:
	 (4 elements) SYSTEM-11ARG, SYSTEM-12THR, SYSTEM-15GLN, SYSTEM-19ASP
Connected component 14:
	 (1 elements) SYSTEM-13PHE
Connected component 15:
	 (7 elements) SYSTEM-45PRO, SYSTEM-47LEU, SYSTEM-71LEU, SYSTEM-73LEU, SYSTEM-75ALA, SYSTEM-76ASN, SYSTEM-113TYR
Connected component 16:
	 (1 elements) SYSTEM-17VAL
Connected component 17:
	 (1 elements) SYSTEM-50THR
Connected component 18:
	 (3 elements) SYSTEM-18GLU, SYSTEM-21ARG, SYSTEM-25GLU
Connected component 19:
	 (2 elements) SYSTEM-1MET, SYSTEM-2PRO
Connected component 20:
	 (1 elements) SYSTEM-42LYS
Connected component 21:
	 (1 elements) SYSTEM-66ILE
Connected component 22:
	 (4 elements) SYSTEM-38TYR, SYSTEM-39LYS, SYSTEM-82LEU, SYSTEM-114ALA
Connected component 23:
	 (1 elements) SYSTEM-119PHE
Connected component 24:
	 (1 elements) SYSTEM-26GLN
Connected component 25:
	 (1 elements) SYSTEM-14GLU
Connected component 26:
	 (1 elements) SYSTEM-5LYS
Connected component 27:
	 (1 elements) SYSTEM-51LYS
Connected component 28:
	 (1 elements) SYSTEM-118THR
Connected component 29:
	 (1 elements) SYSTEM-24ARG
Connected component 30:
	 (1 elements) SYSTEM-10ARG
Connected component 31:
	 (1 elements) SYSTEM-112VAL
Connected component 32:
	 (1 elements) SYSTEM-22LEU
Connected component 33:
	 (1 elements) SYSTEM-72GLN
Connected component 34:
	 (1 elements) SYSTEM-69ARG
Connected component 35:
	 (1 elements) SYSTEM-3SER
Connected component 36:
	 (1 elements) SYSTEM-107GLY
