Graph loaded! 120 nodes, 118 edges
Node list:
	SYSTEM-1MET
	SYSTEM-2PRO
	SYSTEM-3SER
	SYSTEM-4GLU
	SYSTEM-5LYS
	SYSTEM-6THR
	SYSTEM-7PHE
	SYSTEM-8LYS
	SYSTEM-9GLN
	SYSTEM-10ARG
	SYSTEM-11ARG
	SYSTEM-12THR
	SYSTEM-13PHE
	SYSTEM-14GLU
	SYSTEM-15GLN
	SYSTEM-16ARG
	SYSTEM-17VAL
	SYSTEM-18GLU
	SYSTEM-19ASP
	SYSTEM-20VAL
	SYSTEM-21ARG
	SYSTEM-22LEU
	SYSTEM-23ILE
	SYSTEM-24ARG
	SYSTEM-25GLU
	SYSTEM-26GLN
	SYSTEM-27HIS
	SYSTEM-28PRO
	SYSTEM-29THR
	SYSTEM-30LYS
	SYSTEM-31ILE
	SYSTEM-32PRO
	SYSTEM-33VAL
	SYSTEM-34ILE
	SYSTEM-35ILE
	SYSTEM-36GLU
	SYSTEM-37ARG
	SYSTEM-38TYR
	SYSTEM-39LYS
	SYSTEM-40GLY
	SYSTEM-41GLU
	SYSTEM-42LYS
	SYSTEM-43GLN
	SYSTEM-44LEU
	SYSTEM-45PRO
	SYSTEM-46VAL
	SYSTEM-47LEU
	SYSTEM-48ASP
	SYSTEM-49LYS
	SYSTEM-50THR
	SYSTEM-51LYS
	SYSTEM-52PHE
	SYSTEM-53LEU
	SYSTEM-54VAL
	SYSTEM-55PRO
	SYSTEM-56ASP
	SYSTEM-57HIS
	SYSTEM-58VAL
	SYSTEM-59ASN
	SYSTEM-60MET
	SYSTEM-61SER
	SYSTEM-62GLU
	SYSTEM-63LEU
	SYSTEM-64ILE
	SYSTEM-65LYS
	SYSTEM-66ILE
	SYSTEM-67ILE
	SYSTEM-68ARG
	SYSTEM-69ARG
	SYSTEM-70ARG
	SYSTEM-71LEU
	SYSTEM-72GLN
	SYSTEM-73LEU
	SYSTEM-74ASN
	SYSTEM-75ALA
	SYSTEM-76ASN
	SYSTEM-77GLN
	SYSTEM-78ALA
	SYSTEM-79PHE
	SYSTEM-80PHE
	SYSTEM-81LEU
	SYSTEM-82LEU
	SYSTEM-83VAL
	SYSTEM-84ASN
	SYSTEM-85GLY
	SYSTEM-86HIS
	SYSTEM-87SER
	SYSTEM-88MET
	SYSTEM-89VAL
	SYSTEM-90SER
	SYSTEM-91VAL
	SYSTEM-92SER
	SYSTEM-93THR
	SYSTEM-94PRO
	SYSTEM-95ILE
	SYSTEM-96SER
	SYSTEM-97GLU
	SYSTEM-98VAL
	SYSTEM-99TYR
	SYSTEM-100GLU
	SYSTEM-101SER
	SYSTEM-102GLU
	SYSTEM-103LYS
	SYSTEM-104ASP
	SYSTEM-105GLU
	SYSTEM-106ASP
	SYSTEM-107GLY
	SYSTEM-108PHE
	SYSTEM-109LEU
	SYSTEM-110TYR
	SYSTEM-111MET
	SYSTEM-112VAL
	SYSTEM-113TYR
	SYSTEM-114ALA
	SYSTEM-115SER
	SYSTEM-116GLN
	SYSTEM-117GLU
	SYSTEM-118THR
	SYSTEM-119PHE
	SYSTEM-120GLY
Path #	Length	Sum of weights	Average weight	Path
1	4	220.4		73.5		SYSTEM-10ARG,SYSTEM-7PHE,SYSTEM-11ARG,SYSTEM-19ASP
2	5	247.2		61.8		SYSTEM-10ARG,SYSTEM-6THR,SYSTEM-8LYS,SYSTEM-11ARG,SYSTEM-19ASP
3	5	197.5		49.4		SYSTEM-10ARG,SYSTEM-6THR,SYSTEM-8LYS,SYSTEM-16ARG,SYSTEM-19ASP
4	5	263.0		65.8		SYSTEM-10ARG,SYSTEM-7PHE,SYSTEM-11ARG,SYSTEM-16ARG,SYSTEM-19ASP
5	6	289.8		58.0		SYSTEM-10ARG,SYSTEM-6THR,SYSTEM-8LYS,SYSTEM-11ARG,SYSTEM-16ARG,SYSTEM-19ASP
6	6	354.9		71.0		SYSTEM-10ARG,SYSTEM-6THR,SYSTEM-8LYS,SYSTEM-16ARG,SYSTEM-11ARG,SYSTEM-19ASP
7	6	356.0		71.2		SYSTEM-10ARG,SYSTEM-6THR,SYSTEM-36GLU,SYSTEM-7PHE,SYSTEM-11ARG,SYSTEM-19ASP
8	6	278.9		55.8		SYSTEM-10ARG,SYSTEM-7PHE,SYSTEM-11ARG,SYSTEM-8LYS,SYSTEM-16ARG,SYSTEM-19ASP
9	7	468.3		78.0		SYSTEM-10ARG,SYSTEM-6THR,SYSTEM-8LYS,SYSTEM-16ARG,SYSTEM-12THR,SYSTEM-15GLN,SYSTEM-19ASP
10	7	398.6		66.4		SYSTEM-10ARG,SYSTEM-6THR,SYSTEM-36GLU,SYSTEM-7PHE,SYSTEM-11ARG,SYSTEM-16ARG,SYSTEM-19ASP
11	7	533.8		89.0		SYSTEM-10ARG,SYSTEM-7PHE,SYSTEM-11ARG,SYSTEM-16ARG,SYSTEM-12THR,SYSTEM-15GLN,SYSTEM-19ASP
12	7	325.8		54.3		SYSTEM-10ARG,SYSTEM-7PHE,SYSTEM-36GLU,SYSTEM-6THR,SYSTEM-8LYS,SYSTEM-11ARG,SYSTEM-19ASP
13	7	276.1		46.0		SYSTEM-10ARG,SYSTEM-7PHE,SYSTEM-36GLU,SYSTEM-6THR,SYSTEM-8LYS,SYSTEM-16ARG,SYSTEM-19ASP
14	8	560.6		80.1		SYSTEM-10ARG,SYSTEM-6THR,SYSTEM-8LYS,SYSTEM-11ARG,SYSTEM-16ARG,SYSTEM-12THR,SYSTEM-15GLN,SYSTEM-19ASP
15	8	532.4		76.1		SYSTEM-10ARG,SYSTEM-6THR,SYSTEM-8LYS,SYSTEM-104ASP,SYSTEM-108PHE,SYSTEM-106ASP,SYSTEM-16ARG,SYSTEM-19ASP
16	8	435.5		62.2		SYSTEM-10ARG,SYSTEM-6THR,SYSTEM-8LYS,SYSTEM-104ASP,SYSTEM-107GLY,SYSTEM-106ASP,SYSTEM-16ARG,SYSTEM-19ASP
17	8	414.5		59.2		SYSTEM-10ARG,SYSTEM-6THR,SYSTEM-36GLU,SYSTEM-7PHE,SYSTEM-11ARG,SYSTEM-8LYS,SYSTEM-16ARG,SYSTEM-19ASP
18	8	549.7		78.5		SYSTEM-10ARG,SYSTEM-7PHE,SYSTEM-11ARG,SYSTEM-8LYS,SYSTEM-16ARG,SYSTEM-12THR,SYSTEM-15GLN,SYSTEM-19ASP
19	8	368.4		52.6		SYSTEM-10ARG,SYSTEM-7PHE,SYSTEM-36GLU,SYSTEM-6THR,SYSTEM-8LYS,SYSTEM-11ARG,SYSTEM-16ARG,SYSTEM-19ASP
20	8	433.5		61.9		SYSTEM-10ARG,SYSTEM-7PHE,SYSTEM-36GLU,SYSTEM-6THR,SYSTEM-8LYS,SYSTEM-16ARG,SYSTEM-11ARG,SYSTEM-19ASP
21	9	594.7		74.3		SYSTEM-10ARG,SYSTEM-6THR,SYSTEM-8LYS,SYSTEM-104ASP,SYSTEM-108PHE,SYSTEM-106ASP,SYSTEM-110TYR,SYSTEM-16ARG,SYSTEM-19ASP
22	9	689.8		86.2		SYSTEM-10ARG,SYSTEM-6THR,SYSTEM-8LYS,SYSTEM-104ASP,SYSTEM-108PHE,SYSTEM-106ASP,SYSTEM-16ARG,SYSTEM-11ARG,SYSTEM-19ASP
23	9	497.8		62.2		SYSTEM-10ARG,SYSTEM-6THR,SYSTEM-8LYS,SYSTEM-104ASP,SYSTEM-107GLY,SYSTEM-106ASP,SYSTEM-110TYR,SYSTEM-16ARG,SYSTEM-19ASP
24	9	592.9		74.1		SYSTEM-10ARG,SYSTEM-6THR,SYSTEM-8LYS,SYSTEM-104ASP,SYSTEM-107GLY,SYSTEM-106ASP,SYSTEM-16ARG,SYSTEM-11ARG,SYSTEM-19ASP
25	9	604.2		75.5		SYSTEM-10ARG,SYSTEM-6THR,SYSTEM-8LYS,SYSTEM-16ARG,SYSTEM-20VAL,SYSTEM-24ARG,SYSTEM-27HIS,SYSTEM-23ILE,SYSTEM-19ASP
26	9	669.4		83.7		SYSTEM-10ARG,SYSTEM-6THR,SYSTEM-36GLU,SYSTEM-7PHE,SYSTEM-11ARG,SYSTEM-16ARG,SYSTEM-12THR,SYSTEM-15GLN,SYSTEM-19ASP
27	9	613.8		76.7		SYSTEM-10ARG,SYSTEM-7PHE,SYSTEM-11ARG,SYSTEM-8LYS,SYSTEM-104ASP,SYSTEM-108PHE,SYSTEM-106ASP,SYSTEM-16ARG,SYSTEM-19ASP
28	9	516.9		64.6		SYSTEM-10ARG,SYSTEM-7PHE,SYSTEM-11ARG,SYSTEM-8LYS,SYSTEM-104ASP,SYSTEM-107GLY,SYSTEM-106ASP,SYSTEM-16ARG,SYSTEM-19ASP
29	9	669.7		83.7		SYSTEM-10ARG,SYSTEM-7PHE,SYSTEM-11ARG,SYSTEM-16ARG,SYSTEM-20VAL,SYSTEM-24ARG,SYSTEM-27HIS,SYSTEM-23ILE,SYSTEM-19ASP
30	9	546.9		68.4		SYSTEM-10ARG,SYSTEM-7PHE,SYSTEM-36GLU,SYSTEM-6THR,SYSTEM-8LYS,SYSTEM-16ARG,SYSTEM-12THR,SYSTEM-15GLN,SYSTEM-19ASP
31	10	696.5		77.4		SYSTEM-10ARG,SYSTEM-6THR,SYSTEM-8LYS,SYSTEM-11ARG,SYSTEM-16ARG,SYSTEM-20VAL,SYSTEM-24ARG,SYSTEM-27HIS,SYSTEM-23ILE,SYSTEM-19ASP
32	10	752.1		83.6		SYSTEM-10ARG,SYSTEM-6THR,SYSTEM-8LYS,SYSTEM-104ASP,SYSTEM-108PHE,SYSTEM-106ASP,SYSTEM-110TYR,SYSTEM-16ARG,SYSTEM-11ARG,SYSTEM-19ASP
33	10	803.2		89.2		SYSTEM-10ARG,SYSTEM-6THR,SYSTEM-8LYS,SYSTEM-104ASP,SYSTEM-108PHE,SYSTEM-106ASP,SYSTEM-16ARG,SYSTEM-12THR,SYSTEM-15GLN,SYSTEM-19ASP
34	10	655.2		72.8		SYSTEM-10ARG,SYSTEM-6THR,SYSTEM-8LYS,SYSTEM-104ASP,SYSTEM-107GLY,SYSTEM-106ASP,SYSTEM-110TYR,SYSTEM-16ARG,SYSTEM-11ARG,SYSTEM-19ASP
35	10	706.3		78.5		SYSTEM-10ARG,SYSTEM-6THR,SYSTEM-8LYS,SYSTEM-104ASP,SYSTEM-107GLY,SYSTEM-106ASP,SYSTEM-16ARG,SYSTEM-12THR,SYSTEM-15GLN,SYSTEM-19ASP
36	10	730.6		81.2		SYSTEM-10ARG,SYSTEM-6THR,SYSTEM-8LYS,SYSTEM-16ARG,SYSTEM-20VAL,SYSTEM-24ARG,SYSTEM-30LYS,SYSTEM-27HIS,SYSTEM-23ILE,SYSTEM-19ASP
37	10	685.3		76.1		SYSTEM-10ARG,SYSTEM-6THR,SYSTEM-36GLU,SYSTEM-7PHE,SYSTEM-11ARG,SYSTEM-8LYS,SYSTEM-16ARG,SYSTEM-12THR,SYSTEM-15GLN,SYSTEM-19ASP
38	10	676.1		75.1		SYSTEM-10ARG,SYSTEM-7PHE,SYSTEM-11ARG,SYSTEM-8LYS,SYSTEM-104ASP,SYSTEM-108PHE,SYSTEM-106ASP,SYSTEM-110TYR,SYSTEM-16ARG,SYSTEM-19ASP
39	10	579.2		64.4		SYSTEM-10ARG,SYSTEM-7PHE,SYSTEM-11ARG,SYSTEM-8LYS,SYSTEM-104ASP,SYSTEM-107GLY,SYSTEM-106ASP,SYSTEM-110TYR,SYSTEM-16ARG,SYSTEM-19ASP
40	10	685.6		76.2		SYSTEM-10ARG,SYSTEM-7PHE,SYSTEM-11ARG,SYSTEM-8LYS,SYSTEM-16ARG,SYSTEM-20VAL,SYSTEM-24ARG,SYSTEM-27HIS,SYSTEM-23ILE,SYSTEM-19ASP
41	10	796.1		88.5		SYSTEM-10ARG,SYSTEM-7PHE,SYSTEM-11ARG,SYSTEM-16ARG,SYSTEM-20VAL,SYSTEM-24ARG,SYSTEM-30LYS,SYSTEM-27HIS,SYSTEM-23ILE,SYSTEM-19ASP
42	10	639.2		71.0		SYSTEM-10ARG,SYSTEM-7PHE,SYSTEM-36GLU,SYSTEM-6THR,SYSTEM-8LYS,SYSTEM-11ARG,SYSTEM-16ARG,SYSTEM-12THR,SYSTEM-15GLN,SYSTEM-19ASP
43	10	611.0		67.9		SYSTEM-10ARG,SYSTEM-7PHE,SYSTEM-36GLU,SYSTEM-6THR,SYSTEM-8LYS,SYSTEM-104ASP,SYSTEM-108PHE,SYSTEM-106ASP,SYSTEM-16ARG,SYSTEM-19ASP
44	10	514.1		57.1		SYSTEM-10ARG,SYSTEM-7PHE,SYSTEM-36GLU,SYSTEM-6THR,SYSTEM-8LYS,SYSTEM-104ASP,SYSTEM-107GLY,SYSTEM-106ASP,SYSTEM-16ARG,SYSTEM-19ASP
45	11	822.9		82.3		SYSTEM-10ARG,SYSTEM-6THR,SYSTEM-8LYS,SYSTEM-11ARG,SYSTEM-16ARG,SYSTEM-20VAL,SYSTEM-24ARG,SYSTEM-30LYS,SYSTEM-27HIS,SYSTEM-23ILE,SYSTEM-19ASP
46	11	865.5		86.5		SYSTEM-10ARG,SYSTEM-6THR,SYSTEM-8LYS,SYSTEM-104ASP,SYSTEM-108PHE,SYSTEM-106ASP,SYSTEM-110TYR,SYSTEM-16ARG,SYSTEM-12THR,SYSTEM-15GLN,SYSTEM-19ASP
47	11	768.6		76.9		SYSTEM-10ARG,SYSTEM-6THR,SYSTEM-8LYS,SYSTEM-104ASP,SYSTEM-107GLY,SYSTEM-106ASP,SYSTEM-110TYR,SYSTEM-16ARG,SYSTEM-12THR,SYSTEM-15GLN,SYSTEM-19ASP
48	11	749.4		74.9		SYSTEM-10ARG,SYSTEM-6THR,SYSTEM-36GLU,SYSTEM-7PHE,SYSTEM-11ARG,SYSTEM-8LYS,SYSTEM-104ASP,SYSTEM-108PHE,SYSTEM-106ASP,SYSTEM-16ARG,SYSTEM-19ASP
49	11	652.5		65.2		SYSTEM-10ARG,SYSTEM-6THR,SYSTEM-36GLU,SYSTEM-7PHE,SYSTEM-11ARG,SYSTEM-8LYS,SYSTEM-104ASP,SYSTEM-107GLY,SYSTEM-106ASP,SYSTEM-16ARG,SYSTEM-19ASP
50	11	805.3		80.5		SYSTEM-10ARG,SYSTEM-6THR,SYSTEM-36GLU,SYSTEM-7PHE,SYSTEM-11ARG,SYSTEM-16ARG,SYSTEM-20VAL,SYSTEM-24ARG,SYSTEM-27HIS,SYSTEM-23ILE,SYSTEM-19ASP
51	11	884.6		88.5		SYSTEM-10ARG,SYSTEM-7PHE,SYSTEM-11ARG,SYSTEM-8LYS,SYSTEM-104ASP,SYSTEM-108PHE,SYSTEM-106ASP,SYSTEM-16ARG,SYSTEM-12THR,SYSTEM-15GLN,SYSTEM-19ASP
52	11	787.7		78.8		SYSTEM-10ARG,SYSTEM-7PHE,SYSTEM-11ARG,SYSTEM-8LYS,SYSTEM-104ASP,SYSTEM-107GLY,SYSTEM-106ASP,SYSTEM-16ARG,SYSTEM-12THR,SYSTEM-15GLN,SYSTEM-19ASP
53	11	812.0		81.2		SYSTEM-10ARG,SYSTEM-7PHE,SYSTEM-11ARG,SYSTEM-8LYS,SYSTEM-16ARG,SYSTEM-20VAL,SYSTEM-24ARG,SYSTEM-30LYS,SYSTEM-27HIS,SYSTEM-23ILE,SYSTEM-19ASP
54	11	673.3		67.3		SYSTEM-10ARG,SYSTEM-7PHE,SYSTEM-36GLU,SYSTEM-6THR,SYSTEM-8LYS,SYSTEM-104ASP,SYSTEM-108PHE,SYSTEM-106ASP,SYSTEM-110TYR,SYSTEM-16ARG,SYSTEM-19ASP
55	11	768.4		76.8		SYSTEM-10ARG,SYSTEM-7PHE,SYSTEM-36GLU,SYSTEM-6THR,SYSTEM-8LYS,SYSTEM-104ASP,SYSTEM-108PHE,SYSTEM-106ASP,SYSTEM-16ARG,SYSTEM-11ARG,SYSTEM-19ASP
56	11	576.4		57.6		SYSTEM-10ARG,SYSTEM-7PHE,SYSTEM-36GLU,SYSTEM-6THR,SYSTEM-8LYS,SYSTEM-104ASP,SYSTEM-107GLY,SYSTEM-106ASP,SYSTEM-110TYR,SYSTEM-16ARG,SYSTEM-19ASP
57	11	671.5		67.2		SYSTEM-10ARG,SYSTEM-7PHE,SYSTEM-36GLU,SYSTEM-6THR,SYSTEM-8LYS,SYSTEM-104ASP,SYSTEM-107GLY,SYSTEM-106ASP,SYSTEM-16ARG,SYSTEM-11ARG,SYSTEM-19ASP
58	11	682.8		68.3		SYSTEM-10ARG,SYSTEM-7PHE,SYSTEM-36GLU,SYSTEM-6THR,SYSTEM-8LYS,SYSTEM-16ARG,SYSTEM-20VAL,SYSTEM-24ARG,SYSTEM-27HIS,SYSTEM-23ILE,SYSTEM-19ASP
