Graph loaded! 120 nodes, 144 edges
Node list:
	SYSTEM-1MET
	SYSTEM-2PRO
	SYSTEM-3SER
	SYSTEM-4GLU
	SYSTEM-5LYS
	SYSTEM-6THR
	SYSTEM-7PHE
	SYSTEM-8LYS
	SYSTEM-9GLN
	SYSTEM-10ARG
	SYSTEM-11ARG
	SYSTEM-12THR
	SYSTEM-13PHE
	SYSTEM-14GLU
	SYSTEM-15GLN
	SYSTEM-16ARG
	SYSTEM-17VAL
	SYSTEM-18GLU
	SYSTEM-19ASP
	SYSTEM-20VAL
	SYSTEM-21ARG
	SYSTEM-22LEU
	SYSTEM-23ILE
	SYSTEM-24ARG
	SYSTEM-25GLU
	SYSTEM-26GLN
	SYSTEM-27HIS
	SYSTEM-28PRO
	SYSTEM-29THR
	SYSTEM-30LYS
	SYSTEM-31ILE
	SYSTEM-32PRO
	SYSTEM-33VAL
	SYSTEM-34ILE
	SYSTEM-35ILE
	SYSTEM-36GLU
	SYSTEM-37ARG
	SYSTEM-38TYR
	SYSTEM-39LYS
	SYSTEM-40GLY
	SYSTEM-41GLU
	SYSTEM-42LYS
	SYSTEM-43GLN
	SYSTEM-44LEU
	SYSTEM-45PRO
	SYSTEM-46VAL
	SYSTEM-47LEU
	SYSTEM-48ASP
	SYSTEM-49LYS
	SYSTEM-50THR
	SYSTEM-51LYS
	SYSTEM-52PHE
	SYSTEM-53LEU
	SYSTEM-54VAL
	SYSTEM-55PRO
	SYSTEM-56ASP
	SYSTEM-57HIS
	SYSTEM-58VAL
	SYSTEM-59ASN
	SYSTEM-60MET
	SYSTEM-61SER
	SYSTEM-62GLU
	SYSTEM-63LEU
	SYSTEM-64ILE
	SYSTEM-65LYS
	SYSTEM-66ILE
	SYSTEM-67ILE
	SYSTEM-68ARG
	SYSTEM-69ARG
	SYSTEM-70ARG
	SYSTEM-71LEU
	SYSTEM-72GLN
	SYSTEM-73LEU
	SYSTEM-74ASN
	SYSTEM-75ALA
	SYSTEM-76ASN
	SYSTEM-77GLN
	SYSTEM-78ALA
	SYSTEM-79PHE
	SYSTEM-80PHE
	SYSTEM-81LEU
	SYSTEM-82LEU
	SYSTEM-83VAL
	SYSTEM-84ASN
	SYSTEM-85GLY
	SYSTEM-86HIS
	SYSTEM-87SER
	SYSTEM-88MET
	SYSTEM-89VAL
	SYSTEM-90SER
	SYSTEM-91VAL
	SYSTEM-92SER
	SYSTEM-93THR
	SYSTEM-94PRO
	SYSTEM-95ILE
	SYSTEM-96SER
	SYSTEM-97GLU
	SYSTEM-98VAL
	SYSTEM-99TYR
	SYSTEM-100GLU
	SYSTEM-101SER
	SYSTEM-102GLU
	SYSTEM-103LYS
	SYSTEM-104ASP
	SYSTEM-105GLU
	SYSTEM-106ASP
	SYSTEM-107GLY
	SYSTEM-108PHE
	SYSTEM-109LEU
	SYSTEM-110TYR
	SYSTEM-111MET
	SYSTEM-112VAL
	SYSTEM-113TYR
	SYSTEM-114ALA
	SYSTEM-115SER
	SYSTEM-116GLN
	SYSTEM-117GLU
	SYSTEM-118THR
	SYSTEM-119PHE
	SYSTEM-120GLY
Path #	Length	Sum of weights	Average weight	Path
1	9	440.4		55.0		SYSTEM-49LYS,SYSTEM-52PHE,SYSTEM-35ILE,SYSTEM-81LEU,SYSTEM-89VAL,SYSTEM-93THR,SYSTEM-94PRO,SYSTEM-96SER,SYSTEM-56ASP
2	9	409.8		51.2		SYSTEM-49LYS,SYSTEM-52PHE,SYSTEM-67ILE,SYSTEM-63LEU,SYSTEM-58VAL,SYSTEM-55PRO,SYSTEM-30LYS,SYSTEM-29THR,SYSTEM-56ASP
3	9	492.5		61.6		SYSTEM-49LYS,SYSTEM-52PHE,SYSTEM-67ILE,SYSTEM-63LEU,SYSTEM-54VAL,SYSTEM-55PRO,SYSTEM-30LYS,SYSTEM-29THR,SYSTEM-56ASP
4	9	409.4		51.2		SYSTEM-49LYS,SYSTEM-52PHE,SYSTEM-67ILE,SYSTEM-81LEU,SYSTEM-89VAL,SYSTEM-93THR,SYSTEM-94PRO,SYSTEM-96SER,SYSTEM-56ASP
5	10	646.9		71.9		SYSTEM-49LYS,SYSTEM-52PHE,SYSTEM-35ILE,SYSTEM-111MET,SYSTEM-33VAL,SYSTEM-54VAL,SYSTEM-55PRO,SYSTEM-30LYS,SYSTEM-29THR,SYSTEM-56ASP
6	10	559.0		62.1		SYSTEM-49LYS,SYSTEM-52PHE,SYSTEM-35ILE,SYSTEM-111MET,SYSTEM-81LEU,SYSTEM-89VAL,SYSTEM-93THR,SYSTEM-94PRO,SYSTEM-96SER,SYSTEM-56ASP
7	10	503.5		55.9		SYSTEM-49LYS,SYSTEM-52PHE,SYSTEM-35ILE,SYSTEM-81LEU,SYSTEM-89VAL,SYSTEM-93THR,SYSTEM-94PRO,SYSTEM-97GLU,SYSTEM-96SER,SYSTEM-56ASP
8	10	515.3		57.3		SYSTEM-49LYS,SYSTEM-52PHE,SYSTEM-35ILE,SYSTEM-67ILE,SYSTEM-63LEU,SYSTEM-58VAL,SYSTEM-55PRO,SYSTEM-30LYS,SYSTEM-29THR,SYSTEM-56ASP
9	10	598.0		66.4		SYSTEM-49LYS,SYSTEM-52PHE,SYSTEM-35ILE,SYSTEM-67ILE,SYSTEM-63LEU,SYSTEM-54VAL,SYSTEM-55PRO,SYSTEM-30LYS,SYSTEM-29THR,SYSTEM-56ASP
10	10	514.9		57.2		SYSTEM-49LYS,SYSTEM-52PHE,SYSTEM-35ILE,SYSTEM-67ILE,SYSTEM-81LEU,SYSTEM-89VAL,SYSTEM-93THR,SYSTEM-94PRO,SYSTEM-96SER,SYSTEM-56ASP
11	10	455.1		50.6		SYSTEM-49LYS,SYSTEM-52PHE,SYSTEM-67ILE,SYSTEM-35ILE,SYSTEM-81LEU,SYSTEM-89VAL,SYSTEM-93THR,SYSTEM-94PRO,SYSTEM-96SER,SYSTEM-56ASP
12	10	517.9		57.5		SYSTEM-49LYS,SYSTEM-52PHE,SYSTEM-67ILE,SYSTEM-63LEU,SYSTEM-95ILE,SYSTEM-54VAL,SYSTEM-55PRO,SYSTEM-30LYS,SYSTEM-29THR,SYSTEM-56ASP
13	10	456.5		50.7		SYSTEM-49LYS,SYSTEM-52PHE,SYSTEM-67ILE,SYSTEM-63LEU,SYSTEM-58VAL,SYSTEM-57HIS,SYSTEM-55PRO,SYSTEM-30LYS,SYSTEM-29THR,SYSTEM-56ASP
14	10	478.0		53.1		SYSTEM-49LYS,SYSTEM-52PHE,SYSTEM-67ILE,SYSTEM-63LEU,SYSTEM-58VAL,SYSTEM-54VAL,SYSTEM-55PRO,SYSTEM-30LYS,SYSTEM-29THR,SYSTEM-56ASP
15	10	510.5		56.7		SYSTEM-49LYS,SYSTEM-52PHE,SYSTEM-67ILE,SYSTEM-63LEU,SYSTEM-60MET,SYSTEM-89VAL,SYSTEM-93THR,SYSTEM-94PRO,SYSTEM-96SER,SYSTEM-56ASP
16	10	525.5		58.4		SYSTEM-49LYS,SYSTEM-52PHE,SYSTEM-67ILE,SYSTEM-63LEU,SYSTEM-54VAL,SYSTEM-58VAL,SYSTEM-55PRO,SYSTEM-30LYS,SYSTEM-29THR,SYSTEM-56ASP
17	10	472.5		52.5		SYSTEM-49LYS,SYSTEM-52PHE,SYSTEM-67ILE,SYSTEM-81LEU,SYSTEM-89VAL,SYSTEM-93THR,SYSTEM-94PRO,SYSTEM-97GLU,SYSTEM-96SER,SYSTEM-56ASP
18	11	679.9		68.0		SYSTEM-49LYS,SYSTEM-52PHE,SYSTEM-35ILE,SYSTEM-111MET,SYSTEM-33VAL,SYSTEM-54VAL,SYSTEM-58VAL,SYSTEM-55PRO,SYSTEM-30LYS,SYSTEM-29THR,SYSTEM-56ASP
19	11	622.1		62.2		SYSTEM-49LYS,SYSTEM-52PHE,SYSTEM-35ILE,SYSTEM-111MET,SYSTEM-81LEU,SYSTEM-89VAL,SYSTEM-93THR,SYSTEM-94PRO,SYSTEM-97GLU,SYSTEM-96SER,SYSTEM-56ASP
20	11	726.7		72.7		SYSTEM-49LYS,SYSTEM-52PHE,SYSTEM-35ILE,SYSTEM-111MET,SYSTEM-109LEU,SYSTEM-33VAL,SYSTEM-54VAL,SYSTEM-55PRO,SYSTEM-30LYS,SYSTEM-29THR,SYSTEM-56ASP
21	11	720.3		72.0		SYSTEM-49LYS,SYSTEM-52PHE,SYSTEM-35ILE,SYSTEM-81LEU,SYSTEM-111MET,SYSTEM-33VAL,SYSTEM-54VAL,SYSTEM-55PRO,SYSTEM-30LYS,SYSTEM-29THR,SYSTEM-56ASP
22	11	514.2		51.4		SYSTEM-49LYS,SYSTEM-52PHE,SYSTEM-35ILE,SYSTEM-81LEU,SYSTEM-67ILE,SYSTEM-63LEU,SYSTEM-58VAL,SYSTEM-55PRO,SYSTEM-30LYS,SYSTEM-29THR,SYSTEM-56ASP
23	11	596.9		59.7		SYSTEM-49LYS,SYSTEM-52PHE,SYSTEM-35ILE,SYSTEM-81LEU,SYSTEM-67ILE,SYSTEM-63LEU,SYSTEM-54VAL,SYSTEM-55PRO,SYSTEM-30LYS,SYSTEM-29THR,SYSTEM-56ASP
24	11	623.4		62.3		SYSTEM-49LYS,SYSTEM-52PHE,SYSTEM-35ILE,SYSTEM-67ILE,SYSTEM-63LEU,SYSTEM-95ILE,SYSTEM-54VAL,SYSTEM-55PRO,SYSTEM-30LYS,SYSTEM-29THR,SYSTEM-56ASP
25	11	562.0		56.2		SYSTEM-49LYS,SYSTEM-52PHE,SYSTEM-35ILE,SYSTEM-67ILE,SYSTEM-63LEU,SYSTEM-58VAL,SYSTEM-57HIS,SYSTEM-55PRO,SYSTEM-30LYS,SYSTEM-29THR,SYSTEM-56ASP
26	11	583.5		58.4		SYSTEM-49LYS,SYSTEM-52PHE,SYSTEM-35ILE,SYSTEM-67ILE,SYSTEM-63LEU,SYSTEM-58VAL,SYSTEM-54VAL,SYSTEM-55PRO,SYSTEM-30LYS,SYSTEM-29THR,SYSTEM-56ASP
27	11	616.0		61.6		SYSTEM-49LYS,SYSTEM-52PHE,SYSTEM-35ILE,SYSTEM-67ILE,SYSTEM-63LEU,SYSTEM-60MET,SYSTEM-89VAL,SYSTEM-93THR,SYSTEM-94PRO,SYSTEM-96SER,SYSTEM-56ASP
28	11	631.0		63.1		SYSTEM-49LYS,SYSTEM-52PHE,SYSTEM-35ILE,SYSTEM-67ILE,SYSTEM-63LEU,SYSTEM-54VAL,SYSTEM-58VAL,SYSTEM-55PRO,SYSTEM-30LYS,SYSTEM-29THR,SYSTEM-56ASP
29	11	578.0		57.8		SYSTEM-49LYS,SYSTEM-52PHE,SYSTEM-35ILE,SYSTEM-67ILE,SYSTEM-81LEU,SYSTEM-89VAL,SYSTEM-93THR,SYSTEM-94PRO,SYSTEM-97GLU,SYSTEM-96SER,SYSTEM-56ASP
30	11	661.6		66.2		SYSTEM-49LYS,SYSTEM-52PHE,SYSTEM-67ILE,SYSTEM-35ILE,SYSTEM-111MET,SYSTEM-33VAL,SYSTEM-54VAL,SYSTEM-55PRO,SYSTEM-30LYS,SYSTEM-29THR,SYSTEM-56ASP
31	11	573.7		57.4		SYSTEM-49LYS,SYSTEM-52PHE,SYSTEM-67ILE,SYSTEM-35ILE,SYSTEM-111MET,SYSTEM-81LEU,SYSTEM-89VAL,SYSTEM-93THR,SYSTEM-94PRO,SYSTEM-96SER,SYSTEM-56ASP
32	11	518.2		51.8		SYSTEM-49LYS,SYSTEM-52PHE,SYSTEM-67ILE,SYSTEM-35ILE,SYSTEM-81LEU,SYSTEM-89VAL,SYSTEM-93THR,SYSTEM-94PRO,SYSTEM-97GLU,SYSTEM-96SER,SYSTEM-56ASP
33	11	450.4		45.0		SYSTEM-49LYS,SYSTEM-52PHE,SYSTEM-67ILE,SYSTEM-63LEU,SYSTEM-95ILE,SYSTEM-98VAL,SYSTEM-89VAL,SYSTEM-93THR,SYSTEM-94PRO,SYSTEM-96SER,SYSTEM-56ASP
34	11	534.1		53.4		SYSTEM-49LYS,SYSTEM-52PHE,SYSTEM-67ILE,SYSTEM-63LEU,SYSTEM-95ILE,SYSTEM-60MET,SYSTEM-89VAL,SYSTEM-93THR,SYSTEM-94PRO,SYSTEM-96SER,SYSTEM-56ASP
35	11	550.9		55.1		SYSTEM-49LYS,SYSTEM-52PHE,SYSTEM-67ILE,SYSTEM-63LEU,SYSTEM-95ILE,SYSTEM-54VAL,SYSTEM-58VAL,SYSTEM-55PRO,SYSTEM-30LYS,SYSTEM-29THR,SYSTEM-56ASP
36	11	610.3		61.0		SYSTEM-49LYS,SYSTEM-52PHE,SYSTEM-67ILE,SYSTEM-63LEU,SYSTEM-60MET,SYSTEM-95ILE,SYSTEM-54VAL,SYSTEM-55PRO,SYSTEM-30LYS,SYSTEM-29THR,SYSTEM-56ASP
37	11	544.3		54.4		SYSTEM-49LYS,SYSTEM-52PHE,SYSTEM-67ILE,SYSTEM-63LEU,SYSTEM-60MET,SYSTEM-98VAL,SYSTEM-89VAL,SYSTEM-93THR,SYSTEM-94PRO,SYSTEM-96SER,SYSTEM-56ASP
38	11	573.6		57.4		SYSTEM-49LYS,SYSTEM-52PHE,SYSTEM-67ILE,SYSTEM-63LEU,SYSTEM-60MET,SYSTEM-89VAL,SYSTEM-93THR,SYSTEM-94PRO,SYSTEM-97GLU,SYSTEM-96SER,SYSTEM-56ASP
39	11	572.2		57.2		SYSTEM-49LYS,SYSTEM-52PHE,SYSTEM-67ILE,SYSTEM-63LEU,SYSTEM-54VAL,SYSTEM-58VAL,SYSTEM-57HIS,SYSTEM-55PRO,SYSTEM-30LYS,SYSTEM-29THR,SYSTEM-56ASP
40	11	689.3		68.9		SYSTEM-49LYS,SYSTEM-52PHE,SYSTEM-67ILE,SYSTEM-81LEU,SYSTEM-111MET,SYSTEM-33VAL,SYSTEM-54VAL,SYSTEM-55PRO,SYSTEM-30LYS,SYSTEM-29THR,SYSTEM-56ASP
