Graph loaded! 120 nodes, 144 edges
Node list:
	SYSTEM-1MET
	SYSTEM-2PRO
	SYSTEM-3SER
	SYSTEM-4GLU
	SYSTEM-5LYS
	SYSTEM-6THR
	SYSTEM-7PHE
	SYSTEM-8LYS
	SYSTEM-9GLN
	SYSTEM-10ARG
	SYSTEM-11ARG
	SYSTEM-12THR
	SYSTEM-13PHE
	SYSTEM-14GLU
	SYSTEM-15GLN
	SYSTEM-16ARG
	SYSTEM-17VAL
	SYSTEM-18GLU
	SYSTEM-19ASP
	SYSTEM-20VAL
	SYSTEM-21ARG
	SYSTEM-22LEU
	SYSTEM-23ILE
	SYSTEM-24ARG
	SYSTEM-25GLU
	SYSTEM-26GLN
	SYSTEM-27HIS
	SYSTEM-28PRO
	SYSTEM-29THR
	SYSTEM-30LYS
	SYSTEM-31ILE
	SYSTEM-32PRO
	SYSTEM-33VAL
	SYSTEM-34ILE
	SYSTEM-35ILE
	SYSTEM-36GLU
	SYSTEM-37ARG
	SYSTEM-38TYR
	SYSTEM-39LYS
	SYSTEM-40GLY
	SYSTEM-41GLU
	SYSTEM-42LYS
	SYSTEM-43GLN
	SYSTEM-44LEU
	SYSTEM-45PRO
	SYSTEM-46VAL
	SYSTEM-47LEU
	SYSTEM-48ASP
	SYSTEM-49LYS
	SYSTEM-50THR
	SYSTEM-51LYS
	SYSTEM-52PHE
	SYSTEM-53LEU
	SYSTEM-54VAL
	SYSTEM-55PRO
	SYSTEM-56ASP
	SYSTEM-57HIS
	SYSTEM-58VAL
	SYSTEM-59ASN
	SYSTEM-60MET
	SYSTEM-61SER
	SYSTEM-62GLU
	SYSTEM-63LEU
	SYSTEM-64ILE
	SYSTEM-65LYS
	SYSTEM-66ILE
	SYSTEM-67ILE
	SYSTEM-68ARG
	SYSTEM-69ARG
	SYSTEM-70ARG
	SYSTEM-71LEU
	SYSTEM-72GLN
	SYSTEM-73LEU
	SYSTEM-74ASN
	SYSTEM-75ALA
	SYSTEM-76ASN
	SYSTEM-77GLN
	SYSTEM-78ALA
	SYSTEM-79PHE
	SYSTEM-80PHE
	SYSTEM-81LEU
	SYSTEM-82LEU
	SYSTEM-83VAL
	SYSTEM-84ASN
	SYSTEM-85GLY
	SYSTEM-86HIS
	SYSTEM-87SER
	SYSTEM-88MET
	SYSTEM-89VAL
	SYSTEM-90SER
	SYSTEM-91VAL
	SYSTEM-92SER
	SYSTEM-93THR
	SYSTEM-94PRO
	SYSTEM-95ILE
	SYSTEM-96SER
	SYSTEM-97GLU
	SYSTEM-98VAL
	SYSTEM-99TYR
	SYSTEM-100GLU
	SYSTEM-101SER
	SYSTEM-102GLU
	SYSTEM-103LYS
	SYSTEM-104ASP
	SYSTEM-105GLU
	SYSTEM-106ASP
	SYSTEM-107GLY
	SYSTEM-108PHE
	SYSTEM-109LEU
	SYSTEM-110TYR
	SYSTEM-111MET
	SYSTEM-112VAL
	SYSTEM-113TYR
	SYSTEM-114ALA
	SYSTEM-115SER
	SYSTEM-116GLN
	SYSTEM-117GLU
	SYSTEM-118THR
	SYSTEM-119PHE
	SYSTEM-120GLY
Path #	Length	Sum of weights	Average weight	Path
1	8	323.4		46.2		SYSTEM-49LYS,SYSTEM-52PHE,SYSTEM-67ILE,SYSTEM-63LEU,SYSTEM-58VAL,SYSTEM-55PRO,SYSTEM-30LYS,SYSTEM-29THR
2	8	406.1		58.0		SYSTEM-49LYS,SYSTEM-52PHE,SYSTEM-67ILE,SYSTEM-63LEU,SYSTEM-54VAL,SYSTEM-55PRO,SYSTEM-30LYS,SYSTEM-29THR
3	9	560.5		70.1		SYSTEM-49LYS,SYSTEM-52PHE,SYSTEM-35ILE,SYSTEM-111MET,SYSTEM-33VAL,SYSTEM-54VAL,SYSTEM-55PRO,SYSTEM-30LYS,SYSTEM-29THR
4	9	428.9		53.6		SYSTEM-49LYS,SYSTEM-52PHE,SYSTEM-35ILE,SYSTEM-67ILE,SYSTEM-63LEU,SYSTEM-58VAL,SYSTEM-55PRO,SYSTEM-30LYS,SYSTEM-29THR
5	9	511.6		64.0		SYSTEM-49LYS,SYSTEM-52PHE,SYSTEM-35ILE,SYSTEM-67ILE,SYSTEM-63LEU,SYSTEM-54VAL,SYSTEM-55PRO,SYSTEM-30LYS,SYSTEM-29THR
6	9	431.5		53.9		SYSTEM-49LYS,SYSTEM-52PHE,SYSTEM-67ILE,SYSTEM-63LEU,SYSTEM-95ILE,SYSTEM-54VAL,SYSTEM-55PRO,SYSTEM-30LYS,SYSTEM-29THR
7	9	370.1		46.3		SYSTEM-49LYS,SYSTEM-52PHE,SYSTEM-67ILE,SYSTEM-63LEU,SYSTEM-58VAL,SYSTEM-57HIS,SYSTEM-55PRO,SYSTEM-30LYS,SYSTEM-29THR
8	9	391.6		49.0		SYSTEM-49LYS,SYSTEM-52PHE,SYSTEM-67ILE,SYSTEM-63LEU,SYSTEM-58VAL,SYSTEM-54VAL,SYSTEM-55PRO,SYSTEM-30LYS,SYSTEM-29THR
9	9	439.1		54.9		SYSTEM-49LYS,SYSTEM-52PHE,SYSTEM-67ILE,SYSTEM-63LEU,SYSTEM-54VAL,SYSTEM-58VAL,SYSTEM-55PRO,SYSTEM-30LYS,SYSTEM-29THR
10	10	593.5		65.9		SYSTEM-49LYS,SYSTEM-52PHE,SYSTEM-35ILE,SYSTEM-111MET,SYSTEM-33VAL,SYSTEM-54VAL,SYSTEM-58VAL,SYSTEM-55PRO,SYSTEM-30LYS,SYSTEM-29THR
11	10	640.3		71.1		SYSTEM-49LYS,SYSTEM-52PHE,SYSTEM-35ILE,SYSTEM-111MET,SYSTEM-109LEU,SYSTEM-33VAL,SYSTEM-54VAL,SYSTEM-55PRO,SYSTEM-30LYS,SYSTEM-29THR
12	10	526.8		58.5		SYSTEM-49LYS,SYSTEM-52PHE,SYSTEM-35ILE,SYSTEM-81LEU,SYSTEM-89VAL,SYSTEM-93THR,SYSTEM-94PRO,SYSTEM-96SER,SYSTEM-56ASP,SYSTEM-29THR
13	10	633.9		70.4		SYSTEM-49LYS,SYSTEM-52PHE,SYSTEM-35ILE,SYSTEM-81LEU,SYSTEM-111MET,SYSTEM-33VAL,SYSTEM-54VAL,SYSTEM-55PRO,SYSTEM-30LYS,SYSTEM-29THR
14	10	427.8		47.5		SYSTEM-49LYS,SYSTEM-52PHE,SYSTEM-35ILE,SYSTEM-81LEU,SYSTEM-67ILE,SYSTEM-63LEU,SYSTEM-58VAL,SYSTEM-55PRO,SYSTEM-30LYS,SYSTEM-29THR
15	10	510.5		56.7		SYSTEM-49LYS,SYSTEM-52PHE,SYSTEM-35ILE,SYSTEM-81LEU,SYSTEM-67ILE,SYSTEM-63LEU,SYSTEM-54VAL,SYSTEM-55PRO,SYSTEM-30LYS,SYSTEM-29THR
16	10	537.0		59.7		SYSTEM-49LYS,SYSTEM-52PHE,SYSTEM-35ILE,SYSTEM-67ILE,SYSTEM-63LEU,SYSTEM-95ILE,SYSTEM-54VAL,SYSTEM-55PRO,SYSTEM-30LYS,SYSTEM-29THR
17	10	475.6		52.8		SYSTEM-49LYS,SYSTEM-52PHE,SYSTEM-35ILE,SYSTEM-67ILE,SYSTEM-63LEU,SYSTEM-58VAL,SYSTEM-57HIS,SYSTEM-55PRO,SYSTEM-30LYS,SYSTEM-29THR
18	10	497.1		55.2		SYSTEM-49LYS,SYSTEM-52PHE,SYSTEM-35ILE,SYSTEM-67ILE,SYSTEM-63LEU,SYSTEM-58VAL,SYSTEM-54VAL,SYSTEM-55PRO,SYSTEM-30LYS,SYSTEM-29THR
19	10	544.6		60.5		SYSTEM-49LYS,SYSTEM-52PHE,SYSTEM-35ILE,SYSTEM-67ILE,SYSTEM-63LEU,SYSTEM-54VAL,SYSTEM-58VAL,SYSTEM-55PRO,SYSTEM-30LYS,SYSTEM-29THR
20	10	575.2		63.9		SYSTEM-49LYS,SYSTEM-52PHE,SYSTEM-67ILE,SYSTEM-35ILE,SYSTEM-111MET,SYSTEM-33VAL,SYSTEM-54VAL,SYSTEM-55PRO,SYSTEM-30LYS,SYSTEM-29THR
21	10	464.5		51.6		SYSTEM-49LYS,SYSTEM-52PHE,SYSTEM-67ILE,SYSTEM-63LEU,SYSTEM-95ILE,SYSTEM-54VAL,SYSTEM-58VAL,SYSTEM-55PRO,SYSTEM-30LYS,SYSTEM-29THR
22	10	523.9		58.2		SYSTEM-49LYS,SYSTEM-52PHE,SYSTEM-67ILE,SYSTEM-63LEU,SYSTEM-60MET,SYSTEM-95ILE,SYSTEM-54VAL,SYSTEM-55PRO,SYSTEM-30LYS,SYSTEM-29THR
23	10	485.8		54.0		SYSTEM-49LYS,SYSTEM-52PHE,SYSTEM-67ILE,SYSTEM-63LEU,SYSTEM-54VAL,SYSTEM-58VAL,SYSTEM-57HIS,SYSTEM-55PRO,SYSTEM-30LYS,SYSTEM-29THR
24	10	495.8		55.1		SYSTEM-49LYS,SYSTEM-52PHE,SYSTEM-67ILE,SYSTEM-81LEU,SYSTEM-89VAL,SYSTEM-93THR,SYSTEM-94PRO,SYSTEM-96SER,SYSTEM-56ASP,SYSTEM-29THR
25	10	602.9		67.0		SYSTEM-49LYS,SYSTEM-52PHE,SYSTEM-67ILE,SYSTEM-81LEU,SYSTEM-111MET,SYSTEM-33VAL,SYSTEM-54VAL,SYSTEM-55PRO,SYSTEM-30LYS,SYSTEM-29THR
26	11	640.2		64.0		SYSTEM-49LYS,SYSTEM-52PHE,SYSTEM-35ILE,SYSTEM-111MET,SYSTEM-33VAL,SYSTEM-54VAL,SYSTEM-58VAL,SYSTEM-57HIS,SYSTEM-55PRO,SYSTEM-30LYS,SYSTEM-29THR
27	11	654.8		65.5		SYSTEM-49LYS,SYSTEM-52PHE,SYSTEM-35ILE,SYSTEM-111MET,SYSTEM-33VAL,SYSTEM-54VAL,SYSTEM-63LEU,SYSTEM-58VAL,SYSTEM-55PRO,SYSTEM-30LYS,SYSTEM-29THR
28	11	645.4		64.5		SYSTEM-49LYS,SYSTEM-52PHE,SYSTEM-35ILE,SYSTEM-111MET,SYSTEM-81LEU,SYSTEM-89VAL,SYSTEM-93THR,SYSTEM-94PRO,SYSTEM-96SER,SYSTEM-56ASP,SYSTEM-29THR
29	11	546.4		54.6		SYSTEM-49LYS,SYSTEM-52PHE,SYSTEM-35ILE,SYSTEM-111MET,SYSTEM-81LEU,SYSTEM-67ILE,SYSTEM-63LEU,SYSTEM-58VAL,SYSTEM-55PRO,SYSTEM-30LYS,SYSTEM-29THR
30	11	629.1		62.9		SYSTEM-49LYS,SYSTEM-52PHE,SYSTEM-35ILE,SYSTEM-111MET,SYSTEM-81LEU,SYSTEM-67ILE,SYSTEM-63LEU,SYSTEM-54VAL,SYSTEM-55PRO,SYSTEM-30LYS,SYSTEM-29THR
31	11	673.3		67.3		SYSTEM-49LYS,SYSTEM-52PHE,SYSTEM-35ILE,SYSTEM-111MET,SYSTEM-109LEU,SYSTEM-33VAL,SYSTEM-54VAL,SYSTEM-58VAL,SYSTEM-55PRO,SYSTEM-30LYS,SYSTEM-29THR
32	11	617.7		61.8		SYSTEM-49LYS,SYSTEM-52PHE,SYSTEM-35ILE,SYSTEM-111MET,SYSTEM-109LEU,SYSTEM-99TYR,SYSTEM-32PRO,SYSTEM-23ILE,SYSTEM-53LEU,SYSTEM-30LYS,SYSTEM-29THR
33	11	556.7		55.7		SYSTEM-49LYS,SYSTEM-52PHE,SYSTEM-35ILE,SYSTEM-81LEU,SYSTEM-89VAL,SYSTEM-98VAL,SYSTEM-95ILE,SYSTEM-54VAL,SYSTEM-55PRO,SYSTEM-30LYS,SYSTEM-29THR
34	11	640.4		64.0		SYSTEM-49LYS,SYSTEM-52PHE,SYSTEM-35ILE,SYSTEM-81LEU,SYSTEM-89VAL,SYSTEM-60MET,SYSTEM-95ILE,SYSTEM-54VAL,SYSTEM-55PRO,SYSTEM-30LYS,SYSTEM-29THR
35	11	557.7		55.8		SYSTEM-49LYS,SYSTEM-52PHE,SYSTEM-35ILE,SYSTEM-81LEU,SYSTEM-89VAL,SYSTEM-60MET,SYSTEM-63LEU,SYSTEM-58VAL,SYSTEM-55PRO,SYSTEM-30LYS,SYSTEM-29THR
36	11	640.4		64.0		SYSTEM-49LYS,SYSTEM-52PHE,SYSTEM-35ILE,SYSTEM-81LEU,SYSTEM-89VAL,SYSTEM-60MET,SYSTEM-63LEU,SYSTEM-54VAL,SYSTEM-55PRO,SYSTEM-30LYS,SYSTEM-29THR
37	11	589.9		59.0		SYSTEM-49LYS,SYSTEM-52PHE,SYSTEM-35ILE,SYSTEM-81LEU,SYSTEM-89VAL,SYSTEM-93THR,SYSTEM-94PRO,SYSTEM-97GLU,SYSTEM-96SER,SYSTEM-56ASP,SYSTEM-29THR
38	11	666.9		66.7		SYSTEM-49LYS,SYSTEM-52PHE,SYSTEM-35ILE,SYSTEM-81LEU,SYSTEM-111MET,SYSTEM-33VAL,SYSTEM-54VAL,SYSTEM-58VAL,SYSTEM-55PRO,SYSTEM-30LYS,SYSTEM-29THR
39	11	713.7		71.4		SYSTEM-49LYS,SYSTEM-52PHE,SYSTEM-35ILE,SYSTEM-81LEU,SYSTEM-111MET,SYSTEM-109LEU,SYSTEM-33VAL,SYSTEM-54VAL,SYSTEM-55PRO,SYSTEM-30LYS,SYSTEM-29THR
40	11	535.9		53.6		SYSTEM-49LYS,SYSTEM-52PHE,SYSTEM-35ILE,SYSTEM-81LEU,SYSTEM-67ILE,SYSTEM-63LEU,SYSTEM-95ILE,SYSTEM-54VAL,SYSTEM-55PRO,SYSTEM-30LYS,SYSTEM-29THR
41	11	474.5		47.5		SYSTEM-49LYS,SYSTEM-52PHE,SYSTEM-35ILE,SYSTEM-81LEU,SYSTEM-67ILE,SYSTEM-63LEU,SYSTEM-58VAL,SYSTEM-57HIS,SYSTEM-55PRO,SYSTEM-30LYS,SYSTEM-29THR
42	11	496.0		49.6		SYSTEM-49LYS,SYSTEM-52PHE,SYSTEM-35ILE,SYSTEM-81LEU,SYSTEM-67ILE,SYSTEM-63LEU,SYSTEM-58VAL,SYSTEM-54VAL,SYSTEM-55PRO,SYSTEM-30LYS,SYSTEM-29THR
43	11	543.5		54.4		SYSTEM-49LYS,SYSTEM-52PHE,SYSTEM-35ILE,SYSTEM-81LEU,SYSTEM-67ILE,SYSTEM-63LEU,SYSTEM-54VAL,SYSTEM-58VAL,SYSTEM-55PRO,SYSTEM-30LYS,SYSTEM-29THR
44	11	570.0		57.0		SYSTEM-49LYS,SYSTEM-52PHE,SYSTEM-35ILE,SYSTEM-67ILE,SYSTEM-63LEU,SYSTEM-95ILE,SYSTEM-54VAL,SYSTEM-58VAL,SYSTEM-55PRO,SYSTEM-30LYS,SYSTEM-29THR
45	11	629.4		62.9		SYSTEM-49LYS,SYSTEM-52PHE,SYSTEM-35ILE,SYSTEM-67ILE,SYSTEM-63LEU,SYSTEM-60MET,SYSTEM-95ILE,SYSTEM-54VAL,SYSTEM-55PRO,SYSTEM-30LYS,SYSTEM-29THR
46	11	591.3		59.1		SYSTEM-49LYS,SYSTEM-52PHE,SYSTEM-35ILE,SYSTEM-67ILE,SYSTEM-63LEU,SYSTEM-54VAL,SYSTEM-58VAL,SYSTEM-57HIS,SYSTEM-55PRO,SYSTEM-30LYS,SYSTEM-29THR
47	11	601.3		60.1		SYSTEM-49LYS,SYSTEM-52PHE,SYSTEM-35ILE,SYSTEM-67ILE,SYSTEM-81LEU,SYSTEM-89VAL,SYSTEM-93THR,SYSTEM-94PRO,SYSTEM-96SER,SYSTEM-56ASP,SYSTEM-29THR
48	11	708.4		70.8		SYSTEM-49LYS,SYSTEM-52PHE,SYSTEM-35ILE,SYSTEM-67ILE,SYSTEM-81LEU,SYSTEM-111MET,SYSTEM-33VAL,SYSTEM-54VAL,SYSTEM-55PRO,SYSTEM-30LYS,SYSTEM-29THR
49	11	608.2		60.8		SYSTEM-49LYS,SYSTEM-52PHE,SYSTEM-67ILE,SYSTEM-35ILE,SYSTEM-111MET,SYSTEM-33VAL,SYSTEM-54VAL,SYSTEM-58VAL,SYSTEM-55PRO,SYSTEM-30LYS,SYSTEM-29THR
50	11	655.0		65.5		SYSTEM-49LYS,SYSTEM-52PHE,SYSTEM-67ILE,SYSTEM-35ILE,SYSTEM-111MET,SYSTEM-109LEU,SYSTEM-33VAL,SYSTEM-54VAL,SYSTEM-55PRO,SYSTEM-30LYS,SYSTEM-29THR
51	11	541.5		54.1		SYSTEM-49LYS,SYSTEM-52PHE,SYSTEM-67ILE,SYSTEM-35ILE,SYSTEM-81LEU,SYSTEM-89VAL,SYSTEM-93THR,SYSTEM-94PRO,SYSTEM-96SER,SYSTEM-56ASP,SYSTEM-29THR
52	11	648.6		64.9		SYSTEM-49LYS,SYSTEM-52PHE,SYSTEM-67ILE,SYSTEM-35ILE,SYSTEM-81LEU,SYSTEM-111MET,SYSTEM-33VAL,SYSTEM-54VAL,SYSTEM-55PRO,SYSTEM-30LYS,SYSTEM-29THR
53	11	568.4		56.8		SYSTEM-49LYS,SYSTEM-52PHE,SYSTEM-67ILE,SYSTEM-63LEU,SYSTEM-95ILE,SYSTEM-31ILE,SYSTEM-32PRO,SYSTEM-23ILE,SYSTEM-53LEU,SYSTEM-30LYS,SYSTEM-29THR
54	11	511.2		51.1		SYSTEM-49LYS,SYSTEM-52PHE,SYSTEM-67ILE,SYSTEM-63LEU,SYSTEM-95ILE,SYSTEM-54VAL,SYSTEM-58VAL,SYSTEM-57HIS,SYSTEM-55PRO,SYSTEM-30LYS,SYSTEM-29THR
55	11	556.9		55.7		SYSTEM-49LYS,SYSTEM-52PHE,SYSTEM-67ILE,SYSTEM-63LEU,SYSTEM-60MET,SYSTEM-95ILE,SYSTEM-54VAL,SYSTEM-58VAL,SYSTEM-55PRO,SYSTEM-30LYS,SYSTEM-29THR
56	11	575.8		57.6		SYSTEM-49LYS,SYSTEM-52PHE,SYSTEM-67ILE,SYSTEM-63LEU,SYSTEM-60MET,SYSTEM-98VAL,SYSTEM-95ILE,SYSTEM-54VAL,SYSTEM-55PRO,SYSTEM-30LYS,SYSTEM-29THR
57	11	596.9		59.7		SYSTEM-49LYS,SYSTEM-52PHE,SYSTEM-67ILE,SYSTEM-63LEU,SYSTEM-60MET,SYSTEM-89VAL,SYSTEM-93THR,SYSTEM-94PRO,SYSTEM-96SER,SYSTEM-56ASP,SYSTEM-29THR
58	11	525.7		52.6		SYSTEM-49LYS,SYSTEM-52PHE,SYSTEM-67ILE,SYSTEM-81LEU,SYSTEM-89VAL,SYSTEM-98VAL,SYSTEM-95ILE,SYSTEM-54VAL,SYSTEM-55PRO,SYSTEM-30LYS,SYSTEM-29THR
59	11	609.4		60.9		SYSTEM-49LYS,SYSTEM-52PHE,SYSTEM-67ILE,SYSTEM-81LEU,SYSTEM-89VAL,SYSTEM-60MET,SYSTEM-95ILE,SYSTEM-54VAL,SYSTEM-55PRO,SYSTEM-30LYS,SYSTEM-29THR
60	11	526.7		52.7		SYSTEM-49LYS,SYSTEM-52PHE,SYSTEM-67ILE,SYSTEM-81LEU,SYSTEM-89VAL,SYSTEM-60MET,SYSTEM-63LEU,SYSTEM-58VAL,SYSTEM-55PRO,SYSTEM-30LYS,SYSTEM-29THR
61	11	609.4		60.9		SYSTEM-49LYS,SYSTEM-52PHE,SYSTEM-67ILE,SYSTEM-81LEU,SYSTEM-89VAL,SYSTEM-60MET,SYSTEM-63LEU,SYSTEM-54VAL,SYSTEM-55PRO,SYSTEM-30LYS,SYSTEM-29THR
62	11	558.9		55.9		SYSTEM-49LYS,SYSTEM-52PHE,SYSTEM-67ILE,SYSTEM-81LEU,SYSTEM-89VAL,SYSTEM-93THR,SYSTEM-94PRO,SYSTEM-97GLU,SYSTEM-96SER,SYSTEM-56ASP,SYSTEM-29THR
63	11	574.1		57.4		SYSTEM-49LYS,SYSTEM-52PHE,SYSTEM-67ILE,SYSTEM-81LEU,SYSTEM-35ILE,SYSTEM-111MET,SYSTEM-33VAL,SYSTEM-54VAL,SYSTEM-55PRO,SYSTEM-30LYS,SYSTEM-29THR
64	11	635.9		63.6		SYSTEM-49LYS,SYSTEM-52PHE,SYSTEM-67ILE,SYSTEM-81LEU,SYSTEM-111MET,SYSTEM-33VAL,SYSTEM-54VAL,SYSTEM-58VAL,SYSTEM-55PRO,SYSTEM-30LYS,SYSTEM-29THR
65	11	682.7		68.3		SYSTEM-49LYS,SYSTEM-52PHE,SYSTEM-67ILE,SYSTEM-81LEU,SYSTEM-111MET,SYSTEM-109LEU,SYSTEM-33VAL,SYSTEM-54VAL,SYSTEM-55PRO,SYSTEM-30LYS,SYSTEM-29THR
