Graph loaded! 120 nodes, 118 edges
Node list:
	SYSTEM-1MET
	SYSTEM-2PRO
	SYSTEM-3SER
	SYSTEM-4GLU
	SYSTEM-5LYS
	SYSTEM-6THR
	SYSTEM-7PHE
	SYSTEM-8LYS
	SYSTEM-9GLN
	SYSTEM-10ARG
	SYSTEM-11ARG
	SYSTEM-12THR
	SYSTEM-13PHE
	SYSTEM-14GLU
	SYSTEM-15GLN
	SYSTEM-16ARG
	SYSTEM-17VAL
	SYSTEM-18GLU
	SYSTEM-19ASP
	SYSTEM-20VAL
	SYSTEM-21ARG
	SYSTEM-22LEU
	SYSTEM-23ILE
	SYSTEM-24ARG
	SYSTEM-25GLU
	SYSTEM-26GLN
	SYSTEM-27HIS
	SYSTEM-28PRO
	SYSTEM-29THR
	SYSTEM-30LYS
	SYSTEM-31ILE
	SYSTEM-32PRO
	SYSTEM-33VAL
	SYSTEM-34ILE
	SYSTEM-35ILE
	SYSTEM-36GLU
	SYSTEM-37ARG
	SYSTEM-38TYR
	SYSTEM-39LYS
	SYSTEM-40GLY
	SYSTEM-41GLU
	SYSTEM-42LYS
	SYSTEM-43GLN
	SYSTEM-44LEU
	SYSTEM-45PRO
	SYSTEM-46VAL
	SYSTEM-47LEU
	SYSTEM-48ASP
	SYSTEM-49LYS
	SYSTEM-50THR
	SYSTEM-51LYS
	SYSTEM-52PHE
	SYSTEM-53LEU
	SYSTEM-54VAL
	SYSTEM-55PRO
	SYSTEM-56ASP
	SYSTEM-57HIS
	SYSTEM-58VAL
	SYSTEM-59ASN
	SYSTEM-60MET
	SYSTEM-61SER
	SYSTEM-62GLU
	SYSTEM-63LEU
	SYSTEM-64ILE
	SYSTEM-65LYS
	SYSTEM-66ILE
	SYSTEM-67ILE
	SYSTEM-68ARG
	SYSTEM-69ARG
	SYSTEM-70ARG
	SYSTEM-71LEU
	SYSTEM-72GLN
	SYSTEM-73LEU
	SYSTEM-74ASN
	SYSTEM-75ALA
	SYSTEM-76ASN
	SYSTEM-77GLN
	SYSTEM-78ALA
	SYSTEM-79PHE
	SYSTEM-80PHE
	SYSTEM-81LEU
	SYSTEM-82LEU
	SYSTEM-83VAL
	SYSTEM-84ASN
	SYSTEM-85GLY
	SYSTEM-86HIS
	SYSTEM-87SER
	SYSTEM-88MET
	SYSTEM-89VAL
	SYSTEM-90SER
	SYSTEM-91VAL
	SYSTEM-92SER
	SYSTEM-93THR
	SYSTEM-94PRO
	SYSTEM-95ILE
	SYSTEM-96SER
	SYSTEM-97GLU
	SYSTEM-98VAL
	SYSTEM-99TYR
	SYSTEM-100GLU
	SYSTEM-101SER
	SYSTEM-102GLU
	SYSTEM-103LYS
	SYSTEM-104ASP
	SYSTEM-105GLU
	SYSTEM-106ASP
	SYSTEM-107GLY
	SYSTEM-108PHE
	SYSTEM-109LEU
	SYSTEM-110TYR
	SYSTEM-111MET
	SYSTEM-112VAL
	SYSTEM-113TYR
	SYSTEM-114ALA
	SYSTEM-115SER
	SYSTEM-116GLN
	SYSTEM-117GLU
	SYSTEM-118THR
	SYSTEM-119PHE
	SYSTEM-120GLY
Path #	Length	Sum of weights	Average weight	Path
1	6	277.5		55.5		SYSTEM-49LYS,SYSTEM-48ASP,SYSTEM-70ARG,SYSTEM-66ILE,SYSTEM-69ARG,SYSTEM-65LYS
2	6	304.9		61.0		SYSTEM-49LYS,SYSTEM-48ASP,SYSTEM-70ARG,SYSTEM-66ILE,SYSTEM-62GLU,SYSTEM-65LYS
3	8	442.9		63.3		SYSTEM-49LYS,SYSTEM-48ASP,SYSTEM-70ARG,SYSTEM-67ILE,SYSTEM-63LEU,SYSTEM-59ASN,SYSTEM-61SER,SYSTEM-65LYS
4	8	493.8		70.5		SYSTEM-49LYS,SYSTEM-48ASP,SYSTEM-70ARG,SYSTEM-67ILE,SYSTEM-63LEU,SYSTEM-59ASN,SYSTEM-62GLU,SYSTEM-65LYS
5	8	417.0		59.6		SYSTEM-49LYS,SYSTEM-48ASP,SYSTEM-70ARG,SYSTEM-67ILE,SYSTEM-63LEU,SYSTEM-66ILE,SYSTEM-69ARG,SYSTEM-65LYS
6	8	444.4		63.5		SYSTEM-49LYS,SYSTEM-48ASP,SYSTEM-70ARG,SYSTEM-67ILE,SYSTEM-63LEU,SYSTEM-66ILE,SYSTEM-62GLU,SYSTEM-65LYS
7	8	360.8		51.5		SYSTEM-49LYS,SYSTEM-48ASP,SYSTEM-70ARG,SYSTEM-66ILE,SYSTEM-63LEU,SYSTEM-59ASN,SYSTEM-61SER,SYSTEM-65LYS
8	8	411.7		58.8		SYSTEM-49LYS,SYSTEM-48ASP,SYSTEM-70ARG,SYSTEM-66ILE,SYSTEM-63LEU,SYSTEM-59ASN,SYSTEM-62GLU,SYSTEM-65LYS
9	8	429.8		61.4		SYSTEM-49LYS,SYSTEM-48ASP,SYSTEM-70ARG,SYSTEM-66ILE,SYSTEM-62GLU,SYSTEM-59ASN,SYSTEM-61SER,SYSTEM-65LYS
10	9	488.4		61.0		SYSTEM-49LYS,SYSTEM-48ASP,SYSTEM-70ARG,SYSTEM-67ILE,SYSTEM-71LEU,SYSTEM-68ARG,SYSTEM-64ILE,SYSTEM-61SER,SYSTEM-65LYS
11	9	480.1		60.0		SYSTEM-49LYS,SYSTEM-48ASP,SYSTEM-70ARG,SYSTEM-67ILE,SYSTEM-63LEU,SYSTEM-60MET,SYSTEM-64ILE,SYSTEM-61SER,SYSTEM-65LYS
12	9	398.0		49.8		SYSTEM-49LYS,SYSTEM-48ASP,SYSTEM-70ARG,SYSTEM-66ILE,SYSTEM-63LEU,SYSTEM-60MET,SYSTEM-64ILE,SYSTEM-61SER,SYSTEM-65LYS
13	10	663.2		73.7		SYSTEM-49LYS,SYSTEM-48ASP,SYSTEM-70ARG,SYSTEM-67ILE,SYSTEM-63LEU,SYSTEM-59ASN,SYSTEM-62GLU,SYSTEM-66ILE,SYSTEM-69ARG,SYSTEM-65LYS
14	10	569.3		63.3		SYSTEM-49LYS,SYSTEM-48ASP,SYSTEM-70ARG,SYSTEM-67ILE,SYSTEM-63LEU,SYSTEM-66ILE,SYSTEM-62GLU,SYSTEM-59ASN,SYSTEM-61SER,SYSTEM-65LYS
15	10	532.2		59.1		SYSTEM-49LYS,SYSTEM-48ASP,SYSTEM-70ARG,SYSTEM-67ILE,SYSTEM-63LEU,SYSTEM-60MET,SYSTEM-93THR,SYSTEM-59ASN,SYSTEM-61SER,SYSTEM-65LYS
16	10	583.1		64.8		SYSTEM-49LYS,SYSTEM-48ASP,SYSTEM-70ARG,SYSTEM-67ILE,SYSTEM-63LEU,SYSTEM-60MET,SYSTEM-93THR,SYSTEM-59ASN,SYSTEM-62GLU,SYSTEM-65LYS
17	10	450.1		50.0		SYSTEM-49LYS,SYSTEM-48ASP,SYSTEM-70ARG,SYSTEM-66ILE,SYSTEM-63LEU,SYSTEM-60MET,SYSTEM-93THR,SYSTEM-59ASN,SYSTEM-61SER,SYSTEM-65LYS
18	10	501.0		55.7		SYSTEM-49LYS,SYSTEM-48ASP,SYSTEM-70ARG,SYSTEM-66ILE,SYSTEM-63LEU,SYSTEM-60MET,SYSTEM-93THR,SYSTEM-59ASN,SYSTEM-62GLU,SYSTEM-65LYS
19	11	637.7		63.8		SYSTEM-49LYS,SYSTEM-48ASP,SYSTEM-70ARG,SYSTEM-67ILE,SYSTEM-71LEU,SYSTEM-68ARG,SYSTEM-64ILE,SYSTEM-61SER,SYSTEM-59ASN,SYSTEM-62GLU,SYSTEM-65LYS
20	11	657.0		65.7		SYSTEM-49LYS,SYSTEM-48ASP,SYSTEM-70ARG,SYSTEM-67ILE,SYSTEM-63LEU,SYSTEM-59ASN,SYSTEM-93THR,SYSTEM-60MET,SYSTEM-64ILE,SYSTEM-61SER,SYSTEM-65LYS
21	11	629.4		62.9		SYSTEM-49LYS,SYSTEM-48ASP,SYSTEM-70ARG,SYSTEM-67ILE,SYSTEM-63LEU,SYSTEM-60MET,SYSTEM-64ILE,SYSTEM-61SER,SYSTEM-59ASN,SYSTEM-62GLU,SYSTEM-65LYS
22	11	574.9		57.5		SYSTEM-49LYS,SYSTEM-48ASP,SYSTEM-70ARG,SYSTEM-66ILE,SYSTEM-63LEU,SYSTEM-59ASN,SYSTEM-93THR,SYSTEM-60MET,SYSTEM-64ILE,SYSTEM-61SER,SYSTEM-65LYS
23	11	547.3		54.7		SYSTEM-49LYS,SYSTEM-48ASP,SYSTEM-70ARG,SYSTEM-66ILE,SYSTEM-63LEU,SYSTEM-60MET,SYSTEM-64ILE,SYSTEM-61SER,SYSTEM-59ASN,SYSTEM-62GLU,SYSTEM-65LYS
24	11	606.3		60.6		SYSTEM-49LYS,SYSTEM-48ASP,SYSTEM-70ARG,SYSTEM-66ILE,SYSTEM-63LEU,SYSTEM-67ILE,SYSTEM-71LEU,SYSTEM-68ARG,SYSTEM-64ILE,SYSTEM-61SER,SYSTEM-65LYS
25	11	643.9		64.4		SYSTEM-49LYS,SYSTEM-48ASP,SYSTEM-70ARG,SYSTEM-66ILE,SYSTEM-62GLU,SYSTEM-59ASN,SYSTEM-93THR,SYSTEM-60MET,SYSTEM-64ILE,SYSTEM-61SER,SYSTEM-65LYS
26	11	644.2		64.4		SYSTEM-49LYS,SYSTEM-48ASP,SYSTEM-70ARG,SYSTEM-66ILE,SYSTEM-62GLU,SYSTEM-59ASN,SYSTEM-63LEU,SYSTEM-60MET,SYSTEM-64ILE,SYSTEM-61SER,SYSTEM-65LYS
