Graph loaded! 120 nodes, 118 edges
Node list:
	SYSTEM-1MET
	SYSTEM-2PRO
	SYSTEM-3SER
	SYSTEM-4GLU
	SYSTEM-5LYS
	SYSTEM-6THR
	SYSTEM-7PHE
	SYSTEM-8LYS
	SYSTEM-9GLN
	SYSTEM-10ARG
	SYSTEM-11ARG
	SYSTEM-12THR
	SYSTEM-13PHE
	SYSTEM-14GLU
	SYSTEM-15GLN
	SYSTEM-16ARG
	SYSTEM-17VAL
	SYSTEM-18GLU
	SYSTEM-19ASP
	SYSTEM-20VAL
	SYSTEM-21ARG
	SYSTEM-22LEU
	SYSTEM-23ILE
	SYSTEM-24ARG
	SYSTEM-25GLU
	SYSTEM-26GLN
	SYSTEM-27HIS
	SYSTEM-28PRO
	SYSTEM-29THR
	SYSTEM-30LYS
	SYSTEM-31ILE
	SYSTEM-32PRO
	SYSTEM-33VAL
	SYSTEM-34ILE
	SYSTEM-35ILE
	SYSTEM-36GLU
	SYSTEM-37ARG
	SYSTEM-38TYR
	SYSTEM-39LYS
	SYSTEM-40GLY
	SYSTEM-41GLU
	SYSTEM-42LYS
	SYSTEM-43GLN
	SYSTEM-44LEU
	SYSTEM-45PRO
	SYSTEM-46VAL
	SYSTEM-47LEU
	SYSTEM-48ASP
	SYSTEM-49LYS
	SYSTEM-50THR
	SYSTEM-51LYS
	SYSTEM-52PHE
	SYSTEM-53LEU
	SYSTEM-54VAL
	SYSTEM-55PRO
	SYSTEM-56ASP
	SYSTEM-57HIS
	SYSTEM-58VAL
	SYSTEM-59ASN
	SYSTEM-60MET
	SYSTEM-61SER
	SYSTEM-62GLU
	SYSTEM-63LEU
	SYSTEM-64ILE
	SYSTEM-65LYS
	SYSTEM-66ILE
	SYSTEM-67ILE
	SYSTEM-68ARG
	SYSTEM-69ARG
	SYSTEM-70ARG
	SYSTEM-71LEU
	SYSTEM-72GLN
	SYSTEM-73LEU
	SYSTEM-74ASN
	SYSTEM-75ALA
	SYSTEM-76ASN
	SYSTEM-77GLN
	SYSTEM-78ALA
	SYSTEM-79PHE
	SYSTEM-80PHE
	SYSTEM-81LEU
	SYSTEM-82LEU
	SYSTEM-83VAL
	SYSTEM-84ASN
	SYSTEM-85GLY
	SYSTEM-86HIS
	SYSTEM-87SER
	SYSTEM-88MET
	SYSTEM-89VAL
	SYSTEM-90SER
	SYSTEM-91VAL
	SYSTEM-92SER
	SYSTEM-93THR
	SYSTEM-94PRO
	SYSTEM-95ILE
	SYSTEM-96SER
	SYSTEM-97GLU
	SYSTEM-98VAL
	SYSTEM-99TYR
	SYSTEM-100GLU
	SYSTEM-101SER
	SYSTEM-102GLU
	SYSTEM-103LYS
	SYSTEM-104ASP
	SYSTEM-105GLU
	SYSTEM-106ASP
	SYSTEM-107GLY
	SYSTEM-108PHE
	SYSTEM-109LEU
	SYSTEM-110TYR
	SYSTEM-111MET
	SYSTEM-112VAL
	SYSTEM-113TYR
	SYSTEM-114ALA
	SYSTEM-115SER
	SYSTEM-116GLN
	SYSTEM-117GLU
	SYSTEM-118THR
	SYSTEM-119PHE
	SYSTEM-120GLY
Path #	Length	Sum of weights	Average weight	Path
1	5	274.7		68.7		SYSTEM-11ARG,SYSTEM-19ASP,SYSTEM-15GLN,SYSTEM-18GLU,SYSTEM-21ARG
2	6	317.3		63.5		SYSTEM-11ARG,SYSTEM-16ARG,SYSTEM-19ASP,SYSTEM-15GLN,SYSTEM-18GLU,SYSTEM-21ARG
3	6	388.9		77.8		SYSTEM-11ARG,SYSTEM-16ARG,SYSTEM-12THR,SYSTEM-15GLN,SYSTEM-18GLU,SYSTEM-21ARG
4	7	430.1		71.7		SYSTEM-11ARG,SYSTEM-19ASP,SYSTEM-15GLN,SYSTEM-18GLU,SYSTEM-22LEU,SYSTEM-25GLU,SYSTEM-21ARG
5	7	387.5		64.6		SYSTEM-11ARG,SYSTEM-19ASP,SYSTEM-16ARG,SYSTEM-12THR,SYSTEM-15GLN,SYSTEM-18GLU,SYSTEM-21ARG
6	7	333.2		55.5		SYSTEM-11ARG,SYSTEM-8LYS,SYSTEM-16ARG,SYSTEM-19ASP,SYSTEM-15GLN,SYSTEM-18GLU,SYSTEM-21ARG
7	7	404.8		67.5		SYSTEM-11ARG,SYSTEM-8LYS,SYSTEM-16ARG,SYSTEM-12THR,SYSTEM-15GLN,SYSTEM-18GLU,SYSTEM-21ARG
8	8	472.7		67.5		SYSTEM-11ARG,SYSTEM-16ARG,SYSTEM-19ASP,SYSTEM-15GLN,SYSTEM-18GLU,SYSTEM-22LEU,SYSTEM-25GLU,SYSTEM-21ARG
9	8	544.3		77.8		SYSTEM-11ARG,SYSTEM-16ARG,SYSTEM-12THR,SYSTEM-15GLN,SYSTEM-18GLU,SYSTEM-22LEU,SYSTEM-25GLU,SYSTEM-21ARG
10	9	542.9		67.9		SYSTEM-11ARG,SYSTEM-19ASP,SYSTEM-16ARG,SYSTEM-12THR,SYSTEM-15GLN,SYSTEM-18GLU,SYSTEM-22LEU,SYSTEM-25GLU,SYSTEM-21ARG
11	9	488.6		61.1		SYSTEM-11ARG,SYSTEM-8LYS,SYSTEM-16ARG,SYSTEM-19ASP,SYSTEM-15GLN,SYSTEM-18GLU,SYSTEM-22LEU,SYSTEM-25GLU,SYSTEM-21ARG
12	9	560.2		70.0		SYSTEM-11ARG,SYSTEM-8LYS,SYSTEM-16ARG,SYSTEM-12THR,SYSTEM-15GLN,SYSTEM-18GLU,SYSTEM-22LEU,SYSTEM-25GLU,SYSTEM-21ARG
13	10	668.1		74.2		SYSTEM-11ARG,SYSTEM-8LYS,SYSTEM-104ASP,SYSTEM-108PHE,SYSTEM-106ASP,SYSTEM-16ARG,SYSTEM-19ASP,SYSTEM-15GLN,SYSTEM-18GLU,SYSTEM-21ARG
14	10	739.7		82.2		SYSTEM-11ARG,SYSTEM-8LYS,SYSTEM-104ASP,SYSTEM-108PHE,SYSTEM-106ASP,SYSTEM-16ARG,SYSTEM-12THR,SYSTEM-15GLN,SYSTEM-18GLU,SYSTEM-21ARG
15	10	571.2		63.5		SYSTEM-11ARG,SYSTEM-8LYS,SYSTEM-104ASP,SYSTEM-107GLY,SYSTEM-106ASP,SYSTEM-16ARG,SYSTEM-19ASP,SYSTEM-15GLN,SYSTEM-18GLU,SYSTEM-21ARG
16	10	642.8		71.4		SYSTEM-11ARG,SYSTEM-8LYS,SYSTEM-104ASP,SYSTEM-107GLY,SYSTEM-106ASP,SYSTEM-16ARG,SYSTEM-12THR,SYSTEM-15GLN,SYSTEM-18GLU,SYSTEM-21ARG
17	10	536.6		59.6		SYSTEM-11ARG,SYSTEM-7PHE,SYSTEM-10ARG,SYSTEM-6THR,SYSTEM-8LYS,SYSTEM-16ARG,SYSTEM-19ASP,SYSTEM-15GLN,SYSTEM-18GLU,SYSTEM-21ARG
18	10	608.2		67.6		SYSTEM-11ARG,SYSTEM-7PHE,SYSTEM-10ARG,SYSTEM-6THR,SYSTEM-8LYS,SYSTEM-16ARG,SYSTEM-12THR,SYSTEM-15GLN,SYSTEM-18GLU,SYSTEM-21ARG
19	10	502.8		55.9		SYSTEM-11ARG,SYSTEM-7PHE,SYSTEM-36GLU,SYSTEM-6THR,SYSTEM-8LYS,SYSTEM-16ARG,SYSTEM-19ASP,SYSTEM-15GLN,SYSTEM-18GLU,SYSTEM-21ARG
20	10	574.4		63.8		SYSTEM-11ARG,SYSTEM-7PHE,SYSTEM-36GLU,SYSTEM-6THR,SYSTEM-8LYS,SYSTEM-16ARG,SYSTEM-12THR,SYSTEM-15GLN,SYSTEM-18GLU,SYSTEM-21ARG
21	10	724.0		80.4		SYSTEM-11ARG,SYSTEM-16ARG,SYSTEM-20VAL,SYSTEM-24ARG,SYSTEM-27HIS,SYSTEM-23ILE,SYSTEM-19ASP,SYSTEM-15GLN,SYSTEM-18GLU,SYSTEM-21ARG
22	11	794.2		79.4		SYSTEM-11ARG,SYSTEM-19ASP,SYSTEM-23ILE,SYSTEM-27HIS,SYSTEM-24ARG,SYSTEM-20VAL,SYSTEM-16ARG,SYSTEM-12THR,SYSTEM-15GLN,SYSTEM-18GLU,SYSTEM-21ARG
23	11	730.4		73.0		SYSTEM-11ARG,SYSTEM-8LYS,SYSTEM-104ASP,SYSTEM-108PHE,SYSTEM-106ASP,SYSTEM-110TYR,SYSTEM-16ARG,SYSTEM-19ASP,SYSTEM-15GLN,SYSTEM-18GLU,SYSTEM-21ARG
24	11	802.0		80.2		SYSTEM-11ARG,SYSTEM-8LYS,SYSTEM-104ASP,SYSTEM-108PHE,SYSTEM-106ASP,SYSTEM-110TYR,SYSTEM-16ARG,SYSTEM-12THR,SYSTEM-15GLN,SYSTEM-18GLU,SYSTEM-21ARG
25	11	633.5		63.4		SYSTEM-11ARG,SYSTEM-8LYS,SYSTEM-104ASP,SYSTEM-107GLY,SYSTEM-106ASP,SYSTEM-110TYR,SYSTEM-16ARG,SYSTEM-19ASP,SYSTEM-15GLN,SYSTEM-18GLU,SYSTEM-21ARG
26	11	705.1		70.5		SYSTEM-11ARG,SYSTEM-8LYS,SYSTEM-104ASP,SYSTEM-107GLY,SYSTEM-106ASP,SYSTEM-110TYR,SYSTEM-16ARG,SYSTEM-12THR,SYSTEM-15GLN,SYSTEM-18GLU,SYSTEM-21ARG
27	11	739.9		74.0		SYSTEM-11ARG,SYSTEM-8LYS,SYSTEM-16ARG,SYSTEM-20VAL,SYSTEM-24ARG,SYSTEM-27HIS,SYSTEM-23ILE,SYSTEM-19ASP,SYSTEM-15GLN,SYSTEM-18GLU,SYSTEM-21ARG
28	11	850.4		85.0		SYSTEM-11ARG,SYSTEM-16ARG,SYSTEM-20VAL,SYSTEM-24ARG,SYSTEM-30LYS,SYSTEM-27HIS,SYSTEM-23ILE,SYSTEM-19ASP,SYSTEM-15GLN,SYSTEM-18GLU,SYSTEM-21ARG
