Graph loaded! 120 nodes, 118 edges
Node list:
	SYSTEM-1MET
	SYSTEM-2PRO
	SYSTEM-3SER
	SYSTEM-4GLU
	SYSTEM-5LYS
	SYSTEM-6THR
	SYSTEM-7PHE
	SYSTEM-8LYS
	SYSTEM-9GLN
	SYSTEM-10ARG
	SYSTEM-11ARG
	SYSTEM-12THR
	SYSTEM-13PHE
	SYSTEM-14GLU
	SYSTEM-15GLN
	SYSTEM-16ARG
	SYSTEM-17VAL
	SYSTEM-18GLU
	SYSTEM-19ASP
	SYSTEM-20VAL
	SYSTEM-21ARG
	SYSTEM-22LEU
	SYSTEM-23ILE
	SYSTEM-24ARG
	SYSTEM-25GLU
	SYSTEM-26GLN
	SYSTEM-27HIS
	SYSTEM-28PRO
	SYSTEM-29THR
	SYSTEM-30LYS
	SYSTEM-31ILE
	SYSTEM-32PRO
	SYSTEM-33VAL
	SYSTEM-34ILE
	SYSTEM-35ILE
	SYSTEM-36GLU
	SYSTEM-37ARG
	SYSTEM-38TYR
	SYSTEM-39LYS
	SYSTEM-40GLY
	SYSTEM-41GLU
	SYSTEM-42LYS
	SYSTEM-43GLN
	SYSTEM-44LEU
	SYSTEM-45PRO
	SYSTEM-46VAL
	SYSTEM-47LEU
	SYSTEM-48ASP
	SYSTEM-49LYS
	SYSTEM-50THR
	SYSTEM-51LYS
	SYSTEM-52PHE
	SYSTEM-53LEU
	SYSTEM-54VAL
	SYSTEM-55PRO
	SYSTEM-56ASP
	SYSTEM-57HIS
	SYSTEM-58VAL
	SYSTEM-59ASN
	SYSTEM-60MET
	SYSTEM-61SER
	SYSTEM-62GLU
	SYSTEM-63LEU
	SYSTEM-64ILE
	SYSTEM-65LYS
	SYSTEM-66ILE
	SYSTEM-67ILE
	SYSTEM-68ARG
	SYSTEM-69ARG
	SYSTEM-70ARG
	SYSTEM-71LEU
	SYSTEM-72GLN
	SYSTEM-73LEU
	SYSTEM-74ASN
	SYSTEM-75ALA
	SYSTEM-76ASN
	SYSTEM-77GLN
	SYSTEM-78ALA
	SYSTEM-79PHE
	SYSTEM-80PHE
	SYSTEM-81LEU
	SYSTEM-82LEU
	SYSTEM-83VAL
	SYSTEM-84ASN
	SYSTEM-85GLY
	SYSTEM-86HIS
	SYSTEM-87SER
	SYSTEM-88MET
	SYSTEM-89VAL
	SYSTEM-90SER
	SYSTEM-91VAL
	SYSTEM-92SER
	SYSTEM-93THR
	SYSTEM-94PRO
	SYSTEM-95ILE
	SYSTEM-96SER
	SYSTEM-97GLU
	SYSTEM-98VAL
	SYSTEM-99TYR
	SYSTEM-100GLU
	SYSTEM-101SER
	SYSTEM-102GLU
	SYSTEM-103LYS
	SYSTEM-104ASP
	SYSTEM-105GLU
	SYSTEM-106ASP
	SYSTEM-107GLY
	SYSTEM-108PHE
	SYSTEM-109LEU
	SYSTEM-110TYR
	SYSTEM-111MET
	SYSTEM-112VAL
	SYSTEM-113TYR
	SYSTEM-114ALA
	SYSTEM-115SER
	SYSTEM-116GLN
	SYSTEM-117GLU
	SYSTEM-118THR
	SYSTEM-119PHE
	SYSTEM-120GLY
Path #	Length	Sum of weights	Average weight	Path
1	4	187.2		62.4		SYSTEM-11ARG,SYSTEM-7PHE,SYSTEM-36GLU,SYSTEM-37ARG
2	5	149.0		37.2		SYSTEM-11ARG,SYSTEM-8LYS,SYSTEM-6THR,SYSTEM-36GLU,SYSTEM-37ARG
3	6	291.6		58.3		SYSTEM-11ARG,SYSTEM-7PHE,SYSTEM-10ARG,SYSTEM-6THR,SYSTEM-36GLU,SYSTEM-37ARG
4	6	256.7		51.3		SYSTEM-11ARG,SYSTEM-16ARG,SYSTEM-8LYS,SYSTEM-6THR,SYSTEM-36GLU,SYSTEM-37ARG
5	7	255.3		42.5		SYSTEM-11ARG,SYSTEM-19ASP,SYSTEM-16ARG,SYSTEM-8LYS,SYSTEM-6THR,SYSTEM-36GLU,SYSTEM-37ARG
6	7	326.4		54.4		SYSTEM-11ARG,SYSTEM-8LYS,SYSTEM-6THR,SYSTEM-10ARG,SYSTEM-7PHE,SYSTEM-36GLU,SYSTEM-37ARG
7	8	434.1		62.0		SYSTEM-11ARG,SYSTEM-16ARG,SYSTEM-8LYS,SYSTEM-6THR,SYSTEM-10ARG,SYSTEM-7PHE,SYSTEM-36GLU,SYSTEM-37ARG
8	9	526.1		65.8		SYSTEM-11ARG,SYSTEM-19ASP,SYSTEM-15GLN,SYSTEM-12THR,SYSTEM-16ARG,SYSTEM-8LYS,SYSTEM-6THR,SYSTEM-36GLU,SYSTEM-37ARG
9	9	432.7		54.1		SYSTEM-11ARG,SYSTEM-19ASP,SYSTEM-16ARG,SYSTEM-8LYS,SYSTEM-6THR,SYSTEM-10ARG,SYSTEM-7PHE,SYSTEM-36GLU,SYSTEM-37ARG
10	9	494.7		61.8		SYSTEM-11ARG,SYSTEM-16ARG,SYSTEM-106ASP,SYSTEM-107GLY,SYSTEM-104ASP,SYSTEM-8LYS,SYSTEM-6THR,SYSTEM-36GLU,SYSTEM-37ARG
11	9	591.6		74.0		SYSTEM-11ARG,SYSTEM-16ARG,SYSTEM-106ASP,SYSTEM-108PHE,SYSTEM-104ASP,SYSTEM-8LYS,SYSTEM-6THR,SYSTEM-36GLU,SYSTEM-37ARG
12	10	493.3		54.8		SYSTEM-11ARG,SYSTEM-19ASP,SYSTEM-16ARG,SYSTEM-106ASP,SYSTEM-107GLY,SYSTEM-104ASP,SYSTEM-8LYS,SYSTEM-6THR,SYSTEM-36GLU,SYSTEM-37ARG
13	10	590.2		65.6		SYSTEM-11ARG,SYSTEM-19ASP,SYSTEM-16ARG,SYSTEM-106ASP,SYSTEM-108PHE,SYSTEM-104ASP,SYSTEM-8LYS,SYSTEM-6THR,SYSTEM-36GLU,SYSTEM-37ARG
14	10	557.0		61.9		SYSTEM-11ARG,SYSTEM-16ARG,SYSTEM-110TYR,SYSTEM-106ASP,SYSTEM-107GLY,SYSTEM-104ASP,SYSTEM-8LYS,SYSTEM-6THR,SYSTEM-36GLU,SYSTEM-37ARG
15	10	653.9		72.7		SYSTEM-11ARG,SYSTEM-16ARG,SYSTEM-110TYR,SYSTEM-106ASP,SYSTEM-108PHE,SYSTEM-104ASP,SYSTEM-8LYS,SYSTEM-6THR,SYSTEM-36GLU,SYSTEM-37ARG
16	11	662.0		66.2		SYSTEM-11ARG,SYSTEM-19ASP,SYSTEM-23ILE,SYSTEM-27HIS,SYSTEM-24ARG,SYSTEM-20VAL,SYSTEM-16ARG,SYSTEM-8LYS,SYSTEM-6THR,SYSTEM-36GLU,SYSTEM-37ARG
17	11	703.5		70.3		SYSTEM-11ARG,SYSTEM-19ASP,SYSTEM-15GLN,SYSTEM-12THR,SYSTEM-16ARG,SYSTEM-8LYS,SYSTEM-6THR,SYSTEM-10ARG,SYSTEM-7PHE,SYSTEM-36GLU,SYSTEM-37ARG
18	11	555.6		55.6		SYSTEM-11ARG,SYSTEM-19ASP,SYSTEM-16ARG,SYSTEM-110TYR,SYSTEM-106ASP,SYSTEM-107GLY,SYSTEM-104ASP,SYSTEM-8LYS,SYSTEM-6THR,SYSTEM-36GLU,SYSTEM-37ARG
19	11	652.5		65.2		SYSTEM-11ARG,SYSTEM-19ASP,SYSTEM-16ARG,SYSTEM-110TYR,SYSTEM-106ASP,SYSTEM-108PHE,SYSTEM-104ASP,SYSTEM-8LYS,SYSTEM-6THR,SYSTEM-36GLU,SYSTEM-37ARG
20	11	672.1		67.2		SYSTEM-11ARG,SYSTEM-16ARG,SYSTEM-106ASP,SYSTEM-107GLY,SYSTEM-104ASP,SYSTEM-8LYS,SYSTEM-6THR,SYSTEM-10ARG,SYSTEM-7PHE,SYSTEM-36GLU,SYSTEM-37ARG
21	11	769.0		76.9		SYSTEM-11ARG,SYSTEM-16ARG,SYSTEM-106ASP,SYSTEM-108PHE,SYSTEM-104ASP,SYSTEM-8LYS,SYSTEM-6THR,SYSTEM-10ARG,SYSTEM-7PHE,SYSTEM-36GLU,SYSTEM-37ARG
