Graph loaded! 120 nodes, 118 edges
Node list:
	SYSTEM-1MET
	SYSTEM-2PRO
	SYSTEM-3SER
	SYSTEM-4GLU
	SYSTEM-5LYS
	SYSTEM-6THR
	SYSTEM-7PHE
	SYSTEM-8LYS
	SYSTEM-9GLN
	SYSTEM-10ARG
	SYSTEM-11ARG
	SYSTEM-12THR
	SYSTEM-13PHE
	SYSTEM-14GLU
	SYSTEM-15GLN
	SYSTEM-16ARG
	SYSTEM-17VAL
	SYSTEM-18GLU
	SYSTEM-19ASP
	SYSTEM-20VAL
	SYSTEM-21ARG
	SYSTEM-22LEU
	SYSTEM-23ILE
	SYSTEM-24ARG
	SYSTEM-25GLU
	SYSTEM-26GLN
	SYSTEM-27HIS
	SYSTEM-28PRO
	SYSTEM-29THR
	SYSTEM-30LYS
	SYSTEM-31ILE
	SYSTEM-32PRO
	SYSTEM-33VAL
	SYSTEM-34ILE
	SYSTEM-35ILE
	SYSTEM-36GLU
	SYSTEM-37ARG
	SYSTEM-38TYR
	SYSTEM-39LYS
	SYSTEM-40GLY
	SYSTEM-41GLU
	SYSTEM-42LYS
	SYSTEM-43GLN
	SYSTEM-44LEU
	SYSTEM-45PRO
	SYSTEM-46VAL
	SYSTEM-47LEU
	SYSTEM-48ASP
	SYSTEM-49LYS
	SYSTEM-50THR
	SYSTEM-51LYS
	SYSTEM-52PHE
	SYSTEM-53LEU
	SYSTEM-54VAL
	SYSTEM-55PRO
	SYSTEM-56ASP
	SYSTEM-57HIS
	SYSTEM-58VAL
	SYSTEM-59ASN
	SYSTEM-60MET
	SYSTEM-61SER
	SYSTEM-62GLU
	SYSTEM-63LEU
	SYSTEM-64ILE
	SYSTEM-65LYS
	SYSTEM-66ILE
	SYSTEM-67ILE
	SYSTEM-68ARG
	SYSTEM-69ARG
	SYSTEM-70ARG
	SYSTEM-71LEU
	SYSTEM-72GLN
	SYSTEM-73LEU
	SYSTEM-74ASN
	SYSTEM-75ALA
	SYSTEM-76ASN
	SYSTEM-77GLN
	SYSTEM-78ALA
	SYSTEM-79PHE
	SYSTEM-80PHE
	SYSTEM-81LEU
	SYSTEM-82LEU
	SYSTEM-83VAL
	SYSTEM-84ASN
	SYSTEM-85GLY
	SYSTEM-86HIS
	SYSTEM-87SER
	SYSTEM-88MET
	SYSTEM-89VAL
	SYSTEM-90SER
	SYSTEM-91VAL
	SYSTEM-92SER
	SYSTEM-93THR
	SYSTEM-94PRO
	SYSTEM-95ILE
	SYSTEM-96SER
	SYSTEM-97GLU
	SYSTEM-98VAL
	SYSTEM-99TYR
	SYSTEM-100GLU
	SYSTEM-101SER
	SYSTEM-102GLU
	SYSTEM-103LYS
	SYSTEM-104ASP
	SYSTEM-105GLU
	SYSTEM-106ASP
	SYSTEM-107GLY
	SYSTEM-108PHE
	SYSTEM-109LEU
	SYSTEM-110TYR
	SYSTEM-111MET
	SYSTEM-112VAL
	SYSTEM-113TYR
	SYSTEM-114ALA
	SYSTEM-115SER
	SYSTEM-116GLN
	SYSTEM-117GLU
	SYSTEM-118THR
	SYSTEM-119PHE
	SYSTEM-120GLY
Path #	Length	Sum of weights	Average weight	Path
1	6	283.1		56.6		SYSTEM-49LYS,SYSTEM-48ASP,SYSTEM-70ARG,SYSTEM-67ILE,SYSTEM-63LEU,SYSTEM-60MET
2	6	201.0		40.2		SYSTEM-49LYS,SYSTEM-48ASP,SYSTEM-70ARG,SYSTEM-66ILE,SYSTEM-63LEU,SYSTEM-60MET
3	8	469.2		67.0		SYSTEM-49LYS,SYSTEM-48ASP,SYSTEM-70ARG,SYSTEM-67ILE,SYSTEM-71LEU,SYSTEM-68ARG,SYSTEM-64ILE,SYSTEM-60MET
4	8	460.0		65.7		SYSTEM-49LYS,SYSTEM-48ASP,SYSTEM-70ARG,SYSTEM-67ILE,SYSTEM-63LEU,SYSTEM-59ASN,SYSTEM-93THR,SYSTEM-60MET
5	8	377.9		54.0		SYSTEM-49LYS,SYSTEM-48ASP,SYSTEM-70ARG,SYSTEM-66ILE,SYSTEM-63LEU,SYSTEM-59ASN,SYSTEM-93THR,SYSTEM-60MET
6	8	446.9		63.8		SYSTEM-49LYS,SYSTEM-48ASP,SYSTEM-70ARG,SYSTEM-66ILE,SYSTEM-62GLU,SYSTEM-59ASN,SYSTEM-93THR,SYSTEM-60MET
7	8	447.2		63.9		SYSTEM-49LYS,SYSTEM-48ASP,SYSTEM-70ARG,SYSTEM-66ILE,SYSTEM-62GLU,SYSTEM-59ASN,SYSTEM-63LEU,SYSTEM-60MET
8	9	506.3		63.3		SYSTEM-49LYS,SYSTEM-48ASP,SYSTEM-70ARG,SYSTEM-67ILE,SYSTEM-63LEU,SYSTEM-59ASN,SYSTEM-61SER,SYSTEM-64ILE,SYSTEM-60MET
9	9	474.5		59.3		SYSTEM-49LYS,SYSTEM-48ASP,SYSTEM-70ARG,SYSTEM-66ILE,SYSTEM-69ARG,SYSTEM-65LYS,SYSTEM-61SER,SYSTEM-64ILE,SYSTEM-60MET
10	9	424.2		53.0		SYSTEM-49LYS,SYSTEM-48ASP,SYSTEM-70ARG,SYSTEM-66ILE,SYSTEM-63LEU,SYSTEM-59ASN,SYSTEM-61SER,SYSTEM-64ILE,SYSTEM-60MET
11	9	493.2		61.7		SYSTEM-49LYS,SYSTEM-48ASP,SYSTEM-70ARG,SYSTEM-66ILE,SYSTEM-62GLU,SYSTEM-59ASN,SYSTEM-61SER,SYSTEM-64ILE,SYSTEM-60MET
12	9	501.9		62.7		SYSTEM-49LYS,SYSTEM-48ASP,SYSTEM-70ARG,SYSTEM-66ILE,SYSTEM-62GLU,SYSTEM-65LYS,SYSTEM-61SER,SYSTEM-64ILE,SYSTEM-60MET
13	10	586.4		65.2		SYSTEM-49LYS,SYSTEM-48ASP,SYSTEM-70ARG,SYSTEM-67ILE,SYSTEM-63LEU,SYSTEM-66ILE,SYSTEM-62GLU,SYSTEM-59ASN,SYSTEM-93THR,SYSTEM-60MET
14	10	526.6		58.5		SYSTEM-49LYS,SYSTEM-48ASP,SYSTEM-70ARG,SYSTEM-66ILE,SYSTEM-69ARG,SYSTEM-65LYS,SYSTEM-61SER,SYSTEM-59ASN,SYSTEM-93THR,SYSTEM-60MET
15	10	526.9		58.5		SYSTEM-49LYS,SYSTEM-48ASP,SYSTEM-70ARG,SYSTEM-66ILE,SYSTEM-69ARG,SYSTEM-65LYS,SYSTEM-61SER,SYSTEM-59ASN,SYSTEM-63LEU,SYSTEM-60MET
16	10	577.5		64.2		SYSTEM-49LYS,SYSTEM-48ASP,SYSTEM-70ARG,SYSTEM-66ILE,SYSTEM-69ARG,SYSTEM-65LYS,SYSTEM-62GLU,SYSTEM-59ASN,SYSTEM-93THR,SYSTEM-60MET
17	10	577.8		64.2		SYSTEM-49LYS,SYSTEM-48ASP,SYSTEM-70ARG,SYSTEM-66ILE,SYSTEM-69ARG,SYSTEM-65LYS,SYSTEM-62GLU,SYSTEM-59ASN,SYSTEM-63LEU,SYSTEM-60MET
18	10	587.1		65.2		SYSTEM-49LYS,SYSTEM-48ASP,SYSTEM-70ARG,SYSTEM-66ILE,SYSTEM-63LEU,SYSTEM-67ILE,SYSTEM-71LEU,SYSTEM-68ARG,SYSTEM-64ILE,SYSTEM-60MET
19	10	554.0		61.6		SYSTEM-49LYS,SYSTEM-48ASP,SYSTEM-70ARG,SYSTEM-66ILE,SYSTEM-62GLU,SYSTEM-65LYS,SYSTEM-61SER,SYSTEM-59ASN,SYSTEM-93THR,SYSTEM-60MET
20	10	554.3		61.6		SYSTEM-49LYS,SYSTEM-48ASP,SYSTEM-70ARG,SYSTEM-66ILE,SYSTEM-62GLU,SYSTEM-65LYS,SYSTEM-61SER,SYSTEM-59ASN,SYSTEM-63LEU,SYSTEM-60MET
21	11	603.9		60.4		SYSTEM-49LYS,SYSTEM-48ASP,SYSTEM-70ARG,SYSTEM-67ILE,SYSTEM-71LEU,SYSTEM-68ARG,SYSTEM-64ILE,SYSTEM-61SER,SYSTEM-59ASN,SYSTEM-93THR,SYSTEM-60MET
22	11	604.2		60.4		SYSTEM-49LYS,SYSTEM-48ASP,SYSTEM-70ARG,SYSTEM-67ILE,SYSTEM-71LEU,SYSTEM-68ARG,SYSTEM-64ILE,SYSTEM-61SER,SYSTEM-59ASN,SYSTEM-63LEU,SYSTEM-60MET
23	11	690.8		69.1		SYSTEM-49LYS,SYSTEM-48ASP,SYSTEM-70ARG,SYSTEM-67ILE,SYSTEM-63LEU,SYSTEM-59ASN,SYSTEM-62GLU,SYSTEM-65LYS,SYSTEM-61SER,SYSTEM-64ILE,SYSTEM-60MET
24	11	614.0		61.4		SYSTEM-49LYS,SYSTEM-48ASP,SYSTEM-70ARG,SYSTEM-67ILE,SYSTEM-63LEU,SYSTEM-66ILE,SYSTEM-69ARG,SYSTEM-65LYS,SYSTEM-61SER,SYSTEM-64ILE,SYSTEM-60MET
25	11	632.7		63.3		SYSTEM-49LYS,SYSTEM-48ASP,SYSTEM-70ARG,SYSTEM-67ILE,SYSTEM-63LEU,SYSTEM-66ILE,SYSTEM-62GLU,SYSTEM-59ASN,SYSTEM-61SER,SYSTEM-64ILE,SYSTEM-60MET
26	11	641.4		64.1		SYSTEM-49LYS,SYSTEM-48ASP,SYSTEM-70ARG,SYSTEM-67ILE,SYSTEM-63LEU,SYSTEM-66ILE,SYSTEM-62GLU,SYSTEM-65LYS,SYSTEM-61SER,SYSTEM-64ILE,SYSTEM-60MET
27	11	623.8		62.4		SYSTEM-49LYS,SYSTEM-48ASP,SYSTEM-70ARG,SYSTEM-66ILE,SYSTEM-69ARG,SYSTEM-65LYS,SYSTEM-62GLU,SYSTEM-59ASN,SYSTEM-61SER,SYSTEM-64ILE,SYSTEM-60MET
28	11	608.7		60.9		SYSTEM-49LYS,SYSTEM-48ASP,SYSTEM-70ARG,SYSTEM-66ILE,SYSTEM-63LEU,SYSTEM-59ASN,SYSTEM-62GLU,SYSTEM-65LYS,SYSTEM-61SER,SYSTEM-64ILE,SYSTEM-60MET
