Graph loaded! 120 nodes, 144 edges
Node list:
	SYSTEM-1MET
	SYSTEM-2PRO
	SYSTEM-3SER
	SYSTEM-4GLU
	SYSTEM-5LYS
	SYSTEM-6THR
	SYSTEM-7PHE
	SYSTEM-8LYS
	SYSTEM-9GLN
	SYSTEM-10ARG
	SYSTEM-11ARG
	SYSTEM-12THR
	SYSTEM-13PHE
	SYSTEM-14GLU
	SYSTEM-15GLN
	SYSTEM-16ARG
	SYSTEM-17VAL
	SYSTEM-18GLU
	SYSTEM-19ASP
	SYSTEM-20VAL
	SYSTEM-21ARG
	SYSTEM-22LEU
	SYSTEM-23ILE
	SYSTEM-24ARG
	SYSTEM-25GLU
	SYSTEM-26GLN
	SYSTEM-27HIS
	SYSTEM-28PRO
	SYSTEM-29THR
	SYSTEM-30LYS
	SYSTEM-31ILE
	SYSTEM-32PRO
	SYSTEM-33VAL
	SYSTEM-34ILE
	SYSTEM-35ILE
	SYSTEM-36GLU
	SYSTEM-37ARG
	SYSTEM-38TYR
	SYSTEM-39LYS
	SYSTEM-40GLY
	SYSTEM-41GLU
	SYSTEM-42LYS
	SYSTEM-43GLN
	SYSTEM-44LEU
	SYSTEM-45PRO
	SYSTEM-46VAL
	SYSTEM-47LEU
	SYSTEM-48ASP
	SYSTEM-49LYS
	SYSTEM-50THR
	SYSTEM-51LYS
	SYSTEM-52PHE
	SYSTEM-53LEU
	SYSTEM-54VAL
	SYSTEM-55PRO
	SYSTEM-56ASP
	SYSTEM-57HIS
	SYSTEM-58VAL
	SYSTEM-59ASN
	SYSTEM-60MET
	SYSTEM-61SER
	SYSTEM-62GLU
	SYSTEM-63LEU
	SYSTEM-64ILE
	SYSTEM-65LYS
	SYSTEM-66ILE
	SYSTEM-67ILE
	SYSTEM-68ARG
	SYSTEM-69ARG
	SYSTEM-70ARG
	SYSTEM-71LEU
	SYSTEM-72GLN
	SYSTEM-73LEU
	SYSTEM-74ASN
	SYSTEM-75ALA
	SYSTEM-76ASN
	SYSTEM-77GLN
	SYSTEM-78ALA
	SYSTEM-79PHE
	SYSTEM-80PHE
	SYSTEM-81LEU
	SYSTEM-82LEU
	SYSTEM-83VAL
	SYSTEM-84ASN
	SYSTEM-85GLY
	SYSTEM-86HIS
	SYSTEM-87SER
	SYSTEM-88MET
	SYSTEM-89VAL
	SYSTEM-90SER
	SYSTEM-91VAL
	SYSTEM-92SER
	SYSTEM-93THR
	SYSTEM-94PRO
	SYSTEM-95ILE
	SYSTEM-96SER
	SYSTEM-97GLU
	SYSTEM-98VAL
	SYSTEM-99TYR
	SYSTEM-100GLU
	SYSTEM-101SER
	SYSTEM-102GLU
	SYSTEM-103LYS
	SYSTEM-104ASP
	SYSTEM-105GLU
	SYSTEM-106ASP
	SYSTEM-107GLY
	SYSTEM-108PHE
	SYSTEM-109LEU
	SYSTEM-110TYR
	SYSTEM-111MET
	SYSTEM-112VAL
	SYSTEM-113TYR
	SYSTEM-114ALA
	SYSTEM-115SER
	SYSTEM-116GLN
	SYSTEM-117GLU
	SYSTEM-118THR
	SYSTEM-119PHE
	SYSTEM-120GLY
Path #	Length	Sum of weights	Average weight	Path
1	7	329.5		54.9		SYSTEM-49LYS,SYSTEM-52PHE,SYSTEM-35ILE,SYSTEM-111MET,SYSTEM-109LEU,SYSTEM-99TYR,SYSTEM-32PRO
2	7	280.2		46.7		SYSTEM-49LYS,SYSTEM-52PHE,SYSTEM-67ILE,SYSTEM-63LEU,SYSTEM-95ILE,SYSTEM-31ILE,SYSTEM-32PRO
3	8	435.1		62.2		SYSTEM-49LYS,SYSTEM-52PHE,SYSTEM-35ILE,SYSTEM-111MET,SYSTEM-33VAL,SYSTEM-109LEU,SYSTEM-99TYR,SYSTEM-32PRO
4	8	447.9		64.0		SYSTEM-49LYS,SYSTEM-52PHE,SYSTEM-35ILE,SYSTEM-111MET,SYSTEM-109LEU,SYSTEM-99TYR,SYSTEM-31ILE,SYSTEM-32PRO
5	8	402.9		57.6		SYSTEM-49LYS,SYSTEM-52PHE,SYSTEM-35ILE,SYSTEM-81LEU,SYSTEM-111MET,SYSTEM-109LEU,SYSTEM-99TYR,SYSTEM-32PRO
6	8	385.7		55.1		SYSTEM-49LYS,SYSTEM-52PHE,SYSTEM-35ILE,SYSTEM-67ILE,SYSTEM-63LEU,SYSTEM-95ILE,SYSTEM-31ILE,SYSTEM-32PRO
7	8	344.2		49.2		SYSTEM-49LYS,SYSTEM-52PHE,SYSTEM-67ILE,SYSTEM-35ILE,SYSTEM-111MET,SYSTEM-109LEU,SYSTEM-99TYR,SYSTEM-32PRO
8	8	361.8		51.7		SYSTEM-49LYS,SYSTEM-52PHE,SYSTEM-67ILE,SYSTEM-63LEU,SYSTEM-95ILE,SYSTEM-31ILE,SYSTEM-99TYR,SYSTEM-32PRO
9	8	372.6		53.2		SYSTEM-49LYS,SYSTEM-52PHE,SYSTEM-67ILE,SYSTEM-63LEU,SYSTEM-60MET,SYSTEM-95ILE,SYSTEM-31ILE,SYSTEM-32PRO
10	8	433.6		61.9		SYSTEM-49LYS,SYSTEM-52PHE,SYSTEM-67ILE,SYSTEM-63LEU,SYSTEM-54VAL,SYSTEM-95ILE,SYSTEM-31ILE,SYSTEM-32PRO
11	8	371.9		53.1		SYSTEM-49LYS,SYSTEM-52PHE,SYSTEM-67ILE,SYSTEM-81LEU,SYSTEM-111MET,SYSTEM-109LEU,SYSTEM-99TYR,SYSTEM-32PRO
12	9	553.5		69.2		SYSTEM-49LYS,SYSTEM-52PHE,SYSTEM-35ILE,SYSTEM-111MET,SYSTEM-33VAL,SYSTEM-109LEU,SYSTEM-99TYR,SYSTEM-31ILE,SYSTEM-32PRO
13	9	588.0		73.5		SYSTEM-49LYS,SYSTEM-52PHE,SYSTEM-35ILE,SYSTEM-111MET,SYSTEM-33VAL,SYSTEM-54VAL,SYSTEM-95ILE,SYSTEM-31ILE,SYSTEM-32PRO
14	9	405.4		50.7		SYSTEM-49LYS,SYSTEM-52PHE,SYSTEM-35ILE,SYSTEM-81LEU,SYSTEM-89VAL,SYSTEM-98VAL,SYSTEM-95ILE,SYSTEM-31ILE,SYSTEM-32PRO
15	9	489.1		61.1		SYSTEM-49LYS,SYSTEM-52PHE,SYSTEM-35ILE,SYSTEM-81LEU,SYSTEM-89VAL,SYSTEM-60MET,SYSTEM-95ILE,SYSTEM-31ILE,SYSTEM-32PRO
16	9	508.5		63.6		SYSTEM-49LYS,SYSTEM-52PHE,SYSTEM-35ILE,SYSTEM-81LEU,SYSTEM-111MET,SYSTEM-33VAL,SYSTEM-109LEU,SYSTEM-99TYR,SYSTEM-32PRO
17	9	521.3		65.2		SYSTEM-49LYS,SYSTEM-52PHE,SYSTEM-35ILE,SYSTEM-81LEU,SYSTEM-111MET,SYSTEM-109LEU,SYSTEM-99TYR,SYSTEM-31ILE,SYSTEM-32PRO
18	9	384.6		48.1		SYSTEM-49LYS,SYSTEM-52PHE,SYSTEM-35ILE,SYSTEM-81LEU,SYSTEM-67ILE,SYSTEM-63LEU,SYSTEM-95ILE,SYSTEM-31ILE,SYSTEM-32PRO
19	9	467.3		58.4		SYSTEM-49LYS,SYSTEM-52PHE,SYSTEM-35ILE,SYSTEM-67ILE,SYSTEM-63LEU,SYSTEM-95ILE,SYSTEM-31ILE,SYSTEM-99TYR,SYSTEM-32PRO
20	9	478.1		59.8		SYSTEM-49LYS,SYSTEM-52PHE,SYSTEM-35ILE,SYSTEM-67ILE,SYSTEM-63LEU,SYSTEM-60MET,SYSTEM-95ILE,SYSTEM-31ILE,SYSTEM-32PRO
21	9	539.1		67.4		SYSTEM-49LYS,SYSTEM-52PHE,SYSTEM-35ILE,SYSTEM-67ILE,SYSTEM-63LEU,SYSTEM-54VAL,SYSTEM-95ILE,SYSTEM-31ILE,SYSTEM-32PRO
22	9	477.4		59.7		SYSTEM-49LYS,SYSTEM-52PHE,SYSTEM-35ILE,SYSTEM-67ILE,SYSTEM-81LEU,SYSTEM-111MET,SYSTEM-109LEU,SYSTEM-99TYR,SYSTEM-32PRO
23	9	449.8		56.2		SYSTEM-49LYS,SYSTEM-52PHE,SYSTEM-67ILE,SYSTEM-35ILE,SYSTEM-111MET,SYSTEM-33VAL,SYSTEM-109LEU,SYSTEM-99TYR,SYSTEM-32PRO
24	9	462.6		57.8		SYSTEM-49LYS,SYSTEM-52PHE,SYSTEM-67ILE,SYSTEM-35ILE,SYSTEM-111MET,SYSTEM-109LEU,SYSTEM-99TYR,SYSTEM-31ILE,SYSTEM-32PRO
25	9	417.6		52.2		SYSTEM-49LYS,SYSTEM-52PHE,SYSTEM-67ILE,SYSTEM-35ILE,SYSTEM-81LEU,SYSTEM-111MET,SYSTEM-109LEU,SYSTEM-99TYR,SYSTEM-32PRO
26	9	419.1		52.4		SYSTEM-49LYS,SYSTEM-52PHE,SYSTEM-67ILE,SYSTEM-63LEU,SYSTEM-58VAL,SYSTEM-54VAL,SYSTEM-95ILE,SYSTEM-31ILE,SYSTEM-32PRO
27	9	454.2		56.8		SYSTEM-49LYS,SYSTEM-52PHE,SYSTEM-67ILE,SYSTEM-63LEU,SYSTEM-60MET,SYSTEM-95ILE,SYSTEM-31ILE,SYSTEM-99TYR,SYSTEM-32PRO
28	9	424.5		53.1		SYSTEM-49LYS,SYSTEM-52PHE,SYSTEM-67ILE,SYSTEM-63LEU,SYSTEM-60MET,SYSTEM-98VAL,SYSTEM-95ILE,SYSTEM-31ILE,SYSTEM-32PRO
29	9	515.2		64.4		SYSTEM-49LYS,SYSTEM-52PHE,SYSTEM-67ILE,SYSTEM-63LEU,SYSTEM-54VAL,SYSTEM-95ILE,SYSTEM-31ILE,SYSTEM-99TYR,SYSTEM-32PRO
30	9	453.7		56.7		SYSTEM-49LYS,SYSTEM-52PHE,SYSTEM-67ILE,SYSTEM-63LEU,SYSTEM-54VAL,SYSTEM-33VAL,SYSTEM-109LEU,SYSTEM-99TYR,SYSTEM-32PRO
31	9	374.4		46.8		SYSTEM-49LYS,SYSTEM-52PHE,SYSTEM-67ILE,SYSTEM-81LEU,SYSTEM-89VAL,SYSTEM-98VAL,SYSTEM-95ILE,SYSTEM-31ILE,SYSTEM-32PRO
32	9	458.1		57.3		SYSTEM-49LYS,SYSTEM-52PHE,SYSTEM-67ILE,SYSTEM-81LEU,SYSTEM-89VAL,SYSTEM-60MET,SYSTEM-95ILE,SYSTEM-31ILE,SYSTEM-32PRO
33	9	343.1		42.9		SYSTEM-49LYS,SYSTEM-52PHE,SYSTEM-67ILE,SYSTEM-81LEU,SYSTEM-35ILE,SYSTEM-111MET,SYSTEM-109LEU,SYSTEM-99TYR,SYSTEM-32PRO
34	9	477.5		59.7		SYSTEM-49LYS,SYSTEM-52PHE,SYSTEM-67ILE,SYSTEM-81LEU,SYSTEM-111MET,SYSTEM-33VAL,SYSTEM-109LEU,SYSTEM-99TYR,SYSTEM-32PRO
35	9	490.3		61.3		SYSTEM-49LYS,SYSTEM-52PHE,SYSTEM-67ILE,SYSTEM-81LEU,SYSTEM-111MET,SYSTEM-109LEU,SYSTEM-99TYR,SYSTEM-31ILE,SYSTEM-32PRO
36	10	669.6		74.4		SYSTEM-49LYS,SYSTEM-52PHE,SYSTEM-35ILE,SYSTEM-111MET,SYSTEM-33VAL,SYSTEM-54VAL,SYSTEM-95ILE,SYSTEM-31ILE,SYSTEM-99TYR,SYSTEM-32PRO
37	10	611.6		68.0		SYSTEM-49LYS,SYSTEM-52PHE,SYSTEM-35ILE,SYSTEM-111MET,SYSTEM-33VAL,SYSTEM-54VAL,SYSTEM-63LEU,SYSTEM-95ILE,SYSTEM-31ILE,SYSTEM-32PRO
38	10	524.0		58.2		SYSTEM-49LYS,SYSTEM-52PHE,SYSTEM-35ILE,SYSTEM-111MET,SYSTEM-81LEU,SYSTEM-89VAL,SYSTEM-98VAL,SYSTEM-95ILE,SYSTEM-31ILE,SYSTEM-32PRO
39	10	607.7		67.5		SYSTEM-49LYS,SYSTEM-52PHE,SYSTEM-35ILE,SYSTEM-111MET,SYSTEM-81LEU,SYSTEM-89VAL,SYSTEM-60MET,SYSTEM-95ILE,SYSTEM-31ILE,SYSTEM-32PRO
40	10	503.2		55.9		SYSTEM-49LYS,SYSTEM-52PHE,SYSTEM-35ILE,SYSTEM-111MET,SYSTEM-81LEU,SYSTEM-67ILE,SYSTEM-63LEU,SYSTEM-95ILE,SYSTEM-31ILE,SYSTEM-32PRO
41	10	667.8		74.2		SYSTEM-49LYS,SYSTEM-52PHE,SYSTEM-35ILE,SYSTEM-111MET,SYSTEM-109LEU,SYSTEM-33VAL,SYSTEM-54VAL,SYSTEM-95ILE,SYSTEM-31ILE,SYSTEM-32PRO
42	10	522.9		58.1		SYSTEM-49LYS,SYSTEM-52PHE,SYSTEM-35ILE,SYSTEM-81LEU,SYSTEM-89VAL,SYSTEM-98VAL,SYSTEM-60MET,SYSTEM-95ILE,SYSTEM-31ILE,SYSTEM-32PRO
43	10	487.0		54.1		SYSTEM-49LYS,SYSTEM-52PHE,SYSTEM-35ILE,SYSTEM-81LEU,SYSTEM-89VAL,SYSTEM-98VAL,SYSTEM-95ILE,SYSTEM-31ILE,SYSTEM-99TYR,SYSTEM-32PRO
44	10	570.7		63.4		SYSTEM-49LYS,SYSTEM-52PHE,SYSTEM-35ILE,SYSTEM-81LEU,SYSTEM-89VAL,SYSTEM-60MET,SYSTEM-95ILE,SYSTEM-31ILE,SYSTEM-99TYR,SYSTEM-32PRO
45	10	541.0		60.1		SYSTEM-49LYS,SYSTEM-52PHE,SYSTEM-35ILE,SYSTEM-81LEU,SYSTEM-89VAL,SYSTEM-60MET,SYSTEM-98VAL,SYSTEM-95ILE,SYSTEM-31ILE,SYSTEM-32PRO
46	10	514.5		57.2		SYSTEM-49LYS,SYSTEM-52PHE,SYSTEM-35ILE,SYSTEM-81LEU,SYSTEM-89VAL,SYSTEM-60MET,SYSTEM-63LEU,SYSTEM-95ILE,SYSTEM-31ILE,SYSTEM-32PRO
47	10	626.9		69.7		SYSTEM-49LYS,SYSTEM-52PHE,SYSTEM-35ILE,SYSTEM-81LEU,SYSTEM-111MET,SYSTEM-33VAL,SYSTEM-109LEU,SYSTEM-99TYR,SYSTEM-31ILE,SYSTEM-32PRO
48	10	661.4		73.5		SYSTEM-49LYS,SYSTEM-52PHE,SYSTEM-35ILE,SYSTEM-81LEU,SYSTEM-111MET,SYSTEM-33VAL,SYSTEM-54VAL,SYSTEM-95ILE,SYSTEM-31ILE,SYSTEM-32PRO
49	10	466.2		51.8		SYSTEM-49LYS,SYSTEM-52PHE,SYSTEM-35ILE,SYSTEM-81LEU,SYSTEM-67ILE,SYSTEM-63LEU,SYSTEM-95ILE,SYSTEM-31ILE,SYSTEM-99TYR,SYSTEM-32PRO
50	10	477.0		53.0		SYSTEM-49LYS,SYSTEM-52PHE,SYSTEM-35ILE,SYSTEM-81LEU,SYSTEM-67ILE,SYSTEM-63LEU,SYSTEM-60MET,SYSTEM-95ILE,SYSTEM-31ILE,SYSTEM-32PRO
51	10	538.0		59.8		SYSTEM-49LYS,SYSTEM-52PHE,SYSTEM-35ILE,SYSTEM-81LEU,SYSTEM-67ILE,SYSTEM-63LEU,SYSTEM-54VAL,SYSTEM-95ILE,SYSTEM-31ILE,SYSTEM-32PRO
52	10	524.6		58.3		SYSTEM-49LYS,SYSTEM-52PHE,SYSTEM-35ILE,SYSTEM-67ILE,SYSTEM-63LEU,SYSTEM-58VAL,SYSTEM-54VAL,SYSTEM-95ILE,SYSTEM-31ILE,SYSTEM-32PRO
53	10	559.7		62.2		SYSTEM-49LYS,SYSTEM-52PHE,SYSTEM-35ILE,SYSTEM-67ILE,SYSTEM-63LEU,SYSTEM-60MET,SYSTEM-95ILE,SYSTEM-31ILE,SYSTEM-99TYR,SYSTEM-32PRO
54	10	530.0		58.9		SYSTEM-49LYS,SYSTEM-52PHE,SYSTEM-35ILE,SYSTEM-67ILE,SYSTEM-63LEU,SYSTEM-60MET,SYSTEM-98VAL,SYSTEM-95ILE,SYSTEM-31ILE,SYSTEM-32PRO
55	10	620.7		69.0		SYSTEM-49LYS,SYSTEM-52PHE,SYSTEM-35ILE,SYSTEM-67ILE,SYSTEM-63LEU,SYSTEM-54VAL,SYSTEM-95ILE,SYSTEM-31ILE,SYSTEM-99TYR,SYSTEM-32PRO
56	10	559.2		62.1		SYSTEM-49LYS,SYSTEM-52PHE,SYSTEM-35ILE,SYSTEM-67ILE,SYSTEM-63LEU,SYSTEM-54VAL,SYSTEM-33VAL,SYSTEM-109LEU,SYSTEM-99TYR,SYSTEM-32PRO
57	10	479.9		53.3		SYSTEM-49LYS,SYSTEM-52PHE,SYSTEM-35ILE,SYSTEM-67ILE,SYSTEM-81LEU,SYSTEM-89VAL,SYSTEM-98VAL,SYSTEM-95ILE,SYSTEM-31ILE,SYSTEM-32PRO
58	10	563.6		62.6		SYSTEM-49LYS,SYSTEM-52PHE,SYSTEM-35ILE,SYSTEM-67ILE,SYSTEM-81LEU,SYSTEM-89VAL,SYSTEM-60MET,SYSTEM-95ILE,SYSTEM-31ILE,SYSTEM-32PRO
59	10	583.0		64.8		SYSTEM-49LYS,SYSTEM-52PHE,SYSTEM-35ILE,SYSTEM-67ILE,SYSTEM-81LEU,SYSTEM-111MET,SYSTEM-33VAL,SYSTEM-109LEU,SYSTEM-99TYR,SYSTEM-32PRO
60	10	595.8		66.2		SYSTEM-49LYS,SYSTEM-52PHE,SYSTEM-35ILE,SYSTEM-67ILE,SYSTEM-81LEU,SYSTEM-111MET,SYSTEM-109LEU,SYSTEM-99TYR,SYSTEM-31ILE,SYSTEM-32PRO
61	10	568.2		63.1		SYSTEM-49LYS,SYSTEM-52PHE,SYSTEM-67ILE,SYSTEM-35ILE,SYSTEM-111MET,SYSTEM-33VAL,SYSTEM-109LEU,SYSTEM-99TYR,SYSTEM-31ILE,SYSTEM-32PRO
62	10	602.7		67.0		SYSTEM-49LYS,SYSTEM-52PHE,SYSTEM-67ILE,SYSTEM-35ILE,SYSTEM-111MET,SYSTEM-33VAL,SYSTEM-54VAL,SYSTEM-95ILE,SYSTEM-31ILE,SYSTEM-32PRO
63	10	420.1		46.7		SYSTEM-49LYS,SYSTEM-52PHE,SYSTEM-67ILE,SYSTEM-35ILE,SYSTEM-81LEU,SYSTEM-89VAL,SYSTEM-98VAL,SYSTEM-95ILE,SYSTEM-31ILE,SYSTEM-32PRO
64	10	503.8		56.0		SYSTEM-49LYS,SYSTEM-52PHE,SYSTEM-67ILE,SYSTEM-35ILE,SYSTEM-81LEU,SYSTEM-89VAL,SYSTEM-60MET,SYSTEM-95ILE,SYSTEM-31ILE,SYSTEM-32PRO
65	10	523.2		58.1		SYSTEM-49LYS,SYSTEM-52PHE,SYSTEM-67ILE,SYSTEM-35ILE,SYSTEM-81LEU,SYSTEM-111MET,SYSTEM-33VAL,SYSTEM-109LEU,SYSTEM-99TYR,SYSTEM-32PRO
66	10	536.0		59.6		SYSTEM-49LYS,SYSTEM-52PHE,SYSTEM-67ILE,SYSTEM-35ILE,SYSTEM-81LEU,SYSTEM-111MET,SYSTEM-109LEU,SYSTEM-99TYR,SYSTEM-31ILE,SYSTEM-32PRO
67	10	479.1		53.2		SYSTEM-49LYS,SYSTEM-52PHE,SYSTEM-67ILE,SYSTEM-63LEU,SYSTEM-95ILE,SYSTEM-54VAL,SYSTEM-33VAL,SYSTEM-109LEU,SYSTEM-99TYR,SYSTEM-32PRO
68	10	500.7		55.6		SYSTEM-49LYS,SYSTEM-52PHE,SYSTEM-67ILE,SYSTEM-63LEU,SYSTEM-58VAL,SYSTEM-54VAL,SYSTEM-95ILE,SYSTEM-31ILE,SYSTEM-99TYR,SYSTEM-32PRO
69	10	439.2		48.8		SYSTEM-49LYS,SYSTEM-52PHE,SYSTEM-67ILE,SYSTEM-63LEU,SYSTEM-58VAL,SYSTEM-54VAL,SYSTEM-33VAL,SYSTEM-109LEU,SYSTEM-99TYR,SYSTEM-32PRO
70	10	550.7		61.2		SYSTEM-49LYS,SYSTEM-52PHE,SYSTEM-67ILE,SYSTEM-63LEU,SYSTEM-58VAL,SYSTEM-55PRO,SYSTEM-54VAL,SYSTEM-95ILE,SYSTEM-31ILE,SYSTEM-32PRO
71	10	521.4		57.9		SYSTEM-49LYS,SYSTEM-52PHE,SYSTEM-67ILE,SYSTEM-63LEU,SYSTEM-58VAL,SYSTEM-55PRO,SYSTEM-30LYS,SYSTEM-53LEU,SYSTEM-23ILE,SYSTEM-32PRO
72	10	506.1		56.2		SYSTEM-49LYS,SYSTEM-52PHE,SYSTEM-67ILE,SYSTEM-63LEU,SYSTEM-60MET,SYSTEM-98VAL,SYSTEM-95ILE,SYSTEM-31ILE,SYSTEM-99TYR,SYSTEM-32PRO
73	10	475.5		52.8		SYSTEM-49LYS,SYSTEM-52PHE,SYSTEM-67ILE,SYSTEM-63LEU,SYSTEM-60MET,SYSTEM-89VAL,SYSTEM-98VAL,SYSTEM-95ILE,SYSTEM-31ILE,SYSTEM-32PRO
74	10	572.1		63.6		SYSTEM-49LYS,SYSTEM-52PHE,SYSTEM-67ILE,SYSTEM-63LEU,SYSTEM-54VAL,SYSTEM-33VAL,SYSTEM-109LEU,SYSTEM-99TYR,SYSTEM-31ILE,SYSTEM-32PRO
75	10	525.9		58.4		SYSTEM-49LYS,SYSTEM-52PHE,SYSTEM-67ILE,SYSTEM-63LEU,SYSTEM-54VAL,SYSTEM-33VAL,SYSTEM-111MET,SYSTEM-109LEU,SYSTEM-99TYR,SYSTEM-32PRO
76	10	604.1		67.1		SYSTEM-49LYS,SYSTEM-52PHE,SYSTEM-67ILE,SYSTEM-63LEU,SYSTEM-54VAL,SYSTEM-55PRO,SYSTEM-30LYS,SYSTEM-53LEU,SYSTEM-23ILE,SYSTEM-32PRO
77	10	491.9		54.7		SYSTEM-49LYS,SYSTEM-52PHE,SYSTEM-67ILE,SYSTEM-81LEU,SYSTEM-89VAL,SYSTEM-98VAL,SYSTEM-60MET,SYSTEM-95ILE,SYSTEM-31ILE,SYSTEM-32PRO
78	10	456.0		50.7		SYSTEM-49LYS,SYSTEM-52PHE,SYSTEM-67ILE,SYSTEM-81LEU,SYSTEM-89VAL,SYSTEM-98VAL,SYSTEM-95ILE,SYSTEM-31ILE,SYSTEM-99TYR,SYSTEM-32PRO
79	10	539.7		60.0		SYSTEM-49LYS,SYSTEM-52PHE,SYSTEM-67ILE,SYSTEM-81LEU,SYSTEM-89VAL,SYSTEM-60MET,SYSTEM-95ILE,SYSTEM-31ILE,SYSTEM-99TYR,SYSTEM-32PRO
80	10	510.0		56.7		SYSTEM-49LYS,SYSTEM-52PHE,SYSTEM-67ILE,SYSTEM-81LEU,SYSTEM-89VAL,SYSTEM-60MET,SYSTEM-98VAL,SYSTEM-95ILE,SYSTEM-31ILE,SYSTEM-32PRO
81	10	483.5		53.7		SYSTEM-49LYS,SYSTEM-52PHE,SYSTEM-67ILE,SYSTEM-81LEU,SYSTEM-89VAL,SYSTEM-60MET,SYSTEM-63LEU,SYSTEM-95ILE,SYSTEM-31ILE,SYSTEM-32PRO
82	10	448.7		49.9		SYSTEM-49LYS,SYSTEM-52PHE,SYSTEM-67ILE,SYSTEM-81LEU,SYSTEM-35ILE,SYSTEM-111MET,SYSTEM-33VAL,SYSTEM-109LEU,SYSTEM-99TYR,SYSTEM-32PRO
83	10	461.5		51.3		SYSTEM-49LYS,SYSTEM-52PHE,SYSTEM-67ILE,SYSTEM-81LEU,SYSTEM-35ILE,SYSTEM-111MET,SYSTEM-109LEU,SYSTEM-99TYR,SYSTEM-31ILE,SYSTEM-32PRO
84	10	595.9		66.2		SYSTEM-49LYS,SYSTEM-52PHE,SYSTEM-67ILE,SYSTEM-81LEU,SYSTEM-111MET,SYSTEM-33VAL,SYSTEM-109LEU,SYSTEM-99TYR,SYSTEM-31ILE,SYSTEM-32PRO
85	10	630.4		70.0		SYSTEM-49LYS,SYSTEM-52PHE,SYSTEM-67ILE,SYSTEM-81LEU,SYSTEM-111MET,SYSTEM-33VAL,SYSTEM-54VAL,SYSTEM-95ILE,SYSTEM-31ILE,SYSTEM-32PRO
86	11	597.1		59.7		SYSTEM-49LYS,SYSTEM-52PHE,SYSTEM-35ILE,SYSTEM-111MET,SYSTEM-33VAL,SYSTEM-54VAL,SYSTEM-58VAL,SYSTEM-63LEU,SYSTEM-95ILE,SYSTEM-31ILE,SYSTEM-32PRO
87	11	693.2		69.3		SYSTEM-49LYS,SYSTEM-52PHE,SYSTEM-35ILE,SYSTEM-111MET,SYSTEM-33VAL,SYSTEM-54VAL,SYSTEM-63LEU,SYSTEM-95ILE,SYSTEM-31ILE,SYSTEM-99TYR,SYSTEM-32PRO
88	11	704.0		70.4		SYSTEM-49LYS,SYSTEM-52PHE,SYSTEM-35ILE,SYSTEM-111MET,SYSTEM-33VAL,SYSTEM-54VAL,SYSTEM-63LEU,SYSTEM-60MET,SYSTEM-95ILE,SYSTEM-31ILE,SYSTEM-32PRO
89	11	758.5		75.8		SYSTEM-49LYS,SYSTEM-52PHE,SYSTEM-35ILE,SYSTEM-111MET,SYSTEM-33VAL,SYSTEM-54VAL,SYSTEM-55PRO,SYSTEM-30LYS,SYSTEM-53LEU,SYSTEM-23ILE,SYSTEM-32PRO
90	11	641.5		64.2		SYSTEM-49LYS,SYSTEM-52PHE,SYSTEM-35ILE,SYSTEM-111MET,SYSTEM-81LEU,SYSTEM-89VAL,SYSTEM-98VAL,SYSTEM-60MET,SYSTEM-95ILE,SYSTEM-31ILE,SYSTEM-32PRO
91	11	605.6		60.6		SYSTEM-49LYS,SYSTEM-52PHE,SYSTEM-35ILE,SYSTEM-111MET,SYSTEM-81LEU,SYSTEM-89VAL,SYSTEM-98VAL,SYSTEM-95ILE,SYSTEM-31ILE,SYSTEM-99TYR,SYSTEM-32PRO
92	11	689.3		68.9		SYSTEM-49LYS,SYSTEM-52PHE,SYSTEM-35ILE,SYSTEM-111MET,SYSTEM-81LEU,SYSTEM-89VAL,SYSTEM-60MET,SYSTEM-95ILE,SYSTEM-31ILE,SYSTEM-99TYR,SYSTEM-32PRO
93	11	659.6		66.0		SYSTEM-49LYS,SYSTEM-52PHE,SYSTEM-35ILE,SYSTEM-111MET,SYSTEM-81LEU,SYSTEM-89VAL,SYSTEM-60MET,SYSTEM-98VAL,SYSTEM-95ILE,SYSTEM-31ILE,SYSTEM-32PRO
94	11	633.1		63.3		SYSTEM-49LYS,SYSTEM-52PHE,SYSTEM-35ILE,SYSTEM-111MET,SYSTEM-81LEU,SYSTEM-89VAL,SYSTEM-60MET,SYSTEM-63LEU,SYSTEM-95ILE,SYSTEM-31ILE,SYSTEM-32PRO
95	11	584.8		58.5		SYSTEM-49LYS,SYSTEM-52PHE,SYSTEM-35ILE,SYSTEM-111MET,SYSTEM-81LEU,SYSTEM-67ILE,SYSTEM-63LEU,SYSTEM-95ILE,SYSTEM-31ILE,SYSTEM-99TYR,SYSTEM-32PRO
96	11	595.6		59.6		SYSTEM-49LYS,SYSTEM-52PHE,SYSTEM-35ILE,SYSTEM-111MET,SYSTEM-81LEU,SYSTEM-67ILE,SYSTEM-63LEU,SYSTEM-60MET,SYSTEM-95ILE,SYSTEM-31ILE,SYSTEM-32PRO
97	11	656.6		65.7		SYSTEM-49LYS,SYSTEM-52PHE,SYSTEM-35ILE,SYSTEM-111MET,SYSTEM-81LEU,SYSTEM-67ILE,SYSTEM-63LEU,SYSTEM-54VAL,SYSTEM-95ILE,SYSTEM-31ILE,SYSTEM-32PRO
98	11	749.4		74.9		SYSTEM-49LYS,SYSTEM-52PHE,SYSTEM-35ILE,SYSTEM-111MET,SYSTEM-109LEU,SYSTEM-33VAL,SYSTEM-54VAL,SYSTEM-95ILE,SYSTEM-31ILE,SYSTEM-99TYR,SYSTEM-32PRO
99	11	691.4		69.1		SYSTEM-49LYS,SYSTEM-52PHE,SYSTEM-35ILE,SYSTEM-111MET,SYSTEM-109LEU,SYSTEM-33VAL,SYSTEM-54VAL,SYSTEM-63LEU,SYSTEM-95ILE,SYSTEM-31ILE,SYSTEM-32PRO
100	11	604.5		60.5		SYSTEM-49LYS,SYSTEM-52PHE,SYSTEM-35ILE,SYSTEM-81LEU,SYSTEM-89VAL,SYSTEM-98VAL,SYSTEM-60MET,SYSTEM-95ILE,SYSTEM-31ILE,SYSTEM-99TYR,SYSTEM-32PRO
101	11	548.3		54.8		SYSTEM-49LYS,SYSTEM-52PHE,SYSTEM-35ILE,SYSTEM-81LEU,SYSTEM-89VAL,SYSTEM-98VAL,SYSTEM-60MET,SYSTEM-63LEU,SYSTEM-95ILE,SYSTEM-31ILE,SYSTEM-32PRO
102	11	622.6		62.3		SYSTEM-49LYS,SYSTEM-52PHE,SYSTEM-35ILE,SYSTEM-81LEU,SYSTEM-89VAL,SYSTEM-60MET,SYSTEM-98VAL,SYSTEM-95ILE,SYSTEM-31ILE,SYSTEM-99TYR,SYSTEM-32PRO
103	11	596.1		59.6		SYSTEM-49LYS,SYSTEM-52PHE,SYSTEM-35ILE,SYSTEM-81LEU,SYSTEM-89VAL,SYSTEM-60MET,SYSTEM-63LEU,SYSTEM-95ILE,SYSTEM-31ILE,SYSTEM-99TYR,SYSTEM-32PRO
104	11	667.9		66.8		SYSTEM-49LYS,SYSTEM-52PHE,SYSTEM-35ILE,SYSTEM-81LEU,SYSTEM-89VAL,SYSTEM-60MET,SYSTEM-63LEU,SYSTEM-54VAL,SYSTEM-95ILE,SYSTEM-31ILE,SYSTEM-32PRO
105	11	743.0		74.3		SYSTEM-49LYS,SYSTEM-52PHE,SYSTEM-35ILE,SYSTEM-81LEU,SYSTEM-111MET,SYSTEM-33VAL,SYSTEM-54VAL,SYSTEM-95ILE,SYSTEM-31ILE,SYSTEM-99TYR,SYSTEM-32PRO
106	11	685.0		68.5		SYSTEM-49LYS,SYSTEM-52PHE,SYSTEM-35ILE,SYSTEM-81LEU,SYSTEM-111MET,SYSTEM-33VAL,SYSTEM-54VAL,SYSTEM-63LEU,SYSTEM-95ILE,SYSTEM-31ILE,SYSTEM-32PRO
107	11	741.2		74.1		SYSTEM-49LYS,SYSTEM-52PHE,SYSTEM-35ILE,SYSTEM-81LEU,SYSTEM-111MET,SYSTEM-109LEU,SYSTEM-33VAL,SYSTEM-54VAL,SYSTEM-95ILE,SYSTEM-31ILE,SYSTEM-32PRO
108	11	523.5		52.4		SYSTEM-49LYS,SYSTEM-52PHE,SYSTEM-35ILE,SYSTEM-81LEU,SYSTEM-67ILE,SYSTEM-63LEU,SYSTEM-58VAL,SYSTEM-54VAL,SYSTEM-95ILE,SYSTEM-31ILE,SYSTEM-32PRO
109	11	558.6		55.9		SYSTEM-49LYS,SYSTEM-52PHE,SYSTEM-35ILE,SYSTEM-81LEU,SYSTEM-67ILE,SYSTEM-63LEU,SYSTEM-60MET,SYSTEM-95ILE,SYSTEM-31ILE,SYSTEM-99TYR,SYSTEM-32PRO
110	11	528.9		52.9		SYSTEM-49LYS,SYSTEM-52PHE,SYSTEM-35ILE,SYSTEM-81LEU,SYSTEM-67ILE,SYSTEM-63LEU,SYSTEM-60MET,SYSTEM-98VAL,SYSTEM-95ILE,SYSTEM-31ILE,SYSTEM-32PRO
111	11	619.6		62.0		SYSTEM-49LYS,SYSTEM-52PHE,SYSTEM-35ILE,SYSTEM-81LEU,SYSTEM-67ILE,SYSTEM-63LEU,SYSTEM-54VAL,SYSTEM-95ILE,SYSTEM-31ILE,SYSTEM-99TYR,SYSTEM-32PRO
112	11	558.1		55.8		SYSTEM-49LYS,SYSTEM-52PHE,SYSTEM-35ILE,SYSTEM-81LEU,SYSTEM-67ILE,SYSTEM-63LEU,SYSTEM-54VAL,SYSTEM-33VAL,SYSTEM-109LEU,SYSTEM-99TYR,SYSTEM-32PRO
113	11	584.6		58.5		SYSTEM-49LYS,SYSTEM-52PHE,SYSTEM-35ILE,SYSTEM-67ILE,SYSTEM-63LEU,SYSTEM-95ILE,SYSTEM-54VAL,SYSTEM-33VAL,SYSTEM-109LEU,SYSTEM-99TYR,SYSTEM-32PRO
114	11	606.2		60.6		SYSTEM-49LYS,SYSTEM-52PHE,SYSTEM-35ILE,SYSTEM-67ILE,SYSTEM-63LEU,SYSTEM-58VAL,SYSTEM-54VAL,SYSTEM-95ILE,SYSTEM-31ILE,SYSTEM-99TYR,SYSTEM-32PRO
115	11	544.7		54.5		SYSTEM-49LYS,SYSTEM-52PHE,SYSTEM-35ILE,SYSTEM-67ILE,SYSTEM-63LEU,SYSTEM-58VAL,SYSTEM-54VAL,SYSTEM-33VAL,SYSTEM-109LEU,SYSTEM-99TYR,SYSTEM-32PRO
116	11	656.2		65.6		SYSTEM-49LYS,SYSTEM-52PHE,SYSTEM-35ILE,SYSTEM-67ILE,SYSTEM-63LEU,SYSTEM-58VAL,SYSTEM-55PRO,SYSTEM-54VAL,SYSTEM-95ILE,SYSTEM-31ILE,SYSTEM-32PRO
117	11	626.9		62.7		SYSTEM-49LYS,SYSTEM-52PHE,SYSTEM-35ILE,SYSTEM-67ILE,SYSTEM-63LEU,SYSTEM-58VAL,SYSTEM-55PRO,SYSTEM-30LYS,SYSTEM-53LEU,SYSTEM-23ILE,SYSTEM-32PRO
118	11	611.6		61.2		SYSTEM-49LYS,SYSTEM-52PHE,SYSTEM-35ILE,SYSTEM-67ILE,SYSTEM-63LEU,SYSTEM-60MET,SYSTEM-98VAL,SYSTEM-95ILE,SYSTEM-31ILE,SYSTEM-99TYR,SYSTEM-32PRO
119	11	581.0		58.1		SYSTEM-49LYS,SYSTEM-52PHE,SYSTEM-35ILE,SYSTEM-67ILE,SYSTEM-63LEU,SYSTEM-60MET,SYSTEM-89VAL,SYSTEM-98VAL,SYSTEM-95ILE,SYSTEM-31ILE,SYSTEM-32PRO
120	11	677.6		67.8		SYSTEM-49LYS,SYSTEM-52PHE,SYSTEM-35ILE,SYSTEM-67ILE,SYSTEM-63LEU,SYSTEM-54VAL,SYSTEM-33VAL,SYSTEM-109LEU,SYSTEM-99TYR,SYSTEM-31ILE,SYSTEM-32PRO
121	11	631.4		63.1		SYSTEM-49LYS,SYSTEM-52PHE,SYSTEM-35ILE,SYSTEM-67ILE,SYSTEM-63LEU,SYSTEM-54VAL,SYSTEM-33VAL,SYSTEM-111MET,SYSTEM-109LEU,SYSTEM-99TYR,SYSTEM-32PRO
122	11	709.6		71.0		SYSTEM-49LYS,SYSTEM-52PHE,SYSTEM-35ILE,SYSTEM-67ILE,SYSTEM-63LEU,SYSTEM-54VAL,SYSTEM-55PRO,SYSTEM-30LYS,SYSTEM-53LEU,SYSTEM-23ILE,SYSTEM-32PRO
123	11	597.4		59.7		SYSTEM-49LYS,SYSTEM-52PHE,SYSTEM-35ILE,SYSTEM-67ILE,SYSTEM-81LEU,SYSTEM-89VAL,SYSTEM-98VAL,SYSTEM-60MET,SYSTEM-95ILE,SYSTEM-31ILE,SYSTEM-32PRO
124	11	561.5		56.1		SYSTEM-49LYS,SYSTEM-52PHE,SYSTEM-35ILE,SYSTEM-67ILE,SYSTEM-81LEU,SYSTEM-89VAL,SYSTEM-98VAL,SYSTEM-95ILE,SYSTEM-31ILE,SYSTEM-99TYR,SYSTEM-32PRO
125	11	645.2		64.5		SYSTEM-49LYS,SYSTEM-52PHE,SYSTEM-35ILE,SYSTEM-67ILE,SYSTEM-81LEU,SYSTEM-89VAL,SYSTEM-60MET,SYSTEM-95ILE,SYSTEM-31ILE,SYSTEM-99TYR,SYSTEM-32PRO
126	11	615.5		61.5		SYSTEM-49LYS,SYSTEM-52PHE,SYSTEM-35ILE,SYSTEM-67ILE,SYSTEM-81LEU,SYSTEM-89VAL,SYSTEM-60MET,SYSTEM-98VAL,SYSTEM-95ILE,SYSTEM-31ILE,SYSTEM-32PRO
127	11	589.0		58.9		SYSTEM-49LYS,SYSTEM-52PHE,SYSTEM-35ILE,SYSTEM-67ILE,SYSTEM-81LEU,SYSTEM-89VAL,SYSTEM-60MET,SYSTEM-63LEU,SYSTEM-95ILE,SYSTEM-31ILE,SYSTEM-32PRO
128	11	701.4		70.1		SYSTEM-49LYS,SYSTEM-52PHE,SYSTEM-35ILE,SYSTEM-67ILE,SYSTEM-81LEU,SYSTEM-111MET,SYSTEM-33VAL,SYSTEM-109LEU,SYSTEM-99TYR,SYSTEM-31ILE,SYSTEM-32PRO
129	11	735.9		73.6		SYSTEM-49LYS,SYSTEM-52PHE,SYSTEM-35ILE,SYSTEM-67ILE,SYSTEM-81LEU,SYSTEM-111MET,SYSTEM-33VAL,SYSTEM-54VAL,SYSTEM-95ILE,SYSTEM-31ILE,SYSTEM-32PRO
130	11	684.3		68.4		SYSTEM-49LYS,SYSTEM-52PHE,SYSTEM-67ILE,SYSTEM-35ILE,SYSTEM-111MET,SYSTEM-33VAL,SYSTEM-54VAL,SYSTEM-95ILE,SYSTEM-31ILE,SYSTEM-99TYR,SYSTEM-32PRO
131	11	626.3		62.6		SYSTEM-49LYS,SYSTEM-52PHE,SYSTEM-67ILE,SYSTEM-35ILE,SYSTEM-111MET,SYSTEM-33VAL,SYSTEM-54VAL,SYSTEM-63LEU,SYSTEM-95ILE,SYSTEM-31ILE,SYSTEM-32PRO
132	11	538.7		53.9		SYSTEM-49LYS,SYSTEM-52PHE,SYSTEM-67ILE,SYSTEM-35ILE,SYSTEM-111MET,SYSTEM-81LEU,SYSTEM-89VAL,SYSTEM-98VAL,SYSTEM-95ILE,SYSTEM-31ILE,SYSTEM-32PRO
133	11	622.4		62.2		SYSTEM-49LYS,SYSTEM-52PHE,SYSTEM-67ILE,SYSTEM-35ILE,SYSTEM-111MET,SYSTEM-81LEU,SYSTEM-89VAL,SYSTEM-60MET,SYSTEM-95ILE,SYSTEM-31ILE,SYSTEM-32PRO
134	11	682.5		68.2		SYSTEM-49LYS,SYSTEM-52PHE,SYSTEM-67ILE,SYSTEM-35ILE,SYSTEM-111MET,SYSTEM-109LEU,SYSTEM-33VAL,SYSTEM-54VAL,SYSTEM-95ILE,SYSTEM-31ILE,SYSTEM-32PRO
135	11	537.6		53.8		SYSTEM-49LYS,SYSTEM-52PHE,SYSTEM-67ILE,SYSTEM-35ILE,SYSTEM-81LEU,SYSTEM-89VAL,SYSTEM-98VAL,SYSTEM-60MET,SYSTEM-95ILE,SYSTEM-31ILE,SYSTEM-32PRO
136	11	501.7		50.2		SYSTEM-49LYS,SYSTEM-52PHE,SYSTEM-67ILE,SYSTEM-35ILE,SYSTEM-81LEU,SYSTEM-89VAL,SYSTEM-98VAL,SYSTEM-95ILE,SYSTEM-31ILE,SYSTEM-99TYR,SYSTEM-32PRO
137	11	585.4		58.5		SYSTEM-49LYS,SYSTEM-52PHE,SYSTEM-67ILE,SYSTEM-35ILE,SYSTEM-81LEU,SYSTEM-89VAL,SYSTEM-60MET,SYSTEM-95ILE,SYSTEM-31ILE,SYSTEM-99TYR,SYSTEM-32PRO
138	11	555.7		55.6		SYSTEM-49LYS,SYSTEM-52PHE,SYSTEM-67ILE,SYSTEM-35ILE,SYSTEM-81LEU,SYSTEM-89VAL,SYSTEM-60MET,SYSTEM-98VAL,SYSTEM-95ILE,SYSTEM-31ILE,SYSTEM-32PRO
139	11	529.2		52.9		SYSTEM-49LYS,SYSTEM-52PHE,SYSTEM-67ILE,SYSTEM-35ILE,SYSTEM-81LEU,SYSTEM-89VAL,SYSTEM-60MET,SYSTEM-63LEU,SYSTEM-95ILE,SYSTEM-31ILE,SYSTEM-32PRO
140	11	641.6		64.2		SYSTEM-49LYS,SYSTEM-52PHE,SYSTEM-67ILE,SYSTEM-35ILE,SYSTEM-81LEU,SYSTEM-111MET,SYSTEM-33VAL,SYSTEM-109LEU,SYSTEM-99TYR,SYSTEM-31ILE,SYSTEM-32PRO
141	11	676.1		67.6		SYSTEM-49LYS,SYSTEM-52PHE,SYSTEM-67ILE,SYSTEM-35ILE,SYSTEM-81LEU,SYSTEM-111MET,SYSTEM-33VAL,SYSTEM-54VAL,SYSTEM-95ILE,SYSTEM-31ILE,SYSTEM-32PRO
142	11	597.5		59.8		SYSTEM-49LYS,SYSTEM-52PHE,SYSTEM-67ILE,SYSTEM-63LEU,SYSTEM-95ILE,SYSTEM-54VAL,SYSTEM-33VAL,SYSTEM-109LEU,SYSTEM-99TYR,SYSTEM-31ILE,SYSTEM-32PRO
143	11	551.3		55.1		SYSTEM-49LYS,SYSTEM-52PHE,SYSTEM-67ILE,SYSTEM-63LEU,SYSTEM-95ILE,SYSTEM-54VAL,SYSTEM-33VAL,SYSTEM-111MET,SYSTEM-109LEU,SYSTEM-99TYR,SYSTEM-32PRO
144	11	629.5		63.0		SYSTEM-49LYS,SYSTEM-52PHE,SYSTEM-67ILE,SYSTEM-63LEU,SYSTEM-95ILE,SYSTEM-54VAL,SYSTEM-55PRO,SYSTEM-30LYS,SYSTEM-53LEU,SYSTEM-23ILE,SYSTEM-32PRO
145	11	597.4		59.7		SYSTEM-49LYS,SYSTEM-52PHE,SYSTEM-67ILE,SYSTEM-63LEU,SYSTEM-58VAL,SYSTEM-57HIS,SYSTEM-55PRO,SYSTEM-54VAL,SYSTEM-95ILE,SYSTEM-31ILE,SYSTEM-32PRO
146	11	568.1		56.8		SYSTEM-49LYS,SYSTEM-52PHE,SYSTEM-67ILE,SYSTEM-63LEU,SYSTEM-58VAL,SYSTEM-57HIS,SYSTEM-55PRO,SYSTEM-30LYS,SYSTEM-53LEU,SYSTEM-23ILE,SYSTEM-32PRO
147	11	557.6		55.8		SYSTEM-49LYS,SYSTEM-52PHE,SYSTEM-67ILE,SYSTEM-63LEU,SYSTEM-58VAL,SYSTEM-54VAL,SYSTEM-33VAL,SYSTEM-109LEU,SYSTEM-99TYR,SYSTEM-31ILE,SYSTEM-32PRO
148	11	511.4		51.1		SYSTEM-49LYS,SYSTEM-52PHE,SYSTEM-67ILE,SYSTEM-63LEU,SYSTEM-58VAL,SYSTEM-54VAL,SYSTEM-33VAL,SYSTEM-111MET,SYSTEM-109LEU,SYSTEM-99TYR,SYSTEM-32PRO
149	11	589.6		59.0		SYSTEM-49LYS,SYSTEM-52PHE,SYSTEM-67ILE,SYSTEM-63LEU,SYSTEM-58VAL,SYSTEM-54VAL,SYSTEM-55PRO,SYSTEM-30LYS,SYSTEM-53LEU,SYSTEM-23ILE,SYSTEM-32PRO
150	11	632.3		63.2		SYSTEM-49LYS,SYSTEM-52PHE,SYSTEM-67ILE,SYSTEM-63LEU,SYSTEM-58VAL,SYSTEM-55PRO,SYSTEM-54VAL,SYSTEM-95ILE,SYSTEM-31ILE,SYSTEM-99TYR,SYSTEM-32PRO
151	11	570.8		57.1		SYSTEM-49LYS,SYSTEM-52PHE,SYSTEM-67ILE,SYSTEM-63LEU,SYSTEM-58VAL,SYSTEM-55PRO,SYSTEM-54VAL,SYSTEM-33VAL,SYSTEM-109LEU,SYSTEM-99TYR,SYSTEM-32PRO
152	11	547.5		54.8		SYSTEM-49LYS,SYSTEM-52PHE,SYSTEM-67ILE,SYSTEM-63LEU,SYSTEM-58VAL,SYSTEM-55PRO,SYSTEM-30LYS,SYSTEM-27HIS,SYSTEM-53LEU,SYSTEM-23ILE,SYSTEM-32PRO
153	11	571.5		57.1		SYSTEM-49LYS,SYSTEM-52PHE,SYSTEM-67ILE,SYSTEM-63LEU,SYSTEM-60MET,SYSTEM-95ILE,SYSTEM-54VAL,SYSTEM-33VAL,SYSTEM-109LEU,SYSTEM-99TYR,SYSTEM-32PRO
154	11	557.1		55.7		SYSTEM-49LYS,SYSTEM-52PHE,SYSTEM-67ILE,SYSTEM-63LEU,SYSTEM-60MET,SYSTEM-89VAL,SYSTEM-98VAL,SYSTEM-95ILE,SYSTEM-31ILE,SYSTEM-99TYR,SYSTEM-32PRO
155	11	547.4		54.7		SYSTEM-49LYS,SYSTEM-52PHE,SYSTEM-67ILE,SYSTEM-63LEU,SYSTEM-60MET,SYSTEM-89VAL,SYSTEM-81LEU,SYSTEM-111MET,SYSTEM-109LEU,SYSTEM-99TYR,SYSTEM-32PRO
156	11	637.1		63.7		SYSTEM-49LYS,SYSTEM-52PHE,SYSTEM-67ILE,SYSTEM-63LEU,SYSTEM-54VAL,SYSTEM-58VAL,SYSTEM-55PRO,SYSTEM-30LYS,SYSTEM-53LEU,SYSTEM-23ILE,SYSTEM-32PRO
157	11	644.3		64.4		SYSTEM-49LYS,SYSTEM-52PHE,SYSTEM-67ILE,SYSTEM-63LEU,SYSTEM-54VAL,SYSTEM-33VAL,SYSTEM-111MET,SYSTEM-109LEU,SYSTEM-99TYR,SYSTEM-31ILE,SYSTEM-32PRO
158	11	630.2		63.0		SYSTEM-49LYS,SYSTEM-52PHE,SYSTEM-67ILE,SYSTEM-63LEU,SYSTEM-54VAL,SYSTEM-55PRO,SYSTEM-30LYS,SYSTEM-27HIS,SYSTEM-53LEU,SYSTEM-23ILE,SYSTEM-32PRO
159	11	573.5		57.4		SYSTEM-49LYS,SYSTEM-52PHE,SYSTEM-67ILE,SYSTEM-81LEU,SYSTEM-89VAL,SYSTEM-98VAL,SYSTEM-60MET,SYSTEM-95ILE,SYSTEM-31ILE,SYSTEM-99TYR,SYSTEM-32PRO
160	11	517.3		51.7		SYSTEM-49LYS,SYSTEM-52PHE,SYSTEM-67ILE,SYSTEM-81LEU,SYSTEM-89VAL,SYSTEM-98VAL,SYSTEM-60MET,SYSTEM-63LEU,SYSTEM-95ILE,SYSTEM-31ILE,SYSTEM-32PRO
161	11	591.6		59.2		SYSTEM-49LYS,SYSTEM-52PHE,SYSTEM-67ILE,SYSTEM-81LEU,SYSTEM-89VAL,SYSTEM-60MET,SYSTEM-98VAL,SYSTEM-95ILE,SYSTEM-31ILE,SYSTEM-99TYR,SYSTEM-32PRO
162	11	565.1		56.5		SYSTEM-49LYS,SYSTEM-52PHE,SYSTEM-67ILE,SYSTEM-81LEU,SYSTEM-89VAL,SYSTEM-60MET,SYSTEM-63LEU,SYSTEM-95ILE,SYSTEM-31ILE,SYSTEM-99TYR,SYSTEM-32PRO
163	11	636.9		63.7		SYSTEM-49LYS,SYSTEM-52PHE,SYSTEM-67ILE,SYSTEM-81LEU,SYSTEM-89VAL,SYSTEM-60MET,SYSTEM-63LEU,SYSTEM-54VAL,SYSTEM-95ILE,SYSTEM-31ILE,SYSTEM-32PRO
164	11	567.1		56.7		SYSTEM-49LYS,SYSTEM-52PHE,SYSTEM-67ILE,SYSTEM-81LEU,SYSTEM-35ILE,SYSTEM-111MET,SYSTEM-33VAL,SYSTEM-109LEU,SYSTEM-99TYR,SYSTEM-31ILE,SYSTEM-32PRO
165	11	601.6		60.2		SYSTEM-49LYS,SYSTEM-52PHE,SYSTEM-67ILE,SYSTEM-81LEU,SYSTEM-35ILE,SYSTEM-111MET,SYSTEM-33VAL,SYSTEM-54VAL,SYSTEM-95ILE,SYSTEM-31ILE,SYSTEM-32PRO
166	11	712.0		71.2		SYSTEM-49LYS,SYSTEM-52PHE,SYSTEM-67ILE,SYSTEM-81LEU,SYSTEM-111MET,SYSTEM-33VAL,SYSTEM-54VAL,SYSTEM-95ILE,SYSTEM-31ILE,SYSTEM-99TYR,SYSTEM-32PRO
167	11	654.0		65.4		SYSTEM-49LYS,SYSTEM-52PHE,SYSTEM-67ILE,SYSTEM-81LEU,SYSTEM-111MET,SYSTEM-33VAL,SYSTEM-54VAL,SYSTEM-63LEU,SYSTEM-95ILE,SYSTEM-31ILE,SYSTEM-32PRO
168	11	710.2		71.0		SYSTEM-49LYS,SYSTEM-52PHE,SYSTEM-67ILE,SYSTEM-81LEU,SYSTEM-111MET,SYSTEM-109LEU,SYSTEM-33VAL,SYSTEM-54VAL,SYSTEM-95ILE,SYSTEM-31ILE,SYSTEM-32PRO
