Graph loaded! 120 nodes, 54 edges
Node list:
	SYSTEM-1MET
	SYSTEM-2PRO
	SYSTEM-3SER
	SYSTEM-4GLU
	SYSTEM-5LYS
	SYSTEM-6THR
	SYSTEM-7PHE
	SYSTEM-8LYS
	SYSTEM-9GLN
	SYSTEM-10ARG
	SYSTEM-11ARG
	SYSTEM-12THR
	SYSTEM-13PHE
	SYSTEM-14GLU
	SYSTEM-15GLN
	SYSTEM-16ARG
	SYSTEM-17VAL
	SYSTEM-18GLU
	SYSTEM-19ASP
	SYSTEM-20VAL
	SYSTEM-21ARG
	SYSTEM-22LEU
	SYSTEM-23ILE
	SYSTEM-24ARG
	SYSTEM-25GLU
	SYSTEM-26GLN
	SYSTEM-27HIS
	SYSTEM-28PRO
	SYSTEM-29THR
	SYSTEM-30LYS
	SYSTEM-31ILE
	SYSTEM-32PRO
	SYSTEM-33VAL
	SYSTEM-34ILE
	SYSTEM-35ILE
	SYSTEM-36GLU
	SYSTEM-37ARG
	SYSTEM-38TYR
	SYSTEM-39LYS
	SYSTEM-40GLY
	SYSTEM-41GLU
	SYSTEM-42LYS
	SYSTEM-43GLN
	SYSTEM-44LEU
	SYSTEM-45PRO
	SYSTEM-46VAL
	SYSTEM-47LEU
	SYSTEM-48ASP
	SYSTEM-49LYS
	SYSTEM-50THR
	SYSTEM-51LYS
	SYSTEM-52PHE
	SYSTEM-53LEU
	SYSTEM-54VAL
	SYSTEM-55PRO
	SYSTEM-56ASP
	SYSTEM-57HIS
	SYSTEM-58VAL
	SYSTEM-59ASN
	SYSTEM-60MET
	SYSTEM-61SER
	SYSTEM-62GLU
	SYSTEM-63LEU
	SYSTEM-64ILE
	SYSTEM-65LYS
	SYSTEM-66ILE
	SYSTEM-67ILE
	SYSTEM-68ARG
	SYSTEM-69ARG
	SYSTEM-70ARG
	SYSTEM-71LEU
	SYSTEM-72GLN
	SYSTEM-73LEU
	SYSTEM-74ASN
	SYSTEM-75ALA
	SYSTEM-76ASN
	SYSTEM-77GLN
	SYSTEM-78ALA
	SYSTEM-79PHE
	SYSTEM-80PHE
	SYSTEM-81LEU
	SYSTEM-82LEU
	SYSTEM-83VAL
	SYSTEM-84ASN
	SYSTEM-85GLY
	SYSTEM-86HIS
	SYSTEM-87SER
	SYSTEM-88MET
	SYSTEM-89VAL
	SYSTEM-90SER
	SYSTEM-91VAL
	SYSTEM-92SER
	SYSTEM-93THR
	SYSTEM-94PRO
	SYSTEM-95ILE
	SYSTEM-96SER
	SYSTEM-97GLU
	SYSTEM-98VAL
	SYSTEM-99TYR
	SYSTEM-100GLU
	SYSTEM-101SER
	SYSTEM-102GLU
	SYSTEM-103LYS
	SYSTEM-104ASP
	SYSTEM-105GLU
	SYSTEM-106ASP
	SYSTEM-107GLY
	SYSTEM-108PHE
	SYSTEM-109LEU
	SYSTEM-110TYR
	SYSTEM-111MET
	SYSTEM-112VAL
	SYSTEM-113TYR
	SYSTEM-114ALA
	SYSTEM-115SER
	SYSTEM-116GLN
	SYSTEM-117GLU
	SYSTEM-118THR
	SYSTEM-119PHE
	SYSTEM-120GLY
Connected component 1:
	 (7 elements) SYSTEM-44LEU, SYSTEM-45PRO, SYSTEM-47LEU, SYSTEM-71LEU, SYSTEM-73LEU, SYSTEM-75ALA, SYSTEM-79PHE
Connected component 2:
	 (32 elements) SYSTEM-7PHE, SYSTEM-20VAL, SYSTEM-23ILE, SYSTEM-31ILE, SYSTEM-32PRO, SYSTEM-33VAL, SYSTEM-34ILE, SYSTEM-35ILE, SYSTEM-52PHE, SYSTEM-53LEU, SYSTEM-54VAL, SYSTEM-55PRO, SYSTEM-58VAL, SYSTEM-60MET, SYSTEM-63LEU, SYSTEM-64ILE, SYSTEM-66ILE, SYSTEM-67ILE, SYSTEM-78ALA, SYSTEM-80PHE, SYSTEM-81LEU, SYSTEM-82LEU, SYSTEM-83VAL, SYSTEM-88MET, SYSTEM-89VAL, SYSTEM-95ILE, SYSTEM-98VAL, SYSTEM-108PHE, SYSTEM-109LEU, SYSTEM-111MET, SYSTEM-112VAL, SYSTEM-114ALA
Connected component 3:
	 (1 elements) SYSTEM-90SER
Connected component 4:
	 (1 elements) SYSTEM-120GLY
Connected component 5:
	 (1 elements) SYSTEM-49LYS
Connected component 6:
	 (1 elements) SYSTEM-103LYS
Connected component 7:
	 (1 elements) SYSTEM-115SER
Connected component 8:
	 (1 elements) SYSTEM-116GLN
Connected component 9:
	 (1 elements) SYSTEM-70ARG
Connected component 10:
	 (1 elements) SYSTEM-105GLU
Connected component 11:
	 (1 elements) SYSTEM-41GLU
Connected component 12:
	 (1 elements) SYSTEM-36GLU
Connected component 13:
	 (1 elements) SYSTEM-40GLY
Connected component 14:
	 (1 elements) SYSTEM-85GLY
Connected component 15:
	 (1 elements) SYSTEM-74ASN
Connected component 16:
	 (1 elements) SYSTEM-77GLN
Connected component 17:
	 (1 elements) SYSTEM-46VAL
Connected component 18:
	 (1 elements) SYSTEM-117GLU
Connected component 19:
	 (1 elements) SYSTEM-11ARG
Connected component 20:
	 (2 elements) SYSTEM-13PHE, SYSTEM-17VAL
Connected component 21:
	 (1 elements) SYSTEM-50THR
Connected component 22:
	 (1 elements) SYSTEM-21ARG
Connected component 23:
	 (1 elements) SYSTEM-57HIS
Connected component 24:
	 (1 elements) SYSTEM-94PRO
Connected component 25:
	 (1 elements) SYSTEM-86HIS
Connected component 26:
	 (1 elements) SYSTEM-25GLU
Connected component 27:
	 (2 elements) SYSTEM-1MET, SYSTEM-2PRO
Connected component 28:
	 (1 elements) SYSTEM-29THR
Connected component 29:
	 (1 elements) SYSTEM-100GLU
Connected component 30:
	 (1 elements) SYSTEM-43GLN
Connected component 31:
	 (1 elements) SYSTEM-68ARG
Connected component 32:
	 (1 elements) SYSTEM-18GLU
Connected component 33:
	 (1 elements) SYSTEM-91VAL
Connected component 34:
	 (1 elements) SYSTEM-42LYS
Connected component 35:
	 (1 elements) SYSTEM-92SER
Connected component 36:
	 (1 elements) SYSTEM-38TYR
Connected component 37:
	 (1 elements) SYSTEM-119PHE
Connected component 38:
	 (1 elements) SYSTEM-6THR
Connected component 39:
	 (1 elements) SYSTEM-48ASP
Connected component 40:
	 (1 elements) SYSTEM-26GLN
Connected component 41:
	 (1 elements) SYSTEM-61SER
Connected component 42:
	 (1 elements) SYSTEM-19ASP
Connected component 43:
	 (1 elements) SYSTEM-14GLU
Connected component 44:
	 (1 elements) SYSTEM-4GLU
Connected component 45:
	 (1 elements) SYSTEM-5LYS
Connected component 46:
	 (1 elements) SYSTEM-37ARG
Connected component 47:
	 (1 elements) SYSTEM-104ASP
Connected component 48:
	 (1 elements) SYSTEM-51LYS
Connected component 49:
	 (1 elements) SYSTEM-102GLU
Connected component 50:
	 (1 elements) SYSTEM-84ASN
Connected component 51:
	 (1 elements) SYSTEM-118THR
Connected component 52:
	 (1 elements) SYSTEM-99TYR
Connected component 53:
	 (1 elements) SYSTEM-62GLU
Connected component 54:
	 (1 elements) SYSTEM-15GLN
Connected component 55:
	 (1 elements) SYSTEM-101SER
Connected component 56:
	 (1 elements) SYSTEM-97GLU
Connected component 57:
	 (1 elements) SYSTEM-24ARG
Connected component 58:
	 (1 elements) SYSTEM-93THR
Connected component 59:
	 (1 elements) SYSTEM-10ARG
Connected component 60:
	 (1 elements) SYSTEM-39LYS
Connected component 61:
	 (1 elements) SYSTEM-87SER
Connected component 62:
	 (1 elements) SYSTEM-65LYS
Connected component 63:
	 (1 elements) SYSTEM-8LYS
Connected component 64:
	 (1 elements) SYSTEM-96SER
Connected component 65:
	 (1 elements) SYSTEM-59ASN
Connected component 66:
	 (1 elements) SYSTEM-22LEU
Connected component 67:
	 (1 elements) SYSTEM-56ASP
Connected component 68:
	 (1 elements) SYSTEM-72GLN
Connected component 69:
	 (1 elements) SYSTEM-30LYS
Connected component 70:
	 (1 elements) SYSTEM-28PRO
Connected component 71:
	 (1 elements) SYSTEM-76ASN
Connected component 72:
	 (1 elements) SYSTEM-69ARG
Connected component 73:
	 (1 elements) SYSTEM-3SER
Connected component 74:
	 (1 elements) SYSTEM-107GLY
Connected component 75:
	 (1 elements) SYSTEM-113TYR
Connected component 76:
	 (1 elements) SYSTEM-16ARG
Connected component 77:
	 (1 elements) SYSTEM-12THR
Connected component 78:
	 (1 elements) SYSTEM-106ASP
Connected component 79:
	 (1 elements) SYSTEM-27HIS
Connected component 80:
	 (1 elements) SYSTEM-9GLN
Connected component 81:
	 (1 elements) SYSTEM-110TYR
