Graph loaded! 120 nodes, 144 edges
Node list:
	SYSTEM-1MET
	SYSTEM-2PRO
	SYSTEM-3SER
	SYSTEM-4GLU
	SYSTEM-5LYS
	SYSTEM-6THR
	SYSTEM-7PHE
	SYSTEM-8LYS
	SYSTEM-9GLN
	SYSTEM-10ARG
	SYSTEM-11ARG
	SYSTEM-12THR
	SYSTEM-13PHE
	SYSTEM-14GLU
	SYSTEM-15GLN
	SYSTEM-16ARG
	SYSTEM-17VAL
	SYSTEM-18GLU
	SYSTEM-19ASP
	SYSTEM-20VAL
	SYSTEM-21ARG
	SYSTEM-22LEU
	SYSTEM-23ILE
	SYSTEM-24ARG
	SYSTEM-25GLU
	SYSTEM-26GLN
	SYSTEM-27HIS
	SYSTEM-28PRO
	SYSTEM-29THR
	SYSTEM-30LYS
	SYSTEM-31ILE
	SYSTEM-32PRO
	SYSTEM-33VAL
	SYSTEM-34ILE
	SYSTEM-35ILE
	SYSTEM-36GLU
	SYSTEM-37ARG
	SYSTEM-38TYR
	SYSTEM-39LYS
	SYSTEM-40GLY
	SYSTEM-41GLU
	SYSTEM-42LYS
	SYSTEM-43GLN
	SYSTEM-44LEU
	SYSTEM-45PRO
	SYSTEM-46VAL
	SYSTEM-47LEU
	SYSTEM-48ASP
	SYSTEM-49LYS
	SYSTEM-50THR
	SYSTEM-51LYS
	SYSTEM-52PHE
	SYSTEM-53LEU
	SYSTEM-54VAL
	SYSTEM-55PRO
	SYSTEM-56ASP
	SYSTEM-57HIS
	SYSTEM-58VAL
	SYSTEM-59ASN
	SYSTEM-60MET
	SYSTEM-61SER
	SYSTEM-62GLU
	SYSTEM-63LEU
	SYSTEM-64ILE
	SYSTEM-65LYS
	SYSTEM-66ILE
	SYSTEM-67ILE
	SYSTEM-68ARG
	SYSTEM-69ARG
	SYSTEM-70ARG
	SYSTEM-71LEU
	SYSTEM-72GLN
	SYSTEM-73LEU
	SYSTEM-74ASN
	SYSTEM-75ALA
	SYSTEM-76ASN
	SYSTEM-77GLN
	SYSTEM-78ALA
	SYSTEM-79PHE
	SYSTEM-80PHE
	SYSTEM-81LEU
	SYSTEM-82LEU
	SYSTEM-83VAL
	SYSTEM-84ASN
	SYSTEM-85GLY
	SYSTEM-86HIS
	SYSTEM-87SER
	SYSTEM-88MET
	SYSTEM-89VAL
	SYSTEM-90SER
	SYSTEM-91VAL
	SYSTEM-92SER
	SYSTEM-93THR
	SYSTEM-94PRO
	SYSTEM-95ILE
	SYSTEM-96SER
	SYSTEM-97GLU
	SYSTEM-98VAL
	SYSTEM-99TYR
	SYSTEM-100GLU
	SYSTEM-101SER
	SYSTEM-102GLU
	SYSTEM-103LYS
	SYSTEM-104ASP
	SYSTEM-105GLU
	SYSTEM-106ASP
	SYSTEM-107GLY
	SYSTEM-108PHE
	SYSTEM-109LEU
	SYSTEM-110TYR
	SYSTEM-111MET
	SYSTEM-112VAL
	SYSTEM-113TYR
	SYSTEM-114ALA
	SYSTEM-115SER
	SYSTEM-116GLN
	SYSTEM-117GLU
	SYSTEM-118THR
	SYSTEM-119PHE
	SYSTEM-120GLY
Path #	Length	Sum of weights	Average weight	Path
1	3	120.9		60.5		SYSTEM-53LEU,SYSTEM-30LYS,SYSTEM-29THR
2	4	147.0		49.0		SYSTEM-53LEU,SYSTEM-27HIS,SYSTEM-30LYS,SYSTEM-29THR
3	9	673.0		84.1		SYSTEM-53LEU,SYSTEM-23ILE,SYSTEM-32PRO,SYSTEM-31ILE,SYSTEM-95ILE,SYSTEM-54VAL,SYSTEM-55PRO,SYSTEM-30LYS,SYSTEM-29THR
4	10	613.9		68.2		SYSTEM-53LEU,SYSTEM-23ILE,SYSTEM-32PRO,SYSTEM-31ILE,SYSTEM-95ILE,SYSTEM-63LEU,SYSTEM-58VAL,SYSTEM-55PRO,SYSTEM-30LYS,SYSTEM-29THR
5	10	696.6		77.4		SYSTEM-53LEU,SYSTEM-23ILE,SYSTEM-32PRO,SYSTEM-31ILE,SYSTEM-95ILE,SYSTEM-63LEU,SYSTEM-54VAL,SYSTEM-55PRO,SYSTEM-30LYS,SYSTEM-29THR
6	10	706.0		78.4		SYSTEM-53LEU,SYSTEM-23ILE,SYSTEM-32PRO,SYSTEM-31ILE,SYSTEM-95ILE,SYSTEM-54VAL,SYSTEM-58VAL,SYSTEM-55PRO,SYSTEM-30LYS,SYSTEM-29THR
7	10	693.1		77.0		SYSTEM-53LEU,SYSTEM-23ILE,SYSTEM-32PRO,SYSTEM-99TYR,SYSTEM-109LEU,SYSTEM-33VAL,SYSTEM-54VAL,SYSTEM-55PRO,SYSTEM-30LYS,SYSTEM-29THR
8	10	754.6		83.8		SYSTEM-53LEU,SYSTEM-23ILE,SYSTEM-32PRO,SYSTEM-99TYR,SYSTEM-31ILE,SYSTEM-95ILE,SYSTEM-54VAL,SYSTEM-55PRO,SYSTEM-30LYS,SYSTEM-29THR
9	11	706.3		70.6		SYSTEM-53LEU,SYSTEM-23ILE,SYSTEM-32PRO,SYSTEM-31ILE,SYSTEM-95ILE,SYSTEM-60MET,SYSTEM-63LEU,SYSTEM-58VAL,SYSTEM-55PRO,SYSTEM-30LYS,SYSTEM-29THR
10	11	789.0		78.9		SYSTEM-53LEU,SYSTEM-23ILE,SYSTEM-32PRO,SYSTEM-31ILE,SYSTEM-95ILE,SYSTEM-60MET,SYSTEM-63LEU,SYSTEM-54VAL,SYSTEM-55PRO,SYSTEM-30LYS,SYSTEM-29THR
11	11	660.6		66.1		SYSTEM-53LEU,SYSTEM-23ILE,SYSTEM-32PRO,SYSTEM-31ILE,SYSTEM-95ILE,SYSTEM-63LEU,SYSTEM-58VAL,SYSTEM-57HIS,SYSTEM-55PRO,SYSTEM-30LYS,SYSTEM-29THR
12	11	682.1		68.2		SYSTEM-53LEU,SYSTEM-23ILE,SYSTEM-32PRO,SYSTEM-31ILE,SYSTEM-95ILE,SYSTEM-63LEU,SYSTEM-58VAL,SYSTEM-54VAL,SYSTEM-55PRO,SYSTEM-30LYS,SYSTEM-29THR
13	11	729.6		73.0		SYSTEM-53LEU,SYSTEM-23ILE,SYSTEM-32PRO,SYSTEM-31ILE,SYSTEM-95ILE,SYSTEM-63LEU,SYSTEM-54VAL,SYSTEM-58VAL,SYSTEM-55PRO,SYSTEM-30LYS,SYSTEM-29THR
14	11	752.7		75.3		SYSTEM-53LEU,SYSTEM-23ILE,SYSTEM-32PRO,SYSTEM-31ILE,SYSTEM-95ILE,SYSTEM-54VAL,SYSTEM-58VAL,SYSTEM-57HIS,SYSTEM-55PRO,SYSTEM-30LYS,SYSTEM-29THR
15	11	767.3		76.7		SYSTEM-53LEU,SYSTEM-23ILE,SYSTEM-32PRO,SYSTEM-31ILE,SYSTEM-95ILE,SYSTEM-54VAL,SYSTEM-63LEU,SYSTEM-58VAL,SYSTEM-55PRO,SYSTEM-30LYS,SYSTEM-29THR
16	11	811.5		81.2		SYSTEM-53LEU,SYSTEM-23ILE,SYSTEM-32PRO,SYSTEM-31ILE,SYSTEM-99TYR,SYSTEM-109LEU,SYSTEM-33VAL,SYSTEM-54VAL,SYSTEM-55PRO,SYSTEM-30LYS,SYSTEM-29THR
17	11	765.3		76.5		SYSTEM-53LEU,SYSTEM-23ILE,SYSTEM-32PRO,SYSTEM-99TYR,SYSTEM-109LEU,SYSTEM-111MET,SYSTEM-33VAL,SYSTEM-54VAL,SYSTEM-55PRO,SYSTEM-30LYS,SYSTEM-29THR
18	11	726.1		72.6		SYSTEM-53LEU,SYSTEM-23ILE,SYSTEM-32PRO,SYSTEM-99TYR,SYSTEM-109LEU,SYSTEM-33VAL,SYSTEM-54VAL,SYSTEM-58VAL,SYSTEM-55PRO,SYSTEM-30LYS,SYSTEM-29THR
19	11	695.5		69.5		SYSTEM-53LEU,SYSTEM-23ILE,SYSTEM-32PRO,SYSTEM-99TYR,SYSTEM-31ILE,SYSTEM-95ILE,SYSTEM-63LEU,SYSTEM-58VAL,SYSTEM-55PRO,SYSTEM-30LYS,SYSTEM-29THR
20	11	778.2		77.8		SYSTEM-53LEU,SYSTEM-23ILE,SYSTEM-32PRO,SYSTEM-99TYR,SYSTEM-31ILE,SYSTEM-95ILE,SYSTEM-63LEU,SYSTEM-54VAL,SYSTEM-55PRO,SYSTEM-30LYS,SYSTEM-29THR
21	11	787.6		78.8		SYSTEM-53LEU,SYSTEM-23ILE,SYSTEM-32PRO,SYSTEM-99TYR,SYSTEM-31ILE,SYSTEM-95ILE,SYSTEM-54VAL,SYSTEM-58VAL,SYSTEM-55PRO,SYSTEM-30LYS,SYSTEM-29THR
