Graph loaded! 120 nodes, 144 edges
Node list:
	SYSTEM-1MET
	SYSTEM-2PRO
	SYSTEM-3SER
	SYSTEM-4GLU
	SYSTEM-5LYS
	SYSTEM-6THR
	SYSTEM-7PHE
	SYSTEM-8LYS
	SYSTEM-9GLN
	SYSTEM-10ARG
	SYSTEM-11ARG
	SYSTEM-12THR
	SYSTEM-13PHE
	SYSTEM-14GLU
	SYSTEM-15GLN
	SYSTEM-16ARG
	SYSTEM-17VAL
	SYSTEM-18GLU
	SYSTEM-19ASP
	SYSTEM-20VAL
	SYSTEM-21ARG
	SYSTEM-22LEU
	SYSTEM-23ILE
	SYSTEM-24ARG
	SYSTEM-25GLU
	SYSTEM-26GLN
	SYSTEM-27HIS
	SYSTEM-28PRO
	SYSTEM-29THR
	SYSTEM-30LYS
	SYSTEM-31ILE
	SYSTEM-32PRO
	SYSTEM-33VAL
	SYSTEM-34ILE
	SYSTEM-35ILE
	SYSTEM-36GLU
	SYSTEM-37ARG
	SYSTEM-38TYR
	SYSTEM-39LYS
	SYSTEM-40GLY
	SYSTEM-41GLU
	SYSTEM-42LYS
	SYSTEM-43GLN
	SYSTEM-44LEU
	SYSTEM-45PRO
	SYSTEM-46VAL
	SYSTEM-47LEU
	SYSTEM-48ASP
	SYSTEM-49LYS
	SYSTEM-50THR
	SYSTEM-51LYS
	SYSTEM-52PHE
	SYSTEM-53LEU
	SYSTEM-54VAL
	SYSTEM-55PRO
	SYSTEM-56ASP
	SYSTEM-57HIS
	SYSTEM-58VAL
	SYSTEM-59ASN
	SYSTEM-60MET
	SYSTEM-61SER
	SYSTEM-62GLU
	SYSTEM-63LEU
	SYSTEM-64ILE
	SYSTEM-65LYS
	SYSTEM-66ILE
	SYSTEM-67ILE
	SYSTEM-68ARG
	SYSTEM-69ARG
	SYSTEM-70ARG
	SYSTEM-71LEU
	SYSTEM-72GLN
	SYSTEM-73LEU
	SYSTEM-74ASN
	SYSTEM-75ALA
	SYSTEM-76ASN
	SYSTEM-77GLN
	SYSTEM-78ALA
	SYSTEM-79PHE
	SYSTEM-80PHE
	SYSTEM-81LEU
	SYSTEM-82LEU
	SYSTEM-83VAL
	SYSTEM-84ASN
	SYSTEM-85GLY
	SYSTEM-86HIS
	SYSTEM-87SER
	SYSTEM-88MET
	SYSTEM-89VAL
	SYSTEM-90SER
	SYSTEM-91VAL
	SYSTEM-92SER
	SYSTEM-93THR
	SYSTEM-94PRO
	SYSTEM-95ILE
	SYSTEM-96SER
	SYSTEM-97GLU
	SYSTEM-98VAL
	SYSTEM-99TYR
	SYSTEM-100GLU
	SYSTEM-101SER
	SYSTEM-102GLU
	SYSTEM-103LYS
	SYSTEM-104ASP
	SYSTEM-105GLU
	SYSTEM-106ASP
	SYSTEM-107GLY
	SYSTEM-108PHE
	SYSTEM-109LEU
	SYSTEM-110TYR
	SYSTEM-111MET
	SYSTEM-112VAL
	SYSTEM-113TYR
	SYSTEM-114ALA
	SYSTEM-115SER
	SYSTEM-116GLN
	SYSTEM-117GLU
	SYSTEM-118THR
	SYSTEM-119PHE
	SYSTEM-120GLY
Path #	Length	Sum of weights	Average weight	Path
1	6	415.7		83.1		SYSTEM-53LEU,SYSTEM-23ILE,SYSTEM-32PRO,SYSTEM-108PHE,SYSTEM-106ASP,SYSTEM-16ARG
2	7	529.2		88.2		SYSTEM-53LEU,SYSTEM-23ILE,SYSTEM-32PRO,SYSTEM-20VAL,SYSTEM-108PHE,SYSTEM-106ASP,SYSTEM-16ARG
3	8	242.0		34.6		SYSTEM-53LEU,SYSTEM-27HIS,SYSTEM-26GLN,SYSTEM-22LEU,SYSTEM-21ARG,SYSTEM-17VAL,SYSTEM-13PHE,SYSTEM-16ARG
4	8	480.0		68.6		SYSTEM-53LEU,SYSTEM-23ILE,SYSTEM-32PRO,SYSTEM-108PHE,SYSTEM-106ASP,SYSTEM-104ASP,SYSTEM-8LYS,SYSTEM-16ARG
5	8	518.2		74.0		SYSTEM-53LEU,SYSTEM-23ILE,SYSTEM-32PRO,SYSTEM-108PHE,SYSTEM-106ASP,SYSTEM-110TYR,SYSTEM-8LYS,SYSTEM-16ARG
6	8	559.9		80.0		SYSTEM-53LEU,SYSTEM-23ILE,SYSTEM-32PRO,SYSTEM-108PHE,SYSTEM-34ILE,SYSTEM-110TYR,SYSTEM-8LYS,SYSTEM-16ARG
7	8	573.8		82.0		SYSTEM-53LEU,SYSTEM-23ILE,SYSTEM-32PRO,SYSTEM-108PHE,SYSTEM-34ILE,SYSTEM-110TYR,SYSTEM-106ASP,SYSTEM-16ARG
8	9	338.5		42.3		SYSTEM-53LEU,SYSTEM-30LYS,SYSTEM-27HIS,SYSTEM-26GLN,SYSTEM-22LEU,SYSTEM-21ARG,SYSTEM-17VAL,SYSTEM-13PHE,SYSTEM-16ARG
9	9	593.5		74.2		SYSTEM-53LEU,SYSTEM-23ILE,SYSTEM-32PRO,SYSTEM-20VAL,SYSTEM-108PHE,SYSTEM-106ASP,SYSTEM-104ASP,SYSTEM-8LYS,SYSTEM-16ARG
10	9	631.7		79.0		SYSTEM-53LEU,SYSTEM-23ILE,SYSTEM-32PRO,SYSTEM-20VAL,SYSTEM-108PHE,SYSTEM-106ASP,SYSTEM-110TYR,SYSTEM-8LYS,SYSTEM-16ARG
11	9	673.4		84.2		SYSTEM-53LEU,SYSTEM-23ILE,SYSTEM-32PRO,SYSTEM-20VAL,SYSTEM-108PHE,SYSTEM-34ILE,SYSTEM-110TYR,SYSTEM-8LYS,SYSTEM-16ARG
12	9	687.3		85.9		SYSTEM-53LEU,SYSTEM-23ILE,SYSTEM-32PRO,SYSTEM-20VAL,SYSTEM-108PHE,SYSTEM-34ILE,SYSTEM-110TYR,SYSTEM-106ASP,SYSTEM-16ARG
13	9	638.6		79.8		SYSTEM-53LEU,SYSTEM-23ILE,SYSTEM-32PRO,SYSTEM-108PHE,SYSTEM-106ASP,SYSTEM-104ASP,SYSTEM-110TYR,SYSTEM-8LYS,SYSTEM-16ARG
14	9	536.8		67.1		SYSTEM-53LEU,SYSTEM-23ILE,SYSTEM-32PRO,SYSTEM-108PHE,SYSTEM-106ASP,SYSTEM-110TYR,SYSTEM-104ASP,SYSTEM-8LYS,SYSTEM-16ARG
15	9	578.5		72.3		SYSTEM-53LEU,SYSTEM-23ILE,SYSTEM-32PRO,SYSTEM-108PHE,SYSTEM-34ILE,SYSTEM-110TYR,SYSTEM-104ASP,SYSTEM-8LYS,SYSTEM-16ARG
16	9	694.2		86.8		SYSTEM-53LEU,SYSTEM-23ILE,SYSTEM-32PRO,SYSTEM-108PHE,SYSTEM-34ILE,SYSTEM-110TYR,SYSTEM-104ASP,SYSTEM-106ASP,SYSTEM-16ARG
17	10	784.8		87.2		SYSTEM-53LEU,SYSTEM-30LYS,SYSTEM-55PRO,SYSTEM-54VAL,SYSTEM-95ILE,SYSTEM-31ILE,SYSTEM-32PRO,SYSTEM-108PHE,SYSTEM-106ASP,SYSTEM-16ARG
18	10	752.1		83.6		SYSTEM-53LEU,SYSTEM-23ILE,SYSTEM-32PRO,SYSTEM-20VAL,SYSTEM-108PHE,SYSTEM-106ASP,SYSTEM-104ASP,SYSTEM-110TYR,SYSTEM-8LYS,SYSTEM-16ARG
19	10	650.3		72.3		SYSTEM-53LEU,SYSTEM-23ILE,SYSTEM-32PRO,SYSTEM-20VAL,SYSTEM-108PHE,SYSTEM-106ASP,SYSTEM-110TYR,SYSTEM-104ASP,SYSTEM-8LYS,SYSTEM-16ARG
20	10	692.0		76.9		SYSTEM-53LEU,SYSTEM-23ILE,SYSTEM-32PRO,SYSTEM-20VAL,SYSTEM-108PHE,SYSTEM-34ILE,SYSTEM-110TYR,SYSTEM-104ASP,SYSTEM-8LYS,SYSTEM-16ARG
21	10	807.7		89.7		SYSTEM-53LEU,SYSTEM-23ILE,SYSTEM-32PRO,SYSTEM-20VAL,SYSTEM-108PHE,SYSTEM-34ILE,SYSTEM-110TYR,SYSTEM-104ASP,SYSTEM-106ASP,SYSTEM-16ARG
22	10	734.0		81.6		SYSTEM-53LEU,SYSTEM-23ILE,SYSTEM-32PRO,SYSTEM-108PHE,SYSTEM-34ILE,SYSTEM-110TYR,SYSTEM-8LYS,SYSTEM-104ASP,SYSTEM-106ASP,SYSTEM-16ARG
23	10	638.1		70.9		SYSTEM-53LEU,SYSTEM-23ILE,SYSTEM-32PRO,SYSTEM-108PHE,SYSTEM-34ILE,SYSTEM-110TYR,SYSTEM-106ASP,SYSTEM-104ASP,SYSTEM-8LYS,SYSTEM-16ARG
24	11	810.9		81.1		SYSTEM-53LEU,SYSTEM-27HIS,SYSTEM-30LYS,SYSTEM-55PRO,SYSTEM-54VAL,SYSTEM-95ILE,SYSTEM-31ILE,SYSTEM-32PRO,SYSTEM-108PHE,SYSTEM-106ASP,SYSTEM-16ARG
25	11	898.3		89.8		SYSTEM-53LEU,SYSTEM-30LYS,SYSTEM-55PRO,SYSTEM-54VAL,SYSTEM-95ILE,SYSTEM-31ILE,SYSTEM-32PRO,SYSTEM-20VAL,SYSTEM-108PHE,SYSTEM-106ASP,SYSTEM-16ARG
26	11	866.4		86.6		SYSTEM-53LEU,SYSTEM-30LYS,SYSTEM-55PRO,SYSTEM-54VAL,SYSTEM-95ILE,SYSTEM-31ILE,SYSTEM-99TYR,SYSTEM-32PRO,SYSTEM-108PHE,SYSTEM-106ASP,SYSTEM-16ARG
27	11	804.9		80.5		SYSTEM-53LEU,SYSTEM-30LYS,SYSTEM-55PRO,SYSTEM-54VAL,SYSTEM-33VAL,SYSTEM-109LEU,SYSTEM-99TYR,SYSTEM-32PRO,SYSTEM-108PHE,SYSTEM-106ASP,SYSTEM-16ARG
28	11	808.4		80.8		SYSTEM-53LEU,SYSTEM-30LYS,SYSTEM-55PRO,SYSTEM-54VAL,SYSTEM-63LEU,SYSTEM-95ILE,SYSTEM-31ILE,SYSTEM-32PRO,SYSTEM-108PHE,SYSTEM-106ASP,SYSTEM-16ARG
29	11	817.8		81.8		SYSTEM-53LEU,SYSTEM-30LYS,SYSTEM-55PRO,SYSTEM-58VAL,SYSTEM-54VAL,SYSTEM-95ILE,SYSTEM-31ILE,SYSTEM-32PRO,SYSTEM-108PHE,SYSTEM-106ASP,SYSTEM-16ARG
30	11	725.7		72.6		SYSTEM-53LEU,SYSTEM-30LYS,SYSTEM-55PRO,SYSTEM-58VAL,SYSTEM-63LEU,SYSTEM-95ILE,SYSTEM-31ILE,SYSTEM-32PRO,SYSTEM-108PHE,SYSTEM-106ASP,SYSTEM-16ARG
31	11	847.5		84.8		SYSTEM-53LEU,SYSTEM-23ILE,SYSTEM-32PRO,SYSTEM-20VAL,SYSTEM-108PHE,SYSTEM-34ILE,SYSTEM-110TYR,SYSTEM-8LYS,SYSTEM-104ASP,SYSTEM-106ASP,SYSTEM-16ARG
32	11	751.6		75.2		SYSTEM-53LEU,SYSTEM-23ILE,SYSTEM-32PRO,SYSTEM-20VAL,SYSTEM-108PHE,SYSTEM-34ILE,SYSTEM-110TYR,SYSTEM-106ASP,SYSTEM-104ASP,SYSTEM-8LYS,SYSTEM-16ARG
