Graph loaded! 120 nodes, 118 edges
Node list:
	SYSTEM-1MET
	SYSTEM-2PRO
	SYSTEM-3SER
	SYSTEM-4GLU
	SYSTEM-5LYS
	SYSTEM-6THR
	SYSTEM-7PHE
	SYSTEM-8LYS
	SYSTEM-9GLN
	SYSTEM-10ARG
	SYSTEM-11ARG
	SYSTEM-12THR
	SYSTEM-13PHE
	SYSTEM-14GLU
	SYSTEM-15GLN
	SYSTEM-16ARG
	SYSTEM-17VAL
	SYSTEM-18GLU
	SYSTEM-19ASP
	SYSTEM-20VAL
	SYSTEM-21ARG
	SYSTEM-22LEU
	SYSTEM-23ILE
	SYSTEM-24ARG
	SYSTEM-25GLU
	SYSTEM-26GLN
	SYSTEM-27HIS
	SYSTEM-28PRO
	SYSTEM-29THR
	SYSTEM-30LYS
	SYSTEM-31ILE
	SYSTEM-32PRO
	SYSTEM-33VAL
	SYSTEM-34ILE
	SYSTEM-35ILE
	SYSTEM-36GLU
	SYSTEM-37ARG
	SYSTEM-38TYR
	SYSTEM-39LYS
	SYSTEM-40GLY
	SYSTEM-41GLU
	SYSTEM-42LYS
	SYSTEM-43GLN
	SYSTEM-44LEU
	SYSTEM-45PRO
	SYSTEM-46VAL
	SYSTEM-47LEU
	SYSTEM-48ASP
	SYSTEM-49LYS
	SYSTEM-50THR
	SYSTEM-51LYS
	SYSTEM-52PHE
	SYSTEM-53LEU
	SYSTEM-54VAL
	SYSTEM-55PRO
	SYSTEM-56ASP
	SYSTEM-57HIS
	SYSTEM-58VAL
	SYSTEM-59ASN
	SYSTEM-60MET
	SYSTEM-61SER
	SYSTEM-62GLU
	SYSTEM-63LEU
	SYSTEM-64ILE
	SYSTEM-65LYS
	SYSTEM-66ILE
	SYSTEM-67ILE
	SYSTEM-68ARG
	SYSTEM-69ARG
	SYSTEM-70ARG
	SYSTEM-71LEU
	SYSTEM-72GLN
	SYSTEM-73LEU
	SYSTEM-74ASN
	SYSTEM-75ALA
	SYSTEM-76ASN
	SYSTEM-77GLN
	SYSTEM-78ALA
	SYSTEM-79PHE
	SYSTEM-80PHE
	SYSTEM-81LEU
	SYSTEM-82LEU
	SYSTEM-83VAL
	SYSTEM-84ASN
	SYSTEM-85GLY
	SYSTEM-86HIS
	SYSTEM-87SER
	SYSTEM-88MET
	SYSTEM-89VAL
	SYSTEM-90SER
	SYSTEM-91VAL
	SYSTEM-92SER
	SYSTEM-93THR
	SYSTEM-94PRO
	SYSTEM-95ILE
	SYSTEM-96SER
	SYSTEM-97GLU
	SYSTEM-98VAL
	SYSTEM-99TYR
	SYSTEM-100GLU
	SYSTEM-101SER
	SYSTEM-102GLU
	SYSTEM-103LYS
	SYSTEM-104ASP
	SYSTEM-105GLU
	SYSTEM-106ASP
	SYSTEM-107GLY
	SYSTEM-108PHE
	SYSTEM-109LEU
	SYSTEM-110TYR
	SYSTEM-111MET
	SYSTEM-112VAL
	SYSTEM-113TYR
	SYSTEM-114ALA
	SYSTEM-115SER
	SYSTEM-116GLN
	SYSTEM-117GLU
	SYSTEM-118THR
	SYSTEM-119PHE
	SYSTEM-120GLY
Path #	Length	Sum of weights	Average weight	Path
1	4	176.9		59.0		SYSTEM-10ARG,SYSTEM-6THR,SYSTEM-8LYS,SYSTEM-16ARG
2	4	242.4		80.8		SYSTEM-10ARG,SYSTEM-7PHE,SYSTEM-11ARG,SYSTEM-16ARG
3	5	269.2		67.3		SYSTEM-10ARG,SYSTEM-6THR,SYSTEM-8LYS,SYSTEM-11ARG,SYSTEM-16ARG
4	5	241.0		60.2		SYSTEM-10ARG,SYSTEM-7PHE,SYSTEM-11ARG,SYSTEM-19ASP,SYSTEM-16ARG
5	5	258.3		64.6		SYSTEM-10ARG,SYSTEM-7PHE,SYSTEM-11ARG,SYSTEM-8LYS,SYSTEM-16ARG
6	6	267.8		53.6		SYSTEM-10ARG,SYSTEM-6THR,SYSTEM-8LYS,SYSTEM-11ARG,SYSTEM-19ASP,SYSTEM-16ARG
7	6	378.0		75.6		SYSTEM-10ARG,SYSTEM-6THR,SYSTEM-36GLU,SYSTEM-7PHE,SYSTEM-11ARG,SYSTEM-16ARG
8	6	255.5		51.1		SYSTEM-10ARG,SYSTEM-7PHE,SYSTEM-36GLU,SYSTEM-6THR,SYSTEM-8LYS,SYSTEM-16ARG
9	7	511.8		85.3		SYSTEM-10ARG,SYSTEM-6THR,SYSTEM-8LYS,SYSTEM-104ASP,SYSTEM-108PHE,SYSTEM-106ASP,SYSTEM-16ARG
10	7	414.9		69.1		SYSTEM-10ARG,SYSTEM-6THR,SYSTEM-8LYS,SYSTEM-104ASP,SYSTEM-107GLY,SYSTEM-106ASP,SYSTEM-16ARG
11	7	376.6		62.8		SYSTEM-10ARG,SYSTEM-6THR,SYSTEM-36GLU,SYSTEM-7PHE,SYSTEM-11ARG,SYSTEM-19ASP,SYSTEM-16ARG
12	7	393.9		65.7		SYSTEM-10ARG,SYSTEM-6THR,SYSTEM-36GLU,SYSTEM-7PHE,SYSTEM-11ARG,SYSTEM-8LYS,SYSTEM-16ARG
13	7	511.8		85.3		SYSTEM-10ARG,SYSTEM-7PHE,SYSTEM-11ARG,SYSTEM-19ASP,SYSTEM-15GLN,SYSTEM-12THR,SYSTEM-16ARG
14	7	347.8		58.0		SYSTEM-10ARG,SYSTEM-7PHE,SYSTEM-36GLU,SYSTEM-6THR,SYSTEM-8LYS,SYSTEM-11ARG,SYSTEM-16ARG
15	8	538.6		76.9		SYSTEM-10ARG,SYSTEM-6THR,SYSTEM-8LYS,SYSTEM-11ARG,SYSTEM-19ASP,SYSTEM-15GLN,SYSTEM-12THR,SYSTEM-16ARG
16	8	574.1		82.0		SYSTEM-10ARG,SYSTEM-6THR,SYSTEM-8LYS,SYSTEM-104ASP,SYSTEM-108PHE,SYSTEM-106ASP,SYSTEM-110TYR,SYSTEM-16ARG
17	8	477.2		68.2		SYSTEM-10ARG,SYSTEM-6THR,SYSTEM-8LYS,SYSTEM-104ASP,SYSTEM-107GLY,SYSTEM-106ASP,SYSTEM-110TYR,SYSTEM-16ARG
18	8	593.2		84.7		SYSTEM-10ARG,SYSTEM-7PHE,SYSTEM-11ARG,SYSTEM-8LYS,SYSTEM-104ASP,SYSTEM-108PHE,SYSTEM-106ASP,SYSTEM-16ARG
19	8	496.3		70.9		SYSTEM-10ARG,SYSTEM-7PHE,SYSTEM-11ARG,SYSTEM-8LYS,SYSTEM-104ASP,SYSTEM-107GLY,SYSTEM-106ASP,SYSTEM-16ARG
20	8	346.4		49.5		SYSTEM-10ARG,SYSTEM-7PHE,SYSTEM-36GLU,SYSTEM-6THR,SYSTEM-8LYS,SYSTEM-11ARG,SYSTEM-19ASP,SYSTEM-16ARG
21	9	647.4		80.9		SYSTEM-10ARG,SYSTEM-6THR,SYSTEM-36GLU,SYSTEM-7PHE,SYSTEM-11ARG,SYSTEM-19ASP,SYSTEM-15GLN,SYSTEM-12THR,SYSTEM-16ARG
22	9	647.7		81.0		SYSTEM-10ARG,SYSTEM-7PHE,SYSTEM-11ARG,SYSTEM-19ASP,SYSTEM-23ILE,SYSTEM-27HIS,SYSTEM-24ARG,SYSTEM-20VAL,SYSTEM-16ARG
23	9	655.5		81.9		SYSTEM-10ARG,SYSTEM-7PHE,SYSTEM-11ARG,SYSTEM-8LYS,SYSTEM-104ASP,SYSTEM-108PHE,SYSTEM-106ASP,SYSTEM-110TYR,SYSTEM-16ARG
24	9	558.6		69.8		SYSTEM-10ARG,SYSTEM-7PHE,SYSTEM-11ARG,SYSTEM-8LYS,SYSTEM-104ASP,SYSTEM-107GLY,SYSTEM-106ASP,SYSTEM-110TYR,SYSTEM-16ARG
25	9	590.4		73.8		SYSTEM-10ARG,SYSTEM-7PHE,SYSTEM-36GLU,SYSTEM-6THR,SYSTEM-8LYS,SYSTEM-104ASP,SYSTEM-108PHE,SYSTEM-106ASP,SYSTEM-16ARG
26	9	493.5		61.7		SYSTEM-10ARG,SYSTEM-7PHE,SYSTEM-36GLU,SYSTEM-6THR,SYSTEM-8LYS,SYSTEM-104ASP,SYSTEM-107GLY,SYSTEM-106ASP,SYSTEM-16ARG
27	10	674.5		74.9		SYSTEM-10ARG,SYSTEM-6THR,SYSTEM-8LYS,SYSTEM-11ARG,SYSTEM-19ASP,SYSTEM-23ILE,SYSTEM-27HIS,SYSTEM-24ARG,SYSTEM-20VAL,SYSTEM-16ARG
28	10	728.8		81.0		SYSTEM-10ARG,SYSTEM-6THR,SYSTEM-36GLU,SYSTEM-7PHE,SYSTEM-11ARG,SYSTEM-8LYS,SYSTEM-104ASP,SYSTEM-108PHE,SYSTEM-106ASP,SYSTEM-16ARG
29	10	631.9		70.2		SYSTEM-10ARG,SYSTEM-6THR,SYSTEM-36GLU,SYSTEM-7PHE,SYSTEM-11ARG,SYSTEM-8LYS,SYSTEM-104ASP,SYSTEM-107GLY,SYSTEM-106ASP,SYSTEM-16ARG
30	10	774.1		86.0		SYSTEM-10ARG,SYSTEM-7PHE,SYSTEM-11ARG,SYSTEM-19ASP,SYSTEM-23ILE,SYSTEM-27HIS,SYSTEM-30LYS,SYSTEM-24ARG,SYSTEM-20VAL,SYSTEM-16ARG
31	10	617.2		68.6		SYSTEM-10ARG,SYSTEM-7PHE,SYSTEM-36GLU,SYSTEM-6THR,SYSTEM-8LYS,SYSTEM-11ARG,SYSTEM-19ASP,SYSTEM-15GLN,SYSTEM-12THR,SYSTEM-16ARG
32	10	652.7		72.5		SYSTEM-10ARG,SYSTEM-7PHE,SYSTEM-36GLU,SYSTEM-6THR,SYSTEM-8LYS,SYSTEM-104ASP,SYSTEM-108PHE,SYSTEM-106ASP,SYSTEM-110TYR,SYSTEM-16ARG
33	10	555.8		61.8		SYSTEM-10ARG,SYSTEM-7PHE,SYSTEM-36GLU,SYSTEM-6THR,SYSTEM-8LYS,SYSTEM-104ASP,SYSTEM-107GLY,SYSTEM-106ASP,SYSTEM-110TYR,SYSTEM-16ARG
34	11	800.9		80.1		SYSTEM-10ARG,SYSTEM-6THR,SYSTEM-8LYS,SYSTEM-11ARG,SYSTEM-19ASP,SYSTEM-23ILE,SYSTEM-27HIS,SYSTEM-30LYS,SYSTEM-24ARG,SYSTEM-20VAL,SYSTEM-16ARG
35	11	783.3		78.3		SYSTEM-10ARG,SYSTEM-6THR,SYSTEM-36GLU,SYSTEM-7PHE,SYSTEM-11ARG,SYSTEM-19ASP,SYSTEM-23ILE,SYSTEM-27HIS,SYSTEM-24ARG,SYSTEM-20VAL,SYSTEM-16ARG
36	11	791.1		79.1		SYSTEM-10ARG,SYSTEM-6THR,SYSTEM-36GLU,SYSTEM-7PHE,SYSTEM-11ARG,SYSTEM-8LYS,SYSTEM-104ASP,SYSTEM-108PHE,SYSTEM-106ASP,SYSTEM-110TYR,SYSTEM-16ARG
37	11	694.2		69.4		SYSTEM-10ARG,SYSTEM-6THR,SYSTEM-36GLU,SYSTEM-7PHE,SYSTEM-11ARG,SYSTEM-8LYS,SYSTEM-104ASP,SYSTEM-107GLY,SYSTEM-106ASP,SYSTEM-110TYR,SYSTEM-16ARG
