Graph loaded! 120 nodes, 144 edges
Node list:
	SYSTEM-1MET
	SYSTEM-2PRO
	SYSTEM-3SER
	SYSTEM-4GLU
	SYSTEM-5LYS
	SYSTEM-6THR
	SYSTEM-7PHE
	SYSTEM-8LYS
	SYSTEM-9GLN
	SYSTEM-10ARG
	SYSTEM-11ARG
	SYSTEM-12THR
	SYSTEM-13PHE
	SYSTEM-14GLU
	SYSTEM-15GLN
	SYSTEM-16ARG
	SYSTEM-17VAL
	SYSTEM-18GLU
	SYSTEM-19ASP
	SYSTEM-20VAL
	SYSTEM-21ARG
	SYSTEM-22LEU
	SYSTEM-23ILE
	SYSTEM-24ARG
	SYSTEM-25GLU
	SYSTEM-26GLN
	SYSTEM-27HIS
	SYSTEM-28PRO
	SYSTEM-29THR
	SYSTEM-30LYS
	SYSTEM-31ILE
	SYSTEM-32PRO
	SYSTEM-33VAL
	SYSTEM-34ILE
	SYSTEM-35ILE
	SYSTEM-36GLU
	SYSTEM-37ARG
	SYSTEM-38TYR
	SYSTEM-39LYS
	SYSTEM-40GLY
	SYSTEM-41GLU
	SYSTEM-42LYS
	SYSTEM-43GLN
	SYSTEM-44LEU
	SYSTEM-45PRO
	SYSTEM-46VAL
	SYSTEM-47LEU
	SYSTEM-48ASP
	SYSTEM-49LYS
	SYSTEM-50THR
	SYSTEM-51LYS
	SYSTEM-52PHE
	SYSTEM-53LEU
	SYSTEM-54VAL
	SYSTEM-55PRO
	SYSTEM-56ASP
	SYSTEM-57HIS
	SYSTEM-58VAL
	SYSTEM-59ASN
	SYSTEM-60MET
	SYSTEM-61SER
	SYSTEM-62GLU
	SYSTEM-63LEU
	SYSTEM-64ILE
	SYSTEM-65LYS
	SYSTEM-66ILE
	SYSTEM-67ILE
	SYSTEM-68ARG
	SYSTEM-69ARG
	SYSTEM-70ARG
	SYSTEM-71LEU
	SYSTEM-72GLN
	SYSTEM-73LEU
	SYSTEM-74ASN
	SYSTEM-75ALA
	SYSTEM-76ASN
	SYSTEM-77GLN
	SYSTEM-78ALA
	SYSTEM-79PHE
	SYSTEM-80PHE
	SYSTEM-81LEU
	SYSTEM-82LEU
	SYSTEM-83VAL
	SYSTEM-84ASN
	SYSTEM-85GLY
	SYSTEM-86HIS
	SYSTEM-87SER
	SYSTEM-88MET
	SYSTEM-89VAL
	SYSTEM-90SER
	SYSTEM-91VAL
	SYSTEM-92SER
	SYSTEM-93THR
	SYSTEM-94PRO
	SYSTEM-95ILE
	SYSTEM-96SER
	SYSTEM-97GLU
	SYSTEM-98VAL
	SYSTEM-99TYR
	SYSTEM-100GLU
	SYSTEM-101SER
	SYSTEM-102GLU
	SYSTEM-103LYS
	SYSTEM-104ASP
	SYSTEM-105GLU
	SYSTEM-106ASP
	SYSTEM-107GLY
	SYSTEM-108PHE
	SYSTEM-109LEU
	SYSTEM-110TYR
	SYSTEM-111MET
	SYSTEM-112VAL
	SYSTEM-113TYR
	SYSTEM-114ALA
	SYSTEM-115SER
	SYSTEM-116GLN
	SYSTEM-117GLU
	SYSTEM-118THR
	SYSTEM-119PHE
	SYSTEM-120GLY
Path #	Length	Sum of weights	Average weight	Path
1	4	188.8		62.9		SYSTEM-57HIS,SYSTEM-55PRO,SYSTEM-30LYS,SYSTEM-29THR
2	5	300.9		75.2		SYSTEM-57HIS,SYSTEM-58VAL,SYSTEM-55PRO,SYSTEM-30LYS,SYSTEM-29THR
3	6	369.1		73.8		SYSTEM-57HIS,SYSTEM-58VAL,SYSTEM-54VAL,SYSTEM-55PRO,SYSTEM-30LYS,SYSTEM-29THR
4	7	430.4		71.7		SYSTEM-57HIS,SYSTEM-58VAL,SYSTEM-63LEU,SYSTEM-54VAL,SYSTEM-55PRO,SYSTEM-30LYS,SYSTEM-29THR
5	8	455.8		65.1		SYSTEM-57HIS,SYSTEM-58VAL,SYSTEM-63LEU,SYSTEM-95ILE,SYSTEM-54VAL,SYSTEM-55PRO,SYSTEM-30LYS,SYSTEM-29THR
6	9	548.2		68.5		SYSTEM-57HIS,SYSTEM-58VAL,SYSTEM-63LEU,SYSTEM-60MET,SYSTEM-95ILE,SYSTEM-54VAL,SYSTEM-55PRO,SYSTEM-30LYS,SYSTEM-29THR
7	10	684.8		76.1		SYSTEM-57HIS,SYSTEM-58VAL,SYSTEM-54VAL,SYSTEM-95ILE,SYSTEM-31ILE,SYSTEM-32PRO,SYSTEM-23ILE,SYSTEM-53LEU,SYSTEM-30LYS,SYSTEM-29THR
8	10	592.7		65.9		SYSTEM-57HIS,SYSTEM-58VAL,SYSTEM-63LEU,SYSTEM-95ILE,SYSTEM-31ILE,SYSTEM-32PRO,SYSTEM-23ILE,SYSTEM-53LEU,SYSTEM-30LYS,SYSTEM-29THR
9	10	600.1		66.7		SYSTEM-57HIS,SYSTEM-58VAL,SYSTEM-63LEU,SYSTEM-60MET,SYSTEM-98VAL,SYSTEM-95ILE,SYSTEM-54VAL,SYSTEM-55PRO,SYSTEM-30LYS,SYSTEM-29THR
10	10	621.2		69.0		SYSTEM-57HIS,SYSTEM-58VAL,SYSTEM-63LEU,SYSTEM-60MET,SYSTEM-89VAL,SYSTEM-93THR,SYSTEM-94PRO,SYSTEM-96SER,SYSTEM-56ASP,SYSTEM-29THR
11	10	704.3		78.3		SYSTEM-57HIS,SYSTEM-55PRO,SYSTEM-54VAL,SYSTEM-95ILE,SYSTEM-31ILE,SYSTEM-32PRO,SYSTEM-23ILE,SYSTEM-53LEU,SYSTEM-30LYS,SYSTEM-29THR
12	11	710.9		71.1		SYSTEM-57HIS,SYSTEM-58VAL,SYSTEM-54VAL,SYSTEM-95ILE,SYSTEM-31ILE,SYSTEM-32PRO,SYSTEM-23ILE,SYSTEM-53LEU,SYSTEM-27HIS,SYSTEM-30LYS,SYSTEM-29THR
13	11	766.4		76.6		SYSTEM-57HIS,SYSTEM-58VAL,SYSTEM-54VAL,SYSTEM-95ILE,SYSTEM-31ILE,SYSTEM-99TYR,SYSTEM-32PRO,SYSTEM-23ILE,SYSTEM-53LEU,SYSTEM-30LYS,SYSTEM-29THR
14	11	653.2		65.3		SYSTEM-57HIS,SYSTEM-58VAL,SYSTEM-54VAL,SYSTEM-95ILE,SYSTEM-98VAL,SYSTEM-89VAL,SYSTEM-93THR,SYSTEM-94PRO,SYSTEM-96SER,SYSTEM-56ASP,SYSTEM-29THR
15	11	736.9		73.7		SYSTEM-57HIS,SYSTEM-58VAL,SYSTEM-54VAL,SYSTEM-95ILE,SYSTEM-60MET,SYSTEM-89VAL,SYSTEM-93THR,SYSTEM-94PRO,SYSTEM-96SER,SYSTEM-56ASP,SYSTEM-29THR
16	11	704.9		70.5		SYSTEM-57HIS,SYSTEM-58VAL,SYSTEM-54VAL,SYSTEM-33VAL,SYSTEM-109LEU,SYSTEM-99TYR,SYSTEM-32PRO,SYSTEM-23ILE,SYSTEM-53LEU,SYSTEM-30LYS,SYSTEM-29THR
17	11	708.4		70.8		SYSTEM-57HIS,SYSTEM-58VAL,SYSTEM-54VAL,SYSTEM-63LEU,SYSTEM-95ILE,SYSTEM-31ILE,SYSTEM-32PRO,SYSTEM-23ILE,SYSTEM-53LEU,SYSTEM-30LYS,SYSTEM-29THR
18	11	736.9		73.7		SYSTEM-57HIS,SYSTEM-58VAL,SYSTEM-54VAL,SYSTEM-63LEU,SYSTEM-60MET,SYSTEM-89VAL,SYSTEM-93THR,SYSTEM-94PRO,SYSTEM-96SER,SYSTEM-56ASP,SYSTEM-29THR
19	11	618.8		61.9		SYSTEM-57HIS,SYSTEM-58VAL,SYSTEM-63LEU,SYSTEM-95ILE,SYSTEM-31ILE,SYSTEM-32PRO,SYSTEM-23ILE,SYSTEM-53LEU,SYSTEM-27HIS,SYSTEM-30LYS,SYSTEM-29THR
20	11	674.3		67.4		SYSTEM-57HIS,SYSTEM-58VAL,SYSTEM-63LEU,SYSTEM-95ILE,SYSTEM-31ILE,SYSTEM-99TYR,SYSTEM-32PRO,SYSTEM-23ILE,SYSTEM-53LEU,SYSTEM-30LYS,SYSTEM-29THR
21	11	561.1		56.1		SYSTEM-57HIS,SYSTEM-58VAL,SYSTEM-63LEU,SYSTEM-95ILE,SYSTEM-98VAL,SYSTEM-89VAL,SYSTEM-93THR,SYSTEM-94PRO,SYSTEM-96SER,SYSTEM-56ASP,SYSTEM-29THR
22	11	644.8		64.5		SYSTEM-57HIS,SYSTEM-58VAL,SYSTEM-63LEU,SYSTEM-95ILE,SYSTEM-60MET,SYSTEM-89VAL,SYSTEM-93THR,SYSTEM-94PRO,SYSTEM-96SER,SYSTEM-56ASP,SYSTEM-29THR
23	11	685.1		68.5		SYSTEM-57HIS,SYSTEM-58VAL,SYSTEM-63LEU,SYSTEM-60MET,SYSTEM-95ILE,SYSTEM-31ILE,SYSTEM-32PRO,SYSTEM-23ILE,SYSTEM-53LEU,SYSTEM-30LYS,SYSTEM-29THR
24	11	655.0		65.5		SYSTEM-57HIS,SYSTEM-58VAL,SYSTEM-63LEU,SYSTEM-60MET,SYSTEM-98VAL,SYSTEM-89VAL,SYSTEM-93THR,SYSTEM-94PRO,SYSTEM-96SER,SYSTEM-56ASP,SYSTEM-29THR
25	11	651.1		65.1		SYSTEM-57HIS,SYSTEM-58VAL,SYSTEM-63LEU,SYSTEM-60MET,SYSTEM-89VAL,SYSTEM-98VAL,SYSTEM-95ILE,SYSTEM-54VAL,SYSTEM-55PRO,SYSTEM-30LYS,SYSTEM-29THR
26	11	684.3		68.4		SYSTEM-57HIS,SYSTEM-58VAL,SYSTEM-63LEU,SYSTEM-60MET,SYSTEM-89VAL,SYSTEM-93THR,SYSTEM-94PRO,SYSTEM-97GLU,SYSTEM-96SER,SYSTEM-56ASP,SYSTEM-29THR
27	11	746.1		74.6		SYSTEM-57HIS,SYSTEM-58VAL,SYSTEM-63LEU,SYSTEM-54VAL,SYSTEM-95ILE,SYSTEM-31ILE,SYSTEM-32PRO,SYSTEM-23ILE,SYSTEM-53LEU,SYSTEM-30LYS,SYSTEM-29THR
28	11	645.1		64.5		SYSTEM-57HIS,SYSTEM-58VAL,SYSTEM-63LEU,SYSTEM-67ILE,SYSTEM-35ILE,SYSTEM-111MET,SYSTEM-33VAL,SYSTEM-54VAL,SYSTEM-55PRO,SYSTEM-30LYS,SYSTEM-29THR
29	11	565.7		56.6		SYSTEM-57HIS,SYSTEM-58VAL,SYSTEM-63LEU,SYSTEM-67ILE,SYSTEM-81LEU,SYSTEM-89VAL,SYSTEM-93THR,SYSTEM-94PRO,SYSTEM-96SER,SYSTEM-56ASP,SYSTEM-29THR
30	11	672.8		67.3		SYSTEM-57HIS,SYSTEM-58VAL,SYSTEM-63LEU,SYSTEM-67ILE,SYSTEM-81LEU,SYSTEM-111MET,SYSTEM-33VAL,SYSTEM-54VAL,SYSTEM-55PRO,SYSTEM-30LYS,SYSTEM-29THR
31	11	816.4		81.6		SYSTEM-57HIS,SYSTEM-58VAL,SYSTEM-55PRO,SYSTEM-54VAL,SYSTEM-95ILE,SYSTEM-31ILE,SYSTEM-32PRO,SYSTEM-23ILE,SYSTEM-53LEU,SYSTEM-30LYS,SYSTEM-29THR
32	11	730.4		73.0		SYSTEM-57HIS,SYSTEM-55PRO,SYSTEM-54VAL,SYSTEM-95ILE,SYSTEM-31ILE,SYSTEM-32PRO,SYSTEM-23ILE,SYSTEM-53LEU,SYSTEM-27HIS,SYSTEM-30LYS,SYSTEM-29THR
33	11	785.9		78.6		SYSTEM-57HIS,SYSTEM-55PRO,SYSTEM-54VAL,SYSTEM-95ILE,SYSTEM-31ILE,SYSTEM-99TYR,SYSTEM-32PRO,SYSTEM-23ILE,SYSTEM-53LEU,SYSTEM-30LYS,SYSTEM-29THR
34	11	672.7		67.3		SYSTEM-57HIS,SYSTEM-55PRO,SYSTEM-54VAL,SYSTEM-95ILE,SYSTEM-98VAL,SYSTEM-89VAL,SYSTEM-93THR,SYSTEM-94PRO,SYSTEM-96SER,SYSTEM-56ASP,SYSTEM-29THR
35	11	756.4		75.6		SYSTEM-57HIS,SYSTEM-55PRO,SYSTEM-54VAL,SYSTEM-95ILE,SYSTEM-60MET,SYSTEM-89VAL,SYSTEM-93THR,SYSTEM-94PRO,SYSTEM-96SER,SYSTEM-56ASP,SYSTEM-29THR
36	11	724.4		72.4		SYSTEM-57HIS,SYSTEM-55PRO,SYSTEM-54VAL,SYSTEM-33VAL,SYSTEM-109LEU,SYSTEM-99TYR,SYSTEM-32PRO,SYSTEM-23ILE,SYSTEM-53LEU,SYSTEM-30LYS,SYSTEM-29THR
37	11	727.9		72.8		SYSTEM-57HIS,SYSTEM-55PRO,SYSTEM-54VAL,SYSTEM-63LEU,SYSTEM-95ILE,SYSTEM-31ILE,SYSTEM-32PRO,SYSTEM-23ILE,SYSTEM-53LEU,SYSTEM-30LYS,SYSTEM-29THR
38	11	756.4		75.6		SYSTEM-57HIS,SYSTEM-55PRO,SYSTEM-54VAL,SYSTEM-63LEU,SYSTEM-60MET,SYSTEM-89VAL,SYSTEM-93THR,SYSTEM-94PRO,SYSTEM-96SER,SYSTEM-56ASP,SYSTEM-29THR
39	11	737.3		73.7		SYSTEM-57HIS,SYSTEM-55PRO,SYSTEM-58VAL,SYSTEM-54VAL,SYSTEM-95ILE,SYSTEM-31ILE,SYSTEM-32PRO,SYSTEM-23ILE,SYSTEM-53LEU,SYSTEM-30LYS,SYSTEM-29THR
40	11	645.2		64.5		SYSTEM-57HIS,SYSTEM-55PRO,SYSTEM-58VAL,SYSTEM-63LEU,SYSTEM-95ILE,SYSTEM-31ILE,SYSTEM-32PRO,SYSTEM-23ILE,SYSTEM-53LEU,SYSTEM-30LYS,SYSTEM-29THR
41	11	673.7		67.4		SYSTEM-57HIS,SYSTEM-55PRO,SYSTEM-58VAL,SYSTEM-63LEU,SYSTEM-60MET,SYSTEM-89VAL,SYSTEM-93THR,SYSTEM-94PRO,SYSTEM-96SER,SYSTEM-56ASP,SYSTEM-29THR
