Graph loaded! 120 nodes, 144 edges
Node list:
	SYSTEM-1MET
	SYSTEM-2PRO
	SYSTEM-3SER
	SYSTEM-4GLU
	SYSTEM-5LYS
	SYSTEM-6THR
	SYSTEM-7PHE
	SYSTEM-8LYS
	SYSTEM-9GLN
	SYSTEM-10ARG
	SYSTEM-11ARG
	SYSTEM-12THR
	SYSTEM-13PHE
	SYSTEM-14GLU
	SYSTEM-15GLN
	SYSTEM-16ARG
	SYSTEM-17VAL
	SYSTEM-18GLU
	SYSTEM-19ASP
	SYSTEM-20VAL
	SYSTEM-21ARG
	SYSTEM-22LEU
	SYSTEM-23ILE
	SYSTEM-24ARG
	SYSTEM-25GLU
	SYSTEM-26GLN
	SYSTEM-27HIS
	SYSTEM-28PRO
	SYSTEM-29THR
	SYSTEM-30LYS
	SYSTEM-31ILE
	SYSTEM-32PRO
	SYSTEM-33VAL
	SYSTEM-34ILE
	SYSTEM-35ILE
	SYSTEM-36GLU
	SYSTEM-37ARG
	SYSTEM-38TYR
	SYSTEM-39LYS
	SYSTEM-40GLY
	SYSTEM-41GLU
	SYSTEM-42LYS
	SYSTEM-43GLN
	SYSTEM-44LEU
	SYSTEM-45PRO
	SYSTEM-46VAL
	SYSTEM-47LEU
	SYSTEM-48ASP
	SYSTEM-49LYS
	SYSTEM-50THR
	SYSTEM-51LYS
	SYSTEM-52PHE
	SYSTEM-53LEU
	SYSTEM-54VAL
	SYSTEM-55PRO
	SYSTEM-56ASP
	SYSTEM-57HIS
	SYSTEM-58VAL
	SYSTEM-59ASN
	SYSTEM-60MET
	SYSTEM-61SER
	SYSTEM-62GLU
	SYSTEM-63LEU
	SYSTEM-64ILE
	SYSTEM-65LYS
	SYSTEM-66ILE
	SYSTEM-67ILE
	SYSTEM-68ARG
	SYSTEM-69ARG
	SYSTEM-70ARG
	SYSTEM-71LEU
	SYSTEM-72GLN
	SYSTEM-73LEU
	SYSTEM-74ASN
	SYSTEM-75ALA
	SYSTEM-76ASN
	SYSTEM-77GLN
	SYSTEM-78ALA
	SYSTEM-79PHE
	SYSTEM-80PHE
	SYSTEM-81LEU
	SYSTEM-82LEU
	SYSTEM-83VAL
	SYSTEM-84ASN
	SYSTEM-85GLY
	SYSTEM-86HIS
	SYSTEM-87SER
	SYSTEM-88MET
	SYSTEM-89VAL
	SYSTEM-90SER
	SYSTEM-91VAL
	SYSTEM-92SER
	SYSTEM-93THR
	SYSTEM-94PRO
	SYSTEM-95ILE
	SYSTEM-96SER
	SYSTEM-97GLU
	SYSTEM-98VAL
	SYSTEM-99TYR
	SYSTEM-100GLU
	SYSTEM-101SER
	SYSTEM-102GLU
	SYSTEM-103LYS
	SYSTEM-104ASP
	SYSTEM-105GLU
	SYSTEM-106ASP
	SYSTEM-107GLY
	SYSTEM-108PHE
	SYSTEM-109LEU
	SYSTEM-110TYR
	SYSTEM-111MET
	SYSTEM-112VAL
	SYSTEM-113TYR
	SYSTEM-114ALA
	SYSTEM-115SER
	SYSTEM-116GLN
	SYSTEM-117GLU
	SYSTEM-118THR
	SYSTEM-119PHE
	SYSTEM-120GLY
Path #	Length	Sum of weights	Average weight	Path
1	9	491.3		61.4		SYSTEM-53LEU,SYSTEM-30LYS,SYSTEM-55PRO,SYSTEM-54VAL,SYSTEM-95ILE,SYSTEM-98VAL,SYSTEM-89VAL,SYSTEM-88MET,SYSTEM-82LEU
2	9	575.0		71.9		SYSTEM-53LEU,SYSTEM-30LYS,SYSTEM-55PRO,SYSTEM-54VAL,SYSTEM-95ILE,SYSTEM-60MET,SYSTEM-89VAL,SYSTEM-88MET,SYSTEM-82LEU
3	9	575.0		71.9		SYSTEM-53LEU,SYSTEM-30LYS,SYSTEM-55PRO,SYSTEM-54VAL,SYSTEM-63LEU,SYSTEM-60MET,SYSTEM-89VAL,SYSTEM-88MET,SYSTEM-82LEU
4	9	492.3		61.5		SYSTEM-53LEU,SYSTEM-30LYS,SYSTEM-55PRO,SYSTEM-58VAL,SYSTEM-63LEU,SYSTEM-60MET,SYSTEM-89VAL,SYSTEM-88MET,SYSTEM-82LEU
5	9	476.6		59.6		SYSTEM-53LEU,SYSTEM-23ILE,SYSTEM-32PRO,SYSTEM-31ILE,SYSTEM-95ILE,SYSTEM-98VAL,SYSTEM-89VAL,SYSTEM-88MET,SYSTEM-82LEU
6	9	560.3		70.0		SYSTEM-53LEU,SYSTEM-23ILE,SYSTEM-32PRO,SYSTEM-31ILE,SYSTEM-95ILE,SYSTEM-60MET,SYSTEM-89VAL,SYSTEM-88MET,SYSTEM-82LEU
7	10	517.4		57.5		SYSTEM-53LEU,SYSTEM-27HIS,SYSTEM-30LYS,SYSTEM-55PRO,SYSTEM-54VAL,SYSTEM-95ILE,SYSTEM-98VAL,SYSTEM-89VAL,SYSTEM-88MET,SYSTEM-82LEU
8	10	601.1		66.8		SYSTEM-53LEU,SYSTEM-27HIS,SYSTEM-30LYS,SYSTEM-55PRO,SYSTEM-54VAL,SYSTEM-95ILE,SYSTEM-60MET,SYSTEM-89VAL,SYSTEM-88MET,SYSTEM-82LEU
9	10	601.1		66.8		SYSTEM-53LEU,SYSTEM-27HIS,SYSTEM-30LYS,SYSTEM-55PRO,SYSTEM-54VAL,SYSTEM-63LEU,SYSTEM-60MET,SYSTEM-89VAL,SYSTEM-88MET,SYSTEM-82LEU
10	10	518.4		57.6		SYSTEM-53LEU,SYSTEM-27HIS,SYSTEM-30LYS,SYSTEM-55PRO,SYSTEM-58VAL,SYSTEM-63LEU,SYSTEM-60MET,SYSTEM-89VAL,SYSTEM-88MET,SYSTEM-82LEU
11	10	551.6		61.3		SYSTEM-53LEU,SYSTEM-30LYS,SYSTEM-29THR,SYSTEM-56ASP,SYSTEM-96SER,SYSTEM-94PRO,SYSTEM-93THR,SYSTEM-89VAL,SYSTEM-88MET,SYSTEM-82LEU
12	10	626.9		69.7		SYSTEM-53LEU,SYSTEM-30LYS,SYSTEM-55PRO,SYSTEM-54VAL,SYSTEM-95ILE,SYSTEM-98VAL,SYSTEM-60MET,SYSTEM-89VAL,SYSTEM-88MET,SYSTEM-82LEU
13	10	608.8		67.6		SYSTEM-53LEU,SYSTEM-30LYS,SYSTEM-55PRO,SYSTEM-54VAL,SYSTEM-95ILE,SYSTEM-60MET,SYSTEM-98VAL,SYSTEM-89VAL,SYSTEM-88MET,SYSTEM-82LEU
14	10	600.4		66.7		SYSTEM-53LEU,SYSTEM-30LYS,SYSTEM-55PRO,SYSTEM-54VAL,SYSTEM-95ILE,SYSTEM-63LEU,SYSTEM-60MET,SYSTEM-89VAL,SYSTEM-88MET,SYSTEM-82LEU
15	10	560.5		62.3		SYSTEM-53LEU,SYSTEM-30LYS,SYSTEM-55PRO,SYSTEM-54VAL,SYSTEM-58VAL,SYSTEM-63LEU,SYSTEM-60MET,SYSTEM-89VAL,SYSTEM-88MET,SYSTEM-82LEU
16	10	642.9		71.4		SYSTEM-53LEU,SYSTEM-30LYS,SYSTEM-55PRO,SYSTEM-54VAL,SYSTEM-33VAL,SYSTEM-111MET,SYSTEM-81LEU,SYSTEM-89VAL,SYSTEM-88MET,SYSTEM-82LEU
17	10	514.9		57.2		SYSTEM-53LEU,SYSTEM-30LYS,SYSTEM-55PRO,SYSTEM-54VAL,SYSTEM-63LEU,SYSTEM-95ILE,SYSTEM-98VAL,SYSTEM-89VAL,SYSTEM-88MET,SYSTEM-82LEU
18	10	598.6		66.5		SYSTEM-53LEU,SYSTEM-30LYS,SYSTEM-55PRO,SYSTEM-54VAL,SYSTEM-63LEU,SYSTEM-95ILE,SYSTEM-60MET,SYSTEM-89VAL,SYSTEM-88MET,SYSTEM-82LEU
19	10	608.8		67.6		SYSTEM-53LEU,SYSTEM-30LYS,SYSTEM-55PRO,SYSTEM-54VAL,SYSTEM-63LEU,SYSTEM-60MET,SYSTEM-98VAL,SYSTEM-89VAL,SYSTEM-88MET,SYSTEM-82LEU
20	10	519.5		57.7		SYSTEM-53LEU,SYSTEM-30LYS,SYSTEM-55PRO,SYSTEM-54VAL,SYSTEM-63LEU,SYSTEM-67ILE,SYSTEM-81LEU,SYSTEM-89VAL,SYSTEM-88MET,SYSTEM-82LEU
21	10	539.0		59.9		SYSTEM-53LEU,SYSTEM-30LYS,SYSTEM-55PRO,SYSTEM-57HIS,SYSTEM-58VAL,SYSTEM-63LEU,SYSTEM-60MET,SYSTEM-89VAL,SYSTEM-88MET,SYSTEM-82LEU
22	10	524.3		58.3		SYSTEM-53LEU,SYSTEM-30LYS,SYSTEM-55PRO,SYSTEM-58VAL,SYSTEM-54VAL,SYSTEM-95ILE,SYSTEM-98VAL,SYSTEM-89VAL,SYSTEM-88MET,SYSTEM-82LEU
23	10	608.0		67.6		SYSTEM-53LEU,SYSTEM-30LYS,SYSTEM-55PRO,SYSTEM-58VAL,SYSTEM-54VAL,SYSTEM-95ILE,SYSTEM-60MET,SYSTEM-89VAL,SYSTEM-88MET,SYSTEM-82LEU
24	10	608.0		67.6		SYSTEM-53LEU,SYSTEM-30LYS,SYSTEM-55PRO,SYSTEM-58VAL,SYSTEM-54VAL,SYSTEM-63LEU,SYSTEM-60MET,SYSTEM-89VAL,SYSTEM-88MET,SYSTEM-82LEU
25	10	432.2		48.0		SYSTEM-53LEU,SYSTEM-30LYS,SYSTEM-55PRO,SYSTEM-58VAL,SYSTEM-63LEU,SYSTEM-95ILE,SYSTEM-98VAL,SYSTEM-89VAL,SYSTEM-88MET,SYSTEM-82LEU
26	10	515.9		57.3		SYSTEM-53LEU,SYSTEM-30LYS,SYSTEM-55PRO,SYSTEM-58VAL,SYSTEM-63LEU,SYSTEM-95ILE,SYSTEM-60MET,SYSTEM-89VAL,SYSTEM-88MET,SYSTEM-82LEU
27	10	526.1		58.5		SYSTEM-53LEU,SYSTEM-30LYS,SYSTEM-55PRO,SYSTEM-58VAL,SYSTEM-63LEU,SYSTEM-60MET,SYSTEM-98VAL,SYSTEM-89VAL,SYSTEM-88MET,SYSTEM-82LEU
28	10	436.8		48.5		SYSTEM-53LEU,SYSTEM-30LYS,SYSTEM-55PRO,SYSTEM-58VAL,SYSTEM-63LEU,SYSTEM-67ILE,SYSTEM-81LEU,SYSTEM-89VAL,SYSTEM-88MET,SYSTEM-82LEU
29	10	612.2		68.0		SYSTEM-53LEU,SYSTEM-23ILE,SYSTEM-32PRO,SYSTEM-31ILE,SYSTEM-95ILE,SYSTEM-98VAL,SYSTEM-60MET,SYSTEM-89VAL,SYSTEM-88MET,SYSTEM-82LEU
30	10	594.1		66.0		SYSTEM-53LEU,SYSTEM-23ILE,SYSTEM-32PRO,SYSTEM-31ILE,SYSTEM-95ILE,SYSTEM-60MET,SYSTEM-98VAL,SYSTEM-89VAL,SYSTEM-88MET,SYSTEM-82LEU
31	10	585.7		65.1		SYSTEM-53LEU,SYSTEM-23ILE,SYSTEM-32PRO,SYSTEM-31ILE,SYSTEM-95ILE,SYSTEM-63LEU,SYSTEM-60MET,SYSTEM-89VAL,SYSTEM-88MET,SYSTEM-82LEU
32	10	548.5		60.9		SYSTEM-53LEU,SYSTEM-23ILE,SYSTEM-32PRO,SYSTEM-99TYR,SYSTEM-109LEU,SYSTEM-111MET,SYSTEM-81LEU,SYSTEM-89VAL,SYSTEM-88MET,SYSTEM-82LEU
33	10	558.2		62.0		SYSTEM-53LEU,SYSTEM-23ILE,SYSTEM-32PRO,SYSTEM-99TYR,SYSTEM-31ILE,SYSTEM-95ILE,SYSTEM-98VAL,SYSTEM-89VAL,SYSTEM-88MET,SYSTEM-82LEU
34	10	641.9		71.3		SYSTEM-53LEU,SYSTEM-23ILE,SYSTEM-32PRO,SYSTEM-99TYR,SYSTEM-31ILE,SYSTEM-95ILE,SYSTEM-60MET,SYSTEM-89VAL,SYSTEM-88MET,SYSTEM-82LEU
35	11	577.7		57.8		SYSTEM-53LEU,SYSTEM-27HIS,SYSTEM-30LYS,SYSTEM-29THR,SYSTEM-56ASP,SYSTEM-96SER,SYSTEM-94PRO,SYSTEM-93THR,SYSTEM-89VAL,SYSTEM-88MET,SYSTEM-82LEU
36	11	653.0		65.3		SYSTEM-53LEU,SYSTEM-27HIS,SYSTEM-30LYS,SYSTEM-55PRO,SYSTEM-54VAL,SYSTEM-95ILE,SYSTEM-98VAL,SYSTEM-60MET,SYSTEM-89VAL,SYSTEM-88MET,SYSTEM-82LEU
37	11	634.9		63.5		SYSTEM-53LEU,SYSTEM-27HIS,SYSTEM-30LYS,SYSTEM-55PRO,SYSTEM-54VAL,SYSTEM-95ILE,SYSTEM-60MET,SYSTEM-98VAL,SYSTEM-89VAL,SYSTEM-88MET,SYSTEM-82LEU
38	11	626.5		62.6		SYSTEM-53LEU,SYSTEM-27HIS,SYSTEM-30LYS,SYSTEM-55PRO,SYSTEM-54VAL,SYSTEM-95ILE,SYSTEM-63LEU,SYSTEM-60MET,SYSTEM-89VAL,SYSTEM-88MET,SYSTEM-82LEU
39	11	586.6		58.7		SYSTEM-53LEU,SYSTEM-27HIS,SYSTEM-30LYS,SYSTEM-55PRO,SYSTEM-54VAL,SYSTEM-58VAL,SYSTEM-63LEU,SYSTEM-60MET,SYSTEM-89VAL,SYSTEM-88MET,SYSTEM-82LEU
40	11	669.0		66.9		SYSTEM-53LEU,SYSTEM-27HIS,SYSTEM-30LYS,SYSTEM-55PRO,SYSTEM-54VAL,SYSTEM-33VAL,SYSTEM-111MET,SYSTEM-81LEU,SYSTEM-89VAL,SYSTEM-88MET,SYSTEM-82LEU
41	11	541.0		54.1		SYSTEM-53LEU,SYSTEM-27HIS,SYSTEM-30LYS,SYSTEM-55PRO,SYSTEM-54VAL,SYSTEM-63LEU,SYSTEM-95ILE,SYSTEM-98VAL,SYSTEM-89VAL,SYSTEM-88MET,SYSTEM-82LEU
42	11	624.7		62.5		SYSTEM-53LEU,SYSTEM-27HIS,SYSTEM-30LYS,SYSTEM-55PRO,SYSTEM-54VAL,SYSTEM-63LEU,SYSTEM-95ILE,SYSTEM-60MET,SYSTEM-89VAL,SYSTEM-88MET,SYSTEM-82LEU
43	11	634.9		63.5		SYSTEM-53LEU,SYSTEM-27HIS,SYSTEM-30LYS,SYSTEM-55PRO,SYSTEM-54VAL,SYSTEM-63LEU,SYSTEM-60MET,SYSTEM-98VAL,SYSTEM-89VAL,SYSTEM-88MET,SYSTEM-82LEU
44	11	545.6		54.6		SYSTEM-53LEU,SYSTEM-27HIS,SYSTEM-30LYS,SYSTEM-55PRO,SYSTEM-54VAL,SYSTEM-63LEU,SYSTEM-67ILE,SYSTEM-81LEU,SYSTEM-89VAL,SYSTEM-88MET,SYSTEM-82LEU
45	11	565.1		56.5		SYSTEM-53LEU,SYSTEM-27HIS,SYSTEM-30LYS,SYSTEM-55PRO,SYSTEM-57HIS,SYSTEM-58VAL,SYSTEM-63LEU,SYSTEM-60MET,SYSTEM-89VAL,SYSTEM-88MET,SYSTEM-82LEU
46	11	550.4		55.0		SYSTEM-53LEU,SYSTEM-27HIS,SYSTEM-30LYS,SYSTEM-55PRO,SYSTEM-58VAL,SYSTEM-54VAL,SYSTEM-95ILE,SYSTEM-98VAL,SYSTEM-89VAL,SYSTEM-88MET,SYSTEM-82LEU
47	11	634.1		63.4		SYSTEM-53LEU,SYSTEM-27HIS,SYSTEM-30LYS,SYSTEM-55PRO,SYSTEM-58VAL,SYSTEM-54VAL,SYSTEM-95ILE,SYSTEM-60MET,SYSTEM-89VAL,SYSTEM-88MET,SYSTEM-82LEU
48	11	634.1		63.4		SYSTEM-53LEU,SYSTEM-27HIS,SYSTEM-30LYS,SYSTEM-55PRO,SYSTEM-58VAL,SYSTEM-54VAL,SYSTEM-63LEU,SYSTEM-60MET,SYSTEM-89VAL,SYSTEM-88MET,SYSTEM-82LEU
49	11	458.3		45.8		SYSTEM-53LEU,SYSTEM-27HIS,SYSTEM-30LYS,SYSTEM-55PRO,SYSTEM-58VAL,SYSTEM-63LEU,SYSTEM-95ILE,SYSTEM-98VAL,SYSTEM-89VAL,SYSTEM-88MET,SYSTEM-82LEU
50	11	542.0		54.2		SYSTEM-53LEU,SYSTEM-27HIS,SYSTEM-30LYS,SYSTEM-55PRO,SYSTEM-58VAL,SYSTEM-63LEU,SYSTEM-95ILE,SYSTEM-60MET,SYSTEM-89VAL,SYSTEM-88MET,SYSTEM-82LEU
51	11	552.2		55.2		SYSTEM-53LEU,SYSTEM-27HIS,SYSTEM-30LYS,SYSTEM-55PRO,SYSTEM-58VAL,SYSTEM-63LEU,SYSTEM-60MET,SYSTEM-98VAL,SYSTEM-89VAL,SYSTEM-88MET,SYSTEM-82LEU
52	11	462.9		46.3		SYSTEM-53LEU,SYSTEM-27HIS,SYSTEM-30LYS,SYSTEM-55PRO,SYSTEM-58VAL,SYSTEM-63LEU,SYSTEM-67ILE,SYSTEM-81LEU,SYSTEM-89VAL,SYSTEM-88MET,SYSTEM-82LEU
53	11	614.7		61.5		SYSTEM-53LEU,SYSTEM-30LYS,SYSTEM-29THR,SYSTEM-56ASP,SYSTEM-96SER,SYSTEM-97GLU,SYSTEM-94PRO,SYSTEM-93THR,SYSTEM-89VAL,SYSTEM-88MET,SYSTEM-82LEU
54	11	634.2		63.4		SYSTEM-53LEU,SYSTEM-30LYS,SYSTEM-55PRO,SYSTEM-54VAL,SYSTEM-95ILE,SYSTEM-63LEU,SYSTEM-60MET,SYSTEM-98VAL,SYSTEM-89VAL,SYSTEM-88MET,SYSTEM-82LEU
55	11	544.9		54.5		SYSTEM-53LEU,SYSTEM-30LYS,SYSTEM-55PRO,SYSTEM-54VAL,SYSTEM-95ILE,SYSTEM-63LEU,SYSTEM-67ILE,SYSTEM-81LEU,SYSTEM-89VAL,SYSTEM-88MET,SYSTEM-82LEU
56	11	500.4		50.0		SYSTEM-53LEU,SYSTEM-30LYS,SYSTEM-55PRO,SYSTEM-54VAL,SYSTEM-58VAL,SYSTEM-63LEU,SYSTEM-95ILE,SYSTEM-98VAL,SYSTEM-89VAL,SYSTEM-88MET,SYSTEM-82LEU
57	11	584.1		58.4		SYSTEM-53LEU,SYSTEM-30LYS,SYSTEM-55PRO,SYSTEM-54VAL,SYSTEM-58VAL,SYSTEM-63LEU,SYSTEM-95ILE,SYSTEM-60MET,SYSTEM-89VAL,SYSTEM-88MET,SYSTEM-82LEU
58	11	594.3		59.4		SYSTEM-53LEU,SYSTEM-30LYS,SYSTEM-55PRO,SYSTEM-54VAL,SYSTEM-58VAL,SYSTEM-63LEU,SYSTEM-60MET,SYSTEM-98VAL,SYSTEM-89VAL,SYSTEM-88MET,SYSTEM-82LEU
59	11	505.0		50.5		SYSTEM-53LEU,SYSTEM-30LYS,SYSTEM-55PRO,SYSTEM-54VAL,SYSTEM-58VAL,SYSTEM-63LEU,SYSTEM-67ILE,SYSTEM-81LEU,SYSTEM-89VAL,SYSTEM-88MET,SYSTEM-82LEU
60	11	722.7		72.3		SYSTEM-53LEU,SYSTEM-30LYS,SYSTEM-55PRO,SYSTEM-54VAL,SYSTEM-33VAL,SYSTEM-109LEU,SYSTEM-111MET,SYSTEM-81LEU,SYSTEM-89VAL,SYSTEM-88MET,SYSTEM-82LEU
61	11	614.1		61.4		SYSTEM-53LEU,SYSTEM-30LYS,SYSTEM-55PRO,SYSTEM-54VAL,SYSTEM-33VAL,SYSTEM-111MET,SYSTEM-35ILE,SYSTEM-81LEU,SYSTEM-89VAL,SYSTEM-88MET,SYSTEM-82LEU
62	11	650.5		65.0		SYSTEM-53LEU,SYSTEM-30LYS,SYSTEM-55PRO,SYSTEM-54VAL,SYSTEM-63LEU,SYSTEM-95ILE,SYSTEM-98VAL,SYSTEM-60MET,SYSTEM-89VAL,SYSTEM-88MET,SYSTEM-82LEU
63	11	632.4		63.2		SYSTEM-53LEU,SYSTEM-30LYS,SYSTEM-55PRO,SYSTEM-54VAL,SYSTEM-63LEU,SYSTEM-95ILE,SYSTEM-60MET,SYSTEM-98VAL,SYSTEM-89VAL,SYSTEM-88MET,SYSTEM-82LEU
64	11	607.3		60.7		SYSTEM-53LEU,SYSTEM-30LYS,SYSTEM-55PRO,SYSTEM-54VAL,SYSTEM-63LEU,SYSTEM-60MET,SYSTEM-95ILE,SYSTEM-98VAL,SYSTEM-89VAL,SYSTEM-88MET,SYSTEM-82LEU
65	11	565.2		56.5		SYSTEM-53LEU,SYSTEM-30LYS,SYSTEM-55PRO,SYSTEM-54VAL,SYSTEM-63LEU,SYSTEM-67ILE,SYSTEM-35ILE,SYSTEM-81LEU,SYSTEM-89VAL,SYSTEM-88MET,SYSTEM-82LEU
66	11	571.0		57.1		SYSTEM-53LEU,SYSTEM-30LYS,SYSTEM-55PRO,SYSTEM-57HIS,SYSTEM-58VAL,SYSTEM-54VAL,SYSTEM-95ILE,SYSTEM-98VAL,SYSTEM-89VAL,SYSTEM-88MET,SYSTEM-82LEU
67	11	654.7		65.5		SYSTEM-53LEU,SYSTEM-30LYS,SYSTEM-55PRO,SYSTEM-57HIS,SYSTEM-58VAL,SYSTEM-54VAL,SYSTEM-95ILE,SYSTEM-60MET,SYSTEM-89VAL,SYSTEM-88MET,SYSTEM-82LEU
68	11	654.7		65.5		SYSTEM-53LEU,SYSTEM-30LYS,SYSTEM-55PRO,SYSTEM-57HIS,SYSTEM-58VAL,SYSTEM-54VAL,SYSTEM-63LEU,SYSTEM-60MET,SYSTEM-89VAL,SYSTEM-88MET,SYSTEM-82LEU
69	11	478.9		47.9		SYSTEM-53LEU,SYSTEM-30LYS,SYSTEM-55PRO,SYSTEM-57HIS,SYSTEM-58VAL,SYSTEM-63LEU,SYSTEM-95ILE,SYSTEM-98VAL,SYSTEM-89VAL,SYSTEM-88MET,SYSTEM-82LEU
70	11	562.6		56.3		SYSTEM-53LEU,SYSTEM-30LYS,SYSTEM-55PRO,SYSTEM-57HIS,SYSTEM-58VAL,SYSTEM-63LEU,SYSTEM-95ILE,SYSTEM-60MET,SYSTEM-89VAL,SYSTEM-88MET,SYSTEM-82LEU
71	11	572.8		57.3		SYSTEM-53LEU,SYSTEM-30LYS,SYSTEM-55PRO,SYSTEM-57HIS,SYSTEM-58VAL,SYSTEM-63LEU,SYSTEM-60MET,SYSTEM-98VAL,SYSTEM-89VAL,SYSTEM-88MET,SYSTEM-82LEU
72	11	483.5		48.4		SYSTEM-53LEU,SYSTEM-30LYS,SYSTEM-55PRO,SYSTEM-57HIS,SYSTEM-58VAL,SYSTEM-63LEU,SYSTEM-67ILE,SYSTEM-81LEU,SYSTEM-89VAL,SYSTEM-88MET,SYSTEM-82LEU
73	11	659.9		66.0		SYSTEM-53LEU,SYSTEM-30LYS,SYSTEM-55PRO,SYSTEM-58VAL,SYSTEM-54VAL,SYSTEM-95ILE,SYSTEM-98VAL,SYSTEM-60MET,SYSTEM-89VAL,SYSTEM-88MET,SYSTEM-82LEU
74	11	641.8		64.2		SYSTEM-53LEU,SYSTEM-30LYS,SYSTEM-55PRO,SYSTEM-58VAL,SYSTEM-54VAL,SYSTEM-95ILE,SYSTEM-60MET,SYSTEM-98VAL,SYSTEM-89VAL,SYSTEM-88MET,SYSTEM-82LEU
75	11	633.4		63.3		SYSTEM-53LEU,SYSTEM-30LYS,SYSTEM-55PRO,SYSTEM-58VAL,SYSTEM-54VAL,SYSTEM-95ILE,SYSTEM-63LEU,SYSTEM-60MET,SYSTEM-89VAL,SYSTEM-88MET,SYSTEM-82LEU
76	11	675.9		67.6		SYSTEM-53LEU,SYSTEM-30LYS,SYSTEM-55PRO,SYSTEM-58VAL,SYSTEM-54VAL,SYSTEM-33VAL,SYSTEM-111MET,SYSTEM-81LEU,SYSTEM-89VAL,SYSTEM-88MET,SYSTEM-82LEU
77	11	547.9		54.8		SYSTEM-53LEU,SYSTEM-30LYS,SYSTEM-55PRO,SYSTEM-58VAL,SYSTEM-54VAL,SYSTEM-63LEU,SYSTEM-95ILE,SYSTEM-98VAL,SYSTEM-89VAL,SYSTEM-88MET,SYSTEM-82LEU
78	11	631.6		63.2		SYSTEM-53LEU,SYSTEM-30LYS,SYSTEM-55PRO,SYSTEM-58VAL,SYSTEM-54VAL,SYSTEM-63LEU,SYSTEM-95ILE,SYSTEM-60MET,SYSTEM-89VAL,SYSTEM-88MET,SYSTEM-82LEU
79	11	641.8		64.2		SYSTEM-53LEU,SYSTEM-30LYS,SYSTEM-55PRO,SYSTEM-58VAL,SYSTEM-54VAL,SYSTEM-63LEU,SYSTEM-60MET,SYSTEM-98VAL,SYSTEM-89VAL,SYSTEM-88MET,SYSTEM-82LEU
80	11	552.5		55.2		SYSTEM-53LEU,SYSTEM-30LYS,SYSTEM-55PRO,SYSTEM-58VAL,SYSTEM-54VAL,SYSTEM-63LEU,SYSTEM-67ILE,SYSTEM-81LEU,SYSTEM-89VAL,SYSTEM-88MET,SYSTEM-82LEU
81	11	567.8		56.8		SYSTEM-53LEU,SYSTEM-30LYS,SYSTEM-55PRO,SYSTEM-58VAL,SYSTEM-63LEU,SYSTEM-95ILE,SYSTEM-98VAL,SYSTEM-60MET,SYSTEM-89VAL,SYSTEM-88MET,SYSTEM-82LEU
82	11	549.7		55.0		SYSTEM-53LEU,SYSTEM-30LYS,SYSTEM-55PRO,SYSTEM-58VAL,SYSTEM-63LEU,SYSTEM-95ILE,SYSTEM-60MET,SYSTEM-98VAL,SYSTEM-89VAL,SYSTEM-88MET,SYSTEM-82LEU
83	11	524.6		52.5		SYSTEM-53LEU,SYSTEM-30LYS,SYSTEM-55PRO,SYSTEM-58VAL,SYSTEM-63LEU,SYSTEM-60MET,SYSTEM-95ILE,SYSTEM-98VAL,SYSTEM-89VAL,SYSTEM-88MET,SYSTEM-82LEU
84	11	585.6		58.6		SYSTEM-53LEU,SYSTEM-30LYS,SYSTEM-55PRO,SYSTEM-58VAL,SYSTEM-63LEU,SYSTEM-54VAL,SYSTEM-95ILE,SYSTEM-98VAL,SYSTEM-89VAL,SYSTEM-88MET,SYSTEM-82LEU
85	11	669.3		66.9		SYSTEM-53LEU,SYSTEM-30LYS,SYSTEM-55PRO,SYSTEM-58VAL,SYSTEM-63LEU,SYSTEM-54VAL,SYSTEM-95ILE,SYSTEM-60MET,SYSTEM-89VAL,SYSTEM-88MET,SYSTEM-82LEU
86	11	482.5		48.2		SYSTEM-53LEU,SYSTEM-30LYS,SYSTEM-55PRO,SYSTEM-58VAL,SYSTEM-63LEU,SYSTEM-67ILE,SYSTEM-35ILE,SYSTEM-81LEU,SYSTEM-89VAL,SYSTEM-88MET,SYSTEM-82LEU
87	11	619.5		62.0		SYSTEM-53LEU,SYSTEM-23ILE,SYSTEM-32PRO,SYSTEM-31ILE,SYSTEM-95ILE,SYSTEM-63LEU,SYSTEM-60MET,SYSTEM-98VAL,SYSTEM-89VAL,SYSTEM-88MET,SYSTEM-82LEU
88	11	530.2		53.0		SYSTEM-53LEU,SYSTEM-23ILE,SYSTEM-32PRO,SYSTEM-31ILE,SYSTEM-95ILE,SYSTEM-63LEU,SYSTEM-67ILE,SYSTEM-81LEU,SYSTEM-89VAL,SYSTEM-88MET,SYSTEM-82LEU
89	11	739.1		73.9		SYSTEM-53LEU,SYSTEM-23ILE,SYSTEM-32PRO,SYSTEM-31ILE,SYSTEM-95ILE,SYSTEM-54VAL,SYSTEM-63LEU,SYSTEM-60MET,SYSTEM-89VAL,SYSTEM-88MET,SYSTEM-82LEU
90	11	666.9		66.7		SYSTEM-53LEU,SYSTEM-23ILE,SYSTEM-32PRO,SYSTEM-31ILE,SYSTEM-99TYR,SYSTEM-109LEU,SYSTEM-111MET,SYSTEM-81LEU,SYSTEM-89VAL,SYSTEM-88MET,SYSTEM-82LEU
91	11	519.7		52.0		SYSTEM-53LEU,SYSTEM-23ILE,SYSTEM-32PRO,SYSTEM-99TYR,SYSTEM-109LEU,SYSTEM-111MET,SYSTEM-35ILE,SYSTEM-81LEU,SYSTEM-89VAL,SYSTEM-88MET,SYSTEM-82LEU
92	11	654.1		65.4		SYSTEM-53LEU,SYSTEM-23ILE,SYSTEM-32PRO,SYSTEM-99TYR,SYSTEM-109LEU,SYSTEM-33VAL,SYSTEM-111MET,SYSTEM-81LEU,SYSTEM-89VAL,SYSTEM-88MET,SYSTEM-82LEU
93	11	693.8		69.4		SYSTEM-53LEU,SYSTEM-23ILE,SYSTEM-32PRO,SYSTEM-99TYR,SYSTEM-31ILE,SYSTEM-95ILE,SYSTEM-98VAL,SYSTEM-60MET,SYSTEM-89VAL,SYSTEM-88MET,SYSTEM-82LEU
94	11	675.7		67.6		SYSTEM-53LEU,SYSTEM-23ILE,SYSTEM-32PRO,SYSTEM-99TYR,SYSTEM-31ILE,SYSTEM-95ILE,SYSTEM-60MET,SYSTEM-98VAL,SYSTEM-89VAL,SYSTEM-88MET,SYSTEM-82LEU
95	11	667.3		66.7		SYSTEM-53LEU,SYSTEM-23ILE,SYSTEM-32PRO,SYSTEM-99TYR,SYSTEM-31ILE,SYSTEM-95ILE,SYSTEM-63LEU,SYSTEM-60MET,SYSTEM-89VAL,SYSTEM-88MET,SYSTEM-82LEU
