Graph loaded! 120 nodes, 144 edges
Node list:
	SYSTEM-1MET
	SYSTEM-2PRO
	SYSTEM-3SER
	SYSTEM-4GLU
	SYSTEM-5LYS
	SYSTEM-6THR
	SYSTEM-7PHE
	SYSTEM-8LYS
	SYSTEM-9GLN
	SYSTEM-10ARG
	SYSTEM-11ARG
	SYSTEM-12THR
	SYSTEM-13PHE
	SYSTEM-14GLU
	SYSTEM-15GLN
	SYSTEM-16ARG
	SYSTEM-17VAL
	SYSTEM-18GLU
	SYSTEM-19ASP
	SYSTEM-20VAL
	SYSTEM-21ARG
	SYSTEM-22LEU
	SYSTEM-23ILE
	SYSTEM-24ARG
	SYSTEM-25GLU
	SYSTEM-26GLN
	SYSTEM-27HIS
	SYSTEM-28PRO
	SYSTEM-29THR
	SYSTEM-30LYS
	SYSTEM-31ILE
	SYSTEM-32PRO
	SYSTEM-33VAL
	SYSTEM-34ILE
	SYSTEM-35ILE
	SYSTEM-36GLU
	SYSTEM-37ARG
	SYSTEM-38TYR
	SYSTEM-39LYS
	SYSTEM-40GLY
	SYSTEM-41GLU
	SYSTEM-42LYS
	SYSTEM-43GLN
	SYSTEM-44LEU
	SYSTEM-45PRO
	SYSTEM-46VAL
	SYSTEM-47LEU
	SYSTEM-48ASP
	SYSTEM-49LYS
	SYSTEM-50THR
	SYSTEM-51LYS
	SYSTEM-52PHE
	SYSTEM-53LEU
	SYSTEM-54VAL
	SYSTEM-55PRO
	SYSTEM-56ASP
	SYSTEM-57HIS
	SYSTEM-58VAL
	SYSTEM-59ASN
	SYSTEM-60MET
	SYSTEM-61SER
	SYSTEM-62GLU
	SYSTEM-63LEU
	SYSTEM-64ILE
	SYSTEM-65LYS
	SYSTEM-66ILE
	SYSTEM-67ILE
	SYSTEM-68ARG
	SYSTEM-69ARG
	SYSTEM-70ARG
	SYSTEM-71LEU
	SYSTEM-72GLN
	SYSTEM-73LEU
	SYSTEM-74ASN
	SYSTEM-75ALA
	SYSTEM-76ASN
	SYSTEM-77GLN
	SYSTEM-78ALA
	SYSTEM-79PHE
	SYSTEM-80PHE
	SYSTEM-81LEU
	SYSTEM-82LEU
	SYSTEM-83VAL
	SYSTEM-84ASN
	SYSTEM-85GLY
	SYSTEM-86HIS
	SYSTEM-87SER
	SYSTEM-88MET
	SYSTEM-89VAL
	SYSTEM-90SER
	SYSTEM-91VAL
	SYSTEM-92SER
	SYSTEM-93THR
	SYSTEM-94PRO
	SYSTEM-95ILE
	SYSTEM-96SER
	SYSTEM-97GLU
	SYSTEM-98VAL
	SYSTEM-99TYR
	SYSTEM-100GLU
	SYSTEM-101SER
	SYSTEM-102GLU
	SYSTEM-103LYS
	SYSTEM-104ASP
	SYSTEM-105GLU
	SYSTEM-106ASP
	SYSTEM-107GLY
	SYSTEM-108PHE
	SYSTEM-109LEU
	SYSTEM-110TYR
	SYSTEM-111MET
	SYSTEM-112VAL
	SYSTEM-113TYR
	SYSTEM-114ALA
	SYSTEM-115SER
	SYSTEM-116GLN
	SYSTEM-117GLU
	SYSTEM-118THR
	SYSTEM-119PHE
	SYSTEM-120GLY
Path #	Length	Sum of weights	Average weight	Path
1	10	554.1		61.6		SYSTEM-57HIS,SYSTEM-58VAL,SYSTEM-63LEU,SYSTEM-60MET,SYSTEM-89VAL,SYSTEM-93THR,SYSTEM-94PRO,SYSTEM-59ASN,SYSTEM-62GLU,SYSTEM-65LYS
2	10	597.7		66.4		SYSTEM-57HIS,SYSTEM-55PRO,SYSTEM-30LYS,SYSTEM-29THR,SYSTEM-56ASP,SYSTEM-96SER,SYSTEM-94PRO,SYSTEM-59ASN,SYSTEM-62GLU,SYSTEM-65LYS
3	11	586.1		58.6		SYSTEM-57HIS,SYSTEM-58VAL,SYSTEM-54VAL,SYSTEM-95ILE,SYSTEM-98VAL,SYSTEM-89VAL,SYSTEM-93THR,SYSTEM-94PRO,SYSTEM-59ASN,SYSTEM-62GLU,SYSTEM-65LYS
4	11	669.8		67.0		SYSTEM-57HIS,SYSTEM-58VAL,SYSTEM-54VAL,SYSTEM-95ILE,SYSTEM-60MET,SYSTEM-89VAL,SYSTEM-93THR,SYSTEM-94PRO,SYSTEM-59ASN,SYSTEM-62GLU,SYSTEM-65LYS
5	11	669.8		67.0		SYSTEM-57HIS,SYSTEM-58VAL,SYSTEM-54VAL,SYSTEM-63LEU,SYSTEM-60MET,SYSTEM-89VAL,SYSTEM-93THR,SYSTEM-94PRO,SYSTEM-59ASN,SYSTEM-62GLU,SYSTEM-65LYS
6	11	494.0		49.4		SYSTEM-57HIS,SYSTEM-58VAL,SYSTEM-63LEU,SYSTEM-95ILE,SYSTEM-98VAL,SYSTEM-89VAL,SYSTEM-93THR,SYSTEM-94PRO,SYSTEM-59ASN,SYSTEM-62GLU,SYSTEM-65LYS
7	11	577.7		57.8		SYSTEM-57HIS,SYSTEM-58VAL,SYSTEM-63LEU,SYSTEM-95ILE,SYSTEM-60MET,SYSTEM-89VAL,SYSTEM-93THR,SYSTEM-94PRO,SYSTEM-59ASN,SYSTEM-62GLU,SYSTEM-65LYS
8	11	587.9		58.8		SYSTEM-57HIS,SYSTEM-58VAL,SYSTEM-63LEU,SYSTEM-60MET,SYSTEM-98VAL,SYSTEM-89VAL,SYSTEM-93THR,SYSTEM-94PRO,SYSTEM-59ASN,SYSTEM-62GLU,SYSTEM-65LYS
9	11	602.3		60.2		SYSTEM-57HIS,SYSTEM-58VAL,SYSTEM-63LEU,SYSTEM-60MET,SYSTEM-89VAL,SYSTEM-93THR,SYSTEM-94PRO,SYSTEM-59ASN,SYSTEM-61SER,SYSTEM-62GLU,SYSTEM-65LYS
10	11	498.6		49.9		SYSTEM-57HIS,SYSTEM-58VAL,SYSTEM-63LEU,SYSTEM-67ILE,SYSTEM-81LEU,SYSTEM-89VAL,SYSTEM-93THR,SYSTEM-94PRO,SYSTEM-59ASN,SYSTEM-62GLU,SYSTEM-65LYS
11	11	709.8		71.0		SYSTEM-57HIS,SYSTEM-58VAL,SYSTEM-55PRO,SYSTEM-30LYS,SYSTEM-29THR,SYSTEM-56ASP,SYSTEM-96SER,SYSTEM-94PRO,SYSTEM-59ASN,SYSTEM-62GLU,SYSTEM-65LYS
12	11	605.6		60.6		SYSTEM-57HIS,SYSTEM-55PRO,SYSTEM-54VAL,SYSTEM-95ILE,SYSTEM-98VAL,SYSTEM-89VAL,SYSTEM-93THR,SYSTEM-94PRO,SYSTEM-59ASN,SYSTEM-62GLU,SYSTEM-65LYS
13	11	689.3		68.9		SYSTEM-57HIS,SYSTEM-55PRO,SYSTEM-54VAL,SYSTEM-95ILE,SYSTEM-60MET,SYSTEM-89VAL,SYSTEM-93THR,SYSTEM-94PRO,SYSTEM-59ASN,SYSTEM-62GLU,SYSTEM-65LYS
14	11	689.3		68.9		SYSTEM-57HIS,SYSTEM-55PRO,SYSTEM-54VAL,SYSTEM-63LEU,SYSTEM-60MET,SYSTEM-89VAL,SYSTEM-93THR,SYSTEM-94PRO,SYSTEM-59ASN,SYSTEM-62GLU,SYSTEM-65LYS
15	11	645.9		64.6		SYSTEM-57HIS,SYSTEM-55PRO,SYSTEM-30LYS,SYSTEM-29THR,SYSTEM-56ASP,SYSTEM-96SER,SYSTEM-94PRO,SYSTEM-59ASN,SYSTEM-61SER,SYSTEM-62GLU,SYSTEM-65LYS
16	11	660.8		66.1		SYSTEM-57HIS,SYSTEM-55PRO,SYSTEM-30LYS,SYSTEM-29THR,SYSTEM-56ASP,SYSTEM-96SER,SYSTEM-97GLU,SYSTEM-94PRO,SYSTEM-59ASN,SYSTEM-62GLU,SYSTEM-65LYS
17	11	606.6		60.7		SYSTEM-57HIS,SYSTEM-55PRO,SYSTEM-58VAL,SYSTEM-63LEU,SYSTEM-60MET,SYSTEM-89VAL,SYSTEM-93THR,SYSTEM-94PRO,SYSTEM-59ASN,SYSTEM-62GLU,SYSTEM-65LYS
