Graph loaded! 120 nodes, 144 edges
Node list:
	SYSTEM-1MET
	SYSTEM-2PRO
	SYSTEM-3SER
	SYSTEM-4GLU
	SYSTEM-5LYS
	SYSTEM-6THR
	SYSTEM-7PHE
	SYSTEM-8LYS
	SYSTEM-9GLN
	SYSTEM-10ARG
	SYSTEM-11ARG
	SYSTEM-12THR
	SYSTEM-13PHE
	SYSTEM-14GLU
	SYSTEM-15GLN
	SYSTEM-16ARG
	SYSTEM-17VAL
	SYSTEM-18GLU
	SYSTEM-19ASP
	SYSTEM-20VAL
	SYSTEM-21ARG
	SYSTEM-22LEU
	SYSTEM-23ILE
	SYSTEM-24ARG
	SYSTEM-25GLU
	SYSTEM-26GLN
	SYSTEM-27HIS
	SYSTEM-28PRO
	SYSTEM-29THR
	SYSTEM-30LYS
	SYSTEM-31ILE
	SYSTEM-32PRO
	SYSTEM-33VAL
	SYSTEM-34ILE
	SYSTEM-35ILE
	SYSTEM-36GLU
	SYSTEM-37ARG
	SYSTEM-38TYR
	SYSTEM-39LYS
	SYSTEM-40GLY
	SYSTEM-41GLU
	SYSTEM-42LYS
	SYSTEM-43GLN
	SYSTEM-44LEU
	SYSTEM-45PRO
	SYSTEM-46VAL
	SYSTEM-47LEU
	SYSTEM-48ASP
	SYSTEM-49LYS
	SYSTEM-50THR
	SYSTEM-51LYS
	SYSTEM-52PHE
	SYSTEM-53LEU
	SYSTEM-54VAL
	SYSTEM-55PRO
	SYSTEM-56ASP
	SYSTEM-57HIS
	SYSTEM-58VAL
	SYSTEM-59ASN
	SYSTEM-60MET
	SYSTEM-61SER
	SYSTEM-62GLU
	SYSTEM-63LEU
	SYSTEM-64ILE
	SYSTEM-65LYS
	SYSTEM-66ILE
	SYSTEM-67ILE
	SYSTEM-68ARG
	SYSTEM-69ARG
	SYSTEM-70ARG
	SYSTEM-71LEU
	SYSTEM-72GLN
	SYSTEM-73LEU
	SYSTEM-74ASN
	SYSTEM-75ALA
	SYSTEM-76ASN
	SYSTEM-77GLN
	SYSTEM-78ALA
	SYSTEM-79PHE
	SYSTEM-80PHE
	SYSTEM-81LEU
	SYSTEM-82LEU
	SYSTEM-83VAL
	SYSTEM-84ASN
	SYSTEM-85GLY
	SYSTEM-86HIS
	SYSTEM-87SER
	SYSTEM-88MET
	SYSTEM-89VAL
	SYSTEM-90SER
	SYSTEM-91VAL
	SYSTEM-92SER
	SYSTEM-93THR
	SYSTEM-94PRO
	SYSTEM-95ILE
	SYSTEM-96SER
	SYSTEM-97GLU
	SYSTEM-98VAL
	SYSTEM-99TYR
	SYSTEM-100GLU
	SYSTEM-101SER
	SYSTEM-102GLU
	SYSTEM-103LYS
	SYSTEM-104ASP
	SYSTEM-105GLU
	SYSTEM-106ASP
	SYSTEM-107GLY
	SYSTEM-108PHE
	SYSTEM-109LEU
	SYSTEM-110TYR
	SYSTEM-111MET
	SYSTEM-112VAL
	SYSTEM-113TYR
	SYSTEM-114ALA
	SYSTEM-115SER
	SYSTEM-116GLN
	SYSTEM-117GLU
	SYSTEM-118THR
	SYSTEM-119PHE
	SYSTEM-120GLY
Path #	Length	Sum of weights	Average weight	Path
1	9	419.3		52.4		SYSTEM-49LYS,SYSTEM-52PHE,SYSTEM-67ILE,SYSTEM-63LEU,SYSTEM-58VAL,SYSTEM-55PRO,SYSTEM-30LYS,SYSTEM-29THR,SYSTEM-28PRO
2	9	502.0		62.8		SYSTEM-49LYS,SYSTEM-52PHE,SYSTEM-67ILE,SYSTEM-63LEU,SYSTEM-54VAL,SYSTEM-55PRO,SYSTEM-30LYS,SYSTEM-29THR,SYSTEM-28PRO
3	10	656.4		72.9		SYSTEM-49LYS,SYSTEM-52PHE,SYSTEM-35ILE,SYSTEM-111MET,SYSTEM-33VAL,SYSTEM-54VAL,SYSTEM-55PRO,SYSTEM-30LYS,SYSTEM-29THR,SYSTEM-28PRO
4	10	524.8		58.3		SYSTEM-49LYS,SYSTEM-52PHE,SYSTEM-35ILE,SYSTEM-67ILE,SYSTEM-63LEU,SYSTEM-58VAL,SYSTEM-55PRO,SYSTEM-30LYS,SYSTEM-29THR,SYSTEM-28PRO
5	10	607.5		67.5		SYSTEM-49LYS,SYSTEM-52PHE,SYSTEM-35ILE,SYSTEM-67ILE,SYSTEM-63LEU,SYSTEM-54VAL,SYSTEM-55PRO,SYSTEM-30LYS,SYSTEM-29THR,SYSTEM-28PRO
6	10	527.4		58.6		SYSTEM-49LYS,SYSTEM-52PHE,SYSTEM-67ILE,SYSTEM-63LEU,SYSTEM-95ILE,SYSTEM-54VAL,SYSTEM-55PRO,SYSTEM-30LYS,SYSTEM-29THR,SYSTEM-28PRO
7	10	466.0		51.8		SYSTEM-49LYS,SYSTEM-52PHE,SYSTEM-67ILE,SYSTEM-63LEU,SYSTEM-58VAL,SYSTEM-57HIS,SYSTEM-55PRO,SYSTEM-30LYS,SYSTEM-29THR,SYSTEM-28PRO
8	10	487.5		54.2		SYSTEM-49LYS,SYSTEM-52PHE,SYSTEM-67ILE,SYSTEM-63LEU,SYSTEM-58VAL,SYSTEM-54VAL,SYSTEM-55PRO,SYSTEM-30LYS,SYSTEM-29THR,SYSTEM-28PRO
9	10	535.0		59.4		SYSTEM-49LYS,SYSTEM-52PHE,SYSTEM-67ILE,SYSTEM-63LEU,SYSTEM-54VAL,SYSTEM-58VAL,SYSTEM-55PRO,SYSTEM-30LYS,SYSTEM-29THR,SYSTEM-28PRO
10	11	689.4		68.9		SYSTEM-49LYS,SYSTEM-52PHE,SYSTEM-35ILE,SYSTEM-111MET,SYSTEM-33VAL,SYSTEM-54VAL,SYSTEM-58VAL,SYSTEM-55PRO,SYSTEM-30LYS,SYSTEM-29THR,SYSTEM-28PRO
11	11	736.2		73.6		SYSTEM-49LYS,SYSTEM-52PHE,SYSTEM-35ILE,SYSTEM-111MET,SYSTEM-109LEU,SYSTEM-33VAL,SYSTEM-54VAL,SYSTEM-55PRO,SYSTEM-30LYS,SYSTEM-29THR,SYSTEM-28PRO
12	11	622.7		62.3		SYSTEM-49LYS,SYSTEM-52PHE,SYSTEM-35ILE,SYSTEM-81LEU,SYSTEM-89VAL,SYSTEM-93THR,SYSTEM-94PRO,SYSTEM-96SER,SYSTEM-56ASP,SYSTEM-29THR,SYSTEM-28PRO
13	11	729.8		73.0		SYSTEM-49LYS,SYSTEM-52PHE,SYSTEM-35ILE,SYSTEM-81LEU,SYSTEM-111MET,SYSTEM-33VAL,SYSTEM-54VAL,SYSTEM-55PRO,SYSTEM-30LYS,SYSTEM-29THR,SYSTEM-28PRO
14	11	523.7		52.4		SYSTEM-49LYS,SYSTEM-52PHE,SYSTEM-35ILE,SYSTEM-81LEU,SYSTEM-67ILE,SYSTEM-63LEU,SYSTEM-58VAL,SYSTEM-55PRO,SYSTEM-30LYS,SYSTEM-29THR,SYSTEM-28PRO
15	11	606.4		60.6		SYSTEM-49LYS,SYSTEM-52PHE,SYSTEM-35ILE,SYSTEM-81LEU,SYSTEM-67ILE,SYSTEM-63LEU,SYSTEM-54VAL,SYSTEM-55PRO,SYSTEM-30LYS,SYSTEM-29THR,SYSTEM-28PRO
16	11	632.9		63.3		SYSTEM-49LYS,SYSTEM-52PHE,SYSTEM-35ILE,SYSTEM-67ILE,SYSTEM-63LEU,SYSTEM-95ILE,SYSTEM-54VAL,SYSTEM-55PRO,SYSTEM-30LYS,SYSTEM-29THR,SYSTEM-28PRO
17	11	571.5		57.1		SYSTEM-49LYS,SYSTEM-52PHE,SYSTEM-35ILE,SYSTEM-67ILE,SYSTEM-63LEU,SYSTEM-58VAL,SYSTEM-57HIS,SYSTEM-55PRO,SYSTEM-30LYS,SYSTEM-29THR,SYSTEM-28PRO
18	11	593.0		59.3		SYSTEM-49LYS,SYSTEM-52PHE,SYSTEM-35ILE,SYSTEM-67ILE,SYSTEM-63LEU,SYSTEM-58VAL,SYSTEM-54VAL,SYSTEM-55PRO,SYSTEM-30LYS,SYSTEM-29THR,SYSTEM-28PRO
19	11	640.5		64.0		SYSTEM-49LYS,SYSTEM-52PHE,SYSTEM-35ILE,SYSTEM-67ILE,SYSTEM-63LEU,SYSTEM-54VAL,SYSTEM-58VAL,SYSTEM-55PRO,SYSTEM-30LYS,SYSTEM-29THR,SYSTEM-28PRO
20	11	671.1		67.1		SYSTEM-49LYS,SYSTEM-52PHE,SYSTEM-67ILE,SYSTEM-35ILE,SYSTEM-111MET,SYSTEM-33VAL,SYSTEM-54VAL,SYSTEM-55PRO,SYSTEM-30LYS,SYSTEM-29THR,SYSTEM-28PRO
21	11	560.4		56.0		SYSTEM-49LYS,SYSTEM-52PHE,SYSTEM-67ILE,SYSTEM-63LEU,SYSTEM-95ILE,SYSTEM-54VAL,SYSTEM-58VAL,SYSTEM-55PRO,SYSTEM-30LYS,SYSTEM-29THR,SYSTEM-28PRO
22	11	619.8		62.0		SYSTEM-49LYS,SYSTEM-52PHE,SYSTEM-67ILE,SYSTEM-63LEU,SYSTEM-60MET,SYSTEM-95ILE,SYSTEM-54VAL,SYSTEM-55PRO,SYSTEM-30LYS,SYSTEM-29THR,SYSTEM-28PRO
23	11	581.7		58.2		SYSTEM-49LYS,SYSTEM-52PHE,SYSTEM-67ILE,SYSTEM-63LEU,SYSTEM-54VAL,SYSTEM-58VAL,SYSTEM-57HIS,SYSTEM-55PRO,SYSTEM-30LYS,SYSTEM-29THR,SYSTEM-28PRO
24	11	591.7		59.2		SYSTEM-49LYS,SYSTEM-52PHE,SYSTEM-67ILE,SYSTEM-81LEU,SYSTEM-89VAL,SYSTEM-93THR,SYSTEM-94PRO,SYSTEM-96SER,SYSTEM-56ASP,SYSTEM-29THR,SYSTEM-28PRO
25	11	698.8		69.9		SYSTEM-49LYS,SYSTEM-52PHE,SYSTEM-67ILE,SYSTEM-81LEU,SYSTEM-111MET,SYSTEM-33VAL,SYSTEM-54VAL,SYSTEM-55PRO,SYSTEM-30LYS,SYSTEM-29THR,SYSTEM-28PRO
