Graph loaded! 120 nodes, 144 edges
Node list:
	SYSTEM-1MET
	SYSTEM-2PRO
	SYSTEM-3SER
	SYSTEM-4GLU
	SYSTEM-5LYS
	SYSTEM-6THR
	SYSTEM-7PHE
	SYSTEM-8LYS
	SYSTEM-9GLN
	SYSTEM-10ARG
	SYSTEM-11ARG
	SYSTEM-12THR
	SYSTEM-13PHE
	SYSTEM-14GLU
	SYSTEM-15GLN
	SYSTEM-16ARG
	SYSTEM-17VAL
	SYSTEM-18GLU
	SYSTEM-19ASP
	SYSTEM-20VAL
	SYSTEM-21ARG
	SYSTEM-22LEU
	SYSTEM-23ILE
	SYSTEM-24ARG
	SYSTEM-25GLU
	SYSTEM-26GLN
	SYSTEM-27HIS
	SYSTEM-28PRO
	SYSTEM-29THR
	SYSTEM-30LYS
	SYSTEM-31ILE
	SYSTEM-32PRO
	SYSTEM-33VAL
	SYSTEM-34ILE
	SYSTEM-35ILE
	SYSTEM-36GLU
	SYSTEM-37ARG
	SYSTEM-38TYR
	SYSTEM-39LYS
	SYSTEM-40GLY
	SYSTEM-41GLU
	SYSTEM-42LYS
	SYSTEM-43GLN
	SYSTEM-44LEU
	SYSTEM-45PRO
	SYSTEM-46VAL
	SYSTEM-47LEU
	SYSTEM-48ASP
	SYSTEM-49LYS
	SYSTEM-50THR
	SYSTEM-51LYS
	SYSTEM-52PHE
	SYSTEM-53LEU
	SYSTEM-54VAL
	SYSTEM-55PRO
	SYSTEM-56ASP
	SYSTEM-57HIS
	SYSTEM-58VAL
	SYSTEM-59ASN
	SYSTEM-60MET
	SYSTEM-61SER
	SYSTEM-62GLU
	SYSTEM-63LEU
	SYSTEM-64ILE
	SYSTEM-65LYS
	SYSTEM-66ILE
	SYSTEM-67ILE
	SYSTEM-68ARG
	SYSTEM-69ARG
	SYSTEM-70ARG
	SYSTEM-71LEU
	SYSTEM-72GLN
	SYSTEM-73LEU
	SYSTEM-74ASN
	SYSTEM-75ALA
	SYSTEM-76ASN
	SYSTEM-77GLN
	SYSTEM-78ALA
	SYSTEM-79PHE
	SYSTEM-80PHE
	SYSTEM-81LEU
	SYSTEM-82LEU
	SYSTEM-83VAL
	SYSTEM-84ASN
	SYSTEM-85GLY
	SYSTEM-86HIS
	SYSTEM-87SER
	SYSTEM-88MET
	SYSTEM-89VAL
	SYSTEM-90SER
	SYSTEM-91VAL
	SYSTEM-92SER
	SYSTEM-93THR
	SYSTEM-94PRO
	SYSTEM-95ILE
	SYSTEM-96SER
	SYSTEM-97GLU
	SYSTEM-98VAL
	SYSTEM-99TYR
	SYSTEM-100GLU
	SYSTEM-101SER
	SYSTEM-102GLU
	SYSTEM-103LYS
	SYSTEM-104ASP
	SYSTEM-105GLU
	SYSTEM-106ASP
	SYSTEM-107GLY
	SYSTEM-108PHE
	SYSTEM-109LEU
	SYSTEM-110TYR
	SYSTEM-111MET
	SYSTEM-112VAL
	SYSTEM-113TYR
	SYSTEM-114ALA
	SYSTEM-115SER
	SYSTEM-116GLN
	SYSTEM-117GLU
	SYSTEM-118THR
	SYSTEM-119PHE
	SYSTEM-120GLY
Path #	Length	Sum of weights	Average weight	Path
1	7	319.5		53.2		SYSTEM-57HIS,SYSTEM-58VAL,SYSTEM-63LEU,SYSTEM-60MET,SYSTEM-89VAL,SYSTEM-88MET,SYSTEM-82LEU
2	8	351.5		50.2		SYSTEM-57HIS,SYSTEM-58VAL,SYSTEM-54VAL,SYSTEM-95ILE,SYSTEM-98VAL,SYSTEM-89VAL,SYSTEM-88MET,SYSTEM-82LEU
3	8	435.2		62.2		SYSTEM-57HIS,SYSTEM-58VAL,SYSTEM-54VAL,SYSTEM-95ILE,SYSTEM-60MET,SYSTEM-89VAL,SYSTEM-88MET,SYSTEM-82LEU
4	8	435.2		62.2		SYSTEM-57HIS,SYSTEM-58VAL,SYSTEM-54VAL,SYSTEM-63LEU,SYSTEM-60MET,SYSTEM-89VAL,SYSTEM-88MET,SYSTEM-82LEU
5	8	259.4		37.1		SYSTEM-57HIS,SYSTEM-58VAL,SYSTEM-63LEU,SYSTEM-95ILE,SYSTEM-98VAL,SYSTEM-89VAL,SYSTEM-88MET,SYSTEM-82LEU
6	8	343.1		49.0		SYSTEM-57HIS,SYSTEM-58VAL,SYSTEM-63LEU,SYSTEM-95ILE,SYSTEM-60MET,SYSTEM-89VAL,SYSTEM-88MET,SYSTEM-82LEU
7	8	353.3		50.5		SYSTEM-57HIS,SYSTEM-58VAL,SYSTEM-63LEU,SYSTEM-60MET,SYSTEM-98VAL,SYSTEM-89VAL,SYSTEM-88MET,SYSTEM-82LEU
8	8	264.0		37.7		SYSTEM-57HIS,SYSTEM-58VAL,SYSTEM-63LEU,SYSTEM-67ILE,SYSTEM-81LEU,SYSTEM-89VAL,SYSTEM-88MET,SYSTEM-82LEU
9	8	371.0		53.0		SYSTEM-57HIS,SYSTEM-55PRO,SYSTEM-54VAL,SYSTEM-95ILE,SYSTEM-98VAL,SYSTEM-89VAL,SYSTEM-88MET,SYSTEM-82LEU
10	8	454.7		65.0		SYSTEM-57HIS,SYSTEM-55PRO,SYSTEM-54VAL,SYSTEM-95ILE,SYSTEM-60MET,SYSTEM-89VAL,SYSTEM-88MET,SYSTEM-82LEU
11	8	454.7		65.0		SYSTEM-57HIS,SYSTEM-55PRO,SYSTEM-54VAL,SYSTEM-63LEU,SYSTEM-60MET,SYSTEM-89VAL,SYSTEM-88MET,SYSTEM-82LEU
12	8	372.0		53.1		SYSTEM-57HIS,SYSTEM-55PRO,SYSTEM-58VAL,SYSTEM-63LEU,SYSTEM-60MET,SYSTEM-89VAL,SYSTEM-88MET,SYSTEM-82LEU
13	9	487.1		60.9		SYSTEM-57HIS,SYSTEM-58VAL,SYSTEM-54VAL,SYSTEM-95ILE,SYSTEM-98VAL,SYSTEM-60MET,SYSTEM-89VAL,SYSTEM-88MET,SYSTEM-82LEU
14	9	469.0		58.6		SYSTEM-57HIS,SYSTEM-58VAL,SYSTEM-54VAL,SYSTEM-95ILE,SYSTEM-60MET,SYSTEM-98VAL,SYSTEM-89VAL,SYSTEM-88MET,SYSTEM-82LEU
15	9	460.6		57.6		SYSTEM-57HIS,SYSTEM-58VAL,SYSTEM-54VAL,SYSTEM-95ILE,SYSTEM-63LEU,SYSTEM-60MET,SYSTEM-89VAL,SYSTEM-88MET,SYSTEM-82LEU
16	9	503.1		62.9		SYSTEM-57HIS,SYSTEM-58VAL,SYSTEM-54VAL,SYSTEM-33VAL,SYSTEM-111MET,SYSTEM-81LEU,SYSTEM-89VAL,SYSTEM-88MET,SYSTEM-82LEU
17	9	375.1		46.9		SYSTEM-57HIS,SYSTEM-58VAL,SYSTEM-54VAL,SYSTEM-63LEU,SYSTEM-95ILE,SYSTEM-98VAL,SYSTEM-89VAL,SYSTEM-88MET,SYSTEM-82LEU
18	9	458.8		57.4		SYSTEM-57HIS,SYSTEM-58VAL,SYSTEM-54VAL,SYSTEM-63LEU,SYSTEM-95ILE,SYSTEM-60MET,SYSTEM-89VAL,SYSTEM-88MET,SYSTEM-82LEU
19	9	469.0		58.6		SYSTEM-57HIS,SYSTEM-58VAL,SYSTEM-54VAL,SYSTEM-63LEU,SYSTEM-60MET,SYSTEM-98VAL,SYSTEM-89VAL,SYSTEM-88MET,SYSTEM-82LEU
20	9	379.7		47.5		SYSTEM-57HIS,SYSTEM-58VAL,SYSTEM-54VAL,SYSTEM-63LEU,SYSTEM-67ILE,SYSTEM-81LEU,SYSTEM-89VAL,SYSTEM-88MET,SYSTEM-82LEU
21	9	395.0		49.4		SYSTEM-57HIS,SYSTEM-58VAL,SYSTEM-63LEU,SYSTEM-95ILE,SYSTEM-98VAL,SYSTEM-60MET,SYSTEM-89VAL,SYSTEM-88MET,SYSTEM-82LEU
22	9	376.9		47.1		SYSTEM-57HIS,SYSTEM-58VAL,SYSTEM-63LEU,SYSTEM-95ILE,SYSTEM-60MET,SYSTEM-98VAL,SYSTEM-89VAL,SYSTEM-88MET,SYSTEM-82LEU
23	9	351.8		44.0		SYSTEM-57HIS,SYSTEM-58VAL,SYSTEM-63LEU,SYSTEM-60MET,SYSTEM-95ILE,SYSTEM-98VAL,SYSTEM-89VAL,SYSTEM-88MET,SYSTEM-82LEU
24	9	412.8		51.6		SYSTEM-57HIS,SYSTEM-58VAL,SYSTEM-63LEU,SYSTEM-54VAL,SYSTEM-95ILE,SYSTEM-98VAL,SYSTEM-89VAL,SYSTEM-88MET,SYSTEM-82LEU
25	9	496.5		62.1		SYSTEM-57HIS,SYSTEM-58VAL,SYSTEM-63LEU,SYSTEM-54VAL,SYSTEM-95ILE,SYSTEM-60MET,SYSTEM-89VAL,SYSTEM-88MET,SYSTEM-82LEU
26	9	309.7		38.7		SYSTEM-57HIS,SYSTEM-58VAL,SYSTEM-63LEU,SYSTEM-67ILE,SYSTEM-35ILE,SYSTEM-81LEU,SYSTEM-89VAL,SYSTEM-88MET,SYSTEM-82LEU
27	9	483.1		60.4		SYSTEM-57HIS,SYSTEM-58VAL,SYSTEM-55PRO,SYSTEM-54VAL,SYSTEM-95ILE,SYSTEM-98VAL,SYSTEM-89VAL,SYSTEM-88MET,SYSTEM-82LEU
28	9	566.8		70.8		SYSTEM-57HIS,SYSTEM-58VAL,SYSTEM-55PRO,SYSTEM-54VAL,SYSTEM-95ILE,SYSTEM-60MET,SYSTEM-89VAL,SYSTEM-88MET,SYSTEM-82LEU
29	9	566.8		70.8		SYSTEM-57HIS,SYSTEM-58VAL,SYSTEM-55PRO,SYSTEM-54VAL,SYSTEM-63LEU,SYSTEM-60MET,SYSTEM-89VAL,SYSTEM-88MET,SYSTEM-82LEU
30	9	506.6		63.3		SYSTEM-57HIS,SYSTEM-55PRO,SYSTEM-54VAL,SYSTEM-95ILE,SYSTEM-98VAL,SYSTEM-60MET,SYSTEM-89VAL,SYSTEM-88MET,SYSTEM-82LEU
31	9	488.5		61.1		SYSTEM-57HIS,SYSTEM-55PRO,SYSTEM-54VAL,SYSTEM-95ILE,SYSTEM-60MET,SYSTEM-98VAL,SYSTEM-89VAL,SYSTEM-88MET,SYSTEM-82LEU
32	9	480.1		60.0		SYSTEM-57HIS,SYSTEM-55PRO,SYSTEM-54VAL,SYSTEM-95ILE,SYSTEM-63LEU,SYSTEM-60MET,SYSTEM-89VAL,SYSTEM-88MET,SYSTEM-82LEU
33	9	440.2		55.0		SYSTEM-57HIS,SYSTEM-55PRO,SYSTEM-54VAL,SYSTEM-58VAL,SYSTEM-63LEU,SYSTEM-60MET,SYSTEM-89VAL,SYSTEM-88MET,SYSTEM-82LEU
34	9	522.6		65.3		SYSTEM-57HIS,SYSTEM-55PRO,SYSTEM-54VAL,SYSTEM-33VAL,SYSTEM-111MET,SYSTEM-81LEU,SYSTEM-89VAL,SYSTEM-88MET,SYSTEM-82LEU
35	9	394.6		49.3		SYSTEM-57HIS,SYSTEM-55PRO,SYSTEM-54VAL,SYSTEM-63LEU,SYSTEM-95ILE,SYSTEM-98VAL,SYSTEM-89VAL,SYSTEM-88MET,SYSTEM-82LEU
36	9	478.3		59.8		SYSTEM-57HIS,SYSTEM-55PRO,SYSTEM-54VAL,SYSTEM-63LEU,SYSTEM-95ILE,SYSTEM-60MET,SYSTEM-89VAL,SYSTEM-88MET,SYSTEM-82LEU
37	9	488.5		61.1		SYSTEM-57HIS,SYSTEM-55PRO,SYSTEM-54VAL,SYSTEM-63LEU,SYSTEM-60MET,SYSTEM-98VAL,SYSTEM-89VAL,SYSTEM-88MET,SYSTEM-82LEU
38	9	399.2		49.9		SYSTEM-57HIS,SYSTEM-55PRO,SYSTEM-54VAL,SYSTEM-63LEU,SYSTEM-67ILE,SYSTEM-81LEU,SYSTEM-89VAL,SYSTEM-88MET,SYSTEM-82LEU
39	9	404.0		50.5		SYSTEM-57HIS,SYSTEM-55PRO,SYSTEM-58VAL,SYSTEM-54VAL,SYSTEM-95ILE,SYSTEM-98VAL,SYSTEM-89VAL,SYSTEM-88MET,SYSTEM-82LEU
40	9	487.7		61.0		SYSTEM-57HIS,SYSTEM-55PRO,SYSTEM-58VAL,SYSTEM-54VAL,SYSTEM-95ILE,SYSTEM-60MET,SYSTEM-89VAL,SYSTEM-88MET,SYSTEM-82LEU
41	9	487.7		61.0		SYSTEM-57HIS,SYSTEM-55PRO,SYSTEM-58VAL,SYSTEM-54VAL,SYSTEM-63LEU,SYSTEM-60MET,SYSTEM-89VAL,SYSTEM-88MET,SYSTEM-82LEU
42	9	311.9		39.0		SYSTEM-57HIS,SYSTEM-55PRO,SYSTEM-58VAL,SYSTEM-63LEU,SYSTEM-95ILE,SYSTEM-98VAL,SYSTEM-89VAL,SYSTEM-88MET,SYSTEM-82LEU
43	9	395.6		49.5		SYSTEM-57HIS,SYSTEM-55PRO,SYSTEM-58VAL,SYSTEM-63LEU,SYSTEM-95ILE,SYSTEM-60MET,SYSTEM-89VAL,SYSTEM-88MET,SYSTEM-82LEU
44	9	405.8		50.7		SYSTEM-57HIS,SYSTEM-55PRO,SYSTEM-58VAL,SYSTEM-63LEU,SYSTEM-60MET,SYSTEM-98VAL,SYSTEM-89VAL,SYSTEM-88MET,SYSTEM-82LEU
45	9	316.5		39.6		SYSTEM-57HIS,SYSTEM-55PRO,SYSTEM-58VAL,SYSTEM-63LEU,SYSTEM-67ILE,SYSTEM-81LEU,SYSTEM-89VAL,SYSTEM-88MET,SYSTEM-82LEU
46	10	494.4		54.9		SYSTEM-57HIS,SYSTEM-58VAL,SYSTEM-54VAL,SYSTEM-95ILE,SYSTEM-63LEU,SYSTEM-60MET,SYSTEM-98VAL,SYSTEM-89VAL,SYSTEM-88MET,SYSTEM-82LEU
47	10	405.1		45.0		SYSTEM-57HIS,SYSTEM-58VAL,SYSTEM-54VAL,SYSTEM-95ILE,SYSTEM-63LEU,SYSTEM-67ILE,SYSTEM-81LEU,SYSTEM-89VAL,SYSTEM-88MET,SYSTEM-82LEU
48	10	582.9		64.8		SYSTEM-57HIS,SYSTEM-58VAL,SYSTEM-54VAL,SYSTEM-33VAL,SYSTEM-109LEU,SYSTEM-111MET,SYSTEM-81LEU,SYSTEM-89VAL,SYSTEM-88MET,SYSTEM-82LEU
49	10	474.3		52.7		SYSTEM-57HIS,SYSTEM-58VAL,SYSTEM-54VAL,SYSTEM-33VAL,SYSTEM-111MET,SYSTEM-35ILE,SYSTEM-81LEU,SYSTEM-89VAL,SYSTEM-88MET,SYSTEM-82LEU
50	10	510.7		56.7		SYSTEM-57HIS,SYSTEM-58VAL,SYSTEM-54VAL,SYSTEM-63LEU,SYSTEM-95ILE,SYSTEM-98VAL,SYSTEM-60MET,SYSTEM-89VAL,SYSTEM-88MET,SYSTEM-82LEU
51	10	492.6		54.7		SYSTEM-57HIS,SYSTEM-58VAL,SYSTEM-54VAL,SYSTEM-63LEU,SYSTEM-95ILE,SYSTEM-60MET,SYSTEM-98VAL,SYSTEM-89VAL,SYSTEM-88MET,SYSTEM-82LEU
52	10	467.5		51.9		SYSTEM-57HIS,SYSTEM-58VAL,SYSTEM-54VAL,SYSTEM-63LEU,SYSTEM-60MET,SYSTEM-95ILE,SYSTEM-98VAL,SYSTEM-89VAL,SYSTEM-88MET,SYSTEM-82LEU
53	10	425.4		47.3		SYSTEM-57HIS,SYSTEM-58VAL,SYSTEM-54VAL,SYSTEM-63LEU,SYSTEM-67ILE,SYSTEM-35ILE,SYSTEM-81LEU,SYSTEM-89VAL,SYSTEM-88MET,SYSTEM-82LEU
54	10	548.4		60.9		SYSTEM-57HIS,SYSTEM-58VAL,SYSTEM-63LEU,SYSTEM-54VAL,SYSTEM-95ILE,SYSTEM-98VAL,SYSTEM-60MET,SYSTEM-89VAL,SYSTEM-88MET,SYSTEM-82LEU
55	10	530.3		58.9		SYSTEM-57HIS,SYSTEM-58VAL,SYSTEM-63LEU,SYSTEM-54VAL,SYSTEM-95ILE,SYSTEM-60MET,SYSTEM-98VAL,SYSTEM-89VAL,SYSTEM-88MET,SYSTEM-82LEU
56	10	564.4		62.7		SYSTEM-57HIS,SYSTEM-58VAL,SYSTEM-63LEU,SYSTEM-54VAL,SYSTEM-33VAL,SYSTEM-111MET,SYSTEM-81LEU,SYSTEM-89VAL,SYSTEM-88MET,SYSTEM-82LEU
57	10	354.8		39.4		SYSTEM-57HIS,SYSTEM-58VAL,SYSTEM-63LEU,SYSTEM-67ILE,SYSTEM-52PHE,SYSTEM-35ILE,SYSTEM-81LEU,SYSTEM-89VAL,SYSTEM-88MET,SYSTEM-82LEU
58	10	428.3		47.6		SYSTEM-57HIS,SYSTEM-58VAL,SYSTEM-63LEU,SYSTEM-67ILE,SYSTEM-35ILE,SYSTEM-111MET,SYSTEM-81LEU,SYSTEM-89VAL,SYSTEM-88MET,SYSTEM-82LEU
59	10	618.7		68.7		SYSTEM-57HIS,SYSTEM-58VAL,SYSTEM-55PRO,SYSTEM-54VAL,SYSTEM-95ILE,SYSTEM-98VAL,SYSTEM-60MET,SYSTEM-89VAL,SYSTEM-88MET,SYSTEM-82LEU
60	10	600.6		66.7		SYSTEM-57HIS,SYSTEM-58VAL,SYSTEM-55PRO,SYSTEM-54VAL,SYSTEM-95ILE,SYSTEM-60MET,SYSTEM-98VAL,SYSTEM-89VAL,SYSTEM-88MET,SYSTEM-82LEU
61	10	592.2		65.8		SYSTEM-57HIS,SYSTEM-58VAL,SYSTEM-55PRO,SYSTEM-54VAL,SYSTEM-95ILE,SYSTEM-63LEU,SYSTEM-60MET,SYSTEM-89VAL,SYSTEM-88MET,SYSTEM-82LEU
62	10	634.7		70.5		SYSTEM-57HIS,SYSTEM-58VAL,SYSTEM-55PRO,SYSTEM-54VAL,SYSTEM-33VAL,SYSTEM-111MET,SYSTEM-81LEU,SYSTEM-89VAL,SYSTEM-88MET,SYSTEM-82LEU
63	10	506.7		56.3		SYSTEM-57HIS,SYSTEM-58VAL,SYSTEM-55PRO,SYSTEM-54VAL,SYSTEM-63LEU,SYSTEM-95ILE,SYSTEM-98VAL,SYSTEM-89VAL,SYSTEM-88MET,SYSTEM-82LEU
64	10	590.4		65.6		SYSTEM-57HIS,SYSTEM-58VAL,SYSTEM-55PRO,SYSTEM-54VAL,SYSTEM-63LEU,SYSTEM-95ILE,SYSTEM-60MET,SYSTEM-89VAL,SYSTEM-88MET,SYSTEM-82LEU
65	10	600.6		66.7		SYSTEM-57HIS,SYSTEM-58VAL,SYSTEM-55PRO,SYSTEM-54VAL,SYSTEM-63LEU,SYSTEM-60MET,SYSTEM-98VAL,SYSTEM-89VAL,SYSTEM-88MET,SYSTEM-82LEU
66	10	511.3		56.8		SYSTEM-57HIS,SYSTEM-58VAL,SYSTEM-55PRO,SYSTEM-54VAL,SYSTEM-63LEU,SYSTEM-67ILE,SYSTEM-81LEU,SYSTEM-89VAL,SYSTEM-88MET,SYSTEM-82LEU
67	10	513.9		57.1		SYSTEM-57HIS,SYSTEM-55PRO,SYSTEM-54VAL,SYSTEM-95ILE,SYSTEM-63LEU,SYSTEM-60MET,SYSTEM-98VAL,SYSTEM-89VAL,SYSTEM-88MET,SYSTEM-82LEU
68	10	424.6		47.2		SYSTEM-57HIS,SYSTEM-55PRO,SYSTEM-54VAL,SYSTEM-95ILE,SYSTEM-63LEU,SYSTEM-67ILE,SYSTEM-81LEU,SYSTEM-89VAL,SYSTEM-88MET,SYSTEM-82LEU
69	10	380.1		42.2		SYSTEM-57HIS,SYSTEM-55PRO,SYSTEM-54VAL,SYSTEM-58VAL,SYSTEM-63LEU,SYSTEM-95ILE,SYSTEM-98VAL,SYSTEM-89VAL,SYSTEM-88MET,SYSTEM-82LEU
70	10	463.8		51.5		SYSTEM-57HIS,SYSTEM-55PRO,SYSTEM-54VAL,SYSTEM-58VAL,SYSTEM-63LEU,SYSTEM-95ILE,SYSTEM-60MET,SYSTEM-89VAL,SYSTEM-88MET,SYSTEM-82LEU
71	10	474.0		52.7		SYSTEM-57HIS,SYSTEM-55PRO,SYSTEM-54VAL,SYSTEM-58VAL,SYSTEM-63LEU,SYSTEM-60MET,SYSTEM-98VAL,SYSTEM-89VAL,SYSTEM-88MET,SYSTEM-82LEU
72	10	384.7		42.7		SYSTEM-57HIS,SYSTEM-55PRO,SYSTEM-54VAL,SYSTEM-58VAL,SYSTEM-63LEU,SYSTEM-67ILE,SYSTEM-81LEU,SYSTEM-89VAL,SYSTEM-88MET,SYSTEM-82LEU
73	10	602.4		66.9		SYSTEM-57HIS,SYSTEM-55PRO,SYSTEM-54VAL,SYSTEM-33VAL,SYSTEM-109LEU,SYSTEM-111MET,SYSTEM-81LEU,SYSTEM-89VAL,SYSTEM-88MET,SYSTEM-82LEU
74	10	493.8		54.9		SYSTEM-57HIS,SYSTEM-55PRO,SYSTEM-54VAL,SYSTEM-33VAL,SYSTEM-111MET,SYSTEM-35ILE,SYSTEM-81LEU,SYSTEM-89VAL,SYSTEM-88MET,SYSTEM-82LEU
75	10	530.2		58.9		SYSTEM-57HIS,SYSTEM-55PRO,SYSTEM-54VAL,SYSTEM-63LEU,SYSTEM-95ILE,SYSTEM-98VAL,SYSTEM-60MET,SYSTEM-89VAL,SYSTEM-88MET,SYSTEM-82LEU
76	10	512.1		56.9		SYSTEM-57HIS,SYSTEM-55PRO,SYSTEM-54VAL,SYSTEM-63LEU,SYSTEM-95ILE,SYSTEM-60MET,SYSTEM-98VAL,SYSTEM-89VAL,SYSTEM-88MET,SYSTEM-82LEU
77	10	487.0		54.1		SYSTEM-57HIS,SYSTEM-55PRO,SYSTEM-54VAL,SYSTEM-63LEU,SYSTEM-60MET,SYSTEM-95ILE,SYSTEM-98VAL,SYSTEM-89VAL,SYSTEM-88MET,SYSTEM-82LEU
78	10	444.9		49.4		SYSTEM-57HIS,SYSTEM-55PRO,SYSTEM-54VAL,SYSTEM-63LEU,SYSTEM-67ILE,SYSTEM-35ILE,SYSTEM-81LEU,SYSTEM-89VAL,SYSTEM-88MET,SYSTEM-82LEU
79	10	539.6		60.0		SYSTEM-57HIS,SYSTEM-55PRO,SYSTEM-58VAL,SYSTEM-54VAL,SYSTEM-95ILE,SYSTEM-98VAL,SYSTEM-60MET,SYSTEM-89VAL,SYSTEM-88MET,SYSTEM-82LEU
80	10	521.5		57.9		SYSTEM-57HIS,SYSTEM-55PRO,SYSTEM-58VAL,SYSTEM-54VAL,SYSTEM-95ILE,SYSTEM-60MET,SYSTEM-98VAL,SYSTEM-89VAL,SYSTEM-88MET,SYSTEM-82LEU
81	10	513.1		57.0		SYSTEM-57HIS,SYSTEM-55PRO,SYSTEM-58VAL,SYSTEM-54VAL,SYSTEM-95ILE,SYSTEM-63LEU,SYSTEM-60MET,SYSTEM-89VAL,SYSTEM-88MET,SYSTEM-82LEU
82	10	555.6		61.7		SYSTEM-57HIS,SYSTEM-55PRO,SYSTEM-58VAL,SYSTEM-54VAL,SYSTEM-33VAL,SYSTEM-111MET,SYSTEM-81LEU,SYSTEM-89VAL,SYSTEM-88MET,SYSTEM-82LEU
83	10	427.6		47.5		SYSTEM-57HIS,SYSTEM-55PRO,SYSTEM-58VAL,SYSTEM-54VAL,SYSTEM-63LEU,SYSTEM-95ILE,SYSTEM-98VAL,SYSTEM-89VAL,SYSTEM-88MET,SYSTEM-82LEU
84	10	511.3		56.8		SYSTEM-57HIS,SYSTEM-55PRO,SYSTEM-58VAL,SYSTEM-54VAL,SYSTEM-63LEU,SYSTEM-95ILE,SYSTEM-60MET,SYSTEM-89VAL,SYSTEM-88MET,SYSTEM-82LEU
85	10	521.5		57.9		SYSTEM-57HIS,SYSTEM-55PRO,SYSTEM-58VAL,SYSTEM-54VAL,SYSTEM-63LEU,SYSTEM-60MET,SYSTEM-98VAL,SYSTEM-89VAL,SYSTEM-88MET,SYSTEM-82LEU
86	10	432.2		48.0		SYSTEM-57HIS,SYSTEM-55PRO,SYSTEM-58VAL,SYSTEM-54VAL,SYSTEM-63LEU,SYSTEM-67ILE,SYSTEM-81LEU,SYSTEM-89VAL,SYSTEM-88MET,SYSTEM-82LEU
87	10	447.5		49.7		SYSTEM-57HIS,SYSTEM-55PRO,SYSTEM-58VAL,SYSTEM-63LEU,SYSTEM-95ILE,SYSTEM-98VAL,SYSTEM-60MET,SYSTEM-89VAL,SYSTEM-88MET,SYSTEM-82LEU
88	10	429.4		47.7		SYSTEM-57HIS,SYSTEM-55PRO,SYSTEM-58VAL,SYSTEM-63LEU,SYSTEM-95ILE,SYSTEM-60MET,SYSTEM-98VAL,SYSTEM-89VAL,SYSTEM-88MET,SYSTEM-82LEU
89	10	404.3		44.9		SYSTEM-57HIS,SYSTEM-55PRO,SYSTEM-58VAL,SYSTEM-63LEU,SYSTEM-60MET,SYSTEM-95ILE,SYSTEM-98VAL,SYSTEM-89VAL,SYSTEM-88MET,SYSTEM-82LEU
90	10	465.3		51.7		SYSTEM-57HIS,SYSTEM-55PRO,SYSTEM-58VAL,SYSTEM-63LEU,SYSTEM-54VAL,SYSTEM-95ILE,SYSTEM-98VAL,SYSTEM-89VAL,SYSTEM-88MET,SYSTEM-82LEU
91	10	549.0		61.0		SYSTEM-57HIS,SYSTEM-55PRO,SYSTEM-58VAL,SYSTEM-63LEU,SYSTEM-54VAL,SYSTEM-95ILE,SYSTEM-60MET,SYSTEM-89VAL,SYSTEM-88MET,SYSTEM-82LEU
92	10	362.2		40.2		SYSTEM-57HIS,SYSTEM-55PRO,SYSTEM-58VAL,SYSTEM-63LEU,SYSTEM-67ILE,SYSTEM-35ILE,SYSTEM-81LEU,SYSTEM-89VAL,SYSTEM-88MET,SYSTEM-82LEU
93	11	497.5		49.8		SYSTEM-57HIS,SYSTEM-58VAL,SYSTEM-54VAL,SYSTEM-95ILE,SYSTEM-60MET,SYSTEM-63LEU,SYSTEM-67ILE,SYSTEM-81LEU,SYSTEM-89VAL,SYSTEM-88MET,SYSTEM-82LEU
94	11	450.8		45.1		SYSTEM-57HIS,SYSTEM-58VAL,SYSTEM-54VAL,SYSTEM-95ILE,SYSTEM-63LEU,SYSTEM-67ILE,SYSTEM-35ILE,SYSTEM-81LEU,SYSTEM-89VAL,SYSTEM-88MET,SYSTEM-82LEU
95	11	554.1		55.4		SYSTEM-57HIS,SYSTEM-58VAL,SYSTEM-54VAL,SYSTEM-33VAL,SYSTEM-109LEU,SYSTEM-111MET,SYSTEM-35ILE,SYSTEM-81LEU,SYSTEM-89VAL,SYSTEM-88MET,SYSTEM-82LEU
96	11	548.8		54.9		SYSTEM-57HIS,SYSTEM-58VAL,SYSTEM-54VAL,SYSTEM-33VAL,SYSTEM-111MET,SYSTEM-35ILE,SYSTEM-67ILE,SYSTEM-81LEU,SYSTEM-89VAL,SYSTEM-88MET,SYSTEM-82LEU
97	11	470.5		47.0		SYSTEM-57HIS,SYSTEM-58VAL,SYSTEM-54VAL,SYSTEM-63LEU,SYSTEM-67ILE,SYSTEM-52PHE,SYSTEM-35ILE,SYSTEM-81LEU,SYSTEM-89VAL,SYSTEM-88MET,SYSTEM-82LEU
98	11	544.0		54.4		SYSTEM-57HIS,SYSTEM-58VAL,SYSTEM-54VAL,SYSTEM-63LEU,SYSTEM-67ILE,SYSTEM-35ILE,SYSTEM-111MET,SYSTEM-81LEU,SYSTEM-89VAL,SYSTEM-88MET,SYSTEM-82LEU
99	11	589.8		59.0		SYSTEM-57HIS,SYSTEM-58VAL,SYSTEM-63LEU,SYSTEM-95ILE,SYSTEM-54VAL,SYSTEM-33VAL,SYSTEM-111MET,SYSTEM-81LEU,SYSTEM-89VAL,SYSTEM-88MET,SYSTEM-82LEU
100	11	508.1		50.8		SYSTEM-57HIS,SYSTEM-58VAL,SYSTEM-63LEU,SYSTEM-60MET,SYSTEM-89VAL,SYSTEM-88MET,SYSTEM-80PHE,SYSTEM-78ALA,SYSTEM-115SER,SYSTEM-114ALA,SYSTEM-82LEU
101	11	644.2		64.4		SYSTEM-57HIS,SYSTEM-58VAL,SYSTEM-63LEU,SYSTEM-54VAL,SYSTEM-33VAL,SYSTEM-109LEU,SYSTEM-111MET,SYSTEM-81LEU,SYSTEM-89VAL,SYSTEM-88MET,SYSTEM-82LEU
102	11	535.6		53.6		SYSTEM-57HIS,SYSTEM-58VAL,SYSTEM-63LEU,SYSTEM-54VAL,SYSTEM-33VAL,SYSTEM-111MET,SYSTEM-35ILE,SYSTEM-81LEU,SYSTEM-89VAL,SYSTEM-88MET,SYSTEM-82LEU
103	11	473.4		47.3		SYSTEM-57HIS,SYSTEM-58VAL,SYSTEM-63LEU,SYSTEM-67ILE,SYSTEM-52PHE,SYSTEM-35ILE,SYSTEM-111MET,SYSTEM-81LEU,SYSTEM-89VAL,SYSTEM-88MET,SYSTEM-82LEU
104	11	626.0		62.6		SYSTEM-57HIS,SYSTEM-58VAL,SYSTEM-55PRO,SYSTEM-54VAL,SYSTEM-95ILE,SYSTEM-63LEU,SYSTEM-60MET,SYSTEM-98VAL,SYSTEM-89VAL,SYSTEM-88MET,SYSTEM-82LEU
105	11	536.7		53.7		SYSTEM-57HIS,SYSTEM-58VAL,SYSTEM-55PRO,SYSTEM-54VAL,SYSTEM-95ILE,SYSTEM-63LEU,SYSTEM-67ILE,SYSTEM-81LEU,SYSTEM-89VAL,SYSTEM-88MET,SYSTEM-82LEU
106	11	714.5		71.5		SYSTEM-57HIS,SYSTEM-58VAL,SYSTEM-55PRO,SYSTEM-54VAL,SYSTEM-33VAL,SYSTEM-109LEU,SYSTEM-111MET,SYSTEM-81LEU,SYSTEM-89VAL,SYSTEM-88MET,SYSTEM-82LEU
107	11	605.9		60.6		SYSTEM-57HIS,SYSTEM-58VAL,SYSTEM-55PRO,SYSTEM-54VAL,SYSTEM-33VAL,SYSTEM-111MET,SYSTEM-35ILE,SYSTEM-81LEU,SYSTEM-89VAL,SYSTEM-88MET,SYSTEM-82LEU
108	11	642.3		64.2		SYSTEM-57HIS,SYSTEM-58VAL,SYSTEM-55PRO,SYSTEM-54VAL,SYSTEM-63LEU,SYSTEM-95ILE,SYSTEM-98VAL,SYSTEM-60MET,SYSTEM-89VAL,SYSTEM-88MET,SYSTEM-82LEU
109	11	624.2		62.4		SYSTEM-57HIS,SYSTEM-58VAL,SYSTEM-55PRO,SYSTEM-54VAL,SYSTEM-63LEU,SYSTEM-95ILE,SYSTEM-60MET,SYSTEM-98VAL,SYSTEM-89VAL,SYSTEM-88MET,SYSTEM-82LEU
110	11	599.1		59.9		SYSTEM-57HIS,SYSTEM-58VAL,SYSTEM-55PRO,SYSTEM-54VAL,SYSTEM-63LEU,SYSTEM-60MET,SYSTEM-95ILE,SYSTEM-98VAL,SYSTEM-89VAL,SYSTEM-88MET,SYSTEM-82LEU
111	11	557.0		55.7		SYSTEM-57HIS,SYSTEM-58VAL,SYSTEM-55PRO,SYSTEM-54VAL,SYSTEM-63LEU,SYSTEM-67ILE,SYSTEM-35ILE,SYSTEM-81LEU,SYSTEM-89VAL,SYSTEM-88MET,SYSTEM-82LEU
112	11	517.0		51.7		SYSTEM-57HIS,SYSTEM-55PRO,SYSTEM-54VAL,SYSTEM-95ILE,SYSTEM-60MET,SYSTEM-63LEU,SYSTEM-67ILE,SYSTEM-81LEU,SYSTEM-89VAL,SYSTEM-88MET,SYSTEM-82LEU
113	11	470.3		47.0		SYSTEM-57HIS,SYSTEM-55PRO,SYSTEM-54VAL,SYSTEM-95ILE,SYSTEM-63LEU,SYSTEM-67ILE,SYSTEM-35ILE,SYSTEM-81LEU,SYSTEM-89VAL,SYSTEM-88MET,SYSTEM-82LEU
114	11	515.7		51.6		SYSTEM-57HIS,SYSTEM-55PRO,SYSTEM-54VAL,SYSTEM-58VAL,SYSTEM-63LEU,SYSTEM-95ILE,SYSTEM-98VAL,SYSTEM-60MET,SYSTEM-89VAL,SYSTEM-88MET,SYSTEM-82LEU
115	11	497.6		49.8		SYSTEM-57HIS,SYSTEM-55PRO,SYSTEM-54VAL,SYSTEM-58VAL,SYSTEM-63LEU,SYSTEM-95ILE,SYSTEM-60MET,SYSTEM-98VAL,SYSTEM-89VAL,SYSTEM-88MET,SYSTEM-82LEU
116	11	472.5		47.2		SYSTEM-57HIS,SYSTEM-55PRO,SYSTEM-54VAL,SYSTEM-58VAL,SYSTEM-63LEU,SYSTEM-60MET,SYSTEM-95ILE,SYSTEM-98VAL,SYSTEM-89VAL,SYSTEM-88MET,SYSTEM-82LEU
117	11	430.4		43.0		SYSTEM-57HIS,SYSTEM-55PRO,SYSTEM-54VAL,SYSTEM-58VAL,SYSTEM-63LEU,SYSTEM-67ILE,SYSTEM-35ILE,SYSTEM-81LEU,SYSTEM-89VAL,SYSTEM-88MET,SYSTEM-82LEU
118	11	573.6		57.4		SYSTEM-57HIS,SYSTEM-55PRO,SYSTEM-54VAL,SYSTEM-33VAL,SYSTEM-109LEU,SYSTEM-111MET,SYSTEM-35ILE,SYSTEM-81LEU,SYSTEM-89VAL,SYSTEM-88MET,SYSTEM-82LEU
119	11	568.3		56.8		SYSTEM-57HIS,SYSTEM-55PRO,SYSTEM-54VAL,SYSTEM-33VAL,SYSTEM-111MET,SYSTEM-35ILE,SYSTEM-67ILE,SYSTEM-81LEU,SYSTEM-89VAL,SYSTEM-88MET,SYSTEM-82LEU
120	11	490.0		49.0		SYSTEM-57HIS,SYSTEM-55PRO,SYSTEM-54VAL,SYSTEM-63LEU,SYSTEM-67ILE,SYSTEM-52PHE,SYSTEM-35ILE,SYSTEM-81LEU,SYSTEM-89VAL,SYSTEM-88MET,SYSTEM-82LEU
121	11	563.5		56.4		SYSTEM-57HIS,SYSTEM-55PRO,SYSTEM-54VAL,SYSTEM-63LEU,SYSTEM-67ILE,SYSTEM-35ILE,SYSTEM-111MET,SYSTEM-81LEU,SYSTEM-89VAL,SYSTEM-88MET,SYSTEM-82LEU
122	11	619.5		62.0		SYSTEM-57HIS,SYSTEM-55PRO,SYSTEM-30LYS,SYSTEM-29THR,SYSTEM-56ASP,SYSTEM-96SER,SYSTEM-94PRO,SYSTEM-93THR,SYSTEM-89VAL,SYSTEM-88MET,SYSTEM-82LEU
123	11	546.9		54.7		SYSTEM-57HIS,SYSTEM-55PRO,SYSTEM-58VAL,SYSTEM-54VAL,SYSTEM-95ILE,SYSTEM-63LEU,SYSTEM-60MET,SYSTEM-98VAL,SYSTEM-89VAL,SYSTEM-88MET,SYSTEM-82LEU
124	11	457.6		45.8		SYSTEM-57HIS,SYSTEM-55PRO,SYSTEM-58VAL,SYSTEM-54VAL,SYSTEM-95ILE,SYSTEM-63LEU,SYSTEM-67ILE,SYSTEM-81LEU,SYSTEM-89VAL,SYSTEM-88MET,SYSTEM-82LEU
125	11	635.4		63.5		SYSTEM-57HIS,SYSTEM-55PRO,SYSTEM-58VAL,SYSTEM-54VAL,SYSTEM-33VAL,SYSTEM-109LEU,SYSTEM-111MET,SYSTEM-81LEU,SYSTEM-89VAL,SYSTEM-88MET,SYSTEM-82LEU
126	11	526.8		52.7		SYSTEM-57HIS,SYSTEM-55PRO,SYSTEM-58VAL,SYSTEM-54VAL,SYSTEM-33VAL,SYSTEM-111MET,SYSTEM-35ILE,SYSTEM-81LEU,SYSTEM-89VAL,SYSTEM-88MET,SYSTEM-82LEU
127	11	563.2		56.3		SYSTEM-57HIS,SYSTEM-55PRO,SYSTEM-58VAL,SYSTEM-54VAL,SYSTEM-63LEU,SYSTEM-95ILE,SYSTEM-98VAL,SYSTEM-60MET,SYSTEM-89VAL,SYSTEM-88MET,SYSTEM-82LEU
128	11	545.1		54.5		SYSTEM-57HIS,SYSTEM-55PRO,SYSTEM-58VAL,SYSTEM-54VAL,SYSTEM-63LEU,SYSTEM-95ILE,SYSTEM-60MET,SYSTEM-98VAL,SYSTEM-89VAL,SYSTEM-88MET,SYSTEM-82LEU
129	11	520.0		52.0		SYSTEM-57HIS,SYSTEM-55PRO,SYSTEM-58VAL,SYSTEM-54VAL,SYSTEM-63LEU,SYSTEM-60MET,SYSTEM-95ILE,SYSTEM-98VAL,SYSTEM-89VAL,SYSTEM-88MET,SYSTEM-82LEU
130	11	477.9		47.8		SYSTEM-57HIS,SYSTEM-55PRO,SYSTEM-58VAL,SYSTEM-54VAL,SYSTEM-63LEU,SYSTEM-67ILE,SYSTEM-35ILE,SYSTEM-81LEU,SYSTEM-89VAL,SYSTEM-88MET,SYSTEM-82LEU
131	11	600.9		60.1		SYSTEM-57HIS,SYSTEM-55PRO,SYSTEM-58VAL,SYSTEM-63LEU,SYSTEM-54VAL,SYSTEM-95ILE,SYSTEM-98VAL,SYSTEM-60MET,SYSTEM-89VAL,SYSTEM-88MET,SYSTEM-82LEU
132	11	582.8		58.3		SYSTEM-57HIS,SYSTEM-55PRO,SYSTEM-58VAL,SYSTEM-63LEU,SYSTEM-54VAL,SYSTEM-95ILE,SYSTEM-60MET,SYSTEM-98VAL,SYSTEM-89VAL,SYSTEM-88MET,SYSTEM-82LEU
133	11	616.9		61.7		SYSTEM-57HIS,SYSTEM-55PRO,SYSTEM-58VAL,SYSTEM-63LEU,SYSTEM-54VAL,SYSTEM-33VAL,SYSTEM-111MET,SYSTEM-81LEU,SYSTEM-89VAL,SYSTEM-88MET,SYSTEM-82LEU
134	11	407.3		40.7		SYSTEM-57HIS,SYSTEM-55PRO,SYSTEM-58VAL,SYSTEM-63LEU,SYSTEM-67ILE,SYSTEM-52PHE,SYSTEM-35ILE,SYSTEM-81LEU,SYSTEM-89VAL,SYSTEM-88MET,SYSTEM-82LEU
135	11	480.8		48.1		SYSTEM-57HIS,SYSTEM-55PRO,SYSTEM-58VAL,SYSTEM-63LEU,SYSTEM-67ILE,SYSTEM-35ILE,SYSTEM-111MET,SYSTEM-81LEU,SYSTEM-89VAL,SYSTEM-88MET,SYSTEM-82LEU
