Graph loaded! 120 nodes, 118 edges
Node list:
	SYSTEM-1MET
	SYSTEM-2PRO
	SYSTEM-3SER
	SYSTEM-4GLU
	SYSTEM-5LYS
	SYSTEM-6THR
	SYSTEM-7PHE
	SYSTEM-8LYS
	SYSTEM-9GLN
	SYSTEM-10ARG
	SYSTEM-11ARG
	SYSTEM-12THR
	SYSTEM-13PHE
	SYSTEM-14GLU
	SYSTEM-15GLN
	SYSTEM-16ARG
	SYSTEM-17VAL
	SYSTEM-18GLU
	SYSTEM-19ASP
	SYSTEM-20VAL
	SYSTEM-21ARG
	SYSTEM-22LEU
	SYSTEM-23ILE
	SYSTEM-24ARG
	SYSTEM-25GLU
	SYSTEM-26GLN
	SYSTEM-27HIS
	SYSTEM-28PRO
	SYSTEM-29THR
	SYSTEM-30LYS
	SYSTEM-31ILE
	SYSTEM-32PRO
	SYSTEM-33VAL
	SYSTEM-34ILE
	SYSTEM-35ILE
	SYSTEM-36GLU
	SYSTEM-37ARG
	SYSTEM-38TYR
	SYSTEM-39LYS
	SYSTEM-40GLY
	SYSTEM-41GLU
	SYSTEM-42LYS
	SYSTEM-43GLN
	SYSTEM-44LEU
	SYSTEM-45PRO
	SYSTEM-46VAL
	SYSTEM-47LEU
	SYSTEM-48ASP
	SYSTEM-49LYS
	SYSTEM-50THR
	SYSTEM-51LYS
	SYSTEM-52PHE
	SYSTEM-53LEU
	SYSTEM-54VAL
	SYSTEM-55PRO
	SYSTEM-56ASP
	SYSTEM-57HIS
	SYSTEM-58VAL
	SYSTEM-59ASN
	SYSTEM-60MET
	SYSTEM-61SER
	SYSTEM-62GLU
	SYSTEM-63LEU
	SYSTEM-64ILE
	SYSTEM-65LYS
	SYSTEM-66ILE
	SYSTEM-67ILE
	SYSTEM-68ARG
	SYSTEM-69ARG
	SYSTEM-70ARG
	SYSTEM-71LEU
	SYSTEM-72GLN
	SYSTEM-73LEU
	SYSTEM-74ASN
	SYSTEM-75ALA
	SYSTEM-76ASN
	SYSTEM-77GLN
	SYSTEM-78ALA
	SYSTEM-79PHE
	SYSTEM-80PHE
	SYSTEM-81LEU
	SYSTEM-82LEU
	SYSTEM-83VAL
	SYSTEM-84ASN
	SYSTEM-85GLY
	SYSTEM-86HIS
	SYSTEM-87SER
	SYSTEM-88MET
	SYSTEM-89VAL
	SYSTEM-90SER
	SYSTEM-91VAL
	SYSTEM-92SER
	SYSTEM-93THR
	SYSTEM-94PRO
	SYSTEM-95ILE
	SYSTEM-96SER
	SYSTEM-97GLU
	SYSTEM-98VAL
	SYSTEM-99TYR
	SYSTEM-100GLU
	SYSTEM-101SER
	SYSTEM-102GLU
	SYSTEM-103LYS
	SYSTEM-104ASP
	SYSTEM-105GLU
	SYSTEM-106ASP
	SYSTEM-107GLY
	SYSTEM-108PHE
	SYSTEM-109LEU
	SYSTEM-110TYR
	SYSTEM-111MET
	SYSTEM-112VAL
	SYSTEM-113TYR
	SYSTEM-114ALA
	SYSTEM-115SER
	SYSTEM-116GLN
	SYSTEM-117GLU
	SYSTEM-118THR
	SYSTEM-119PHE
	SYSTEM-120GLY
Path #	Length	Sum of weights	Average weight	Path
1	7	417.1		69.5		SYSTEM-10ARG,SYSTEM-7PHE,SYSTEM-11ARG,SYSTEM-19ASP,SYSTEM-15GLN,SYSTEM-18GLU,SYSTEM-21ARG
2	8	443.9		63.4		SYSTEM-10ARG,SYSTEM-6THR,SYSTEM-8LYS,SYSTEM-11ARG,SYSTEM-19ASP,SYSTEM-15GLN,SYSTEM-18GLU,SYSTEM-21ARG
3	8	394.2		56.3		SYSTEM-10ARG,SYSTEM-6THR,SYSTEM-8LYS,SYSTEM-16ARG,SYSTEM-19ASP,SYSTEM-15GLN,SYSTEM-18GLU,SYSTEM-21ARG
4	8	465.8		66.5		SYSTEM-10ARG,SYSTEM-6THR,SYSTEM-8LYS,SYSTEM-16ARG,SYSTEM-12THR,SYSTEM-15GLN,SYSTEM-18GLU,SYSTEM-21ARG
5	8	459.7		65.7		SYSTEM-10ARG,SYSTEM-7PHE,SYSTEM-11ARG,SYSTEM-16ARG,SYSTEM-19ASP,SYSTEM-15GLN,SYSTEM-18GLU,SYSTEM-21ARG
6	8	531.3		75.9		SYSTEM-10ARG,SYSTEM-7PHE,SYSTEM-11ARG,SYSTEM-16ARG,SYSTEM-12THR,SYSTEM-15GLN,SYSTEM-18GLU,SYSTEM-21ARG
7	9	486.5		60.8		SYSTEM-10ARG,SYSTEM-6THR,SYSTEM-8LYS,SYSTEM-11ARG,SYSTEM-16ARG,SYSTEM-19ASP,SYSTEM-15GLN,SYSTEM-18GLU,SYSTEM-21ARG
8	9	558.1		69.8		SYSTEM-10ARG,SYSTEM-6THR,SYSTEM-8LYS,SYSTEM-11ARG,SYSTEM-16ARG,SYSTEM-12THR,SYSTEM-15GLN,SYSTEM-18GLU,SYSTEM-21ARG
9	9	551.6		68.9		SYSTEM-10ARG,SYSTEM-6THR,SYSTEM-8LYS,SYSTEM-16ARG,SYSTEM-11ARG,SYSTEM-19ASP,SYSTEM-15GLN,SYSTEM-18GLU,SYSTEM-21ARG
10	9	552.7		69.1		SYSTEM-10ARG,SYSTEM-6THR,SYSTEM-36GLU,SYSTEM-7PHE,SYSTEM-11ARG,SYSTEM-19ASP,SYSTEM-15GLN,SYSTEM-18GLU,SYSTEM-21ARG
11	9	572.5		71.6		SYSTEM-10ARG,SYSTEM-7PHE,SYSTEM-11ARG,SYSTEM-19ASP,SYSTEM-15GLN,SYSTEM-18GLU,SYSTEM-22LEU,SYSTEM-25GLU,SYSTEM-21ARG
12	9	529.9		66.2		SYSTEM-10ARG,SYSTEM-7PHE,SYSTEM-11ARG,SYSTEM-19ASP,SYSTEM-16ARG,SYSTEM-12THR,SYSTEM-15GLN,SYSTEM-18GLU,SYSTEM-21ARG
13	9	475.6		59.5		SYSTEM-10ARG,SYSTEM-7PHE,SYSTEM-11ARG,SYSTEM-8LYS,SYSTEM-16ARG,SYSTEM-19ASP,SYSTEM-15GLN,SYSTEM-18GLU,SYSTEM-21ARG
14	9	547.2		68.4		SYSTEM-10ARG,SYSTEM-7PHE,SYSTEM-11ARG,SYSTEM-8LYS,SYSTEM-16ARG,SYSTEM-12THR,SYSTEM-15GLN,SYSTEM-18GLU,SYSTEM-21ARG
15	10	599.3		66.6		SYSTEM-10ARG,SYSTEM-6THR,SYSTEM-8LYS,SYSTEM-11ARG,SYSTEM-19ASP,SYSTEM-15GLN,SYSTEM-18GLU,SYSTEM-22LEU,SYSTEM-25GLU,SYSTEM-21ARG
16	10	556.7		61.9		SYSTEM-10ARG,SYSTEM-6THR,SYSTEM-8LYS,SYSTEM-11ARG,SYSTEM-19ASP,SYSTEM-16ARG,SYSTEM-12THR,SYSTEM-15GLN,SYSTEM-18GLU,SYSTEM-21ARG
17	10	549.6		61.1		SYSTEM-10ARG,SYSTEM-6THR,SYSTEM-8LYS,SYSTEM-16ARG,SYSTEM-19ASP,SYSTEM-15GLN,SYSTEM-18GLU,SYSTEM-22LEU,SYSTEM-25GLU,SYSTEM-21ARG
18	10	621.2		69.0		SYSTEM-10ARG,SYSTEM-6THR,SYSTEM-8LYS,SYSTEM-16ARG,SYSTEM-12THR,SYSTEM-15GLN,SYSTEM-18GLU,SYSTEM-22LEU,SYSTEM-25GLU,SYSTEM-21ARG
19	10	595.3		66.1		SYSTEM-10ARG,SYSTEM-6THR,SYSTEM-36GLU,SYSTEM-7PHE,SYSTEM-11ARG,SYSTEM-16ARG,SYSTEM-19ASP,SYSTEM-15GLN,SYSTEM-18GLU,SYSTEM-21ARG
20	10	666.9		74.1		SYSTEM-10ARG,SYSTEM-6THR,SYSTEM-36GLU,SYSTEM-7PHE,SYSTEM-11ARG,SYSTEM-16ARG,SYSTEM-12THR,SYSTEM-15GLN,SYSTEM-18GLU,SYSTEM-21ARG
21	10	615.1		68.3		SYSTEM-10ARG,SYSTEM-7PHE,SYSTEM-11ARG,SYSTEM-16ARG,SYSTEM-19ASP,SYSTEM-15GLN,SYSTEM-18GLU,SYSTEM-22LEU,SYSTEM-25GLU,SYSTEM-21ARG
22	10	686.7		76.3		SYSTEM-10ARG,SYSTEM-7PHE,SYSTEM-11ARG,SYSTEM-16ARG,SYSTEM-12THR,SYSTEM-15GLN,SYSTEM-18GLU,SYSTEM-22LEU,SYSTEM-25GLU,SYSTEM-21ARG
23	10	522.5		58.1		SYSTEM-10ARG,SYSTEM-7PHE,SYSTEM-36GLU,SYSTEM-6THR,SYSTEM-8LYS,SYSTEM-11ARG,SYSTEM-19ASP,SYSTEM-15GLN,SYSTEM-18GLU,SYSTEM-21ARG
24	10	472.8		52.5		SYSTEM-10ARG,SYSTEM-7PHE,SYSTEM-36GLU,SYSTEM-6THR,SYSTEM-8LYS,SYSTEM-16ARG,SYSTEM-19ASP,SYSTEM-15GLN,SYSTEM-18GLU,SYSTEM-21ARG
25	10	544.4		60.5		SYSTEM-10ARG,SYSTEM-7PHE,SYSTEM-36GLU,SYSTEM-6THR,SYSTEM-8LYS,SYSTEM-16ARG,SYSTEM-12THR,SYSTEM-15GLN,SYSTEM-18GLU,SYSTEM-21ARG
26	11	641.9		64.2		SYSTEM-10ARG,SYSTEM-6THR,SYSTEM-8LYS,SYSTEM-11ARG,SYSTEM-16ARG,SYSTEM-19ASP,SYSTEM-15GLN,SYSTEM-18GLU,SYSTEM-22LEU,SYSTEM-25GLU,SYSTEM-21ARG
27	11	713.5		71.3		SYSTEM-10ARG,SYSTEM-6THR,SYSTEM-8LYS,SYSTEM-11ARG,SYSTEM-16ARG,SYSTEM-12THR,SYSTEM-15GLN,SYSTEM-18GLU,SYSTEM-22LEU,SYSTEM-25GLU,SYSTEM-21ARG
28	11	729.1		72.9		SYSTEM-10ARG,SYSTEM-6THR,SYSTEM-8LYS,SYSTEM-104ASP,SYSTEM-108PHE,SYSTEM-106ASP,SYSTEM-16ARG,SYSTEM-19ASP,SYSTEM-15GLN,SYSTEM-18GLU,SYSTEM-21ARG
29	11	800.7		80.1		SYSTEM-10ARG,SYSTEM-6THR,SYSTEM-8LYS,SYSTEM-104ASP,SYSTEM-108PHE,SYSTEM-106ASP,SYSTEM-16ARG,SYSTEM-12THR,SYSTEM-15GLN,SYSTEM-18GLU,SYSTEM-21ARG
30	11	632.2		63.2		SYSTEM-10ARG,SYSTEM-6THR,SYSTEM-8LYS,SYSTEM-104ASP,SYSTEM-107GLY,SYSTEM-106ASP,SYSTEM-16ARG,SYSTEM-19ASP,SYSTEM-15GLN,SYSTEM-18GLU,SYSTEM-21ARG
31	11	703.8		70.4		SYSTEM-10ARG,SYSTEM-6THR,SYSTEM-8LYS,SYSTEM-104ASP,SYSTEM-107GLY,SYSTEM-106ASP,SYSTEM-16ARG,SYSTEM-12THR,SYSTEM-15GLN,SYSTEM-18GLU,SYSTEM-21ARG
32	11	707.0		70.7		SYSTEM-10ARG,SYSTEM-6THR,SYSTEM-8LYS,SYSTEM-16ARG,SYSTEM-11ARG,SYSTEM-19ASP,SYSTEM-15GLN,SYSTEM-18GLU,SYSTEM-22LEU,SYSTEM-25GLU,SYSTEM-21ARG
33	11	708.1		70.8		SYSTEM-10ARG,SYSTEM-6THR,SYSTEM-36GLU,SYSTEM-7PHE,SYSTEM-11ARG,SYSTEM-19ASP,SYSTEM-15GLN,SYSTEM-18GLU,SYSTEM-22LEU,SYSTEM-25GLU,SYSTEM-21ARG
34	11	665.5		66.5		SYSTEM-10ARG,SYSTEM-6THR,SYSTEM-36GLU,SYSTEM-7PHE,SYSTEM-11ARG,SYSTEM-19ASP,SYSTEM-16ARG,SYSTEM-12THR,SYSTEM-15GLN,SYSTEM-18GLU,SYSTEM-21ARG
35	11	611.2		61.1		SYSTEM-10ARG,SYSTEM-6THR,SYSTEM-36GLU,SYSTEM-7PHE,SYSTEM-11ARG,SYSTEM-8LYS,SYSTEM-16ARG,SYSTEM-19ASP,SYSTEM-15GLN,SYSTEM-18GLU,SYSTEM-21ARG
36	11	682.8		68.3		SYSTEM-10ARG,SYSTEM-6THR,SYSTEM-36GLU,SYSTEM-7PHE,SYSTEM-11ARG,SYSTEM-8LYS,SYSTEM-16ARG,SYSTEM-12THR,SYSTEM-15GLN,SYSTEM-18GLU,SYSTEM-21ARG
37	11	685.3		68.5		SYSTEM-10ARG,SYSTEM-7PHE,SYSTEM-11ARG,SYSTEM-19ASP,SYSTEM-16ARG,SYSTEM-12THR,SYSTEM-15GLN,SYSTEM-18GLU,SYSTEM-22LEU,SYSTEM-25GLU,SYSTEM-21ARG
38	11	631.0		63.1		SYSTEM-10ARG,SYSTEM-7PHE,SYSTEM-11ARG,SYSTEM-8LYS,SYSTEM-16ARG,SYSTEM-19ASP,SYSTEM-15GLN,SYSTEM-18GLU,SYSTEM-22LEU,SYSTEM-25GLU,SYSTEM-21ARG
39	11	702.6		70.3		SYSTEM-10ARG,SYSTEM-7PHE,SYSTEM-11ARG,SYSTEM-8LYS,SYSTEM-16ARG,SYSTEM-12THR,SYSTEM-15GLN,SYSTEM-18GLU,SYSTEM-22LEU,SYSTEM-25GLU,SYSTEM-21ARG
40	11	565.1		56.5		SYSTEM-10ARG,SYSTEM-7PHE,SYSTEM-36GLU,SYSTEM-6THR,SYSTEM-8LYS,SYSTEM-11ARG,SYSTEM-16ARG,SYSTEM-19ASP,SYSTEM-15GLN,SYSTEM-18GLU,SYSTEM-21ARG
41	11	636.7		63.7		SYSTEM-10ARG,SYSTEM-7PHE,SYSTEM-36GLU,SYSTEM-6THR,SYSTEM-8LYS,SYSTEM-11ARG,SYSTEM-16ARG,SYSTEM-12THR,SYSTEM-15GLN,SYSTEM-18GLU,SYSTEM-21ARG
42	11	630.2		63.0		SYSTEM-10ARG,SYSTEM-7PHE,SYSTEM-36GLU,SYSTEM-6THR,SYSTEM-8LYS,SYSTEM-16ARG,SYSTEM-11ARG,SYSTEM-19ASP,SYSTEM-15GLN,SYSTEM-18GLU,SYSTEM-21ARG
