Graph loaded! 120 nodes, 144 edges
Node list:
	SYSTEM-1MET
	SYSTEM-2PRO
	SYSTEM-3SER
	SYSTEM-4GLU
	SYSTEM-5LYS
	SYSTEM-6THR
	SYSTEM-7PHE
	SYSTEM-8LYS
	SYSTEM-9GLN
	SYSTEM-10ARG
	SYSTEM-11ARG
	SYSTEM-12THR
	SYSTEM-13PHE
	SYSTEM-14GLU
	SYSTEM-15GLN
	SYSTEM-16ARG
	SYSTEM-17VAL
	SYSTEM-18GLU
	SYSTEM-19ASP
	SYSTEM-20VAL
	SYSTEM-21ARG
	SYSTEM-22LEU
	SYSTEM-23ILE
	SYSTEM-24ARG
	SYSTEM-25GLU
	SYSTEM-26GLN
	SYSTEM-27HIS
	SYSTEM-28PRO
	SYSTEM-29THR
	SYSTEM-30LYS
	SYSTEM-31ILE
	SYSTEM-32PRO
	SYSTEM-33VAL
	SYSTEM-34ILE
	SYSTEM-35ILE
	SYSTEM-36GLU
	SYSTEM-37ARG
	SYSTEM-38TYR
	SYSTEM-39LYS
	SYSTEM-40GLY
	SYSTEM-41GLU
	SYSTEM-42LYS
	SYSTEM-43GLN
	SYSTEM-44LEU
	SYSTEM-45PRO
	SYSTEM-46VAL
	SYSTEM-47LEU
	SYSTEM-48ASP
	SYSTEM-49LYS
	SYSTEM-50THR
	SYSTEM-51LYS
	SYSTEM-52PHE
	SYSTEM-53LEU
	SYSTEM-54VAL
	SYSTEM-55PRO
	SYSTEM-56ASP
	SYSTEM-57HIS
	SYSTEM-58VAL
	SYSTEM-59ASN
	SYSTEM-60MET
	SYSTEM-61SER
	SYSTEM-62GLU
	SYSTEM-63LEU
	SYSTEM-64ILE
	SYSTEM-65LYS
	SYSTEM-66ILE
	SYSTEM-67ILE
	SYSTEM-68ARG
	SYSTEM-69ARG
	SYSTEM-70ARG
	SYSTEM-71LEU
	SYSTEM-72GLN
	SYSTEM-73LEU
	SYSTEM-74ASN
	SYSTEM-75ALA
	SYSTEM-76ASN
	SYSTEM-77GLN
	SYSTEM-78ALA
	SYSTEM-79PHE
	SYSTEM-80PHE
	SYSTEM-81LEU
	SYSTEM-82LEU
	SYSTEM-83VAL
	SYSTEM-84ASN
	SYSTEM-85GLY
	SYSTEM-86HIS
	SYSTEM-87SER
	SYSTEM-88MET
	SYSTEM-89VAL
	SYSTEM-90SER
	SYSTEM-91VAL
	SYSTEM-92SER
	SYSTEM-93THR
	SYSTEM-94PRO
	SYSTEM-95ILE
	SYSTEM-96SER
	SYSTEM-97GLU
	SYSTEM-98VAL
	SYSTEM-99TYR
	SYSTEM-100GLU
	SYSTEM-101SER
	SYSTEM-102GLU
	SYSTEM-103LYS
	SYSTEM-104ASP
	SYSTEM-105GLU
	SYSTEM-106ASP
	SYSTEM-107GLY
	SYSTEM-108PHE
	SYSTEM-109LEU
	SYSTEM-110TYR
	SYSTEM-111MET
	SYSTEM-112VAL
	SYSTEM-113TYR
	SYSTEM-114ALA
	SYSTEM-115SER
	SYSTEM-116GLN
	SYSTEM-117GLU
	SYSTEM-118THR
	SYSTEM-119PHE
	SYSTEM-120GLY
Path #	Length	Sum of weights	Average weight	Path
1	6	396.6		79.3		SYSTEM-57HIS,SYSTEM-58VAL,SYSTEM-54VAL,SYSTEM-95ILE,SYSTEM-31ILE,SYSTEM-32PRO
2	6	304.5		60.9		SYSTEM-57HIS,SYSTEM-58VAL,SYSTEM-63LEU,SYSTEM-95ILE,SYSTEM-31ILE,SYSTEM-32PRO
3	6	416.1		83.2		SYSTEM-57HIS,SYSTEM-55PRO,SYSTEM-54VAL,SYSTEM-95ILE,SYSTEM-31ILE,SYSTEM-32PRO
4	6	386.8		77.4		SYSTEM-57HIS,SYSTEM-55PRO,SYSTEM-30LYS,SYSTEM-53LEU,SYSTEM-23ILE,SYSTEM-32PRO
5	7	478.2		79.7		SYSTEM-57HIS,SYSTEM-58VAL,SYSTEM-54VAL,SYSTEM-95ILE,SYSTEM-31ILE,SYSTEM-99TYR,SYSTEM-32PRO
6	7	416.7		69.5		SYSTEM-57HIS,SYSTEM-58VAL,SYSTEM-54VAL,SYSTEM-33VAL,SYSTEM-109LEU,SYSTEM-99TYR,SYSTEM-32PRO
7	7	420.2		70.0		SYSTEM-57HIS,SYSTEM-58VAL,SYSTEM-54VAL,SYSTEM-63LEU,SYSTEM-95ILE,SYSTEM-31ILE,SYSTEM-32PRO
8	7	386.1		64.4		SYSTEM-57HIS,SYSTEM-58VAL,SYSTEM-63LEU,SYSTEM-95ILE,SYSTEM-31ILE,SYSTEM-99TYR,SYSTEM-32PRO
9	7	396.9		66.2		SYSTEM-57HIS,SYSTEM-58VAL,SYSTEM-63LEU,SYSTEM-60MET,SYSTEM-95ILE,SYSTEM-31ILE,SYSTEM-32PRO
10	7	457.9		76.3		SYSTEM-57HIS,SYSTEM-58VAL,SYSTEM-63LEU,SYSTEM-54VAL,SYSTEM-95ILE,SYSTEM-31ILE,SYSTEM-32PRO
11	7	528.2		88.0		SYSTEM-57HIS,SYSTEM-58VAL,SYSTEM-55PRO,SYSTEM-54VAL,SYSTEM-95ILE,SYSTEM-31ILE,SYSTEM-32PRO
12	7	498.9		83.1		SYSTEM-57HIS,SYSTEM-58VAL,SYSTEM-55PRO,SYSTEM-30LYS,SYSTEM-53LEU,SYSTEM-23ILE,SYSTEM-32PRO
13	7	497.7		83.0		SYSTEM-57HIS,SYSTEM-55PRO,SYSTEM-54VAL,SYSTEM-95ILE,SYSTEM-31ILE,SYSTEM-99TYR,SYSTEM-32PRO
14	7	436.2		72.7		SYSTEM-57HIS,SYSTEM-55PRO,SYSTEM-54VAL,SYSTEM-33VAL,SYSTEM-109LEU,SYSTEM-99TYR,SYSTEM-32PRO
15	7	439.7		73.3		SYSTEM-57HIS,SYSTEM-55PRO,SYSTEM-54VAL,SYSTEM-63LEU,SYSTEM-95ILE,SYSTEM-31ILE,SYSTEM-32PRO
16	7	412.9		68.8		SYSTEM-57HIS,SYSTEM-55PRO,SYSTEM-30LYS,SYSTEM-27HIS,SYSTEM-53LEU,SYSTEM-23ILE,SYSTEM-32PRO
17	7	449.1		74.8		SYSTEM-57HIS,SYSTEM-55PRO,SYSTEM-58VAL,SYSTEM-54VAL,SYSTEM-95ILE,SYSTEM-31ILE,SYSTEM-32PRO
18	7	357.0		59.5		SYSTEM-57HIS,SYSTEM-55PRO,SYSTEM-58VAL,SYSTEM-63LEU,SYSTEM-95ILE,SYSTEM-31ILE,SYSTEM-32PRO
19	8	535.1		76.4		SYSTEM-57HIS,SYSTEM-58VAL,SYSTEM-54VAL,SYSTEM-33VAL,SYSTEM-109LEU,SYSTEM-99TYR,SYSTEM-31ILE,SYSTEM-32PRO
20	8	488.9		69.8		SYSTEM-57HIS,SYSTEM-58VAL,SYSTEM-54VAL,SYSTEM-33VAL,SYSTEM-111MET,SYSTEM-109LEU,SYSTEM-99TYR,SYSTEM-32PRO
21	8	501.8		71.7		SYSTEM-57HIS,SYSTEM-58VAL,SYSTEM-54VAL,SYSTEM-63LEU,SYSTEM-95ILE,SYSTEM-31ILE,SYSTEM-99TYR,SYSTEM-32PRO
22	8	512.6		73.2		SYSTEM-57HIS,SYSTEM-58VAL,SYSTEM-54VAL,SYSTEM-63LEU,SYSTEM-60MET,SYSTEM-95ILE,SYSTEM-31ILE,SYSTEM-32PRO
23	8	567.1		81.0		SYSTEM-57HIS,SYSTEM-58VAL,SYSTEM-54VAL,SYSTEM-55PRO,SYSTEM-30LYS,SYSTEM-53LEU,SYSTEM-23ILE,SYSTEM-32PRO
24	8	478.5		68.4		SYSTEM-57HIS,SYSTEM-58VAL,SYSTEM-63LEU,SYSTEM-60MET,SYSTEM-95ILE,SYSTEM-31ILE,SYSTEM-99TYR,SYSTEM-32PRO
25	8	448.8		64.1		SYSTEM-57HIS,SYSTEM-58VAL,SYSTEM-63LEU,SYSTEM-60MET,SYSTEM-98VAL,SYSTEM-95ILE,SYSTEM-31ILE,SYSTEM-32PRO
26	8	539.5		77.1		SYSTEM-57HIS,SYSTEM-58VAL,SYSTEM-63LEU,SYSTEM-54VAL,SYSTEM-95ILE,SYSTEM-31ILE,SYSTEM-99TYR,SYSTEM-32PRO
27	8	478.0		68.3		SYSTEM-57HIS,SYSTEM-58VAL,SYSTEM-63LEU,SYSTEM-54VAL,SYSTEM-33VAL,SYSTEM-109LEU,SYSTEM-99TYR,SYSTEM-32PRO
28	8	609.8		87.1		SYSTEM-57HIS,SYSTEM-58VAL,SYSTEM-55PRO,SYSTEM-54VAL,SYSTEM-95ILE,SYSTEM-31ILE,SYSTEM-99TYR,SYSTEM-32PRO
29	8	548.3		78.3		SYSTEM-57HIS,SYSTEM-58VAL,SYSTEM-55PRO,SYSTEM-54VAL,SYSTEM-33VAL,SYSTEM-109LEU,SYSTEM-99TYR,SYSTEM-32PRO
30	8	551.8		78.8		SYSTEM-57HIS,SYSTEM-58VAL,SYSTEM-55PRO,SYSTEM-54VAL,SYSTEM-63LEU,SYSTEM-95ILE,SYSTEM-31ILE,SYSTEM-32PRO
31	8	525.0		75.0		SYSTEM-57HIS,SYSTEM-58VAL,SYSTEM-55PRO,SYSTEM-30LYS,SYSTEM-27HIS,SYSTEM-53LEU,SYSTEM-23ILE,SYSTEM-32PRO
32	8	425.2		60.7		SYSTEM-57HIS,SYSTEM-55PRO,SYSTEM-54VAL,SYSTEM-58VAL,SYSTEM-63LEU,SYSTEM-95ILE,SYSTEM-31ILE,SYSTEM-32PRO
33	8	554.6		79.2		SYSTEM-57HIS,SYSTEM-55PRO,SYSTEM-54VAL,SYSTEM-33VAL,SYSTEM-109LEU,SYSTEM-99TYR,SYSTEM-31ILE,SYSTEM-32PRO
34	8	508.4		72.6		SYSTEM-57HIS,SYSTEM-55PRO,SYSTEM-54VAL,SYSTEM-33VAL,SYSTEM-111MET,SYSTEM-109LEU,SYSTEM-99TYR,SYSTEM-32PRO
35	8	521.3		74.5		SYSTEM-57HIS,SYSTEM-55PRO,SYSTEM-54VAL,SYSTEM-63LEU,SYSTEM-95ILE,SYSTEM-31ILE,SYSTEM-99TYR,SYSTEM-32PRO
36	8	532.1		76.0		SYSTEM-57HIS,SYSTEM-55PRO,SYSTEM-54VAL,SYSTEM-63LEU,SYSTEM-60MET,SYSTEM-95ILE,SYSTEM-31ILE,SYSTEM-32PRO
37	8	530.7		75.8		SYSTEM-57HIS,SYSTEM-55PRO,SYSTEM-58VAL,SYSTEM-54VAL,SYSTEM-95ILE,SYSTEM-31ILE,SYSTEM-99TYR,SYSTEM-32PRO
38	8	469.2		67.0		SYSTEM-57HIS,SYSTEM-55PRO,SYSTEM-58VAL,SYSTEM-54VAL,SYSTEM-33VAL,SYSTEM-109LEU,SYSTEM-99TYR,SYSTEM-32PRO
39	8	472.7		67.5		SYSTEM-57HIS,SYSTEM-55PRO,SYSTEM-58VAL,SYSTEM-54VAL,SYSTEM-63LEU,SYSTEM-95ILE,SYSTEM-31ILE,SYSTEM-32PRO
40	8	438.6		62.7		SYSTEM-57HIS,SYSTEM-55PRO,SYSTEM-58VAL,SYSTEM-63LEU,SYSTEM-95ILE,SYSTEM-31ILE,SYSTEM-99TYR,SYSTEM-32PRO
41	8	449.4		64.2		SYSTEM-57HIS,SYSTEM-55PRO,SYSTEM-58VAL,SYSTEM-63LEU,SYSTEM-60MET,SYSTEM-95ILE,SYSTEM-31ILE,SYSTEM-32PRO
42	8	510.4		72.9		SYSTEM-57HIS,SYSTEM-55PRO,SYSTEM-58VAL,SYSTEM-63LEU,SYSTEM-54VAL,SYSTEM-95ILE,SYSTEM-31ILE,SYSTEM-32PRO
43	9	607.3		75.9		SYSTEM-57HIS,SYSTEM-58VAL,SYSTEM-54VAL,SYSTEM-33VAL,SYSTEM-111MET,SYSTEM-109LEU,SYSTEM-99TYR,SYSTEM-31ILE,SYSTEM-32PRO
44	9	594.2		74.3		SYSTEM-57HIS,SYSTEM-58VAL,SYSTEM-54VAL,SYSTEM-63LEU,SYSTEM-60MET,SYSTEM-95ILE,SYSTEM-31ILE,SYSTEM-99TYR,SYSTEM-32PRO
45	9	564.5		70.6		SYSTEM-57HIS,SYSTEM-58VAL,SYSTEM-54VAL,SYSTEM-63LEU,SYSTEM-60MET,SYSTEM-98VAL,SYSTEM-95ILE,SYSTEM-31ILE,SYSTEM-32PRO
46	9	593.2		74.2		SYSTEM-57HIS,SYSTEM-58VAL,SYSTEM-54VAL,SYSTEM-55PRO,SYSTEM-30LYS,SYSTEM-27HIS,SYSTEM-53LEU,SYSTEM-23ILE,SYSTEM-32PRO
47	9	503.4		62.9		SYSTEM-57HIS,SYSTEM-58VAL,SYSTEM-63LEU,SYSTEM-95ILE,SYSTEM-54VAL,SYSTEM-33VAL,SYSTEM-109LEU,SYSTEM-99TYR,SYSTEM-32PRO
48	9	530.4		66.3		SYSTEM-57HIS,SYSTEM-58VAL,SYSTEM-63LEU,SYSTEM-60MET,SYSTEM-98VAL,SYSTEM-95ILE,SYSTEM-31ILE,SYSTEM-99TYR,SYSTEM-32PRO
49	9	499.8		62.5		SYSTEM-57HIS,SYSTEM-58VAL,SYSTEM-63LEU,SYSTEM-60MET,SYSTEM-89VAL,SYSTEM-98VAL,SYSTEM-95ILE,SYSTEM-31ILE,SYSTEM-32PRO
50	9	596.4		74.6		SYSTEM-57HIS,SYSTEM-58VAL,SYSTEM-63LEU,SYSTEM-54VAL,SYSTEM-33VAL,SYSTEM-109LEU,SYSTEM-99TYR,SYSTEM-31ILE,SYSTEM-32PRO
51	9	550.2		68.8		SYSTEM-57HIS,SYSTEM-58VAL,SYSTEM-63LEU,SYSTEM-54VAL,SYSTEM-33VAL,SYSTEM-111MET,SYSTEM-109LEU,SYSTEM-99TYR,SYSTEM-32PRO
52	9	628.4		78.6		SYSTEM-57HIS,SYSTEM-58VAL,SYSTEM-63LEU,SYSTEM-54VAL,SYSTEM-55PRO,SYSTEM-30LYS,SYSTEM-53LEU,SYSTEM-23ILE,SYSTEM-32PRO
53	9	414.1		51.8		SYSTEM-57HIS,SYSTEM-58VAL,SYSTEM-63LEU,SYSTEM-67ILE,SYSTEM-35ILE,SYSTEM-111MET,SYSTEM-109LEU,SYSTEM-99TYR,SYSTEM-32PRO
54	9	441.8		55.2		SYSTEM-57HIS,SYSTEM-58VAL,SYSTEM-63LEU,SYSTEM-67ILE,SYSTEM-81LEU,SYSTEM-111MET,SYSTEM-109LEU,SYSTEM-99TYR,SYSTEM-32PRO
55	9	666.7		83.3		SYSTEM-57HIS,SYSTEM-58VAL,SYSTEM-55PRO,SYSTEM-54VAL,SYSTEM-33VAL,SYSTEM-109LEU,SYSTEM-99TYR,SYSTEM-31ILE,SYSTEM-32PRO
56	9	620.5		77.6		SYSTEM-57HIS,SYSTEM-58VAL,SYSTEM-55PRO,SYSTEM-54VAL,SYSTEM-33VAL,SYSTEM-111MET,SYSTEM-109LEU,SYSTEM-99TYR,SYSTEM-32PRO
57	9	633.4		79.2		SYSTEM-57HIS,SYSTEM-58VAL,SYSTEM-55PRO,SYSTEM-54VAL,SYSTEM-63LEU,SYSTEM-95ILE,SYSTEM-31ILE,SYSTEM-99TYR,SYSTEM-32PRO
58	9	644.2		80.5		SYSTEM-57HIS,SYSTEM-58VAL,SYSTEM-55PRO,SYSTEM-54VAL,SYSTEM-63LEU,SYSTEM-60MET,SYSTEM-95ILE,SYSTEM-31ILE,SYSTEM-32PRO
59	9	506.8		63.4		SYSTEM-57HIS,SYSTEM-55PRO,SYSTEM-54VAL,SYSTEM-58VAL,SYSTEM-63LEU,SYSTEM-95ILE,SYSTEM-31ILE,SYSTEM-99TYR,SYSTEM-32PRO
60	9	517.6		64.7		SYSTEM-57HIS,SYSTEM-55PRO,SYSTEM-54VAL,SYSTEM-58VAL,SYSTEM-63LEU,SYSTEM-60MET,SYSTEM-95ILE,SYSTEM-31ILE,SYSTEM-32PRO
61	9	626.8		78.3		SYSTEM-57HIS,SYSTEM-55PRO,SYSTEM-54VAL,SYSTEM-33VAL,SYSTEM-111MET,SYSTEM-109LEU,SYSTEM-99TYR,SYSTEM-31ILE,SYSTEM-32PRO
62	9	613.7		76.7		SYSTEM-57HIS,SYSTEM-55PRO,SYSTEM-54VAL,SYSTEM-63LEU,SYSTEM-60MET,SYSTEM-95ILE,SYSTEM-31ILE,SYSTEM-99TYR,SYSTEM-32PRO
63	9	584.0		73.0		SYSTEM-57HIS,SYSTEM-55PRO,SYSTEM-54VAL,SYSTEM-63LEU,SYSTEM-60MET,SYSTEM-98VAL,SYSTEM-95ILE,SYSTEM-31ILE,SYSTEM-32PRO
64	9	587.6		73.5		SYSTEM-57HIS,SYSTEM-55PRO,SYSTEM-58VAL,SYSTEM-54VAL,SYSTEM-33VAL,SYSTEM-109LEU,SYSTEM-99TYR,SYSTEM-31ILE,SYSTEM-32PRO
65	9	541.4		67.7		SYSTEM-57HIS,SYSTEM-55PRO,SYSTEM-58VAL,SYSTEM-54VAL,SYSTEM-33VAL,SYSTEM-111MET,SYSTEM-109LEU,SYSTEM-99TYR,SYSTEM-32PRO
66	9	554.3		69.3		SYSTEM-57HIS,SYSTEM-55PRO,SYSTEM-58VAL,SYSTEM-54VAL,SYSTEM-63LEU,SYSTEM-95ILE,SYSTEM-31ILE,SYSTEM-99TYR,SYSTEM-32PRO
67	9	565.1		70.6		SYSTEM-57HIS,SYSTEM-55PRO,SYSTEM-58VAL,SYSTEM-54VAL,SYSTEM-63LEU,SYSTEM-60MET,SYSTEM-95ILE,SYSTEM-31ILE,SYSTEM-32PRO
68	9	531.0		66.4		SYSTEM-57HIS,SYSTEM-55PRO,SYSTEM-58VAL,SYSTEM-63LEU,SYSTEM-60MET,SYSTEM-95ILE,SYSTEM-31ILE,SYSTEM-99TYR,SYSTEM-32PRO
69	9	501.3		62.7		SYSTEM-57HIS,SYSTEM-55PRO,SYSTEM-58VAL,SYSTEM-63LEU,SYSTEM-60MET,SYSTEM-98VAL,SYSTEM-95ILE,SYSTEM-31ILE,SYSTEM-32PRO
70	9	592.0		74.0		SYSTEM-57HIS,SYSTEM-55PRO,SYSTEM-58VAL,SYSTEM-63LEU,SYSTEM-54VAL,SYSTEM-95ILE,SYSTEM-31ILE,SYSTEM-99TYR,SYSTEM-32PRO
71	9	530.5		66.3		SYSTEM-57HIS,SYSTEM-55PRO,SYSTEM-58VAL,SYSTEM-63LEU,SYSTEM-54VAL,SYSTEM-33VAL,SYSTEM-109LEU,SYSTEM-99TYR,SYSTEM-32PRO
72	10	646.1		71.8		SYSTEM-57HIS,SYSTEM-58VAL,SYSTEM-54VAL,SYSTEM-63LEU,SYSTEM-60MET,SYSTEM-98VAL,SYSTEM-95ILE,SYSTEM-31ILE,SYSTEM-99TYR,SYSTEM-32PRO
73	10	615.5		68.4		SYSTEM-57HIS,SYSTEM-58VAL,SYSTEM-54VAL,SYSTEM-63LEU,SYSTEM-60MET,SYSTEM-89VAL,SYSTEM-98VAL,SYSTEM-95ILE,SYSTEM-31ILE,SYSTEM-32PRO
74	10	529.8		58.9		SYSTEM-57HIS,SYSTEM-58VAL,SYSTEM-54VAL,SYSTEM-63LEU,SYSTEM-67ILE,SYSTEM-35ILE,SYSTEM-111MET,SYSTEM-109LEU,SYSTEM-99TYR,SYSTEM-32PRO
75	10	557.5		61.9		SYSTEM-57HIS,SYSTEM-58VAL,SYSTEM-54VAL,SYSTEM-63LEU,SYSTEM-67ILE,SYSTEM-81LEU,SYSTEM-111MET,SYSTEM-109LEU,SYSTEM-99TYR,SYSTEM-32PRO
76	10	621.8		69.1		SYSTEM-57HIS,SYSTEM-58VAL,SYSTEM-63LEU,SYSTEM-95ILE,SYSTEM-54VAL,SYSTEM-33VAL,SYSTEM-109LEU,SYSTEM-99TYR,SYSTEM-31ILE,SYSTEM-32PRO
77	10	575.6		64.0		SYSTEM-57HIS,SYSTEM-58VAL,SYSTEM-63LEU,SYSTEM-95ILE,SYSTEM-54VAL,SYSTEM-33VAL,SYSTEM-111MET,SYSTEM-109LEU,SYSTEM-99TYR,SYSTEM-32PRO
78	10	653.8		72.6		SYSTEM-57HIS,SYSTEM-58VAL,SYSTEM-63LEU,SYSTEM-95ILE,SYSTEM-54VAL,SYSTEM-55PRO,SYSTEM-30LYS,SYSTEM-53LEU,SYSTEM-23ILE,SYSTEM-32PRO
79	10	595.8		66.2		SYSTEM-57HIS,SYSTEM-58VAL,SYSTEM-63LEU,SYSTEM-60MET,SYSTEM-95ILE,SYSTEM-54VAL,SYSTEM-33VAL,SYSTEM-109LEU,SYSTEM-99TYR,SYSTEM-32PRO
80	10	581.4		64.6		SYSTEM-57HIS,SYSTEM-58VAL,SYSTEM-63LEU,SYSTEM-60MET,SYSTEM-89VAL,SYSTEM-98VAL,SYSTEM-95ILE,SYSTEM-31ILE,SYSTEM-99TYR,SYSTEM-32PRO
81	10	571.7		63.5		SYSTEM-57HIS,SYSTEM-58VAL,SYSTEM-63LEU,SYSTEM-60MET,SYSTEM-89VAL,SYSTEM-81LEU,SYSTEM-111MET,SYSTEM-109LEU,SYSTEM-99TYR,SYSTEM-32PRO
82	10	668.6		74.3		SYSTEM-57HIS,SYSTEM-58VAL,SYSTEM-63LEU,SYSTEM-54VAL,SYSTEM-33VAL,SYSTEM-111MET,SYSTEM-109LEU,SYSTEM-99TYR,SYSTEM-31ILE,SYSTEM-32PRO
83	10	654.5		72.7		SYSTEM-57HIS,SYSTEM-58VAL,SYSTEM-63LEU,SYSTEM-54VAL,SYSTEM-55PRO,SYSTEM-30LYS,SYSTEM-27HIS,SYSTEM-53LEU,SYSTEM-23ILE,SYSTEM-32PRO
84	10	459.2		51.0		SYSTEM-57HIS,SYSTEM-58VAL,SYSTEM-63LEU,SYSTEM-67ILE,SYSTEM-52PHE,SYSTEM-35ILE,SYSTEM-111MET,SYSTEM-109LEU,SYSTEM-99TYR,SYSTEM-32PRO
85	10	519.7		57.7		SYSTEM-57HIS,SYSTEM-58VAL,SYSTEM-63LEU,SYSTEM-67ILE,SYSTEM-35ILE,SYSTEM-111MET,SYSTEM-33VAL,SYSTEM-109LEU,SYSTEM-99TYR,SYSTEM-32PRO
86	10	532.5		59.2		SYSTEM-57HIS,SYSTEM-58VAL,SYSTEM-63LEU,SYSTEM-67ILE,SYSTEM-35ILE,SYSTEM-111MET,SYSTEM-109LEU,SYSTEM-99TYR,SYSTEM-31ILE,SYSTEM-32PRO
87	10	487.5		54.2		SYSTEM-57HIS,SYSTEM-58VAL,SYSTEM-63LEU,SYSTEM-67ILE,SYSTEM-35ILE,SYSTEM-81LEU,SYSTEM-111MET,SYSTEM-109LEU,SYSTEM-99TYR,SYSTEM-32PRO
88	10	444.3		49.4		SYSTEM-57HIS,SYSTEM-58VAL,SYSTEM-63LEU,SYSTEM-67ILE,SYSTEM-81LEU,SYSTEM-89VAL,SYSTEM-98VAL,SYSTEM-95ILE,SYSTEM-31ILE,SYSTEM-32PRO
89	10	528.0		58.7		SYSTEM-57HIS,SYSTEM-58VAL,SYSTEM-63LEU,SYSTEM-67ILE,SYSTEM-81LEU,SYSTEM-89VAL,SYSTEM-60MET,SYSTEM-95ILE,SYSTEM-31ILE,SYSTEM-32PRO
90	10	413.0		45.9		SYSTEM-57HIS,SYSTEM-58VAL,SYSTEM-63LEU,SYSTEM-67ILE,SYSTEM-81LEU,SYSTEM-35ILE,SYSTEM-111MET,SYSTEM-109LEU,SYSTEM-99TYR,SYSTEM-32PRO
91	10	547.4		60.8		SYSTEM-57HIS,SYSTEM-58VAL,SYSTEM-63LEU,SYSTEM-67ILE,SYSTEM-81LEU,SYSTEM-111MET,SYSTEM-33VAL,SYSTEM-109LEU,SYSTEM-99TYR,SYSTEM-32PRO
92	10	560.2		62.2		SYSTEM-57HIS,SYSTEM-58VAL,SYSTEM-63LEU,SYSTEM-67ILE,SYSTEM-81LEU,SYSTEM-111MET,SYSTEM-109LEU,SYSTEM-99TYR,SYSTEM-31ILE,SYSTEM-32PRO
93	10	738.9		82.1		SYSTEM-57HIS,SYSTEM-58VAL,SYSTEM-55PRO,SYSTEM-54VAL,SYSTEM-33VAL,SYSTEM-111MET,SYSTEM-109LEU,SYSTEM-99TYR,SYSTEM-31ILE,SYSTEM-32PRO
94	10	725.8		80.6		SYSTEM-57HIS,SYSTEM-58VAL,SYSTEM-55PRO,SYSTEM-54VAL,SYSTEM-63LEU,SYSTEM-60MET,SYSTEM-95ILE,SYSTEM-31ILE,SYSTEM-99TYR,SYSTEM-32PRO
95	10	696.1		77.3		SYSTEM-57HIS,SYSTEM-58VAL,SYSTEM-55PRO,SYSTEM-54VAL,SYSTEM-63LEU,SYSTEM-60MET,SYSTEM-98VAL,SYSTEM-95ILE,SYSTEM-31ILE,SYSTEM-32PRO
96	10	599.2		66.6		SYSTEM-57HIS,SYSTEM-55PRO,SYSTEM-54VAL,SYSTEM-58VAL,SYSTEM-63LEU,SYSTEM-60MET,SYSTEM-95ILE,SYSTEM-31ILE,SYSTEM-99TYR,SYSTEM-32PRO
97	10	569.5		63.3		SYSTEM-57HIS,SYSTEM-55PRO,SYSTEM-54VAL,SYSTEM-58VAL,SYSTEM-63LEU,SYSTEM-60MET,SYSTEM-98VAL,SYSTEM-95ILE,SYSTEM-31ILE,SYSTEM-32PRO
98	10	665.6		74.0		SYSTEM-57HIS,SYSTEM-55PRO,SYSTEM-54VAL,SYSTEM-63LEU,SYSTEM-60MET,SYSTEM-98VAL,SYSTEM-95ILE,SYSTEM-31ILE,SYSTEM-99TYR,SYSTEM-32PRO
99	10	635.0		70.6		SYSTEM-57HIS,SYSTEM-55PRO,SYSTEM-54VAL,SYSTEM-63LEU,SYSTEM-60MET,SYSTEM-89VAL,SYSTEM-98VAL,SYSTEM-95ILE,SYSTEM-31ILE,SYSTEM-32PRO
100	10	549.3		61.0		SYSTEM-57HIS,SYSTEM-55PRO,SYSTEM-54VAL,SYSTEM-63LEU,SYSTEM-67ILE,SYSTEM-35ILE,SYSTEM-111MET,SYSTEM-109LEU,SYSTEM-99TYR,SYSTEM-32PRO
101	10	577.0		64.1		SYSTEM-57HIS,SYSTEM-55PRO,SYSTEM-54VAL,SYSTEM-63LEU,SYSTEM-67ILE,SYSTEM-81LEU,SYSTEM-111MET,SYSTEM-109LEU,SYSTEM-99TYR,SYSTEM-32PRO
102	10	659.8		73.3		SYSTEM-57HIS,SYSTEM-55PRO,SYSTEM-58VAL,SYSTEM-54VAL,SYSTEM-33VAL,SYSTEM-111MET,SYSTEM-109LEU,SYSTEM-99TYR,SYSTEM-31ILE,SYSTEM-32PRO
103	10	646.7		71.9		SYSTEM-57HIS,SYSTEM-55PRO,SYSTEM-58VAL,SYSTEM-54VAL,SYSTEM-63LEU,SYSTEM-60MET,SYSTEM-95ILE,SYSTEM-31ILE,SYSTEM-99TYR,SYSTEM-32PRO
104	10	617.0		68.6		SYSTEM-57HIS,SYSTEM-55PRO,SYSTEM-58VAL,SYSTEM-54VAL,SYSTEM-63LEU,SYSTEM-60MET,SYSTEM-98VAL,SYSTEM-95ILE,SYSTEM-31ILE,SYSTEM-32PRO
105	10	555.9		61.8		SYSTEM-57HIS,SYSTEM-55PRO,SYSTEM-58VAL,SYSTEM-63LEU,SYSTEM-95ILE,SYSTEM-54VAL,SYSTEM-33VAL,SYSTEM-109LEU,SYSTEM-99TYR,SYSTEM-32PRO
106	10	582.9		64.8		SYSTEM-57HIS,SYSTEM-55PRO,SYSTEM-58VAL,SYSTEM-63LEU,SYSTEM-60MET,SYSTEM-98VAL,SYSTEM-95ILE,SYSTEM-31ILE,SYSTEM-99TYR,SYSTEM-32PRO
107	10	552.3		61.4		SYSTEM-57HIS,SYSTEM-55PRO,SYSTEM-58VAL,SYSTEM-63LEU,SYSTEM-60MET,SYSTEM-89VAL,SYSTEM-98VAL,SYSTEM-95ILE,SYSTEM-31ILE,SYSTEM-32PRO
108	10	648.9		72.1		SYSTEM-57HIS,SYSTEM-55PRO,SYSTEM-58VAL,SYSTEM-63LEU,SYSTEM-54VAL,SYSTEM-33VAL,SYSTEM-109LEU,SYSTEM-99TYR,SYSTEM-31ILE,SYSTEM-32PRO
109	10	602.7		67.0		SYSTEM-57HIS,SYSTEM-55PRO,SYSTEM-58VAL,SYSTEM-63LEU,SYSTEM-54VAL,SYSTEM-33VAL,SYSTEM-111MET,SYSTEM-109LEU,SYSTEM-99TYR,SYSTEM-32PRO
110	10	466.6		51.8		SYSTEM-57HIS,SYSTEM-55PRO,SYSTEM-58VAL,SYSTEM-63LEU,SYSTEM-67ILE,SYSTEM-35ILE,SYSTEM-111MET,SYSTEM-109LEU,SYSTEM-99TYR,SYSTEM-32PRO
111	10	494.3		54.9		SYSTEM-57HIS,SYSTEM-55PRO,SYSTEM-58VAL,SYSTEM-63LEU,SYSTEM-67ILE,SYSTEM-81LEU,SYSTEM-111MET,SYSTEM-109LEU,SYSTEM-99TYR,SYSTEM-32PRO
112	11	603.7		60.4		SYSTEM-57HIS,SYSTEM-58VAL,SYSTEM-54VAL,SYSTEM-95ILE,SYSTEM-98VAL,SYSTEM-89VAL,SYSTEM-81LEU,SYSTEM-111MET,SYSTEM-109LEU,SYSTEM-99TYR,SYSTEM-32PRO
113	11	687.4		68.7		SYSTEM-57HIS,SYSTEM-58VAL,SYSTEM-54VAL,SYSTEM-95ILE,SYSTEM-60MET,SYSTEM-89VAL,SYSTEM-81LEU,SYSTEM-111MET,SYSTEM-109LEU,SYSTEM-99TYR,SYSTEM-32PRO
114	11	555.2		55.5		SYSTEM-57HIS,SYSTEM-58VAL,SYSTEM-54VAL,SYSTEM-95ILE,SYSTEM-63LEU,SYSTEM-67ILE,SYSTEM-35ILE,SYSTEM-111MET,SYSTEM-109LEU,SYSTEM-99TYR,SYSTEM-32PRO
115	11	582.9		58.3		SYSTEM-57HIS,SYSTEM-58VAL,SYSTEM-54VAL,SYSTEM-95ILE,SYSTEM-63LEU,SYSTEM-67ILE,SYSTEM-81LEU,SYSTEM-111MET,SYSTEM-109LEU,SYSTEM-99TYR,SYSTEM-32PRO
116	11	634.9		63.5		SYSTEM-57HIS,SYSTEM-58VAL,SYSTEM-54VAL,SYSTEM-33VAL,SYSTEM-111MET,SYSTEM-35ILE,SYSTEM-67ILE,SYSTEM-63LEU,SYSTEM-95ILE,SYSTEM-31ILE,SYSTEM-32PRO
117	11	683.4		68.3		SYSTEM-57HIS,SYSTEM-58VAL,SYSTEM-54VAL,SYSTEM-33VAL,SYSTEM-111MET,SYSTEM-81LEU,SYSTEM-89VAL,SYSTEM-98VAL,SYSTEM-95ILE,SYSTEM-31ILE,SYSTEM-32PRO
118	11	767.1		76.7		SYSTEM-57HIS,SYSTEM-58VAL,SYSTEM-54VAL,SYSTEM-33VAL,SYSTEM-111MET,SYSTEM-81LEU,SYSTEM-89VAL,SYSTEM-60MET,SYSTEM-95ILE,SYSTEM-31ILE,SYSTEM-32PRO
119	11	662.6		66.3		SYSTEM-57HIS,SYSTEM-58VAL,SYSTEM-54VAL,SYSTEM-33VAL,SYSTEM-111MET,SYSTEM-81LEU,SYSTEM-67ILE,SYSTEM-63LEU,SYSTEM-95ILE,SYSTEM-31ILE,SYSTEM-32PRO
120	11	697.1		69.7		SYSTEM-57HIS,SYSTEM-58VAL,SYSTEM-54VAL,SYSTEM-63LEU,SYSTEM-60MET,SYSTEM-89VAL,SYSTEM-98VAL,SYSTEM-95ILE,SYSTEM-31ILE,SYSTEM-99TYR,SYSTEM-32PRO
121	11	687.4		68.7		SYSTEM-57HIS,SYSTEM-58VAL,SYSTEM-54VAL,SYSTEM-63LEU,SYSTEM-60MET,SYSTEM-89VAL,SYSTEM-81LEU,SYSTEM-111MET,SYSTEM-109LEU,SYSTEM-99TYR,SYSTEM-32PRO
122	11	574.9		57.5		SYSTEM-57HIS,SYSTEM-58VAL,SYSTEM-54VAL,SYSTEM-63LEU,SYSTEM-67ILE,SYSTEM-52PHE,SYSTEM-35ILE,SYSTEM-111MET,SYSTEM-109LEU,SYSTEM-99TYR,SYSTEM-32PRO
123	11	635.4		63.5		SYSTEM-57HIS,SYSTEM-58VAL,SYSTEM-54VAL,SYSTEM-63LEU,SYSTEM-67ILE,SYSTEM-35ILE,SYSTEM-111MET,SYSTEM-33VAL,SYSTEM-109LEU,SYSTEM-99TYR,SYSTEM-32PRO
124	11	648.2		64.8		SYSTEM-57HIS,SYSTEM-58VAL,SYSTEM-54VAL,SYSTEM-63LEU,SYSTEM-67ILE,SYSTEM-35ILE,SYSTEM-111MET,SYSTEM-109LEU,SYSTEM-99TYR,SYSTEM-31ILE,SYSTEM-32PRO
125	11	603.2		60.3		SYSTEM-57HIS,SYSTEM-58VAL,SYSTEM-54VAL,SYSTEM-63LEU,SYSTEM-67ILE,SYSTEM-35ILE,SYSTEM-81LEU,SYSTEM-111MET,SYSTEM-109LEU,SYSTEM-99TYR,SYSTEM-32PRO
126	11	560.0		56.0		SYSTEM-57HIS,SYSTEM-58VAL,SYSTEM-54VAL,SYSTEM-63LEU,SYSTEM-67ILE,SYSTEM-81LEU,SYSTEM-89VAL,SYSTEM-98VAL,SYSTEM-95ILE,SYSTEM-31ILE,SYSTEM-32PRO
127	11	643.7		64.4		SYSTEM-57HIS,SYSTEM-58VAL,SYSTEM-54VAL,SYSTEM-63LEU,SYSTEM-67ILE,SYSTEM-81LEU,SYSTEM-89VAL,SYSTEM-60MET,SYSTEM-95ILE,SYSTEM-31ILE,SYSTEM-32PRO
128	11	528.7		52.9		SYSTEM-57HIS,SYSTEM-58VAL,SYSTEM-54VAL,SYSTEM-63LEU,SYSTEM-67ILE,SYSTEM-81LEU,SYSTEM-35ILE,SYSTEM-111MET,SYSTEM-109LEU,SYSTEM-99TYR,SYSTEM-32PRO
129	11	663.1		66.3		SYSTEM-57HIS,SYSTEM-58VAL,SYSTEM-54VAL,SYSTEM-63LEU,SYSTEM-67ILE,SYSTEM-81LEU,SYSTEM-111MET,SYSTEM-33VAL,SYSTEM-109LEU,SYSTEM-99TYR,SYSTEM-32PRO
130	11	675.9		67.6		SYSTEM-57HIS,SYSTEM-58VAL,SYSTEM-54VAL,SYSTEM-63LEU,SYSTEM-67ILE,SYSTEM-81LEU,SYSTEM-111MET,SYSTEM-109LEU,SYSTEM-99TYR,SYSTEM-31ILE,SYSTEM-32PRO
131	11	511.6		51.2		SYSTEM-57HIS,SYSTEM-58VAL,SYSTEM-63LEU,SYSTEM-95ILE,SYSTEM-98VAL,SYSTEM-89VAL,SYSTEM-81LEU,SYSTEM-111MET,SYSTEM-109LEU,SYSTEM-99TYR,SYSTEM-32PRO
132	11	595.3		59.5		SYSTEM-57HIS,SYSTEM-58VAL,SYSTEM-63LEU,SYSTEM-95ILE,SYSTEM-60MET,SYSTEM-89VAL,SYSTEM-81LEU,SYSTEM-111MET,SYSTEM-109LEU,SYSTEM-99TYR,SYSTEM-32PRO
133	11	694.0		69.4		SYSTEM-57HIS,SYSTEM-58VAL,SYSTEM-63LEU,SYSTEM-95ILE,SYSTEM-54VAL,SYSTEM-33VAL,SYSTEM-111MET,SYSTEM-109LEU,SYSTEM-99TYR,SYSTEM-31ILE,SYSTEM-32PRO
134	11	679.9		68.0		SYSTEM-57HIS,SYSTEM-58VAL,SYSTEM-63LEU,SYSTEM-95ILE,SYSTEM-54VAL,SYSTEM-55PRO,SYSTEM-30LYS,SYSTEM-27HIS,SYSTEM-53LEU,SYSTEM-23ILE,SYSTEM-32PRO
135	11	714.2		71.4		SYSTEM-57HIS,SYSTEM-58VAL,SYSTEM-63LEU,SYSTEM-60MET,SYSTEM-95ILE,SYSTEM-54VAL,SYSTEM-33VAL,SYSTEM-109LEU,SYSTEM-99TYR,SYSTEM-31ILE,SYSTEM-32PRO
136	11	668.0		66.8		SYSTEM-57HIS,SYSTEM-58VAL,SYSTEM-63LEU,SYSTEM-60MET,SYSTEM-95ILE,SYSTEM-54VAL,SYSTEM-33VAL,SYSTEM-111MET,SYSTEM-109LEU,SYSTEM-99TYR,SYSTEM-32PRO
137	11	746.2		74.6		SYSTEM-57HIS,SYSTEM-58VAL,SYSTEM-63LEU,SYSTEM-60MET,SYSTEM-95ILE,SYSTEM-54VAL,SYSTEM-55PRO,SYSTEM-30LYS,SYSTEM-53LEU,SYSTEM-23ILE,SYSTEM-32PRO
138	11	647.7		64.8		SYSTEM-57HIS,SYSTEM-58VAL,SYSTEM-63LEU,SYSTEM-60MET,SYSTEM-98VAL,SYSTEM-95ILE,SYSTEM-54VAL,SYSTEM-33VAL,SYSTEM-109LEU,SYSTEM-99TYR,SYSTEM-32PRO
139	11	605.5		60.5		SYSTEM-57HIS,SYSTEM-58VAL,SYSTEM-63LEU,SYSTEM-60MET,SYSTEM-98VAL,SYSTEM-89VAL,SYSTEM-81LEU,SYSTEM-111MET,SYSTEM-109LEU,SYSTEM-99TYR,SYSTEM-32PRO
140	11	542.9		54.3		SYSTEM-57HIS,SYSTEM-58VAL,SYSTEM-63LEU,SYSTEM-60MET,SYSTEM-89VAL,SYSTEM-81LEU,SYSTEM-35ILE,SYSTEM-111MET,SYSTEM-109LEU,SYSTEM-99TYR,SYSTEM-32PRO
141	11	677.3		67.7		SYSTEM-57HIS,SYSTEM-58VAL,SYSTEM-63LEU,SYSTEM-60MET,SYSTEM-89VAL,SYSTEM-81LEU,SYSTEM-111MET,SYSTEM-33VAL,SYSTEM-109LEU,SYSTEM-99TYR,SYSTEM-32PRO
142	11	690.1		69.0		SYSTEM-57HIS,SYSTEM-58VAL,SYSTEM-63LEU,SYSTEM-60MET,SYSTEM-89VAL,SYSTEM-81LEU,SYSTEM-111MET,SYSTEM-109LEU,SYSTEM-99TYR,SYSTEM-31ILE,SYSTEM-32PRO
143	11	564.8		56.5		SYSTEM-57HIS,SYSTEM-58VAL,SYSTEM-63LEU,SYSTEM-67ILE,SYSTEM-52PHE,SYSTEM-35ILE,SYSTEM-111MET,SYSTEM-33VAL,SYSTEM-109LEU,SYSTEM-99TYR,SYSTEM-32PRO
144	11	577.6		57.8		SYSTEM-57HIS,SYSTEM-58VAL,SYSTEM-63LEU,SYSTEM-67ILE,SYSTEM-52PHE,SYSTEM-35ILE,SYSTEM-111MET,SYSTEM-109LEU,SYSTEM-99TYR,SYSTEM-31ILE,SYSTEM-32PRO
145	11	532.6		53.3		SYSTEM-57HIS,SYSTEM-58VAL,SYSTEM-63LEU,SYSTEM-67ILE,SYSTEM-52PHE,SYSTEM-35ILE,SYSTEM-81LEU,SYSTEM-111MET,SYSTEM-109LEU,SYSTEM-99TYR,SYSTEM-32PRO
146	11	638.1		63.8		SYSTEM-57HIS,SYSTEM-58VAL,SYSTEM-63LEU,SYSTEM-67ILE,SYSTEM-35ILE,SYSTEM-111MET,SYSTEM-33VAL,SYSTEM-109LEU,SYSTEM-99TYR,SYSTEM-31ILE,SYSTEM-32PRO
147	11	672.6		67.3		SYSTEM-57HIS,SYSTEM-58VAL,SYSTEM-63LEU,SYSTEM-67ILE,SYSTEM-35ILE,SYSTEM-111MET,SYSTEM-33VAL,SYSTEM-54VAL,SYSTEM-95ILE,SYSTEM-31ILE,SYSTEM-32PRO
148	11	490.0		49.0		SYSTEM-57HIS,SYSTEM-58VAL,SYSTEM-63LEU,SYSTEM-67ILE,SYSTEM-35ILE,SYSTEM-81LEU,SYSTEM-89VAL,SYSTEM-98VAL,SYSTEM-95ILE,SYSTEM-31ILE,SYSTEM-32PRO
149	11	573.7		57.4		SYSTEM-57HIS,SYSTEM-58VAL,SYSTEM-63LEU,SYSTEM-67ILE,SYSTEM-35ILE,SYSTEM-81LEU,SYSTEM-89VAL,SYSTEM-60MET,SYSTEM-95ILE,SYSTEM-31ILE,SYSTEM-32PRO
150	11	593.1		59.3		SYSTEM-57HIS,SYSTEM-58VAL,SYSTEM-63LEU,SYSTEM-67ILE,SYSTEM-35ILE,SYSTEM-81LEU,SYSTEM-111MET,SYSTEM-33VAL,SYSTEM-109LEU,SYSTEM-99TYR,SYSTEM-32PRO
151	11	605.9		60.6		SYSTEM-57HIS,SYSTEM-58VAL,SYSTEM-63LEU,SYSTEM-67ILE,SYSTEM-35ILE,SYSTEM-81LEU,SYSTEM-111MET,SYSTEM-109LEU,SYSTEM-99TYR,SYSTEM-31ILE,SYSTEM-32PRO
152	11	561.8		56.2		SYSTEM-57HIS,SYSTEM-58VAL,SYSTEM-63LEU,SYSTEM-67ILE,SYSTEM-81LEU,SYSTEM-89VAL,SYSTEM-98VAL,SYSTEM-60MET,SYSTEM-95ILE,SYSTEM-31ILE,SYSTEM-32PRO
153	11	525.9		52.6		SYSTEM-57HIS,SYSTEM-58VAL,SYSTEM-63LEU,SYSTEM-67ILE,SYSTEM-81LEU,SYSTEM-89VAL,SYSTEM-98VAL,SYSTEM-95ILE,SYSTEM-31ILE,SYSTEM-99TYR,SYSTEM-32PRO
154	11	609.6		61.0		SYSTEM-57HIS,SYSTEM-58VAL,SYSTEM-63LEU,SYSTEM-67ILE,SYSTEM-81LEU,SYSTEM-89VAL,SYSTEM-60MET,SYSTEM-95ILE,SYSTEM-31ILE,SYSTEM-99TYR,SYSTEM-32PRO
155	11	579.9		58.0		SYSTEM-57HIS,SYSTEM-58VAL,SYSTEM-63LEU,SYSTEM-67ILE,SYSTEM-81LEU,SYSTEM-89VAL,SYSTEM-60MET,SYSTEM-98VAL,SYSTEM-95ILE,SYSTEM-31ILE,SYSTEM-32PRO
156	11	518.6		51.9		SYSTEM-57HIS,SYSTEM-58VAL,SYSTEM-63LEU,SYSTEM-67ILE,SYSTEM-81LEU,SYSTEM-35ILE,SYSTEM-111MET,SYSTEM-33VAL,SYSTEM-109LEU,SYSTEM-99TYR,SYSTEM-32PRO
157	11	531.4		53.1		SYSTEM-57HIS,SYSTEM-58VAL,SYSTEM-63LEU,SYSTEM-67ILE,SYSTEM-81LEU,SYSTEM-35ILE,SYSTEM-111MET,SYSTEM-109LEU,SYSTEM-99TYR,SYSTEM-31ILE,SYSTEM-32PRO
158	11	665.8		66.6		SYSTEM-57HIS,SYSTEM-58VAL,SYSTEM-63LEU,SYSTEM-67ILE,SYSTEM-81LEU,SYSTEM-111MET,SYSTEM-33VAL,SYSTEM-109LEU,SYSTEM-99TYR,SYSTEM-31ILE,SYSTEM-32PRO
159	11	700.3		70.0		SYSTEM-57HIS,SYSTEM-58VAL,SYSTEM-63LEU,SYSTEM-67ILE,SYSTEM-81LEU,SYSTEM-111MET,SYSTEM-33VAL,SYSTEM-54VAL,SYSTEM-95ILE,SYSTEM-31ILE,SYSTEM-32PRO
160	11	777.7		77.8		SYSTEM-57HIS,SYSTEM-58VAL,SYSTEM-55PRO,SYSTEM-54VAL,SYSTEM-63LEU,SYSTEM-60MET,SYSTEM-98VAL,SYSTEM-95ILE,SYSTEM-31ILE,SYSTEM-99TYR,SYSTEM-32PRO
161	11	747.1		74.7		SYSTEM-57HIS,SYSTEM-58VAL,SYSTEM-55PRO,SYSTEM-54VAL,SYSTEM-63LEU,SYSTEM-60MET,SYSTEM-89VAL,SYSTEM-98VAL,SYSTEM-95ILE,SYSTEM-31ILE,SYSTEM-32PRO
162	11	661.4		66.1		SYSTEM-57HIS,SYSTEM-58VAL,SYSTEM-55PRO,SYSTEM-54VAL,SYSTEM-63LEU,SYSTEM-67ILE,SYSTEM-35ILE,SYSTEM-111MET,SYSTEM-109LEU,SYSTEM-99TYR,SYSTEM-32PRO
163	11	689.1		68.9		SYSTEM-57HIS,SYSTEM-58VAL,SYSTEM-55PRO,SYSTEM-54VAL,SYSTEM-63LEU,SYSTEM-67ILE,SYSTEM-81LEU,SYSTEM-111MET,SYSTEM-109LEU,SYSTEM-99TYR,SYSTEM-32PRO
164	11	623.2		62.3		SYSTEM-57HIS,SYSTEM-55PRO,SYSTEM-54VAL,SYSTEM-95ILE,SYSTEM-98VAL,SYSTEM-89VAL,SYSTEM-81LEU,SYSTEM-111MET,SYSTEM-109LEU,SYSTEM-99TYR,SYSTEM-32PRO
165	11	706.9		70.7		SYSTEM-57HIS,SYSTEM-55PRO,SYSTEM-54VAL,SYSTEM-95ILE,SYSTEM-60MET,SYSTEM-89VAL,SYSTEM-81LEU,SYSTEM-111MET,SYSTEM-109LEU,SYSTEM-99TYR,SYSTEM-32PRO
166	11	574.7		57.5		SYSTEM-57HIS,SYSTEM-55PRO,SYSTEM-54VAL,SYSTEM-95ILE,SYSTEM-63LEU,SYSTEM-67ILE,SYSTEM-35ILE,SYSTEM-111MET,SYSTEM-109LEU,SYSTEM-99TYR,SYSTEM-32PRO
167	11	602.4		60.2		SYSTEM-57HIS,SYSTEM-55PRO,SYSTEM-54VAL,SYSTEM-95ILE,SYSTEM-63LEU,SYSTEM-67ILE,SYSTEM-81LEU,SYSTEM-111MET,SYSTEM-109LEU,SYSTEM-99TYR,SYSTEM-32PRO
168	11	651.1		65.1		SYSTEM-57HIS,SYSTEM-55PRO,SYSTEM-54VAL,SYSTEM-58VAL,SYSTEM-63LEU,SYSTEM-60MET,SYSTEM-98VAL,SYSTEM-95ILE,SYSTEM-31ILE,SYSTEM-99TYR,SYSTEM-32PRO
169	11	620.5		62.0		SYSTEM-57HIS,SYSTEM-55PRO,SYSTEM-54VAL,SYSTEM-58VAL,SYSTEM-63LEU,SYSTEM-60MET,SYSTEM-89VAL,SYSTEM-98VAL,SYSTEM-95ILE,SYSTEM-31ILE,SYSTEM-32PRO
170	11	534.8		53.5		SYSTEM-57HIS,SYSTEM-55PRO,SYSTEM-54VAL,SYSTEM-58VAL,SYSTEM-63LEU,SYSTEM-67ILE,SYSTEM-35ILE,SYSTEM-111MET,SYSTEM-109LEU,SYSTEM-99TYR,SYSTEM-32PRO
171	11	562.5		56.2		SYSTEM-57HIS,SYSTEM-55PRO,SYSTEM-54VAL,SYSTEM-58VAL,SYSTEM-63LEU,SYSTEM-67ILE,SYSTEM-81LEU,SYSTEM-111MET,SYSTEM-109LEU,SYSTEM-99TYR,SYSTEM-32PRO
172	11	654.4		65.4		SYSTEM-57HIS,SYSTEM-55PRO,SYSTEM-54VAL,SYSTEM-33VAL,SYSTEM-111MET,SYSTEM-35ILE,SYSTEM-67ILE,SYSTEM-63LEU,SYSTEM-95ILE,SYSTEM-31ILE,SYSTEM-32PRO
173	11	702.9		70.3		SYSTEM-57HIS,SYSTEM-55PRO,SYSTEM-54VAL,SYSTEM-33VAL,SYSTEM-111MET,SYSTEM-81LEU,SYSTEM-89VAL,SYSTEM-98VAL,SYSTEM-95ILE,SYSTEM-31ILE,SYSTEM-32PRO
174	11	786.6		78.7		SYSTEM-57HIS,SYSTEM-55PRO,SYSTEM-54VAL,SYSTEM-33VAL,SYSTEM-111MET,SYSTEM-81LEU,SYSTEM-89VAL,SYSTEM-60MET,SYSTEM-95ILE,SYSTEM-31ILE,SYSTEM-32PRO
175	11	682.1		68.2		SYSTEM-57HIS,SYSTEM-55PRO,SYSTEM-54VAL,SYSTEM-33VAL,SYSTEM-111MET,SYSTEM-81LEU,SYSTEM-67ILE,SYSTEM-63LEU,SYSTEM-95ILE,SYSTEM-31ILE,SYSTEM-32PRO
176	11	716.6		71.7		SYSTEM-57HIS,SYSTEM-55PRO,SYSTEM-54VAL,SYSTEM-63LEU,SYSTEM-60MET,SYSTEM-89VAL,SYSTEM-98VAL,SYSTEM-95ILE,SYSTEM-31ILE,SYSTEM-99TYR,SYSTEM-32PRO
177	11	706.9		70.7		SYSTEM-57HIS,SYSTEM-55PRO,SYSTEM-54VAL,SYSTEM-63LEU,SYSTEM-60MET,SYSTEM-89VAL,SYSTEM-81LEU,SYSTEM-111MET,SYSTEM-109LEU,SYSTEM-99TYR,SYSTEM-32PRO
178	11	594.4		59.4		SYSTEM-57HIS,SYSTEM-55PRO,SYSTEM-54VAL,SYSTEM-63LEU,SYSTEM-67ILE,SYSTEM-52PHE,SYSTEM-35ILE,SYSTEM-111MET,SYSTEM-109LEU,SYSTEM-99TYR,SYSTEM-32PRO
179	11	654.9		65.5		SYSTEM-57HIS,SYSTEM-55PRO,SYSTEM-54VAL,SYSTEM-63LEU,SYSTEM-67ILE,SYSTEM-35ILE,SYSTEM-111MET,SYSTEM-33VAL,SYSTEM-109LEU,SYSTEM-99TYR,SYSTEM-32PRO
180	11	667.7		66.8		SYSTEM-57HIS,SYSTEM-55PRO,SYSTEM-54VAL,SYSTEM-63LEU,SYSTEM-67ILE,SYSTEM-35ILE,SYSTEM-111MET,SYSTEM-109LEU,SYSTEM-99TYR,SYSTEM-31ILE,SYSTEM-32PRO
181	11	622.7		62.3		SYSTEM-57HIS,SYSTEM-55PRO,SYSTEM-54VAL,SYSTEM-63LEU,SYSTEM-67ILE,SYSTEM-35ILE,SYSTEM-81LEU,SYSTEM-111MET,SYSTEM-109LEU,SYSTEM-99TYR,SYSTEM-32PRO
182	11	579.5		58.0		SYSTEM-57HIS,SYSTEM-55PRO,SYSTEM-54VAL,SYSTEM-63LEU,SYSTEM-67ILE,SYSTEM-81LEU,SYSTEM-89VAL,SYSTEM-98VAL,SYSTEM-95ILE,SYSTEM-31ILE,SYSTEM-32PRO
183	11	663.2		66.3		SYSTEM-57HIS,SYSTEM-55PRO,SYSTEM-54VAL,SYSTEM-63LEU,SYSTEM-67ILE,SYSTEM-81LEU,SYSTEM-89VAL,SYSTEM-60MET,SYSTEM-95ILE,SYSTEM-31ILE,SYSTEM-32PRO
184	11	548.2		54.8		SYSTEM-57HIS,SYSTEM-55PRO,SYSTEM-54VAL,SYSTEM-63LEU,SYSTEM-67ILE,SYSTEM-81LEU,SYSTEM-35ILE,SYSTEM-111MET,SYSTEM-109LEU,SYSTEM-99TYR,SYSTEM-32PRO
185	11	682.6		68.3		SYSTEM-57HIS,SYSTEM-55PRO,SYSTEM-54VAL,SYSTEM-63LEU,SYSTEM-67ILE,SYSTEM-81LEU,SYSTEM-111MET,SYSTEM-33VAL,SYSTEM-109LEU,SYSTEM-99TYR,SYSTEM-32PRO
186	11	695.4		69.5		SYSTEM-57HIS,SYSTEM-55PRO,SYSTEM-54VAL,SYSTEM-63LEU,SYSTEM-67ILE,SYSTEM-81LEU,SYSTEM-111MET,SYSTEM-109LEU,SYSTEM-99TYR,SYSTEM-31ILE,SYSTEM-32PRO
187	11	698.6		69.9		SYSTEM-57HIS,SYSTEM-55PRO,SYSTEM-58VAL,SYSTEM-54VAL,SYSTEM-63LEU,SYSTEM-60MET,SYSTEM-98VAL,SYSTEM-95ILE,SYSTEM-31ILE,SYSTEM-99TYR,SYSTEM-32PRO
188	11	668.0		66.8		SYSTEM-57HIS,SYSTEM-55PRO,SYSTEM-58VAL,SYSTEM-54VAL,SYSTEM-63LEU,SYSTEM-60MET,SYSTEM-89VAL,SYSTEM-98VAL,SYSTEM-95ILE,SYSTEM-31ILE,SYSTEM-32PRO
189	11	582.3		58.2		SYSTEM-57HIS,SYSTEM-55PRO,SYSTEM-58VAL,SYSTEM-54VAL,SYSTEM-63LEU,SYSTEM-67ILE,SYSTEM-35ILE,SYSTEM-111MET,SYSTEM-109LEU,SYSTEM-99TYR,SYSTEM-32PRO
190	11	610.0		61.0		SYSTEM-57HIS,SYSTEM-55PRO,SYSTEM-58VAL,SYSTEM-54VAL,SYSTEM-63LEU,SYSTEM-67ILE,SYSTEM-81LEU,SYSTEM-111MET,SYSTEM-109LEU,SYSTEM-99TYR,SYSTEM-32PRO
191	11	674.3		67.4		SYSTEM-57HIS,SYSTEM-55PRO,SYSTEM-58VAL,SYSTEM-63LEU,SYSTEM-95ILE,SYSTEM-54VAL,SYSTEM-33VAL,SYSTEM-109LEU,SYSTEM-99TYR,SYSTEM-31ILE,SYSTEM-32PRO
192	11	628.1		62.8		SYSTEM-57HIS,SYSTEM-55PRO,SYSTEM-58VAL,SYSTEM-63LEU,SYSTEM-95ILE,SYSTEM-54VAL,SYSTEM-33VAL,SYSTEM-111MET,SYSTEM-109LEU,SYSTEM-99TYR,SYSTEM-32PRO
193	11	648.3		64.8		SYSTEM-57HIS,SYSTEM-55PRO,SYSTEM-58VAL,SYSTEM-63LEU,SYSTEM-60MET,SYSTEM-95ILE,SYSTEM-54VAL,SYSTEM-33VAL,SYSTEM-109LEU,SYSTEM-99TYR,SYSTEM-32PRO
194	11	633.9		63.4		SYSTEM-57HIS,SYSTEM-55PRO,SYSTEM-58VAL,SYSTEM-63LEU,SYSTEM-60MET,SYSTEM-89VAL,SYSTEM-98VAL,SYSTEM-95ILE,SYSTEM-31ILE,SYSTEM-99TYR,SYSTEM-32PRO
195	11	624.2		62.4		SYSTEM-57HIS,SYSTEM-55PRO,SYSTEM-58VAL,SYSTEM-63LEU,SYSTEM-60MET,SYSTEM-89VAL,SYSTEM-81LEU,SYSTEM-111MET,SYSTEM-109LEU,SYSTEM-99TYR,SYSTEM-32PRO
196	11	721.1		72.1		SYSTEM-57HIS,SYSTEM-55PRO,SYSTEM-58VAL,SYSTEM-63LEU,SYSTEM-54VAL,SYSTEM-33VAL,SYSTEM-111MET,SYSTEM-109LEU,SYSTEM-99TYR,SYSTEM-31ILE,SYSTEM-32PRO
197	11	511.7		51.2		SYSTEM-57HIS,SYSTEM-55PRO,SYSTEM-58VAL,SYSTEM-63LEU,SYSTEM-67ILE,SYSTEM-52PHE,SYSTEM-35ILE,SYSTEM-111MET,SYSTEM-109LEU,SYSTEM-99TYR,SYSTEM-32PRO
198	11	572.2		57.2		SYSTEM-57HIS,SYSTEM-55PRO,SYSTEM-58VAL,SYSTEM-63LEU,SYSTEM-67ILE,SYSTEM-35ILE,SYSTEM-111MET,SYSTEM-33VAL,SYSTEM-109LEU,SYSTEM-99TYR,SYSTEM-32PRO
199	11	585.0		58.5		SYSTEM-57HIS,SYSTEM-55PRO,SYSTEM-58VAL,SYSTEM-63LEU,SYSTEM-67ILE,SYSTEM-35ILE,SYSTEM-111MET,SYSTEM-109LEU,SYSTEM-99TYR,SYSTEM-31ILE,SYSTEM-32PRO
200	11	540.0		54.0		SYSTEM-57HIS,SYSTEM-55PRO,SYSTEM-58VAL,SYSTEM-63LEU,SYSTEM-67ILE,SYSTEM-35ILE,SYSTEM-81LEU,SYSTEM-111MET,SYSTEM-109LEU,SYSTEM-99TYR,SYSTEM-32PRO
201	11	496.8		49.7		SYSTEM-57HIS,SYSTEM-55PRO,SYSTEM-58VAL,SYSTEM-63LEU,SYSTEM-67ILE,SYSTEM-81LEU,SYSTEM-89VAL,SYSTEM-98VAL,SYSTEM-95ILE,SYSTEM-31ILE,SYSTEM-32PRO
202	11	580.5		58.1		SYSTEM-57HIS,SYSTEM-55PRO,SYSTEM-58VAL,SYSTEM-63LEU,SYSTEM-67ILE,SYSTEM-81LEU,SYSTEM-89VAL,SYSTEM-60MET,SYSTEM-95ILE,SYSTEM-31ILE,SYSTEM-32PRO
203	11	465.5		46.5		SYSTEM-57HIS,SYSTEM-55PRO,SYSTEM-58VAL,SYSTEM-63LEU,SYSTEM-67ILE,SYSTEM-81LEU,SYSTEM-35ILE,SYSTEM-111MET,SYSTEM-109LEU,SYSTEM-99TYR,SYSTEM-32PRO
204	11	599.9		60.0		SYSTEM-57HIS,SYSTEM-55PRO,SYSTEM-58VAL,SYSTEM-63LEU,SYSTEM-67ILE,SYSTEM-81LEU,SYSTEM-111MET,SYSTEM-33VAL,SYSTEM-109LEU,SYSTEM-99TYR,SYSTEM-32PRO
205	11	612.7		61.3		SYSTEM-57HIS,SYSTEM-55PRO,SYSTEM-58VAL,SYSTEM-63LEU,SYSTEM-67ILE,SYSTEM-81LEU,SYSTEM-111MET,SYSTEM-109LEU,SYSTEM-99TYR,SYSTEM-31ILE,SYSTEM-32PRO
