Graph loaded! 120 nodes, 118 edges
Node list:
	SYSTEM-1MET
	SYSTEM-2PRO
	SYSTEM-3SER
	SYSTEM-4GLU
	SYSTEM-5LYS
	SYSTEM-6THR
	SYSTEM-7PHE
	SYSTEM-8LYS
	SYSTEM-9GLN
	SYSTEM-10ARG
	SYSTEM-11ARG
	SYSTEM-12THR
	SYSTEM-13PHE
	SYSTEM-14GLU
	SYSTEM-15GLN
	SYSTEM-16ARG
	SYSTEM-17VAL
	SYSTEM-18GLU
	SYSTEM-19ASP
	SYSTEM-20VAL
	SYSTEM-21ARG
	SYSTEM-22LEU
	SYSTEM-23ILE
	SYSTEM-24ARG
	SYSTEM-25GLU
	SYSTEM-26GLN
	SYSTEM-27HIS
	SYSTEM-28PRO
	SYSTEM-29THR
	SYSTEM-30LYS
	SYSTEM-31ILE
	SYSTEM-32PRO
	SYSTEM-33VAL
	SYSTEM-34ILE
	SYSTEM-35ILE
	SYSTEM-36GLU
	SYSTEM-37ARG
	SYSTEM-38TYR
	SYSTEM-39LYS
	SYSTEM-40GLY
	SYSTEM-41GLU
	SYSTEM-42LYS
	SYSTEM-43GLN
	SYSTEM-44LEU
	SYSTEM-45PRO
	SYSTEM-46VAL
	SYSTEM-47LEU
	SYSTEM-48ASP
	SYSTEM-49LYS
	SYSTEM-50THR
	SYSTEM-51LYS
	SYSTEM-52PHE
	SYSTEM-53LEU
	SYSTEM-54VAL
	SYSTEM-55PRO
	SYSTEM-56ASP
	SYSTEM-57HIS
	SYSTEM-58VAL
	SYSTEM-59ASN
	SYSTEM-60MET
	SYSTEM-61SER
	SYSTEM-62GLU
	SYSTEM-63LEU
	SYSTEM-64ILE
	SYSTEM-65LYS
	SYSTEM-66ILE
	SYSTEM-67ILE
	SYSTEM-68ARG
	SYSTEM-69ARG
	SYSTEM-70ARG
	SYSTEM-71LEU
	SYSTEM-72GLN
	SYSTEM-73LEU
	SYSTEM-74ASN
	SYSTEM-75ALA
	SYSTEM-76ASN
	SYSTEM-77GLN
	SYSTEM-78ALA
	SYSTEM-79PHE
	SYSTEM-80PHE
	SYSTEM-81LEU
	SYSTEM-82LEU
	SYSTEM-83VAL
	SYSTEM-84ASN
	SYSTEM-85GLY
	SYSTEM-86HIS
	SYSTEM-87SER
	SYSTEM-88MET
	SYSTEM-89VAL
	SYSTEM-90SER
	SYSTEM-91VAL
	SYSTEM-92SER
	SYSTEM-93THR
	SYSTEM-94PRO
	SYSTEM-95ILE
	SYSTEM-96SER
	SYSTEM-97GLU
	SYSTEM-98VAL
	SYSTEM-99TYR
	SYSTEM-100GLU
	SYSTEM-101SER
	SYSTEM-102GLU
	SYSTEM-103LYS
	SYSTEM-104ASP
	SYSTEM-105GLU
	SYSTEM-106ASP
	SYSTEM-107GLY
	SYSTEM-108PHE
	SYSTEM-109LEU
	SYSTEM-110TYR
	SYSTEM-111MET
	SYSTEM-112VAL
	SYSTEM-113TYR
	SYSTEM-114ALA
	SYSTEM-115SER
	SYSTEM-116GLN
	SYSTEM-117GLU
	SYSTEM-118THR
	SYSTEM-119PHE
	SYSTEM-120GLY
Path #	Length	Sum of weights	Average weight	Path
1	6	368.4		73.7		SYSTEM-51LYS,SYSTEM-19ASP,SYSTEM-11ARG,SYSTEM-7PHE,SYSTEM-36GLU,SYSTEM-113TYR
2	7	330.2		55.0		SYSTEM-51LYS,SYSTEM-19ASP,SYSTEM-11ARG,SYSTEM-8LYS,SYSTEM-6THR,SYSTEM-36GLU,SYSTEM-113TYR
3	7	280.5		46.8		SYSTEM-51LYS,SYSTEM-19ASP,SYSTEM-16ARG,SYSTEM-8LYS,SYSTEM-6THR,SYSTEM-36GLU,SYSTEM-113TYR
4	7	411.0		68.5		SYSTEM-51LYS,SYSTEM-19ASP,SYSTEM-16ARG,SYSTEM-11ARG,SYSTEM-7PHE,SYSTEM-36GLU,SYSTEM-113TYR
5	8	472.8		67.5		SYSTEM-51LYS,SYSTEM-19ASP,SYSTEM-11ARG,SYSTEM-7PHE,SYSTEM-10ARG,SYSTEM-6THR,SYSTEM-36GLU,SYSTEM-113TYR
6	8	437.9		62.6		SYSTEM-51LYS,SYSTEM-19ASP,SYSTEM-11ARG,SYSTEM-16ARG,SYSTEM-8LYS,SYSTEM-6THR,SYSTEM-36GLU,SYSTEM-113TYR
7	8	426.9		61.0		SYSTEM-51LYS,SYSTEM-19ASP,SYSTEM-16ARG,SYSTEM-8LYS,SYSTEM-11ARG,SYSTEM-7PHE,SYSTEM-36GLU,SYSTEM-113TYR
8	8	372.8		53.3		SYSTEM-51LYS,SYSTEM-19ASP,SYSTEM-16ARG,SYSTEM-11ARG,SYSTEM-8LYS,SYSTEM-6THR,SYSTEM-36GLU,SYSTEM-113TYR
9	9	507.6		63.5		SYSTEM-51LYS,SYSTEM-19ASP,SYSTEM-11ARG,SYSTEM-8LYS,SYSTEM-6THR,SYSTEM-10ARG,SYSTEM-7PHE,SYSTEM-36GLU,SYSTEM-113TYR
10	9	551.3		68.9		SYSTEM-51LYS,SYSTEM-19ASP,SYSTEM-15GLN,SYSTEM-12THR,SYSTEM-16ARG,SYSTEM-8LYS,SYSTEM-6THR,SYSTEM-36GLU,SYSTEM-113TYR
11	9	681.8		85.2		SYSTEM-51LYS,SYSTEM-19ASP,SYSTEM-15GLN,SYSTEM-12THR,SYSTEM-16ARG,SYSTEM-11ARG,SYSTEM-7PHE,SYSTEM-36GLU,SYSTEM-113TYR
12	9	457.9		57.2		SYSTEM-51LYS,SYSTEM-19ASP,SYSTEM-16ARG,SYSTEM-8LYS,SYSTEM-6THR,SYSTEM-10ARG,SYSTEM-7PHE,SYSTEM-36GLU,SYSTEM-113TYR
13	9	515.4		64.4		SYSTEM-51LYS,SYSTEM-19ASP,SYSTEM-16ARG,SYSTEM-11ARG,SYSTEM-7PHE,SYSTEM-10ARG,SYSTEM-6THR,SYSTEM-36GLU,SYSTEM-113TYR
14	10	615.3		68.4		SYSTEM-51LYS,SYSTEM-19ASP,SYSTEM-11ARG,SYSTEM-16ARG,SYSTEM-8LYS,SYSTEM-6THR,SYSTEM-10ARG,SYSTEM-7PHE,SYSTEM-36GLU,SYSTEM-113TYR
15	10	697.7		77.5		SYSTEM-51LYS,SYSTEM-19ASP,SYSTEM-15GLN,SYSTEM-12THR,SYSTEM-16ARG,SYSTEM-8LYS,SYSTEM-11ARG,SYSTEM-7PHE,SYSTEM-36GLU,SYSTEM-113TYR
16	10	643.6		71.5		SYSTEM-51LYS,SYSTEM-19ASP,SYSTEM-15GLN,SYSTEM-12THR,SYSTEM-16ARG,SYSTEM-11ARG,SYSTEM-8LYS,SYSTEM-6THR,SYSTEM-36GLU,SYSTEM-113TYR
17	10	531.3		59.0		SYSTEM-51LYS,SYSTEM-19ASP,SYSTEM-16ARG,SYSTEM-8LYS,SYSTEM-11ARG,SYSTEM-7PHE,SYSTEM-10ARG,SYSTEM-6THR,SYSTEM-36GLU,SYSTEM-113TYR
18	10	550.2		61.1		SYSTEM-51LYS,SYSTEM-19ASP,SYSTEM-16ARG,SYSTEM-11ARG,SYSTEM-8LYS,SYSTEM-6THR,SYSTEM-10ARG,SYSTEM-7PHE,SYSTEM-36GLU,SYSTEM-113TYR
19	10	518.5		57.6		SYSTEM-51LYS,SYSTEM-19ASP,SYSTEM-16ARG,SYSTEM-106ASP,SYSTEM-107GLY,SYSTEM-104ASP,SYSTEM-8LYS,SYSTEM-6THR,SYSTEM-36GLU,SYSTEM-113TYR
20	10	615.4		68.4		SYSTEM-51LYS,SYSTEM-19ASP,SYSTEM-16ARG,SYSTEM-106ASP,SYSTEM-108PHE,SYSTEM-104ASP,SYSTEM-8LYS,SYSTEM-6THR,SYSTEM-36GLU,SYSTEM-113TYR
21	11	675.9		67.6		SYSTEM-51LYS,SYSTEM-19ASP,SYSTEM-11ARG,SYSTEM-16ARG,SYSTEM-106ASP,SYSTEM-107GLY,SYSTEM-104ASP,SYSTEM-8LYS,SYSTEM-6THR,SYSTEM-36GLU,SYSTEM-113TYR
22	11	772.8		77.3		SYSTEM-51LYS,SYSTEM-19ASP,SYSTEM-11ARG,SYSTEM-16ARG,SYSTEM-106ASP,SYSTEM-108PHE,SYSTEM-104ASP,SYSTEM-8LYS,SYSTEM-6THR,SYSTEM-36GLU,SYSTEM-113TYR
23	11	687.2		68.7		SYSTEM-51LYS,SYSTEM-19ASP,SYSTEM-23ILE,SYSTEM-27HIS,SYSTEM-24ARG,SYSTEM-20VAL,SYSTEM-16ARG,SYSTEM-8LYS,SYSTEM-6THR,SYSTEM-36GLU,SYSTEM-113TYR
24	11	817.7		81.8		SYSTEM-51LYS,SYSTEM-19ASP,SYSTEM-23ILE,SYSTEM-27HIS,SYSTEM-24ARG,SYSTEM-20VAL,SYSTEM-16ARG,SYSTEM-11ARG,SYSTEM-7PHE,SYSTEM-36GLU,SYSTEM-113TYR
25	11	728.7		72.9		SYSTEM-51LYS,SYSTEM-19ASP,SYSTEM-15GLN,SYSTEM-12THR,SYSTEM-16ARG,SYSTEM-8LYS,SYSTEM-6THR,SYSTEM-10ARG,SYSTEM-7PHE,SYSTEM-36GLU,SYSTEM-113TYR
26	11	786.2		78.6		SYSTEM-51LYS,SYSTEM-19ASP,SYSTEM-15GLN,SYSTEM-12THR,SYSTEM-16ARG,SYSTEM-11ARG,SYSTEM-7PHE,SYSTEM-10ARG,SYSTEM-6THR,SYSTEM-36GLU,SYSTEM-113TYR
27	11	664.9		66.5		SYSTEM-51LYS,SYSTEM-19ASP,SYSTEM-16ARG,SYSTEM-106ASP,SYSTEM-107GLY,SYSTEM-104ASP,SYSTEM-8LYS,SYSTEM-11ARG,SYSTEM-7PHE,SYSTEM-36GLU,SYSTEM-113TYR
28	11	761.8		76.2		SYSTEM-51LYS,SYSTEM-19ASP,SYSTEM-16ARG,SYSTEM-106ASP,SYSTEM-108PHE,SYSTEM-104ASP,SYSTEM-8LYS,SYSTEM-11ARG,SYSTEM-7PHE,SYSTEM-36GLU,SYSTEM-113TYR
29	11	580.8		58.1		SYSTEM-51LYS,SYSTEM-19ASP,SYSTEM-16ARG,SYSTEM-110TYR,SYSTEM-106ASP,SYSTEM-107GLY,SYSTEM-104ASP,SYSTEM-8LYS,SYSTEM-6THR,SYSTEM-36GLU,SYSTEM-113TYR
30	11	677.7		67.8		SYSTEM-51LYS,SYSTEM-19ASP,SYSTEM-16ARG,SYSTEM-110TYR,SYSTEM-106ASP,SYSTEM-108PHE,SYSTEM-104ASP,SYSTEM-8LYS,SYSTEM-6THR,SYSTEM-36GLU,SYSTEM-113TYR
