Graph loaded! 120 nodes, 144 edges
Node list:
	SYSTEM-1MET
	SYSTEM-2PRO
	SYSTEM-3SER
	SYSTEM-4GLU
	SYSTEM-5LYS
	SYSTEM-6THR
	SYSTEM-7PHE
	SYSTEM-8LYS
	SYSTEM-9GLN
	SYSTEM-10ARG
	SYSTEM-11ARG
	SYSTEM-12THR
	SYSTEM-13PHE
	SYSTEM-14GLU
	SYSTEM-15GLN
	SYSTEM-16ARG
	SYSTEM-17VAL
	SYSTEM-18GLU
	SYSTEM-19ASP
	SYSTEM-20VAL
	SYSTEM-21ARG
	SYSTEM-22LEU
	SYSTEM-23ILE
	SYSTEM-24ARG
	SYSTEM-25GLU
	SYSTEM-26GLN
	SYSTEM-27HIS
	SYSTEM-28PRO
	SYSTEM-29THR
	SYSTEM-30LYS
	SYSTEM-31ILE
	SYSTEM-32PRO
	SYSTEM-33VAL
	SYSTEM-34ILE
	SYSTEM-35ILE
	SYSTEM-36GLU
	SYSTEM-37ARG
	SYSTEM-38TYR
	SYSTEM-39LYS
	SYSTEM-40GLY
	SYSTEM-41GLU
	SYSTEM-42LYS
	SYSTEM-43GLN
	SYSTEM-44LEU
	SYSTEM-45PRO
	SYSTEM-46VAL
	SYSTEM-47LEU
	SYSTEM-48ASP
	SYSTEM-49LYS
	SYSTEM-50THR
	SYSTEM-51LYS
	SYSTEM-52PHE
	SYSTEM-53LEU
	SYSTEM-54VAL
	SYSTEM-55PRO
	SYSTEM-56ASP
	SYSTEM-57HIS
	SYSTEM-58VAL
	SYSTEM-59ASN
	SYSTEM-60MET
	SYSTEM-61SER
	SYSTEM-62GLU
	SYSTEM-63LEU
	SYSTEM-64ILE
	SYSTEM-65LYS
	SYSTEM-66ILE
	SYSTEM-67ILE
	SYSTEM-68ARG
	SYSTEM-69ARG
	SYSTEM-70ARG
	SYSTEM-71LEU
	SYSTEM-72GLN
	SYSTEM-73LEU
	SYSTEM-74ASN
	SYSTEM-75ALA
	SYSTEM-76ASN
	SYSTEM-77GLN
	SYSTEM-78ALA
	SYSTEM-79PHE
	SYSTEM-80PHE
	SYSTEM-81LEU
	SYSTEM-82LEU
	SYSTEM-83VAL
	SYSTEM-84ASN
	SYSTEM-85GLY
	SYSTEM-86HIS
	SYSTEM-87SER
	SYSTEM-88MET
	SYSTEM-89VAL
	SYSTEM-90SER
	SYSTEM-91VAL
	SYSTEM-92SER
	SYSTEM-93THR
	SYSTEM-94PRO
	SYSTEM-95ILE
	SYSTEM-96SER
	SYSTEM-97GLU
	SYSTEM-98VAL
	SYSTEM-99TYR
	SYSTEM-100GLU
	SYSTEM-101SER
	SYSTEM-102GLU
	SYSTEM-103LYS
	SYSTEM-104ASP
	SYSTEM-105GLU
	SYSTEM-106ASP
	SYSTEM-107GLY
	SYSTEM-108PHE
	SYSTEM-109LEU
	SYSTEM-110TYR
	SYSTEM-111MET
	SYSTEM-112VAL
	SYSTEM-113TYR
	SYSTEM-114ALA
	SYSTEM-115SER
	SYSTEM-116GLN
	SYSTEM-117GLU
	SYSTEM-118THR
	SYSTEM-119PHE
	SYSTEM-120GLY
Path #	Length	Sum of weights	Average weight	Path
1	3	167.3		83.7		SYSTEM-53LEU,SYSTEM-23ILE,SYSTEM-32PRO
2	7	536.4		89.4		SYSTEM-53LEU,SYSTEM-30LYS,SYSTEM-55PRO,SYSTEM-54VAL,SYSTEM-95ILE,SYSTEM-31ILE,SYSTEM-32PRO
3	8	562.5		80.4		SYSTEM-53LEU,SYSTEM-27HIS,SYSTEM-30LYS,SYSTEM-55PRO,SYSTEM-54VAL,SYSTEM-95ILE,SYSTEM-31ILE,SYSTEM-32PRO
4	8	618.0		88.3		SYSTEM-53LEU,SYSTEM-30LYS,SYSTEM-55PRO,SYSTEM-54VAL,SYSTEM-95ILE,SYSTEM-31ILE,SYSTEM-99TYR,SYSTEM-32PRO
5	8	556.5		79.5		SYSTEM-53LEU,SYSTEM-30LYS,SYSTEM-55PRO,SYSTEM-54VAL,SYSTEM-33VAL,SYSTEM-109LEU,SYSTEM-99TYR,SYSTEM-32PRO
6	8	560.0		80.0		SYSTEM-53LEU,SYSTEM-30LYS,SYSTEM-55PRO,SYSTEM-54VAL,SYSTEM-63LEU,SYSTEM-95ILE,SYSTEM-31ILE,SYSTEM-32PRO
7	8	569.4		81.3		SYSTEM-53LEU,SYSTEM-30LYS,SYSTEM-55PRO,SYSTEM-58VAL,SYSTEM-54VAL,SYSTEM-95ILE,SYSTEM-31ILE,SYSTEM-32PRO
8	8	477.3		68.2		SYSTEM-53LEU,SYSTEM-30LYS,SYSTEM-55PRO,SYSTEM-58VAL,SYSTEM-63LEU,SYSTEM-95ILE,SYSTEM-31ILE,SYSTEM-32PRO
9	9	644.1		80.5		SYSTEM-53LEU,SYSTEM-27HIS,SYSTEM-30LYS,SYSTEM-55PRO,SYSTEM-54VAL,SYSTEM-95ILE,SYSTEM-31ILE,SYSTEM-99TYR,SYSTEM-32PRO
10	9	582.6		72.8		SYSTEM-53LEU,SYSTEM-27HIS,SYSTEM-30LYS,SYSTEM-55PRO,SYSTEM-54VAL,SYSTEM-33VAL,SYSTEM-109LEU,SYSTEM-99TYR,SYSTEM-32PRO
11	9	586.1		73.3		SYSTEM-53LEU,SYSTEM-27HIS,SYSTEM-30LYS,SYSTEM-55PRO,SYSTEM-54VAL,SYSTEM-63LEU,SYSTEM-95ILE,SYSTEM-31ILE,SYSTEM-32PRO
12	9	595.5		74.4		SYSTEM-53LEU,SYSTEM-27HIS,SYSTEM-30LYS,SYSTEM-55PRO,SYSTEM-58VAL,SYSTEM-54VAL,SYSTEM-95ILE,SYSTEM-31ILE,SYSTEM-32PRO
13	9	503.4		62.9		SYSTEM-53LEU,SYSTEM-27HIS,SYSTEM-30LYS,SYSTEM-55PRO,SYSTEM-58VAL,SYSTEM-63LEU,SYSTEM-95ILE,SYSTEM-31ILE,SYSTEM-32PRO
14	9	545.5		68.2		SYSTEM-53LEU,SYSTEM-30LYS,SYSTEM-55PRO,SYSTEM-54VAL,SYSTEM-58VAL,SYSTEM-63LEU,SYSTEM-95ILE,SYSTEM-31ILE,SYSTEM-32PRO
15	9	674.9		84.4		SYSTEM-53LEU,SYSTEM-30LYS,SYSTEM-55PRO,SYSTEM-54VAL,SYSTEM-33VAL,SYSTEM-109LEU,SYSTEM-99TYR,SYSTEM-31ILE,SYSTEM-32PRO
16	9	628.7		78.6		SYSTEM-53LEU,SYSTEM-30LYS,SYSTEM-55PRO,SYSTEM-54VAL,SYSTEM-33VAL,SYSTEM-111MET,SYSTEM-109LEU,SYSTEM-99TYR,SYSTEM-32PRO
17	9	641.6		80.2		SYSTEM-53LEU,SYSTEM-30LYS,SYSTEM-55PRO,SYSTEM-54VAL,SYSTEM-63LEU,SYSTEM-95ILE,SYSTEM-31ILE,SYSTEM-99TYR,SYSTEM-32PRO
18	9	652.4		81.5		SYSTEM-53LEU,SYSTEM-30LYS,SYSTEM-55PRO,SYSTEM-54VAL,SYSTEM-63LEU,SYSTEM-60MET,SYSTEM-95ILE,SYSTEM-31ILE,SYSTEM-32PRO
19	9	616.1		77.0		SYSTEM-53LEU,SYSTEM-30LYS,SYSTEM-55PRO,SYSTEM-57HIS,SYSTEM-58VAL,SYSTEM-54VAL,SYSTEM-95ILE,SYSTEM-31ILE,SYSTEM-32PRO
20	9	524.0		65.5		SYSTEM-53LEU,SYSTEM-30LYS,SYSTEM-55PRO,SYSTEM-57HIS,SYSTEM-58VAL,SYSTEM-63LEU,SYSTEM-95ILE,SYSTEM-31ILE,SYSTEM-32PRO
21	9	651.0		81.4		SYSTEM-53LEU,SYSTEM-30LYS,SYSTEM-55PRO,SYSTEM-58VAL,SYSTEM-54VAL,SYSTEM-95ILE,SYSTEM-31ILE,SYSTEM-99TYR,SYSTEM-32PRO
22	9	589.5		73.7		SYSTEM-53LEU,SYSTEM-30LYS,SYSTEM-55PRO,SYSTEM-58VAL,SYSTEM-54VAL,SYSTEM-33VAL,SYSTEM-109LEU,SYSTEM-99TYR,SYSTEM-32PRO
23	9	593.0		74.1		SYSTEM-53LEU,SYSTEM-30LYS,SYSTEM-55PRO,SYSTEM-58VAL,SYSTEM-54VAL,SYSTEM-63LEU,SYSTEM-95ILE,SYSTEM-31ILE,SYSTEM-32PRO
24	9	558.9		69.9		SYSTEM-53LEU,SYSTEM-30LYS,SYSTEM-55PRO,SYSTEM-58VAL,SYSTEM-63LEU,SYSTEM-95ILE,SYSTEM-31ILE,SYSTEM-99TYR,SYSTEM-32PRO
25	9	569.7		71.2		SYSTEM-53LEU,SYSTEM-30LYS,SYSTEM-55PRO,SYSTEM-58VAL,SYSTEM-63LEU,SYSTEM-60MET,SYSTEM-95ILE,SYSTEM-31ILE,SYSTEM-32PRO
26	9	630.7		78.8		SYSTEM-53LEU,SYSTEM-30LYS,SYSTEM-55PRO,SYSTEM-58VAL,SYSTEM-63LEU,SYSTEM-54VAL,SYSTEM-95ILE,SYSTEM-31ILE,SYSTEM-32PRO
27	10	571.6		63.5		SYSTEM-53LEU,SYSTEM-27HIS,SYSTEM-30LYS,SYSTEM-55PRO,SYSTEM-54VAL,SYSTEM-58VAL,SYSTEM-63LEU,SYSTEM-95ILE,SYSTEM-31ILE,SYSTEM-32PRO
28	10	701.0		77.9		SYSTEM-53LEU,SYSTEM-27HIS,SYSTEM-30LYS,SYSTEM-55PRO,SYSTEM-54VAL,SYSTEM-33VAL,SYSTEM-109LEU,SYSTEM-99TYR,SYSTEM-31ILE,SYSTEM-32PRO
29	10	654.8		72.8		SYSTEM-53LEU,SYSTEM-27HIS,SYSTEM-30LYS,SYSTEM-55PRO,SYSTEM-54VAL,SYSTEM-33VAL,SYSTEM-111MET,SYSTEM-109LEU,SYSTEM-99TYR,SYSTEM-32PRO
30	10	667.7		74.2		SYSTEM-53LEU,SYSTEM-27HIS,SYSTEM-30LYS,SYSTEM-55PRO,SYSTEM-54VAL,SYSTEM-63LEU,SYSTEM-95ILE,SYSTEM-31ILE,SYSTEM-99TYR,SYSTEM-32PRO
31	10	678.5		75.4		SYSTEM-53LEU,SYSTEM-27HIS,SYSTEM-30LYS,SYSTEM-55PRO,SYSTEM-54VAL,SYSTEM-63LEU,SYSTEM-60MET,SYSTEM-95ILE,SYSTEM-31ILE,SYSTEM-32PRO
32	10	642.2		71.4		SYSTEM-53LEU,SYSTEM-27HIS,SYSTEM-30LYS,SYSTEM-55PRO,SYSTEM-57HIS,SYSTEM-58VAL,SYSTEM-54VAL,SYSTEM-95ILE,SYSTEM-31ILE,SYSTEM-32PRO
33	10	550.1		61.1		SYSTEM-53LEU,SYSTEM-27HIS,SYSTEM-30LYS,SYSTEM-55PRO,SYSTEM-57HIS,SYSTEM-58VAL,SYSTEM-63LEU,SYSTEM-95ILE,SYSTEM-31ILE,SYSTEM-32PRO
34	10	677.1		75.2		SYSTEM-53LEU,SYSTEM-27HIS,SYSTEM-30LYS,SYSTEM-55PRO,SYSTEM-58VAL,SYSTEM-54VAL,SYSTEM-95ILE,SYSTEM-31ILE,SYSTEM-99TYR,SYSTEM-32PRO
35	10	615.6		68.4		SYSTEM-53LEU,SYSTEM-27HIS,SYSTEM-30LYS,SYSTEM-55PRO,SYSTEM-58VAL,SYSTEM-54VAL,SYSTEM-33VAL,SYSTEM-109LEU,SYSTEM-99TYR,SYSTEM-32PRO
36	10	619.1		68.8		SYSTEM-53LEU,SYSTEM-27HIS,SYSTEM-30LYS,SYSTEM-55PRO,SYSTEM-58VAL,SYSTEM-54VAL,SYSTEM-63LEU,SYSTEM-95ILE,SYSTEM-31ILE,SYSTEM-32PRO
37	10	585.0		65.0		SYSTEM-53LEU,SYSTEM-27HIS,SYSTEM-30LYS,SYSTEM-55PRO,SYSTEM-58VAL,SYSTEM-63LEU,SYSTEM-95ILE,SYSTEM-31ILE,SYSTEM-99TYR,SYSTEM-32PRO
38	10	595.8		66.2		SYSTEM-53LEU,SYSTEM-27HIS,SYSTEM-30LYS,SYSTEM-55PRO,SYSTEM-58VAL,SYSTEM-63LEU,SYSTEM-60MET,SYSTEM-95ILE,SYSTEM-31ILE,SYSTEM-32PRO
39	10	656.8		73.0		SYSTEM-53LEU,SYSTEM-27HIS,SYSTEM-30LYS,SYSTEM-55PRO,SYSTEM-58VAL,SYSTEM-63LEU,SYSTEM-54VAL,SYSTEM-95ILE,SYSTEM-31ILE,SYSTEM-32PRO
40	10	627.1		69.7		SYSTEM-53LEU,SYSTEM-30LYS,SYSTEM-55PRO,SYSTEM-54VAL,SYSTEM-58VAL,SYSTEM-63LEU,SYSTEM-95ILE,SYSTEM-31ILE,SYSTEM-99TYR,SYSTEM-32PRO
41	10	637.9		70.9		SYSTEM-53LEU,SYSTEM-30LYS,SYSTEM-55PRO,SYSTEM-54VAL,SYSTEM-58VAL,SYSTEM-63LEU,SYSTEM-60MET,SYSTEM-95ILE,SYSTEM-31ILE,SYSTEM-32PRO
42	10	747.1		83.0		SYSTEM-53LEU,SYSTEM-30LYS,SYSTEM-55PRO,SYSTEM-54VAL,SYSTEM-33VAL,SYSTEM-111MET,SYSTEM-109LEU,SYSTEM-99TYR,SYSTEM-31ILE,SYSTEM-32PRO
43	10	734.0		81.6		SYSTEM-53LEU,SYSTEM-30LYS,SYSTEM-55PRO,SYSTEM-54VAL,SYSTEM-63LEU,SYSTEM-60MET,SYSTEM-95ILE,SYSTEM-31ILE,SYSTEM-99TYR,SYSTEM-32PRO
44	10	704.3		78.3		SYSTEM-53LEU,SYSTEM-30LYS,SYSTEM-55PRO,SYSTEM-54VAL,SYSTEM-63LEU,SYSTEM-60MET,SYSTEM-98VAL,SYSTEM-95ILE,SYSTEM-31ILE,SYSTEM-32PRO
45	10	697.7		77.5		SYSTEM-53LEU,SYSTEM-30LYS,SYSTEM-55PRO,SYSTEM-57HIS,SYSTEM-58VAL,SYSTEM-54VAL,SYSTEM-95ILE,SYSTEM-31ILE,SYSTEM-99TYR,SYSTEM-32PRO
46	10	636.2		70.7		SYSTEM-53LEU,SYSTEM-30LYS,SYSTEM-55PRO,SYSTEM-57HIS,SYSTEM-58VAL,SYSTEM-54VAL,SYSTEM-33VAL,SYSTEM-109LEU,SYSTEM-99TYR,SYSTEM-32PRO
47	10	639.7		71.1		SYSTEM-53LEU,SYSTEM-30LYS,SYSTEM-55PRO,SYSTEM-57HIS,SYSTEM-58VAL,SYSTEM-54VAL,SYSTEM-63LEU,SYSTEM-95ILE,SYSTEM-31ILE,SYSTEM-32PRO
48	10	605.6		67.3		SYSTEM-53LEU,SYSTEM-30LYS,SYSTEM-55PRO,SYSTEM-57HIS,SYSTEM-58VAL,SYSTEM-63LEU,SYSTEM-95ILE,SYSTEM-31ILE,SYSTEM-99TYR,SYSTEM-32PRO
49	10	616.4		68.5		SYSTEM-53LEU,SYSTEM-30LYS,SYSTEM-55PRO,SYSTEM-57HIS,SYSTEM-58VAL,SYSTEM-63LEU,SYSTEM-60MET,SYSTEM-95ILE,SYSTEM-31ILE,SYSTEM-32PRO
50	10	677.4		75.3		SYSTEM-53LEU,SYSTEM-30LYS,SYSTEM-55PRO,SYSTEM-57HIS,SYSTEM-58VAL,SYSTEM-63LEU,SYSTEM-54VAL,SYSTEM-95ILE,SYSTEM-31ILE,SYSTEM-32PRO
51	10	707.9		78.7		SYSTEM-53LEU,SYSTEM-30LYS,SYSTEM-55PRO,SYSTEM-58VAL,SYSTEM-54VAL,SYSTEM-33VAL,SYSTEM-109LEU,SYSTEM-99TYR,SYSTEM-31ILE,SYSTEM-32PRO
52	10	661.7		73.5		SYSTEM-53LEU,SYSTEM-30LYS,SYSTEM-55PRO,SYSTEM-58VAL,SYSTEM-54VAL,SYSTEM-33VAL,SYSTEM-111MET,SYSTEM-109LEU,SYSTEM-99TYR,SYSTEM-32PRO
53	10	674.6		75.0		SYSTEM-53LEU,SYSTEM-30LYS,SYSTEM-55PRO,SYSTEM-58VAL,SYSTEM-54VAL,SYSTEM-63LEU,SYSTEM-95ILE,SYSTEM-31ILE,SYSTEM-99TYR,SYSTEM-32PRO
54	10	685.4		76.2		SYSTEM-53LEU,SYSTEM-30LYS,SYSTEM-55PRO,SYSTEM-58VAL,SYSTEM-54VAL,SYSTEM-63LEU,SYSTEM-60MET,SYSTEM-95ILE,SYSTEM-31ILE,SYSTEM-32PRO
55	10	651.3		72.4		SYSTEM-53LEU,SYSTEM-30LYS,SYSTEM-55PRO,SYSTEM-58VAL,SYSTEM-63LEU,SYSTEM-60MET,SYSTEM-95ILE,SYSTEM-31ILE,SYSTEM-99TYR,SYSTEM-32PRO
56	10	621.6		69.1		SYSTEM-53LEU,SYSTEM-30LYS,SYSTEM-55PRO,SYSTEM-58VAL,SYSTEM-63LEU,SYSTEM-60MET,SYSTEM-98VAL,SYSTEM-95ILE,SYSTEM-31ILE,SYSTEM-32PRO
57	10	712.3		79.1		SYSTEM-53LEU,SYSTEM-30LYS,SYSTEM-55PRO,SYSTEM-58VAL,SYSTEM-63LEU,SYSTEM-54VAL,SYSTEM-95ILE,SYSTEM-31ILE,SYSTEM-99TYR,SYSTEM-32PRO
58	10	650.8		72.3		SYSTEM-53LEU,SYSTEM-30LYS,SYSTEM-55PRO,SYSTEM-58VAL,SYSTEM-63LEU,SYSTEM-54VAL,SYSTEM-33VAL,SYSTEM-109LEU,SYSTEM-99TYR,SYSTEM-32PRO
59	11	653.2		65.3		SYSTEM-53LEU,SYSTEM-27HIS,SYSTEM-30LYS,SYSTEM-55PRO,SYSTEM-54VAL,SYSTEM-58VAL,SYSTEM-63LEU,SYSTEM-95ILE,SYSTEM-31ILE,SYSTEM-99TYR,SYSTEM-32PRO
60	11	664.0		66.4		SYSTEM-53LEU,SYSTEM-27HIS,SYSTEM-30LYS,SYSTEM-55PRO,SYSTEM-54VAL,SYSTEM-58VAL,SYSTEM-63LEU,SYSTEM-60MET,SYSTEM-95ILE,SYSTEM-31ILE,SYSTEM-32PRO
61	11	773.2		77.3		SYSTEM-53LEU,SYSTEM-27HIS,SYSTEM-30LYS,SYSTEM-55PRO,SYSTEM-54VAL,SYSTEM-33VAL,SYSTEM-111MET,SYSTEM-109LEU,SYSTEM-99TYR,SYSTEM-31ILE,SYSTEM-32PRO
62	11	760.1		76.0		SYSTEM-53LEU,SYSTEM-27HIS,SYSTEM-30LYS,SYSTEM-55PRO,SYSTEM-54VAL,SYSTEM-63LEU,SYSTEM-60MET,SYSTEM-95ILE,SYSTEM-31ILE,SYSTEM-99TYR,SYSTEM-32PRO
63	11	730.4		73.0		SYSTEM-53LEU,SYSTEM-27HIS,SYSTEM-30LYS,SYSTEM-55PRO,SYSTEM-54VAL,SYSTEM-63LEU,SYSTEM-60MET,SYSTEM-98VAL,SYSTEM-95ILE,SYSTEM-31ILE,SYSTEM-32PRO
64	11	723.8		72.4		SYSTEM-53LEU,SYSTEM-27HIS,SYSTEM-30LYS,SYSTEM-55PRO,SYSTEM-57HIS,SYSTEM-58VAL,SYSTEM-54VAL,SYSTEM-95ILE,SYSTEM-31ILE,SYSTEM-99TYR,SYSTEM-32PRO
65	11	662.3		66.2		SYSTEM-53LEU,SYSTEM-27HIS,SYSTEM-30LYS,SYSTEM-55PRO,SYSTEM-57HIS,SYSTEM-58VAL,SYSTEM-54VAL,SYSTEM-33VAL,SYSTEM-109LEU,SYSTEM-99TYR,SYSTEM-32PRO
66	11	665.8		66.6		SYSTEM-53LEU,SYSTEM-27HIS,SYSTEM-30LYS,SYSTEM-55PRO,SYSTEM-57HIS,SYSTEM-58VAL,SYSTEM-54VAL,SYSTEM-63LEU,SYSTEM-95ILE,SYSTEM-31ILE,SYSTEM-32PRO
67	11	631.7		63.2		SYSTEM-53LEU,SYSTEM-27HIS,SYSTEM-30LYS,SYSTEM-55PRO,SYSTEM-57HIS,SYSTEM-58VAL,SYSTEM-63LEU,SYSTEM-95ILE,SYSTEM-31ILE,SYSTEM-99TYR,SYSTEM-32PRO
68	11	642.5		64.2		SYSTEM-53LEU,SYSTEM-27HIS,SYSTEM-30LYS,SYSTEM-55PRO,SYSTEM-57HIS,SYSTEM-58VAL,SYSTEM-63LEU,SYSTEM-60MET,SYSTEM-95ILE,SYSTEM-31ILE,SYSTEM-32PRO
69	11	703.5		70.4		SYSTEM-53LEU,SYSTEM-27HIS,SYSTEM-30LYS,SYSTEM-55PRO,SYSTEM-57HIS,SYSTEM-58VAL,SYSTEM-63LEU,SYSTEM-54VAL,SYSTEM-95ILE,SYSTEM-31ILE,SYSTEM-32PRO
70	11	734.0		73.4		SYSTEM-53LEU,SYSTEM-27HIS,SYSTEM-30LYS,SYSTEM-55PRO,SYSTEM-58VAL,SYSTEM-54VAL,SYSTEM-33VAL,SYSTEM-109LEU,SYSTEM-99TYR,SYSTEM-31ILE,SYSTEM-32PRO
71	11	687.8		68.8		SYSTEM-53LEU,SYSTEM-27HIS,SYSTEM-30LYS,SYSTEM-55PRO,SYSTEM-58VAL,SYSTEM-54VAL,SYSTEM-33VAL,SYSTEM-111MET,SYSTEM-109LEU,SYSTEM-99TYR,SYSTEM-32PRO
72	11	700.7		70.1		SYSTEM-53LEU,SYSTEM-27HIS,SYSTEM-30LYS,SYSTEM-55PRO,SYSTEM-58VAL,SYSTEM-54VAL,SYSTEM-63LEU,SYSTEM-95ILE,SYSTEM-31ILE,SYSTEM-99TYR,SYSTEM-32PRO
73	11	711.5		71.2		SYSTEM-53LEU,SYSTEM-27HIS,SYSTEM-30LYS,SYSTEM-55PRO,SYSTEM-58VAL,SYSTEM-54VAL,SYSTEM-63LEU,SYSTEM-60MET,SYSTEM-95ILE,SYSTEM-31ILE,SYSTEM-32PRO
74	11	677.4		67.7		SYSTEM-53LEU,SYSTEM-27HIS,SYSTEM-30LYS,SYSTEM-55PRO,SYSTEM-58VAL,SYSTEM-63LEU,SYSTEM-60MET,SYSTEM-95ILE,SYSTEM-31ILE,SYSTEM-99TYR,SYSTEM-32PRO
75	11	647.7		64.8		SYSTEM-53LEU,SYSTEM-27HIS,SYSTEM-30LYS,SYSTEM-55PRO,SYSTEM-58VAL,SYSTEM-63LEU,SYSTEM-60MET,SYSTEM-98VAL,SYSTEM-95ILE,SYSTEM-31ILE,SYSTEM-32PRO
76	11	738.4		73.8		SYSTEM-53LEU,SYSTEM-27HIS,SYSTEM-30LYS,SYSTEM-55PRO,SYSTEM-58VAL,SYSTEM-63LEU,SYSTEM-54VAL,SYSTEM-95ILE,SYSTEM-31ILE,SYSTEM-99TYR,SYSTEM-32PRO
77	11	676.9		67.7		SYSTEM-53LEU,SYSTEM-27HIS,SYSTEM-30LYS,SYSTEM-55PRO,SYSTEM-58VAL,SYSTEM-63LEU,SYSTEM-54VAL,SYSTEM-33VAL,SYSTEM-109LEU,SYSTEM-99TYR,SYSTEM-32PRO
78	11	490.4		49.0		SYSTEM-53LEU,SYSTEM-27HIS,SYSTEM-26GLN,SYSTEM-22LEU,SYSTEM-21ARG,SYSTEM-17VAL,SYSTEM-13PHE,SYSTEM-16ARG,SYSTEM-106ASP,SYSTEM-108PHE,SYSTEM-32PRO
79	11	719.5		72.0		SYSTEM-53LEU,SYSTEM-30LYS,SYSTEM-55PRO,SYSTEM-54VAL,SYSTEM-58VAL,SYSTEM-63LEU,SYSTEM-60MET,SYSTEM-95ILE,SYSTEM-31ILE,SYSTEM-99TYR,SYSTEM-32PRO
80	11	689.8		69.0		SYSTEM-53LEU,SYSTEM-30LYS,SYSTEM-55PRO,SYSTEM-54VAL,SYSTEM-58VAL,SYSTEM-63LEU,SYSTEM-60MET,SYSTEM-98VAL,SYSTEM-95ILE,SYSTEM-31ILE,SYSTEM-32PRO
81	11	785.9		78.6		SYSTEM-53LEU,SYSTEM-30LYS,SYSTEM-55PRO,SYSTEM-54VAL,SYSTEM-63LEU,SYSTEM-60MET,SYSTEM-98VAL,SYSTEM-95ILE,SYSTEM-31ILE,SYSTEM-99TYR,SYSTEM-32PRO
82	11	755.3		75.5		SYSTEM-53LEU,SYSTEM-30LYS,SYSTEM-55PRO,SYSTEM-54VAL,SYSTEM-63LEU,SYSTEM-60MET,SYSTEM-89VAL,SYSTEM-98VAL,SYSTEM-95ILE,SYSTEM-31ILE,SYSTEM-32PRO
83	11	669.6		67.0		SYSTEM-53LEU,SYSTEM-30LYS,SYSTEM-55PRO,SYSTEM-54VAL,SYSTEM-63LEU,SYSTEM-67ILE,SYSTEM-35ILE,SYSTEM-111MET,SYSTEM-109LEU,SYSTEM-99TYR,SYSTEM-32PRO
84	11	697.3		69.7		SYSTEM-53LEU,SYSTEM-30LYS,SYSTEM-55PRO,SYSTEM-54VAL,SYSTEM-63LEU,SYSTEM-67ILE,SYSTEM-81LEU,SYSTEM-111MET,SYSTEM-109LEU,SYSTEM-99TYR,SYSTEM-32PRO
85	11	754.6		75.5		SYSTEM-53LEU,SYSTEM-30LYS,SYSTEM-55PRO,SYSTEM-57HIS,SYSTEM-58VAL,SYSTEM-54VAL,SYSTEM-33VAL,SYSTEM-109LEU,SYSTEM-99TYR,SYSTEM-31ILE,SYSTEM-32PRO
86	11	708.4		70.8		SYSTEM-53LEU,SYSTEM-30LYS,SYSTEM-55PRO,SYSTEM-57HIS,SYSTEM-58VAL,SYSTEM-54VAL,SYSTEM-33VAL,SYSTEM-111MET,SYSTEM-109LEU,SYSTEM-99TYR,SYSTEM-32PRO
87	11	721.3		72.1		SYSTEM-53LEU,SYSTEM-30LYS,SYSTEM-55PRO,SYSTEM-57HIS,SYSTEM-58VAL,SYSTEM-54VAL,SYSTEM-63LEU,SYSTEM-95ILE,SYSTEM-31ILE,SYSTEM-99TYR,SYSTEM-32PRO
88	11	732.1		73.2		SYSTEM-53LEU,SYSTEM-30LYS,SYSTEM-55PRO,SYSTEM-57HIS,SYSTEM-58VAL,SYSTEM-54VAL,SYSTEM-63LEU,SYSTEM-60MET,SYSTEM-95ILE,SYSTEM-31ILE,SYSTEM-32PRO
89	11	698.0		69.8		SYSTEM-53LEU,SYSTEM-30LYS,SYSTEM-55PRO,SYSTEM-57HIS,SYSTEM-58VAL,SYSTEM-63LEU,SYSTEM-60MET,SYSTEM-95ILE,SYSTEM-31ILE,SYSTEM-99TYR,SYSTEM-32PRO
90	11	668.3		66.8		SYSTEM-53LEU,SYSTEM-30LYS,SYSTEM-55PRO,SYSTEM-57HIS,SYSTEM-58VAL,SYSTEM-63LEU,SYSTEM-60MET,SYSTEM-98VAL,SYSTEM-95ILE,SYSTEM-31ILE,SYSTEM-32PRO
91	11	759.0		75.9		SYSTEM-53LEU,SYSTEM-30LYS,SYSTEM-55PRO,SYSTEM-57HIS,SYSTEM-58VAL,SYSTEM-63LEU,SYSTEM-54VAL,SYSTEM-95ILE,SYSTEM-31ILE,SYSTEM-99TYR,SYSTEM-32PRO
92	11	697.5		69.8		SYSTEM-53LEU,SYSTEM-30LYS,SYSTEM-55PRO,SYSTEM-57HIS,SYSTEM-58VAL,SYSTEM-63LEU,SYSTEM-54VAL,SYSTEM-33VAL,SYSTEM-109LEU,SYSTEM-99TYR,SYSTEM-32PRO
93	11	780.1		78.0		SYSTEM-53LEU,SYSTEM-30LYS,SYSTEM-55PRO,SYSTEM-58VAL,SYSTEM-54VAL,SYSTEM-33VAL,SYSTEM-111MET,SYSTEM-109LEU,SYSTEM-99TYR,SYSTEM-31ILE,SYSTEM-32PRO
94	11	767.0		76.7		SYSTEM-53LEU,SYSTEM-30LYS,SYSTEM-55PRO,SYSTEM-58VAL,SYSTEM-54VAL,SYSTEM-63LEU,SYSTEM-60MET,SYSTEM-95ILE,SYSTEM-31ILE,SYSTEM-99TYR,SYSTEM-32PRO
95	11	737.3		73.7		SYSTEM-53LEU,SYSTEM-30LYS,SYSTEM-55PRO,SYSTEM-58VAL,SYSTEM-54VAL,SYSTEM-63LEU,SYSTEM-60MET,SYSTEM-98VAL,SYSTEM-95ILE,SYSTEM-31ILE,SYSTEM-32PRO
96	11	676.2		67.6		SYSTEM-53LEU,SYSTEM-30LYS,SYSTEM-55PRO,SYSTEM-58VAL,SYSTEM-63LEU,SYSTEM-95ILE,SYSTEM-54VAL,SYSTEM-33VAL,SYSTEM-109LEU,SYSTEM-99TYR,SYSTEM-32PRO
97	11	703.2		70.3		SYSTEM-53LEU,SYSTEM-30LYS,SYSTEM-55PRO,SYSTEM-58VAL,SYSTEM-63LEU,SYSTEM-60MET,SYSTEM-98VAL,SYSTEM-95ILE,SYSTEM-31ILE,SYSTEM-99TYR,SYSTEM-32PRO
98	11	672.6		67.3		SYSTEM-53LEU,SYSTEM-30LYS,SYSTEM-55PRO,SYSTEM-58VAL,SYSTEM-63LEU,SYSTEM-60MET,SYSTEM-89VAL,SYSTEM-98VAL,SYSTEM-95ILE,SYSTEM-31ILE,SYSTEM-32PRO
99	11	769.2		76.9		SYSTEM-53LEU,SYSTEM-30LYS,SYSTEM-55PRO,SYSTEM-58VAL,SYSTEM-63LEU,SYSTEM-54VAL,SYSTEM-33VAL,SYSTEM-109LEU,SYSTEM-99TYR,SYSTEM-31ILE,SYSTEM-32PRO
100	11	723.0		72.3		SYSTEM-53LEU,SYSTEM-30LYS,SYSTEM-55PRO,SYSTEM-58VAL,SYSTEM-63LEU,SYSTEM-54VAL,SYSTEM-33VAL,SYSTEM-111MET,SYSTEM-109LEU,SYSTEM-99TYR,SYSTEM-32PRO
101	11	586.9		58.7		SYSTEM-53LEU,SYSTEM-30LYS,SYSTEM-55PRO,SYSTEM-58VAL,SYSTEM-63LEU,SYSTEM-67ILE,SYSTEM-35ILE,SYSTEM-111MET,SYSTEM-109LEU,SYSTEM-99TYR,SYSTEM-32PRO
102	11	614.6		61.5		SYSTEM-53LEU,SYSTEM-30LYS,SYSTEM-55PRO,SYSTEM-58VAL,SYSTEM-63LEU,SYSTEM-67ILE,SYSTEM-81LEU,SYSTEM-111MET,SYSTEM-109LEU,SYSTEM-99TYR,SYSTEM-32PRO
