Graph loaded! 120 nodes, 144 edges
Node list:
	SYSTEM-1MET
	SYSTEM-2PRO
	SYSTEM-3SER
	SYSTEM-4GLU
	SYSTEM-5LYS
	SYSTEM-6THR
	SYSTEM-7PHE
	SYSTEM-8LYS
	SYSTEM-9GLN
	SYSTEM-10ARG
	SYSTEM-11ARG
	SYSTEM-12THR
	SYSTEM-13PHE
	SYSTEM-14GLU
	SYSTEM-15GLN
	SYSTEM-16ARG
	SYSTEM-17VAL
	SYSTEM-18GLU
	SYSTEM-19ASP
	SYSTEM-20VAL
	SYSTEM-21ARG
	SYSTEM-22LEU
	SYSTEM-23ILE
	SYSTEM-24ARG
	SYSTEM-25GLU
	SYSTEM-26GLN
	SYSTEM-27HIS
	SYSTEM-28PRO
	SYSTEM-29THR
	SYSTEM-30LYS
	SYSTEM-31ILE
	SYSTEM-32PRO
	SYSTEM-33VAL
	SYSTEM-34ILE
	SYSTEM-35ILE
	SYSTEM-36GLU
	SYSTEM-37ARG
	SYSTEM-38TYR
	SYSTEM-39LYS
	SYSTEM-40GLY
	SYSTEM-41GLU
	SYSTEM-42LYS
	SYSTEM-43GLN
	SYSTEM-44LEU
	SYSTEM-45PRO
	SYSTEM-46VAL
	SYSTEM-47LEU
	SYSTEM-48ASP
	SYSTEM-49LYS
	SYSTEM-50THR
	SYSTEM-51LYS
	SYSTEM-52PHE
	SYSTEM-53LEU
	SYSTEM-54VAL
	SYSTEM-55PRO
	SYSTEM-56ASP
	SYSTEM-57HIS
	SYSTEM-58VAL
	SYSTEM-59ASN
	SYSTEM-60MET
	SYSTEM-61SER
	SYSTEM-62GLU
	SYSTEM-63LEU
	SYSTEM-64ILE
	SYSTEM-65LYS
	SYSTEM-66ILE
	SYSTEM-67ILE
	SYSTEM-68ARG
	SYSTEM-69ARG
	SYSTEM-70ARG
	SYSTEM-71LEU
	SYSTEM-72GLN
	SYSTEM-73LEU
	SYSTEM-74ASN
	SYSTEM-75ALA
	SYSTEM-76ASN
	SYSTEM-77GLN
	SYSTEM-78ALA
	SYSTEM-79PHE
	SYSTEM-80PHE
	SYSTEM-81LEU
	SYSTEM-82LEU
	SYSTEM-83VAL
	SYSTEM-84ASN
	SYSTEM-85GLY
	SYSTEM-86HIS
	SYSTEM-87SER
	SYSTEM-88MET
	SYSTEM-89VAL
	SYSTEM-90SER
	SYSTEM-91VAL
	SYSTEM-92SER
	SYSTEM-93THR
	SYSTEM-94PRO
	SYSTEM-95ILE
	SYSTEM-96SER
	SYSTEM-97GLU
	SYSTEM-98VAL
	SYSTEM-99TYR
	SYSTEM-100GLU
	SYSTEM-101SER
	SYSTEM-102GLU
	SYSTEM-103LYS
	SYSTEM-104ASP
	SYSTEM-105GLU
	SYSTEM-106ASP
	SYSTEM-107GLY
	SYSTEM-108PHE
	SYSTEM-109LEU
	SYSTEM-110TYR
	SYSTEM-111MET
	SYSTEM-112VAL
	SYSTEM-113TYR
	SYSTEM-114ALA
	SYSTEM-115SER
	SYSTEM-116GLN
	SYSTEM-117GLU
	SYSTEM-118THR
	SYSTEM-119PHE
	SYSTEM-120GLY
Path #	Length	Sum of weights	Average weight	Path
1	6	417.2		83.4		SYSTEM-53LEU,SYSTEM-30LYS,SYSTEM-55PRO,SYSTEM-54VAL,SYSTEM-95ILE,SYSTEM-60MET
2	6	417.2		83.4		SYSTEM-53LEU,SYSTEM-30LYS,SYSTEM-55PRO,SYSTEM-54VAL,SYSTEM-63LEU,SYSTEM-60MET
3	6	334.5		66.9		SYSTEM-53LEU,SYSTEM-30LYS,SYSTEM-55PRO,SYSTEM-58VAL,SYSTEM-63LEU,SYSTEM-60MET
4	6	402.5		80.5		SYSTEM-53LEU,SYSTEM-23ILE,SYSTEM-32PRO,SYSTEM-31ILE,SYSTEM-95ILE,SYSTEM-60MET
5	7	443.3		73.9		SYSTEM-53LEU,SYSTEM-27HIS,SYSTEM-30LYS,SYSTEM-55PRO,SYSTEM-54VAL,SYSTEM-95ILE,SYSTEM-60MET
6	7	443.3		73.9		SYSTEM-53LEU,SYSTEM-27HIS,SYSTEM-30LYS,SYSTEM-55PRO,SYSTEM-54VAL,SYSTEM-63LEU,SYSTEM-60MET
7	7	360.6		60.1		SYSTEM-53LEU,SYSTEM-27HIS,SYSTEM-30LYS,SYSTEM-55PRO,SYSTEM-58VAL,SYSTEM-63LEU,SYSTEM-60MET
8	7	469.1		78.2		SYSTEM-53LEU,SYSTEM-30LYS,SYSTEM-55PRO,SYSTEM-54VAL,SYSTEM-95ILE,SYSTEM-98VAL,SYSTEM-60MET
9	7	442.6		73.8		SYSTEM-53LEU,SYSTEM-30LYS,SYSTEM-55PRO,SYSTEM-54VAL,SYSTEM-95ILE,SYSTEM-63LEU,SYSTEM-60MET
10	7	402.7		67.1		SYSTEM-53LEU,SYSTEM-30LYS,SYSTEM-55PRO,SYSTEM-54VAL,SYSTEM-58VAL,SYSTEM-63LEU,SYSTEM-60MET
11	7	440.8		73.5		SYSTEM-53LEU,SYSTEM-30LYS,SYSTEM-55PRO,SYSTEM-54VAL,SYSTEM-63LEU,SYSTEM-95ILE,SYSTEM-60MET
12	7	381.2		63.5		SYSTEM-53LEU,SYSTEM-30LYS,SYSTEM-55PRO,SYSTEM-57HIS,SYSTEM-58VAL,SYSTEM-63LEU,SYSTEM-60MET
13	7	450.2		75.0		SYSTEM-53LEU,SYSTEM-30LYS,SYSTEM-55PRO,SYSTEM-58VAL,SYSTEM-54VAL,SYSTEM-95ILE,SYSTEM-60MET
14	7	450.2		75.0		SYSTEM-53LEU,SYSTEM-30LYS,SYSTEM-55PRO,SYSTEM-58VAL,SYSTEM-54VAL,SYSTEM-63LEU,SYSTEM-60MET
15	7	358.1		59.7		SYSTEM-53LEU,SYSTEM-30LYS,SYSTEM-55PRO,SYSTEM-58VAL,SYSTEM-63LEU,SYSTEM-95ILE,SYSTEM-60MET
16	7	454.4		75.7		SYSTEM-53LEU,SYSTEM-23ILE,SYSTEM-32PRO,SYSTEM-31ILE,SYSTEM-95ILE,SYSTEM-98VAL,SYSTEM-60MET
17	7	427.9		71.3		SYSTEM-53LEU,SYSTEM-23ILE,SYSTEM-32PRO,SYSTEM-31ILE,SYSTEM-95ILE,SYSTEM-63LEU,SYSTEM-60MET
18	7	484.1		80.7		SYSTEM-53LEU,SYSTEM-23ILE,SYSTEM-32PRO,SYSTEM-99TYR,SYSTEM-31ILE,SYSTEM-95ILE,SYSTEM-60MET
19	8	495.2		70.7		SYSTEM-53LEU,SYSTEM-27HIS,SYSTEM-30LYS,SYSTEM-55PRO,SYSTEM-54VAL,SYSTEM-95ILE,SYSTEM-98VAL,SYSTEM-60MET
20	8	468.7		67.0		SYSTEM-53LEU,SYSTEM-27HIS,SYSTEM-30LYS,SYSTEM-55PRO,SYSTEM-54VAL,SYSTEM-95ILE,SYSTEM-63LEU,SYSTEM-60MET
21	8	428.8		61.3		SYSTEM-53LEU,SYSTEM-27HIS,SYSTEM-30LYS,SYSTEM-55PRO,SYSTEM-54VAL,SYSTEM-58VAL,SYSTEM-63LEU,SYSTEM-60MET
22	8	466.9		66.7		SYSTEM-53LEU,SYSTEM-27HIS,SYSTEM-30LYS,SYSTEM-55PRO,SYSTEM-54VAL,SYSTEM-63LEU,SYSTEM-95ILE,SYSTEM-60MET
23	8	407.3		58.2		SYSTEM-53LEU,SYSTEM-27HIS,SYSTEM-30LYS,SYSTEM-55PRO,SYSTEM-57HIS,SYSTEM-58VAL,SYSTEM-63LEU,SYSTEM-60MET
24	8	476.3		68.0		SYSTEM-53LEU,SYSTEM-27HIS,SYSTEM-30LYS,SYSTEM-55PRO,SYSTEM-58VAL,SYSTEM-54VAL,SYSTEM-95ILE,SYSTEM-60MET
25	8	476.3		68.0		SYSTEM-53LEU,SYSTEM-27HIS,SYSTEM-30LYS,SYSTEM-55PRO,SYSTEM-58VAL,SYSTEM-54VAL,SYSTEM-63LEU,SYSTEM-60MET
26	8	384.2		54.9		SYSTEM-53LEU,SYSTEM-27HIS,SYSTEM-30LYS,SYSTEM-55PRO,SYSTEM-58VAL,SYSTEM-63LEU,SYSTEM-95ILE,SYSTEM-60MET
27	8	520.1		74.3		SYSTEM-53LEU,SYSTEM-30LYS,SYSTEM-55PRO,SYSTEM-54VAL,SYSTEM-95ILE,SYSTEM-98VAL,SYSTEM-89VAL,SYSTEM-60MET
28	8	426.3		60.9		SYSTEM-53LEU,SYSTEM-30LYS,SYSTEM-55PRO,SYSTEM-54VAL,SYSTEM-58VAL,SYSTEM-63LEU,SYSTEM-95ILE,SYSTEM-60MET
29	8	492.7		70.4		SYSTEM-53LEU,SYSTEM-30LYS,SYSTEM-55PRO,SYSTEM-54VAL,SYSTEM-63LEU,SYSTEM-95ILE,SYSTEM-98VAL,SYSTEM-60MET
30	8	496.9		71.0		SYSTEM-53LEU,SYSTEM-30LYS,SYSTEM-55PRO,SYSTEM-57HIS,SYSTEM-58VAL,SYSTEM-54VAL,SYSTEM-95ILE,SYSTEM-60MET
31	8	496.9		71.0		SYSTEM-53LEU,SYSTEM-30LYS,SYSTEM-55PRO,SYSTEM-57HIS,SYSTEM-58VAL,SYSTEM-54VAL,SYSTEM-63LEU,SYSTEM-60MET
32	8	404.8		57.8		SYSTEM-53LEU,SYSTEM-30LYS,SYSTEM-55PRO,SYSTEM-57HIS,SYSTEM-58VAL,SYSTEM-63LEU,SYSTEM-95ILE,SYSTEM-60MET
33	8	502.1		71.7		SYSTEM-53LEU,SYSTEM-30LYS,SYSTEM-55PRO,SYSTEM-58VAL,SYSTEM-54VAL,SYSTEM-95ILE,SYSTEM-98VAL,SYSTEM-60MET
34	8	475.6		67.9		SYSTEM-53LEU,SYSTEM-30LYS,SYSTEM-55PRO,SYSTEM-58VAL,SYSTEM-54VAL,SYSTEM-95ILE,SYSTEM-63LEU,SYSTEM-60MET
35	8	473.8		67.7		SYSTEM-53LEU,SYSTEM-30LYS,SYSTEM-55PRO,SYSTEM-58VAL,SYSTEM-54VAL,SYSTEM-63LEU,SYSTEM-95ILE,SYSTEM-60MET
36	8	410.0		58.6		SYSTEM-53LEU,SYSTEM-30LYS,SYSTEM-55PRO,SYSTEM-58VAL,SYSTEM-63LEU,SYSTEM-95ILE,SYSTEM-98VAL,SYSTEM-60MET
37	8	511.5		73.1		SYSTEM-53LEU,SYSTEM-30LYS,SYSTEM-55PRO,SYSTEM-58VAL,SYSTEM-63LEU,SYSTEM-54VAL,SYSTEM-95ILE,SYSTEM-60MET
38	8	505.4		72.2		SYSTEM-53LEU,SYSTEM-23ILE,SYSTEM-32PRO,SYSTEM-31ILE,SYSTEM-95ILE,SYSTEM-98VAL,SYSTEM-89VAL,SYSTEM-60MET
39	8	581.3		83.0		SYSTEM-53LEU,SYSTEM-23ILE,SYSTEM-32PRO,SYSTEM-31ILE,SYSTEM-95ILE,SYSTEM-54VAL,SYSTEM-63LEU,SYSTEM-60MET
40	8	536.0		76.6		SYSTEM-53LEU,SYSTEM-23ILE,SYSTEM-32PRO,SYSTEM-99TYR,SYSTEM-31ILE,SYSTEM-95ILE,SYSTEM-98VAL,SYSTEM-60MET
41	8	509.5		72.8		SYSTEM-53LEU,SYSTEM-23ILE,SYSTEM-32PRO,SYSTEM-99TYR,SYSTEM-31ILE,SYSTEM-95ILE,SYSTEM-63LEU,SYSTEM-60MET
42	9	546.2		68.3		SYSTEM-53LEU,SYSTEM-27HIS,SYSTEM-30LYS,SYSTEM-55PRO,SYSTEM-54VAL,SYSTEM-95ILE,SYSTEM-98VAL,SYSTEM-89VAL,SYSTEM-60MET
43	9	452.4		56.5		SYSTEM-53LEU,SYSTEM-27HIS,SYSTEM-30LYS,SYSTEM-55PRO,SYSTEM-54VAL,SYSTEM-58VAL,SYSTEM-63LEU,SYSTEM-95ILE,SYSTEM-60MET
44	9	518.8		64.8		SYSTEM-53LEU,SYSTEM-27HIS,SYSTEM-30LYS,SYSTEM-55PRO,SYSTEM-54VAL,SYSTEM-63LEU,SYSTEM-95ILE,SYSTEM-98VAL,SYSTEM-60MET
45	9	523.0		65.4		SYSTEM-53LEU,SYSTEM-27HIS,SYSTEM-30LYS,SYSTEM-55PRO,SYSTEM-57HIS,SYSTEM-58VAL,SYSTEM-54VAL,SYSTEM-95ILE,SYSTEM-60MET
46	9	523.0		65.4		SYSTEM-53LEU,SYSTEM-27HIS,SYSTEM-30LYS,SYSTEM-55PRO,SYSTEM-57HIS,SYSTEM-58VAL,SYSTEM-54VAL,SYSTEM-63LEU,SYSTEM-60MET
47	9	430.9		53.9		SYSTEM-53LEU,SYSTEM-27HIS,SYSTEM-30LYS,SYSTEM-55PRO,SYSTEM-57HIS,SYSTEM-58VAL,SYSTEM-63LEU,SYSTEM-95ILE,SYSTEM-60MET
48	9	528.2		66.0		SYSTEM-53LEU,SYSTEM-27HIS,SYSTEM-30LYS,SYSTEM-55PRO,SYSTEM-58VAL,SYSTEM-54VAL,SYSTEM-95ILE,SYSTEM-98VAL,SYSTEM-60MET
49	9	501.7		62.7		SYSTEM-53LEU,SYSTEM-27HIS,SYSTEM-30LYS,SYSTEM-55PRO,SYSTEM-58VAL,SYSTEM-54VAL,SYSTEM-95ILE,SYSTEM-63LEU,SYSTEM-60MET
50	9	499.9		62.5		SYSTEM-53LEU,SYSTEM-27HIS,SYSTEM-30LYS,SYSTEM-55PRO,SYSTEM-58VAL,SYSTEM-54VAL,SYSTEM-63LEU,SYSTEM-95ILE,SYSTEM-60MET
51	9	436.1		54.5		SYSTEM-53LEU,SYSTEM-27HIS,SYSTEM-30LYS,SYSTEM-55PRO,SYSTEM-58VAL,SYSTEM-63LEU,SYSTEM-95ILE,SYSTEM-98VAL,SYSTEM-60MET
52	9	537.6		67.2		SYSTEM-53LEU,SYSTEM-27HIS,SYSTEM-30LYS,SYSTEM-55PRO,SYSTEM-58VAL,SYSTEM-63LEU,SYSTEM-54VAL,SYSTEM-95ILE,SYSTEM-60MET
53	9	580.4		72.5		SYSTEM-53LEU,SYSTEM-30LYS,SYSTEM-29THR,SYSTEM-56ASP,SYSTEM-96SER,SYSTEM-94PRO,SYSTEM-93THR,SYSTEM-89VAL,SYSTEM-60MET
54	9	478.2		59.8		SYSTEM-53LEU,SYSTEM-30LYS,SYSTEM-55PRO,SYSTEM-54VAL,SYSTEM-58VAL,SYSTEM-63LEU,SYSTEM-95ILE,SYSTEM-98VAL,SYSTEM-60MET
55	9	671.7		84.0		SYSTEM-53LEU,SYSTEM-30LYS,SYSTEM-55PRO,SYSTEM-54VAL,SYSTEM-33VAL,SYSTEM-111MET,SYSTEM-81LEU,SYSTEM-89VAL,SYSTEM-60MET
56	9	543.7		68.0		SYSTEM-53LEU,SYSTEM-30LYS,SYSTEM-55PRO,SYSTEM-54VAL,SYSTEM-63LEU,SYSTEM-95ILE,SYSTEM-98VAL,SYSTEM-89VAL,SYSTEM-60MET
57	9	548.3		68.5		SYSTEM-53LEU,SYSTEM-30LYS,SYSTEM-55PRO,SYSTEM-54VAL,SYSTEM-63LEU,SYSTEM-67ILE,SYSTEM-81LEU,SYSTEM-89VAL,SYSTEM-60MET
58	9	548.8		68.6		SYSTEM-53LEU,SYSTEM-30LYS,SYSTEM-55PRO,SYSTEM-57HIS,SYSTEM-58VAL,SYSTEM-54VAL,SYSTEM-95ILE,SYSTEM-98VAL,SYSTEM-60MET
59	9	522.3		65.3		SYSTEM-53LEU,SYSTEM-30LYS,SYSTEM-55PRO,SYSTEM-57HIS,SYSTEM-58VAL,SYSTEM-54VAL,SYSTEM-95ILE,SYSTEM-63LEU,SYSTEM-60MET
60	9	520.5		65.1		SYSTEM-53LEU,SYSTEM-30LYS,SYSTEM-55PRO,SYSTEM-57HIS,SYSTEM-58VAL,SYSTEM-54VAL,SYSTEM-63LEU,SYSTEM-95ILE,SYSTEM-60MET
61	9	456.7		57.1		SYSTEM-53LEU,SYSTEM-30LYS,SYSTEM-55PRO,SYSTEM-57HIS,SYSTEM-58VAL,SYSTEM-63LEU,SYSTEM-95ILE,SYSTEM-98VAL,SYSTEM-60MET
62	9	558.2		69.8		SYSTEM-53LEU,SYSTEM-30LYS,SYSTEM-55PRO,SYSTEM-57HIS,SYSTEM-58VAL,SYSTEM-63LEU,SYSTEM-54VAL,SYSTEM-95ILE,SYSTEM-60MET
63	9	553.1		69.1		SYSTEM-53LEU,SYSTEM-30LYS,SYSTEM-55PRO,SYSTEM-58VAL,SYSTEM-54VAL,SYSTEM-95ILE,SYSTEM-98VAL,SYSTEM-89VAL,SYSTEM-60MET
64	9	525.7		65.7		SYSTEM-53LEU,SYSTEM-30LYS,SYSTEM-55PRO,SYSTEM-58VAL,SYSTEM-54VAL,SYSTEM-63LEU,SYSTEM-95ILE,SYSTEM-98VAL,SYSTEM-60MET
65	9	461.0		57.6		SYSTEM-53LEU,SYSTEM-30LYS,SYSTEM-55PRO,SYSTEM-58VAL,SYSTEM-63LEU,SYSTEM-95ILE,SYSTEM-98VAL,SYSTEM-89VAL,SYSTEM-60MET
66	9	563.4		70.4		SYSTEM-53LEU,SYSTEM-30LYS,SYSTEM-55PRO,SYSTEM-58VAL,SYSTEM-63LEU,SYSTEM-54VAL,SYSTEM-95ILE,SYSTEM-98VAL,SYSTEM-60MET
67	9	465.6		58.2		SYSTEM-53LEU,SYSTEM-30LYS,SYSTEM-55PRO,SYSTEM-58VAL,SYSTEM-63LEU,SYSTEM-67ILE,SYSTEM-81LEU,SYSTEM-89VAL,SYSTEM-60MET
68	9	566.8		70.8		SYSTEM-53LEU,SYSTEM-23ILE,SYSTEM-32PRO,SYSTEM-31ILE,SYSTEM-95ILE,SYSTEM-54VAL,SYSTEM-58VAL,SYSTEM-63LEU,SYSTEM-60MET
69	9	577.3		72.2		SYSTEM-53LEU,SYSTEM-23ILE,SYSTEM-32PRO,SYSTEM-99TYR,SYSTEM-109LEU,SYSTEM-111MET,SYSTEM-81LEU,SYSTEM-89VAL,SYSTEM-60MET
70	9	601.4		75.2		SYSTEM-53LEU,SYSTEM-23ILE,SYSTEM-32PRO,SYSTEM-99TYR,SYSTEM-109LEU,SYSTEM-33VAL,SYSTEM-54VAL,SYSTEM-95ILE,SYSTEM-60MET
71	9	601.4		75.2		SYSTEM-53LEU,SYSTEM-23ILE,SYSTEM-32PRO,SYSTEM-99TYR,SYSTEM-109LEU,SYSTEM-33VAL,SYSTEM-54VAL,SYSTEM-63LEU,SYSTEM-60MET
72	9	587.0		73.4		SYSTEM-53LEU,SYSTEM-23ILE,SYSTEM-32PRO,SYSTEM-99TYR,SYSTEM-31ILE,SYSTEM-95ILE,SYSTEM-98VAL,SYSTEM-89VAL,SYSTEM-60MET
73	9	662.9		82.9		SYSTEM-53LEU,SYSTEM-23ILE,SYSTEM-32PRO,SYSTEM-99TYR,SYSTEM-31ILE,SYSTEM-95ILE,SYSTEM-54VAL,SYSTEM-63LEU,SYSTEM-60MET
74	10	606.5		67.4		SYSTEM-53LEU,SYSTEM-27HIS,SYSTEM-30LYS,SYSTEM-29THR,SYSTEM-56ASP,SYSTEM-96SER,SYSTEM-94PRO,SYSTEM-93THR,SYSTEM-89VAL,SYSTEM-60MET
75	10	504.3		56.0		SYSTEM-53LEU,SYSTEM-27HIS,SYSTEM-30LYS,SYSTEM-55PRO,SYSTEM-54VAL,SYSTEM-58VAL,SYSTEM-63LEU,SYSTEM-95ILE,SYSTEM-98VAL,SYSTEM-60MET
76	10	697.8		77.5		SYSTEM-53LEU,SYSTEM-27HIS,SYSTEM-30LYS,SYSTEM-55PRO,SYSTEM-54VAL,SYSTEM-33VAL,SYSTEM-111MET,SYSTEM-81LEU,SYSTEM-89VAL,SYSTEM-60MET
77	10	569.8		63.3		SYSTEM-53LEU,SYSTEM-27HIS,SYSTEM-30LYS,SYSTEM-55PRO,SYSTEM-54VAL,SYSTEM-63LEU,SYSTEM-95ILE,SYSTEM-98VAL,SYSTEM-89VAL,SYSTEM-60MET
78	10	574.4		63.8		SYSTEM-53LEU,SYSTEM-27HIS,SYSTEM-30LYS,SYSTEM-55PRO,SYSTEM-54VAL,SYSTEM-63LEU,SYSTEM-67ILE,SYSTEM-81LEU,SYSTEM-89VAL,SYSTEM-60MET
79	10	574.9		63.9		SYSTEM-53LEU,SYSTEM-27HIS,SYSTEM-30LYS,SYSTEM-55PRO,SYSTEM-57HIS,SYSTEM-58VAL,SYSTEM-54VAL,SYSTEM-95ILE,SYSTEM-98VAL,SYSTEM-60MET
80	10	548.4		60.9		SYSTEM-53LEU,SYSTEM-27HIS,SYSTEM-30LYS,SYSTEM-55PRO,SYSTEM-57HIS,SYSTEM-58VAL,SYSTEM-54VAL,SYSTEM-95ILE,SYSTEM-63LEU,SYSTEM-60MET
81	10	546.6		60.7		SYSTEM-53LEU,SYSTEM-27HIS,SYSTEM-30LYS,SYSTEM-55PRO,SYSTEM-57HIS,SYSTEM-58VAL,SYSTEM-54VAL,SYSTEM-63LEU,SYSTEM-95ILE,SYSTEM-60MET
82	10	482.8		53.6		SYSTEM-53LEU,SYSTEM-27HIS,SYSTEM-30LYS,SYSTEM-55PRO,SYSTEM-57HIS,SYSTEM-58VAL,SYSTEM-63LEU,SYSTEM-95ILE,SYSTEM-98VAL,SYSTEM-60MET
83	10	584.3		64.9		SYSTEM-53LEU,SYSTEM-27HIS,SYSTEM-30LYS,SYSTEM-55PRO,SYSTEM-57HIS,SYSTEM-58VAL,SYSTEM-63LEU,SYSTEM-54VAL,SYSTEM-95ILE,SYSTEM-60MET
84	10	579.2		64.4		SYSTEM-53LEU,SYSTEM-27HIS,SYSTEM-30LYS,SYSTEM-55PRO,SYSTEM-58VAL,SYSTEM-54VAL,SYSTEM-95ILE,SYSTEM-98VAL,SYSTEM-89VAL,SYSTEM-60MET
85	10	551.8		61.3		SYSTEM-53LEU,SYSTEM-27HIS,SYSTEM-30LYS,SYSTEM-55PRO,SYSTEM-58VAL,SYSTEM-54VAL,SYSTEM-63LEU,SYSTEM-95ILE,SYSTEM-98VAL,SYSTEM-60MET
86	10	487.1		54.1		SYSTEM-53LEU,SYSTEM-27HIS,SYSTEM-30LYS,SYSTEM-55PRO,SYSTEM-58VAL,SYSTEM-63LEU,SYSTEM-95ILE,SYSTEM-98VAL,SYSTEM-89VAL,SYSTEM-60MET
87	10	589.5		65.5		SYSTEM-53LEU,SYSTEM-27HIS,SYSTEM-30LYS,SYSTEM-55PRO,SYSTEM-58VAL,SYSTEM-63LEU,SYSTEM-54VAL,SYSTEM-95ILE,SYSTEM-98VAL,SYSTEM-60MET
88	10	491.7		54.6		SYSTEM-53LEU,SYSTEM-27HIS,SYSTEM-30LYS,SYSTEM-55PRO,SYSTEM-58VAL,SYSTEM-63LEU,SYSTEM-67ILE,SYSTEM-81LEU,SYSTEM-89VAL,SYSTEM-60MET
89	10	614.2		68.2		SYSTEM-53LEU,SYSTEM-30LYS,SYSTEM-29THR,SYSTEM-56ASP,SYSTEM-96SER,SYSTEM-94PRO,SYSTEM-93THR,SYSTEM-89VAL,SYSTEM-98VAL,SYSTEM-60MET
90	10	643.5		71.5		SYSTEM-53LEU,SYSTEM-30LYS,SYSTEM-29THR,SYSTEM-56ASP,SYSTEM-96SER,SYSTEM-97GLU,SYSTEM-94PRO,SYSTEM-93THR,SYSTEM-89VAL,SYSTEM-60MET
91	10	573.7		63.7		SYSTEM-53LEU,SYSTEM-30LYS,SYSTEM-55PRO,SYSTEM-54VAL,SYSTEM-95ILE,SYSTEM-63LEU,SYSTEM-67ILE,SYSTEM-81LEU,SYSTEM-89VAL,SYSTEM-60MET
92	10	529.2		58.8		SYSTEM-53LEU,SYSTEM-30LYS,SYSTEM-55PRO,SYSTEM-54VAL,SYSTEM-58VAL,SYSTEM-63LEU,SYSTEM-95ILE,SYSTEM-98VAL,SYSTEM-89VAL,SYSTEM-60MET
93	10	533.8		59.3		SYSTEM-53LEU,SYSTEM-30LYS,SYSTEM-55PRO,SYSTEM-54VAL,SYSTEM-58VAL,SYSTEM-63LEU,SYSTEM-67ILE,SYSTEM-81LEU,SYSTEM-89VAL,SYSTEM-60MET
94	10	751.5		83.5		SYSTEM-53LEU,SYSTEM-30LYS,SYSTEM-55PRO,SYSTEM-54VAL,SYSTEM-33VAL,SYSTEM-109LEU,SYSTEM-111MET,SYSTEM-81LEU,SYSTEM-89VAL,SYSTEM-60MET
95	10	752.7		83.6		SYSTEM-53LEU,SYSTEM-30LYS,SYSTEM-55PRO,SYSTEM-54VAL,SYSTEM-33VAL,SYSTEM-109LEU,SYSTEM-99TYR,SYSTEM-31ILE,SYSTEM-95ILE,SYSTEM-60MET
96	10	642.9		71.4		SYSTEM-53LEU,SYSTEM-30LYS,SYSTEM-55PRO,SYSTEM-54VAL,SYSTEM-33VAL,SYSTEM-111MET,SYSTEM-35ILE,SYSTEM-81LEU,SYSTEM-89VAL,SYSTEM-60MET
97	10	631.9		70.2		SYSTEM-53LEU,SYSTEM-30LYS,SYSTEM-55PRO,SYSTEM-54VAL,SYSTEM-33VAL,SYSTEM-111MET,SYSTEM-35ILE,SYSTEM-67ILE,SYSTEM-63LEU,SYSTEM-60MET
98	10	705.5		78.4		SYSTEM-53LEU,SYSTEM-30LYS,SYSTEM-55PRO,SYSTEM-54VAL,SYSTEM-33VAL,SYSTEM-111MET,SYSTEM-81LEU,SYSTEM-89VAL,SYSTEM-98VAL,SYSTEM-60MET
99	10	659.6		73.3		SYSTEM-53LEU,SYSTEM-30LYS,SYSTEM-55PRO,SYSTEM-54VAL,SYSTEM-33VAL,SYSTEM-111MET,SYSTEM-81LEU,SYSTEM-67ILE,SYSTEM-63LEU,SYSTEM-60MET
100	10	594.0		66.0		SYSTEM-53LEU,SYSTEM-30LYS,SYSTEM-55PRO,SYSTEM-54VAL,SYSTEM-63LEU,SYSTEM-67ILE,SYSTEM-35ILE,SYSTEM-81LEU,SYSTEM-89VAL,SYSTEM-60MET
101	10	582.1		64.7		SYSTEM-53LEU,SYSTEM-30LYS,SYSTEM-55PRO,SYSTEM-54VAL,SYSTEM-63LEU,SYSTEM-67ILE,SYSTEM-81LEU,SYSTEM-89VAL,SYSTEM-98VAL,SYSTEM-60MET
102	10	599.8		66.6		SYSTEM-53LEU,SYSTEM-30LYS,SYSTEM-55PRO,SYSTEM-57HIS,SYSTEM-58VAL,SYSTEM-54VAL,SYSTEM-95ILE,SYSTEM-98VAL,SYSTEM-89VAL,SYSTEM-60MET
103	10	572.4		63.6		SYSTEM-53LEU,SYSTEM-30LYS,SYSTEM-55PRO,SYSTEM-57HIS,SYSTEM-58VAL,SYSTEM-54VAL,SYSTEM-63LEU,SYSTEM-95ILE,SYSTEM-98VAL,SYSTEM-60MET
104	10	507.7		56.4		SYSTEM-53LEU,SYSTEM-30LYS,SYSTEM-55PRO,SYSTEM-57HIS,SYSTEM-58VAL,SYSTEM-63LEU,SYSTEM-95ILE,SYSTEM-98VAL,SYSTEM-89VAL,SYSTEM-60MET
105	10	610.1		67.8		SYSTEM-53LEU,SYSTEM-30LYS,SYSTEM-55PRO,SYSTEM-57HIS,SYSTEM-58VAL,SYSTEM-63LEU,SYSTEM-54VAL,SYSTEM-95ILE,SYSTEM-98VAL,SYSTEM-60MET
106	10	512.3		56.9		SYSTEM-53LEU,SYSTEM-30LYS,SYSTEM-55PRO,SYSTEM-57HIS,SYSTEM-58VAL,SYSTEM-63LEU,SYSTEM-67ILE,SYSTEM-81LEU,SYSTEM-89VAL,SYSTEM-60MET
107	10	704.7		78.3		SYSTEM-53LEU,SYSTEM-30LYS,SYSTEM-55PRO,SYSTEM-58VAL,SYSTEM-54VAL,SYSTEM-33VAL,SYSTEM-111MET,SYSTEM-81LEU,SYSTEM-89VAL,SYSTEM-60MET
108	10	576.7		64.1		SYSTEM-53LEU,SYSTEM-30LYS,SYSTEM-55PRO,SYSTEM-58VAL,SYSTEM-54VAL,SYSTEM-63LEU,SYSTEM-95ILE,SYSTEM-98VAL,SYSTEM-89VAL,SYSTEM-60MET
109	10	581.3		64.6		SYSTEM-53LEU,SYSTEM-30LYS,SYSTEM-55PRO,SYSTEM-58VAL,SYSTEM-54VAL,SYSTEM-63LEU,SYSTEM-67ILE,SYSTEM-81LEU,SYSTEM-89VAL,SYSTEM-60MET
110	10	614.4		68.3		SYSTEM-53LEU,SYSTEM-30LYS,SYSTEM-55PRO,SYSTEM-58VAL,SYSTEM-63LEU,SYSTEM-54VAL,SYSTEM-95ILE,SYSTEM-98VAL,SYSTEM-89VAL,SYSTEM-60MET
111	10	511.3		56.8		SYSTEM-53LEU,SYSTEM-30LYS,SYSTEM-55PRO,SYSTEM-58VAL,SYSTEM-63LEU,SYSTEM-67ILE,SYSTEM-35ILE,SYSTEM-81LEU,SYSTEM-89VAL,SYSTEM-60MET
112	10	499.4		55.5		SYSTEM-53LEU,SYSTEM-30LYS,SYSTEM-55PRO,SYSTEM-58VAL,SYSTEM-63LEU,SYSTEM-67ILE,SYSTEM-81LEU,SYSTEM-89VAL,SYSTEM-98VAL,SYSTEM-60MET
113	10	559.0		62.1		SYSTEM-53LEU,SYSTEM-23ILE,SYSTEM-32PRO,SYSTEM-31ILE,SYSTEM-95ILE,SYSTEM-63LEU,SYSTEM-67ILE,SYSTEM-81LEU,SYSTEM-89VAL,SYSTEM-60MET
114	10	698.4		77.6		SYSTEM-53LEU,SYSTEM-23ILE,SYSTEM-32PRO,SYSTEM-31ILE,SYSTEM-95ILE,SYSTEM-54VAL,SYSTEM-55PRO,SYSTEM-58VAL,SYSTEM-63LEU,SYSTEM-60MET
115	10	695.7		77.3		SYSTEM-53LEU,SYSTEM-23ILE,SYSTEM-32PRO,SYSTEM-31ILE,SYSTEM-99TYR,SYSTEM-109LEU,SYSTEM-111MET,SYSTEM-81LEU,SYSTEM-89VAL,SYSTEM-60MET
116	10	719.8		80.0		SYSTEM-53LEU,SYSTEM-23ILE,SYSTEM-32PRO,SYSTEM-31ILE,SYSTEM-99TYR,SYSTEM-109LEU,SYSTEM-33VAL,SYSTEM-54VAL,SYSTEM-95ILE,SYSTEM-60MET
117	10	719.8		80.0		SYSTEM-53LEU,SYSTEM-23ILE,SYSTEM-32PRO,SYSTEM-31ILE,SYSTEM-99TYR,SYSTEM-109LEU,SYSTEM-33VAL,SYSTEM-54VAL,SYSTEM-63LEU,SYSTEM-60MET
118	10	673.6		74.8		SYSTEM-53LEU,SYSTEM-23ILE,SYSTEM-32PRO,SYSTEM-99TYR,SYSTEM-109LEU,SYSTEM-111MET,SYSTEM-33VAL,SYSTEM-54VAL,SYSTEM-95ILE,SYSTEM-60MET
119	10	673.6		74.8		SYSTEM-53LEU,SYSTEM-23ILE,SYSTEM-32PRO,SYSTEM-99TYR,SYSTEM-109LEU,SYSTEM-111MET,SYSTEM-33VAL,SYSTEM-54VAL,SYSTEM-63LEU,SYSTEM-60MET
120	10	548.5		60.9		SYSTEM-53LEU,SYSTEM-23ILE,SYSTEM-32PRO,SYSTEM-99TYR,SYSTEM-109LEU,SYSTEM-111MET,SYSTEM-35ILE,SYSTEM-81LEU,SYSTEM-89VAL,SYSTEM-60MET
121	10	537.5		59.7		SYSTEM-53LEU,SYSTEM-23ILE,SYSTEM-32PRO,SYSTEM-99TYR,SYSTEM-109LEU,SYSTEM-111MET,SYSTEM-35ILE,SYSTEM-67ILE,SYSTEM-63LEU,SYSTEM-60MET
122	10	611.1		67.9		SYSTEM-53LEU,SYSTEM-23ILE,SYSTEM-32PRO,SYSTEM-99TYR,SYSTEM-109LEU,SYSTEM-111MET,SYSTEM-81LEU,SYSTEM-89VAL,SYSTEM-98VAL,SYSTEM-60MET
123	10	565.2		62.8		SYSTEM-53LEU,SYSTEM-23ILE,SYSTEM-32PRO,SYSTEM-99TYR,SYSTEM-109LEU,SYSTEM-111MET,SYSTEM-81LEU,SYSTEM-67ILE,SYSTEM-63LEU,SYSTEM-60MET
124	10	653.3		72.6		SYSTEM-53LEU,SYSTEM-23ILE,SYSTEM-32PRO,SYSTEM-99TYR,SYSTEM-109LEU,SYSTEM-33VAL,SYSTEM-54VAL,SYSTEM-95ILE,SYSTEM-98VAL,SYSTEM-60MET
125	10	626.8		69.6		SYSTEM-53LEU,SYSTEM-23ILE,SYSTEM-32PRO,SYSTEM-99TYR,SYSTEM-109LEU,SYSTEM-33VAL,SYSTEM-54VAL,SYSTEM-95ILE,SYSTEM-63LEU,SYSTEM-60MET
126	10	586.9		65.2		SYSTEM-53LEU,SYSTEM-23ILE,SYSTEM-32PRO,SYSTEM-99TYR,SYSTEM-109LEU,SYSTEM-33VAL,SYSTEM-54VAL,SYSTEM-58VAL,SYSTEM-63LEU,SYSTEM-60MET
127	10	625.0		69.4		SYSTEM-53LEU,SYSTEM-23ILE,SYSTEM-32PRO,SYSTEM-99TYR,SYSTEM-109LEU,SYSTEM-33VAL,SYSTEM-54VAL,SYSTEM-63LEU,SYSTEM-95ILE,SYSTEM-60MET
128	10	682.9		75.9		SYSTEM-53LEU,SYSTEM-23ILE,SYSTEM-32PRO,SYSTEM-99TYR,SYSTEM-109LEU,SYSTEM-33VAL,SYSTEM-111MET,SYSTEM-81LEU,SYSTEM-89VAL,SYSTEM-60MET
129	10	648.4		72.0		SYSTEM-53LEU,SYSTEM-23ILE,SYSTEM-32PRO,SYSTEM-99TYR,SYSTEM-31ILE,SYSTEM-95ILE,SYSTEM-54VAL,SYSTEM-58VAL,SYSTEM-63LEU,SYSTEM-60MET
130	11	640.3		64.0		SYSTEM-53LEU,SYSTEM-27HIS,SYSTEM-30LYS,SYSTEM-29THR,SYSTEM-56ASP,SYSTEM-96SER,SYSTEM-94PRO,SYSTEM-93THR,SYSTEM-89VAL,SYSTEM-98VAL,SYSTEM-60MET
131	11	669.6		67.0		SYSTEM-53LEU,SYSTEM-27HIS,SYSTEM-30LYS,SYSTEM-29THR,SYSTEM-56ASP,SYSTEM-96SER,SYSTEM-97GLU,SYSTEM-94PRO,SYSTEM-93THR,SYSTEM-89VAL,SYSTEM-60MET
132	11	599.8		60.0		SYSTEM-53LEU,SYSTEM-27HIS,SYSTEM-30LYS,SYSTEM-55PRO,SYSTEM-54VAL,SYSTEM-95ILE,SYSTEM-63LEU,SYSTEM-67ILE,SYSTEM-81LEU,SYSTEM-89VAL,SYSTEM-60MET
133	11	555.3		55.5		SYSTEM-53LEU,SYSTEM-27HIS,SYSTEM-30LYS,SYSTEM-55PRO,SYSTEM-54VAL,SYSTEM-58VAL,SYSTEM-63LEU,SYSTEM-95ILE,SYSTEM-98VAL,SYSTEM-89VAL,SYSTEM-60MET
134	11	559.9		56.0		SYSTEM-53LEU,SYSTEM-27HIS,SYSTEM-30LYS,SYSTEM-55PRO,SYSTEM-54VAL,SYSTEM-58VAL,SYSTEM-63LEU,SYSTEM-67ILE,SYSTEM-81LEU,SYSTEM-89VAL,SYSTEM-60MET
135	11	777.6		77.8		SYSTEM-53LEU,SYSTEM-27HIS,SYSTEM-30LYS,SYSTEM-55PRO,SYSTEM-54VAL,SYSTEM-33VAL,SYSTEM-109LEU,SYSTEM-111MET,SYSTEM-81LEU,SYSTEM-89VAL,SYSTEM-60MET
136	11	778.8		77.9		SYSTEM-53LEU,SYSTEM-27HIS,SYSTEM-30LYS,SYSTEM-55PRO,SYSTEM-54VAL,SYSTEM-33VAL,SYSTEM-109LEU,SYSTEM-99TYR,SYSTEM-31ILE,SYSTEM-95ILE,SYSTEM-60MET
137	11	669.0		66.9		SYSTEM-53LEU,SYSTEM-27HIS,SYSTEM-30LYS,SYSTEM-55PRO,SYSTEM-54VAL,SYSTEM-33VAL,SYSTEM-111MET,SYSTEM-35ILE,SYSTEM-81LEU,SYSTEM-89VAL,SYSTEM-60MET
138	11	658.0		65.8		SYSTEM-53LEU,SYSTEM-27HIS,SYSTEM-30LYS,SYSTEM-55PRO,SYSTEM-54VAL,SYSTEM-33VAL,SYSTEM-111MET,SYSTEM-35ILE,SYSTEM-67ILE,SYSTEM-63LEU,SYSTEM-60MET
139	11	731.6		73.2		SYSTEM-53LEU,SYSTEM-27HIS,SYSTEM-30LYS,SYSTEM-55PRO,SYSTEM-54VAL,SYSTEM-33VAL,SYSTEM-111MET,SYSTEM-81LEU,SYSTEM-89VAL,SYSTEM-98VAL,SYSTEM-60MET
140	11	685.7		68.6		SYSTEM-53LEU,SYSTEM-27HIS,SYSTEM-30LYS,SYSTEM-55PRO,SYSTEM-54VAL,SYSTEM-33VAL,SYSTEM-111MET,SYSTEM-81LEU,SYSTEM-67ILE,SYSTEM-63LEU,SYSTEM-60MET
141	11	620.1		62.0		SYSTEM-53LEU,SYSTEM-27HIS,SYSTEM-30LYS,SYSTEM-55PRO,SYSTEM-54VAL,SYSTEM-63LEU,SYSTEM-67ILE,SYSTEM-35ILE,SYSTEM-81LEU,SYSTEM-89VAL,SYSTEM-60MET
142	11	608.2		60.8		SYSTEM-53LEU,SYSTEM-27HIS,SYSTEM-30LYS,SYSTEM-55PRO,SYSTEM-54VAL,SYSTEM-63LEU,SYSTEM-67ILE,SYSTEM-81LEU,SYSTEM-89VAL,SYSTEM-98VAL,SYSTEM-60MET
143	11	625.9		62.6		SYSTEM-53LEU,SYSTEM-27HIS,SYSTEM-30LYS,SYSTEM-55PRO,SYSTEM-57HIS,SYSTEM-58VAL,SYSTEM-54VAL,SYSTEM-95ILE,SYSTEM-98VAL,SYSTEM-89VAL,SYSTEM-60MET
144	11	598.5		59.9		SYSTEM-53LEU,SYSTEM-27HIS,SYSTEM-30LYS,SYSTEM-55PRO,SYSTEM-57HIS,SYSTEM-58VAL,SYSTEM-54VAL,SYSTEM-63LEU,SYSTEM-95ILE,SYSTEM-98VAL,SYSTEM-60MET
145	11	533.8		53.4		SYSTEM-53LEU,SYSTEM-27HIS,SYSTEM-30LYS,SYSTEM-55PRO,SYSTEM-57HIS,SYSTEM-58VAL,SYSTEM-63LEU,SYSTEM-95ILE,SYSTEM-98VAL,SYSTEM-89VAL,SYSTEM-60MET
146	11	636.2		63.6		SYSTEM-53LEU,SYSTEM-27HIS,SYSTEM-30LYS,SYSTEM-55PRO,SYSTEM-57HIS,SYSTEM-58VAL,SYSTEM-63LEU,SYSTEM-54VAL,SYSTEM-95ILE,SYSTEM-98VAL,SYSTEM-60MET
147	11	538.4		53.8		SYSTEM-53LEU,SYSTEM-27HIS,SYSTEM-30LYS,SYSTEM-55PRO,SYSTEM-57HIS,SYSTEM-58VAL,SYSTEM-63LEU,SYSTEM-67ILE,SYSTEM-81LEU,SYSTEM-89VAL,SYSTEM-60MET
148	11	730.8		73.1		SYSTEM-53LEU,SYSTEM-27HIS,SYSTEM-30LYS,SYSTEM-55PRO,SYSTEM-58VAL,SYSTEM-54VAL,SYSTEM-33VAL,SYSTEM-111MET,SYSTEM-81LEU,SYSTEM-89VAL,SYSTEM-60MET
149	11	602.8		60.3		SYSTEM-53LEU,SYSTEM-27HIS,SYSTEM-30LYS,SYSTEM-55PRO,SYSTEM-58VAL,SYSTEM-54VAL,SYSTEM-63LEU,SYSTEM-95ILE,SYSTEM-98VAL,SYSTEM-89VAL,SYSTEM-60MET
150	11	607.4		60.7		SYSTEM-53LEU,SYSTEM-27HIS,SYSTEM-30LYS,SYSTEM-55PRO,SYSTEM-58VAL,SYSTEM-54VAL,SYSTEM-63LEU,SYSTEM-67ILE,SYSTEM-81LEU,SYSTEM-89VAL,SYSTEM-60MET
151	11	640.5		64.0		SYSTEM-53LEU,SYSTEM-27HIS,SYSTEM-30LYS,SYSTEM-55PRO,SYSTEM-58VAL,SYSTEM-63LEU,SYSTEM-54VAL,SYSTEM-95ILE,SYSTEM-98VAL,SYSTEM-89VAL,SYSTEM-60MET
152	11	537.4		53.7		SYSTEM-53LEU,SYSTEM-27HIS,SYSTEM-30LYS,SYSTEM-55PRO,SYSTEM-58VAL,SYSTEM-63LEU,SYSTEM-67ILE,SYSTEM-35ILE,SYSTEM-81LEU,SYSTEM-89VAL,SYSTEM-60MET
153	11	525.5		52.5		SYSTEM-53LEU,SYSTEM-27HIS,SYSTEM-30LYS,SYSTEM-55PRO,SYSTEM-58VAL,SYSTEM-63LEU,SYSTEM-67ILE,SYSTEM-81LEU,SYSTEM-89VAL,SYSTEM-98VAL,SYSTEM-60MET
154	11	612.7		61.3		SYSTEM-53LEU,SYSTEM-30LYS,SYSTEM-29THR,SYSTEM-56ASP,SYSTEM-96SER,SYSTEM-94PRO,SYSTEM-93THR,SYSTEM-89VAL,SYSTEM-98VAL,SYSTEM-95ILE,SYSTEM-60MET
155	11	677.3		67.7		SYSTEM-53LEU,SYSTEM-30LYS,SYSTEM-29THR,SYSTEM-56ASP,SYSTEM-96SER,SYSTEM-97GLU,SYSTEM-94PRO,SYSTEM-93THR,SYSTEM-89VAL,SYSTEM-98VAL,SYSTEM-60MET
156	11	582.4		58.2		SYSTEM-53LEU,SYSTEM-30LYS,SYSTEM-55PRO,SYSTEM-54VAL,SYSTEM-95ILE,SYSTEM-98VAL,SYSTEM-89VAL,SYSTEM-81LEU,SYSTEM-67ILE,SYSTEM-63LEU,SYSTEM-60MET
157	11	619.4		61.9		SYSTEM-53LEU,SYSTEM-30LYS,SYSTEM-55PRO,SYSTEM-54VAL,SYSTEM-95ILE,SYSTEM-63LEU,SYSTEM-67ILE,SYSTEM-35ILE,SYSTEM-81LEU,SYSTEM-89VAL,SYSTEM-60MET
158	11	607.5		60.8		SYSTEM-53LEU,SYSTEM-30LYS,SYSTEM-55PRO,SYSTEM-54VAL,SYSTEM-95ILE,SYSTEM-63LEU,SYSTEM-67ILE,SYSTEM-81LEU,SYSTEM-89VAL,SYSTEM-98VAL,SYSTEM-60MET
159	11	579.5		58.0		SYSTEM-53LEU,SYSTEM-30LYS,SYSTEM-55PRO,SYSTEM-54VAL,SYSTEM-58VAL,SYSTEM-63LEU,SYSTEM-67ILE,SYSTEM-35ILE,SYSTEM-81LEU,SYSTEM-89VAL,SYSTEM-60MET
160	11	567.6		56.8		SYSTEM-53LEU,SYSTEM-30LYS,SYSTEM-55PRO,SYSTEM-54VAL,SYSTEM-58VAL,SYSTEM-63LEU,SYSTEM-67ILE,SYSTEM-81LEU,SYSTEM-89VAL,SYSTEM-98VAL,SYSTEM-60MET
161	11	722.7		72.3		SYSTEM-53LEU,SYSTEM-30LYS,SYSTEM-55PRO,SYSTEM-54VAL,SYSTEM-33VAL,SYSTEM-109LEU,SYSTEM-111MET,SYSTEM-35ILE,SYSTEM-81LEU,SYSTEM-89VAL,SYSTEM-60MET
162	11	711.7		71.2		SYSTEM-53LEU,SYSTEM-30LYS,SYSTEM-55PRO,SYSTEM-54VAL,SYSTEM-33VAL,SYSTEM-109LEU,SYSTEM-111MET,SYSTEM-35ILE,SYSTEM-67ILE,SYSTEM-63LEU,SYSTEM-60MET
163	11	785.3		78.5		SYSTEM-53LEU,SYSTEM-30LYS,SYSTEM-55PRO,SYSTEM-54VAL,SYSTEM-33VAL,SYSTEM-109LEU,SYSTEM-111MET,SYSTEM-81LEU,SYSTEM-89VAL,SYSTEM-98VAL,SYSTEM-60MET
164	11	739.4		73.9		SYSTEM-53LEU,SYSTEM-30LYS,SYSTEM-55PRO,SYSTEM-54VAL,SYSTEM-33VAL,SYSTEM-109LEU,SYSTEM-111MET,SYSTEM-81LEU,SYSTEM-67ILE,SYSTEM-63LEU,SYSTEM-60MET
165	11	791.7		79.2		SYSTEM-53LEU,SYSTEM-30LYS,SYSTEM-55PRO,SYSTEM-54VAL,SYSTEM-33VAL,SYSTEM-109LEU,SYSTEM-99TYR,SYSTEM-32PRO,SYSTEM-31ILE,SYSTEM-95ILE,SYSTEM-60MET
166	11	804.6		80.5		SYSTEM-53LEU,SYSTEM-30LYS,SYSTEM-55PRO,SYSTEM-54VAL,SYSTEM-33VAL,SYSTEM-109LEU,SYSTEM-99TYR,SYSTEM-31ILE,SYSTEM-95ILE,SYSTEM-98VAL,SYSTEM-60MET
167	11	778.1		77.8		SYSTEM-53LEU,SYSTEM-30LYS,SYSTEM-55PRO,SYSTEM-54VAL,SYSTEM-33VAL,SYSTEM-109LEU,SYSTEM-99TYR,SYSTEM-31ILE,SYSTEM-95ILE,SYSTEM-63LEU,SYSTEM-60MET
168	11	677.0		67.7		SYSTEM-53LEU,SYSTEM-30LYS,SYSTEM-55PRO,SYSTEM-54VAL,SYSTEM-33VAL,SYSTEM-111MET,SYSTEM-35ILE,SYSTEM-52PHE,SYSTEM-67ILE,SYSTEM-63LEU,SYSTEM-60MET
169	11	676.7		67.7		SYSTEM-53LEU,SYSTEM-30LYS,SYSTEM-55PRO,SYSTEM-54VAL,SYSTEM-33VAL,SYSTEM-111MET,SYSTEM-35ILE,SYSTEM-81LEU,SYSTEM-89VAL,SYSTEM-98VAL,SYSTEM-60MET
170	11	630.8		63.1		SYSTEM-53LEU,SYSTEM-30LYS,SYSTEM-55PRO,SYSTEM-54VAL,SYSTEM-33VAL,SYSTEM-111MET,SYSTEM-35ILE,SYSTEM-81LEU,SYSTEM-67ILE,SYSTEM-63LEU,SYSTEM-60MET
171	11	655.5		65.5		SYSTEM-53LEU,SYSTEM-30LYS,SYSTEM-55PRO,SYSTEM-54VAL,SYSTEM-33VAL,SYSTEM-111MET,SYSTEM-35ILE,SYSTEM-67ILE,SYSTEM-63LEU,SYSTEM-95ILE,SYSTEM-60MET
172	11	717.4		71.7		SYSTEM-53LEU,SYSTEM-30LYS,SYSTEM-55PRO,SYSTEM-54VAL,SYSTEM-33VAL,SYSTEM-111MET,SYSTEM-35ILE,SYSTEM-67ILE,SYSTEM-81LEU,SYSTEM-89VAL,SYSTEM-60MET
173	11	704.0		70.4		SYSTEM-53LEU,SYSTEM-30LYS,SYSTEM-55PRO,SYSTEM-54VAL,SYSTEM-33VAL,SYSTEM-111MET,SYSTEM-81LEU,SYSTEM-89VAL,SYSTEM-98VAL,SYSTEM-95ILE,SYSTEM-60MET
174	11	705.3		70.5		SYSTEM-53LEU,SYSTEM-30LYS,SYSTEM-55PRO,SYSTEM-54VAL,SYSTEM-33VAL,SYSTEM-111MET,SYSTEM-81LEU,SYSTEM-35ILE,SYSTEM-67ILE,SYSTEM-63LEU,SYSTEM-60MET
175	11	683.2		68.3		SYSTEM-53LEU,SYSTEM-30LYS,SYSTEM-55PRO,SYSTEM-54VAL,SYSTEM-33VAL,SYSTEM-111MET,SYSTEM-81LEU,SYSTEM-67ILE,SYSTEM-63LEU,SYSTEM-95ILE,SYSTEM-60MET
176	11	824.9		82.5		SYSTEM-53LEU,SYSTEM-30LYS,SYSTEM-55PRO,SYSTEM-54VAL,SYSTEM-33VAL,SYSTEM-111MET,SYSTEM-109LEU,SYSTEM-99TYR,SYSTEM-31ILE,SYSTEM-95ILE,SYSTEM-60MET
177	11	639.1		63.9		SYSTEM-53LEU,SYSTEM-30LYS,SYSTEM-55PRO,SYSTEM-54VAL,SYSTEM-63LEU,SYSTEM-67ILE,SYSTEM-52PHE,SYSTEM-35ILE,SYSTEM-81LEU,SYSTEM-89VAL,SYSTEM-60MET
178	11	712.6		71.3		SYSTEM-53LEU,SYSTEM-30LYS,SYSTEM-55PRO,SYSTEM-54VAL,SYSTEM-63LEU,SYSTEM-67ILE,SYSTEM-35ILE,SYSTEM-111MET,SYSTEM-81LEU,SYSTEM-89VAL,SYSTEM-60MET
179	11	627.8		62.8		SYSTEM-53LEU,SYSTEM-30LYS,SYSTEM-55PRO,SYSTEM-54VAL,SYSTEM-63LEU,SYSTEM-67ILE,SYSTEM-35ILE,SYSTEM-81LEU,SYSTEM-89VAL,SYSTEM-98VAL,SYSTEM-60MET
180	11	580.6		58.1		SYSTEM-53LEU,SYSTEM-30LYS,SYSTEM-55PRO,SYSTEM-54VAL,SYSTEM-63LEU,SYSTEM-67ILE,SYSTEM-81LEU,SYSTEM-89VAL,SYSTEM-98VAL,SYSTEM-95ILE,SYSTEM-60MET
181	11	751.4		75.1		SYSTEM-53LEU,SYSTEM-30LYS,SYSTEM-55PRO,SYSTEM-57HIS,SYSTEM-58VAL,SYSTEM-54VAL,SYSTEM-33VAL,SYSTEM-111MET,SYSTEM-81LEU,SYSTEM-89VAL,SYSTEM-60MET
182	11	623.4		62.3		SYSTEM-53LEU,SYSTEM-30LYS,SYSTEM-55PRO,SYSTEM-57HIS,SYSTEM-58VAL,SYSTEM-54VAL,SYSTEM-63LEU,SYSTEM-95ILE,SYSTEM-98VAL,SYSTEM-89VAL,SYSTEM-60MET
183	11	628.0		62.8		SYSTEM-53LEU,SYSTEM-30LYS,SYSTEM-55PRO,SYSTEM-57HIS,SYSTEM-58VAL,SYSTEM-54VAL,SYSTEM-63LEU,SYSTEM-67ILE,SYSTEM-81LEU,SYSTEM-89VAL,SYSTEM-60MET
184	11	661.1		66.1		SYSTEM-53LEU,SYSTEM-30LYS,SYSTEM-55PRO,SYSTEM-57HIS,SYSTEM-58VAL,SYSTEM-63LEU,SYSTEM-54VAL,SYSTEM-95ILE,SYSTEM-98VAL,SYSTEM-89VAL,SYSTEM-60MET
185	11	558.0		55.8		SYSTEM-53LEU,SYSTEM-30LYS,SYSTEM-55PRO,SYSTEM-57HIS,SYSTEM-58VAL,SYSTEM-63LEU,SYSTEM-67ILE,SYSTEM-35ILE,SYSTEM-81LEU,SYSTEM-89VAL,SYSTEM-60MET
186	11	546.1		54.6		SYSTEM-53LEU,SYSTEM-30LYS,SYSTEM-55PRO,SYSTEM-57HIS,SYSTEM-58VAL,SYSTEM-63LEU,SYSTEM-67ILE,SYSTEM-81LEU,SYSTEM-89VAL,SYSTEM-98VAL,SYSTEM-60MET
187	11	606.7		60.7		SYSTEM-53LEU,SYSTEM-30LYS,SYSTEM-55PRO,SYSTEM-58VAL,SYSTEM-54VAL,SYSTEM-95ILE,SYSTEM-63LEU,SYSTEM-67ILE,SYSTEM-81LEU,SYSTEM-89VAL,SYSTEM-60MET
188	11	784.5		78.5		SYSTEM-53LEU,SYSTEM-30LYS,SYSTEM-55PRO,SYSTEM-58VAL,SYSTEM-54VAL,SYSTEM-33VAL,SYSTEM-109LEU,SYSTEM-111MET,SYSTEM-81LEU,SYSTEM-89VAL,SYSTEM-60MET
189	11	785.7		78.6		SYSTEM-53LEU,SYSTEM-30LYS,SYSTEM-55PRO,SYSTEM-58VAL,SYSTEM-54VAL,SYSTEM-33VAL,SYSTEM-109LEU,SYSTEM-99TYR,SYSTEM-31ILE,SYSTEM-95ILE,SYSTEM-60MET
190	11	675.9		67.6		SYSTEM-53LEU,SYSTEM-30LYS,SYSTEM-55PRO,SYSTEM-58VAL,SYSTEM-54VAL,SYSTEM-33VAL,SYSTEM-111MET,SYSTEM-35ILE,SYSTEM-81LEU,SYSTEM-89VAL,SYSTEM-60MET
191	11	664.9		66.5		SYSTEM-53LEU,SYSTEM-30LYS,SYSTEM-55PRO,SYSTEM-58VAL,SYSTEM-54VAL,SYSTEM-33VAL,SYSTEM-111MET,SYSTEM-35ILE,SYSTEM-67ILE,SYSTEM-63LEU,SYSTEM-60MET
192	11	738.5		73.8		SYSTEM-53LEU,SYSTEM-30LYS,SYSTEM-55PRO,SYSTEM-58VAL,SYSTEM-54VAL,SYSTEM-33VAL,SYSTEM-111MET,SYSTEM-81LEU,SYSTEM-89VAL,SYSTEM-98VAL,SYSTEM-60MET
193	11	692.6		69.3		SYSTEM-53LEU,SYSTEM-30LYS,SYSTEM-55PRO,SYSTEM-58VAL,SYSTEM-54VAL,SYSTEM-33VAL,SYSTEM-111MET,SYSTEM-81LEU,SYSTEM-67ILE,SYSTEM-63LEU,SYSTEM-60MET
194	11	627.0		62.7		SYSTEM-53LEU,SYSTEM-30LYS,SYSTEM-55PRO,SYSTEM-58VAL,SYSTEM-54VAL,SYSTEM-63LEU,SYSTEM-67ILE,SYSTEM-35ILE,SYSTEM-81LEU,SYSTEM-89VAL,SYSTEM-60MET
195	11	615.1		61.5		SYSTEM-53LEU,SYSTEM-30LYS,SYSTEM-55PRO,SYSTEM-58VAL,SYSTEM-54VAL,SYSTEM-63LEU,SYSTEM-67ILE,SYSTEM-81LEU,SYSTEM-89VAL,SYSTEM-98VAL,SYSTEM-60MET
196	11	766.0		76.6		SYSTEM-53LEU,SYSTEM-30LYS,SYSTEM-55PRO,SYSTEM-58VAL,SYSTEM-63LEU,SYSTEM-54VAL,SYSTEM-33VAL,SYSTEM-111MET,SYSTEM-81LEU,SYSTEM-89VAL,SYSTEM-60MET
197	11	556.4		55.6		SYSTEM-53LEU,SYSTEM-30LYS,SYSTEM-55PRO,SYSTEM-58VAL,SYSTEM-63LEU,SYSTEM-67ILE,SYSTEM-52PHE,SYSTEM-35ILE,SYSTEM-81LEU,SYSTEM-89VAL,SYSTEM-60MET
198	11	629.9		63.0		SYSTEM-53LEU,SYSTEM-30LYS,SYSTEM-55PRO,SYSTEM-58VAL,SYSTEM-63LEU,SYSTEM-67ILE,SYSTEM-35ILE,SYSTEM-111MET,SYSTEM-81LEU,SYSTEM-89VAL,SYSTEM-60MET
199	11	545.1		54.5		SYSTEM-53LEU,SYSTEM-30LYS,SYSTEM-55PRO,SYSTEM-58VAL,SYSTEM-63LEU,SYSTEM-67ILE,SYSTEM-35ILE,SYSTEM-81LEU,SYSTEM-89VAL,SYSTEM-98VAL,SYSTEM-60MET
200	11	497.9		49.8		SYSTEM-53LEU,SYSTEM-30LYS,SYSTEM-55PRO,SYSTEM-58VAL,SYSTEM-63LEU,SYSTEM-67ILE,SYSTEM-81LEU,SYSTEM-89VAL,SYSTEM-98VAL,SYSTEM-95ILE,SYSTEM-60MET
201	11	567.7		56.8		SYSTEM-53LEU,SYSTEM-23ILE,SYSTEM-32PRO,SYSTEM-31ILE,SYSTEM-95ILE,SYSTEM-98VAL,SYSTEM-89VAL,SYSTEM-81LEU,SYSTEM-67ILE,SYSTEM-63LEU,SYSTEM-60MET
202	11	604.7		60.5		SYSTEM-53LEU,SYSTEM-23ILE,SYSTEM-32PRO,SYSTEM-31ILE,SYSTEM-95ILE,SYSTEM-63LEU,SYSTEM-67ILE,SYSTEM-35ILE,SYSTEM-81LEU,SYSTEM-89VAL,SYSTEM-60MET
203	11	592.8		59.3		SYSTEM-53LEU,SYSTEM-23ILE,SYSTEM-32PRO,SYSTEM-31ILE,SYSTEM-95ILE,SYSTEM-63LEU,SYSTEM-67ILE,SYSTEM-81LEU,SYSTEM-89VAL,SYSTEM-98VAL,SYSTEM-60MET
204	11	835.8		83.6		SYSTEM-53LEU,SYSTEM-23ILE,SYSTEM-32PRO,SYSTEM-31ILE,SYSTEM-95ILE,SYSTEM-54VAL,SYSTEM-33VAL,SYSTEM-111MET,SYSTEM-81LEU,SYSTEM-89VAL,SYSTEM-60MET
205	11	712.4		71.2		SYSTEM-53LEU,SYSTEM-23ILE,SYSTEM-32PRO,SYSTEM-31ILE,SYSTEM-95ILE,SYSTEM-54VAL,SYSTEM-63LEU,SYSTEM-67ILE,SYSTEM-81LEU,SYSTEM-89VAL,SYSTEM-60MET
206	11	745.1		74.5		SYSTEM-53LEU,SYSTEM-23ILE,SYSTEM-32PRO,SYSTEM-31ILE,SYSTEM-95ILE,SYSTEM-54VAL,SYSTEM-55PRO,SYSTEM-57HIS,SYSTEM-58VAL,SYSTEM-63LEU,SYSTEM-60MET
207	11	792.0		79.2		SYSTEM-53LEU,SYSTEM-23ILE,SYSTEM-32PRO,SYSTEM-31ILE,SYSTEM-99TYR,SYSTEM-109LEU,SYSTEM-111MET,SYSTEM-33VAL,SYSTEM-54VAL,SYSTEM-95ILE,SYSTEM-60MET
208	11	792.0		79.2		SYSTEM-53LEU,SYSTEM-23ILE,SYSTEM-32PRO,SYSTEM-31ILE,SYSTEM-99TYR,SYSTEM-109LEU,SYSTEM-111MET,SYSTEM-33VAL,SYSTEM-54VAL,SYSTEM-63LEU,SYSTEM-60MET
209	11	666.9		66.7		SYSTEM-53LEU,SYSTEM-23ILE,SYSTEM-32PRO,SYSTEM-31ILE,SYSTEM-99TYR,SYSTEM-109LEU,SYSTEM-111MET,SYSTEM-35ILE,SYSTEM-81LEU,SYSTEM-89VAL,SYSTEM-60MET
210	11	655.9		65.6		SYSTEM-53LEU,SYSTEM-23ILE,SYSTEM-32PRO,SYSTEM-31ILE,SYSTEM-99TYR,SYSTEM-109LEU,SYSTEM-111MET,SYSTEM-35ILE,SYSTEM-67ILE,SYSTEM-63LEU,SYSTEM-60MET
211	11	729.5		73.0		SYSTEM-53LEU,SYSTEM-23ILE,SYSTEM-32PRO,SYSTEM-31ILE,SYSTEM-99TYR,SYSTEM-109LEU,SYSTEM-111MET,SYSTEM-81LEU,SYSTEM-89VAL,SYSTEM-98VAL,SYSTEM-60MET
212	11	683.6		68.4		SYSTEM-53LEU,SYSTEM-23ILE,SYSTEM-32PRO,SYSTEM-31ILE,SYSTEM-99TYR,SYSTEM-109LEU,SYSTEM-111MET,SYSTEM-81LEU,SYSTEM-67ILE,SYSTEM-63LEU,SYSTEM-60MET
213	11	771.7		77.2		SYSTEM-53LEU,SYSTEM-23ILE,SYSTEM-32PRO,SYSTEM-31ILE,SYSTEM-99TYR,SYSTEM-109LEU,SYSTEM-33VAL,SYSTEM-54VAL,SYSTEM-95ILE,SYSTEM-98VAL,SYSTEM-60MET
214	11	745.2		74.5		SYSTEM-53LEU,SYSTEM-23ILE,SYSTEM-32PRO,SYSTEM-31ILE,SYSTEM-99TYR,SYSTEM-109LEU,SYSTEM-33VAL,SYSTEM-54VAL,SYSTEM-95ILE,SYSTEM-63LEU,SYSTEM-60MET
215	11	705.3		70.5		SYSTEM-53LEU,SYSTEM-23ILE,SYSTEM-32PRO,SYSTEM-31ILE,SYSTEM-99TYR,SYSTEM-109LEU,SYSTEM-33VAL,SYSTEM-54VAL,SYSTEM-58VAL,SYSTEM-63LEU,SYSTEM-60MET
216	11	743.4		74.3		SYSTEM-53LEU,SYSTEM-23ILE,SYSTEM-32PRO,SYSTEM-31ILE,SYSTEM-99TYR,SYSTEM-109LEU,SYSTEM-33VAL,SYSTEM-54VAL,SYSTEM-63LEU,SYSTEM-95ILE,SYSTEM-60MET
217	11	801.3		80.1		SYSTEM-53LEU,SYSTEM-23ILE,SYSTEM-32PRO,SYSTEM-31ILE,SYSTEM-99TYR,SYSTEM-109LEU,SYSTEM-33VAL,SYSTEM-111MET,SYSTEM-81LEU,SYSTEM-89VAL,SYSTEM-60MET
218	11	725.5		72.6		SYSTEM-53LEU,SYSTEM-23ILE,SYSTEM-32PRO,SYSTEM-99TYR,SYSTEM-109LEU,SYSTEM-111MET,SYSTEM-33VAL,SYSTEM-54VAL,SYSTEM-95ILE,SYSTEM-98VAL,SYSTEM-60MET
219	11	699.0		69.9		SYSTEM-53LEU,SYSTEM-23ILE,SYSTEM-32PRO,SYSTEM-99TYR,SYSTEM-109LEU,SYSTEM-111MET,SYSTEM-33VAL,SYSTEM-54VAL,SYSTEM-95ILE,SYSTEM-63LEU,SYSTEM-60MET
220	11	659.1		65.9		SYSTEM-53LEU,SYSTEM-23ILE,SYSTEM-32PRO,SYSTEM-99TYR,SYSTEM-109LEU,SYSTEM-111MET,SYSTEM-33VAL,SYSTEM-54VAL,SYSTEM-58VAL,SYSTEM-63LEU,SYSTEM-60MET
221	11	697.2		69.7		SYSTEM-53LEU,SYSTEM-23ILE,SYSTEM-32PRO,SYSTEM-99TYR,SYSTEM-109LEU,SYSTEM-111MET,SYSTEM-33VAL,SYSTEM-54VAL,SYSTEM-63LEU,SYSTEM-95ILE,SYSTEM-60MET
222	11	582.6		58.3		SYSTEM-53LEU,SYSTEM-23ILE,SYSTEM-32PRO,SYSTEM-99TYR,SYSTEM-109LEU,SYSTEM-111MET,SYSTEM-35ILE,SYSTEM-52PHE,SYSTEM-67ILE,SYSTEM-63LEU,SYSTEM-60MET
223	11	582.3		58.2		SYSTEM-53LEU,SYSTEM-23ILE,SYSTEM-32PRO,SYSTEM-99TYR,SYSTEM-109LEU,SYSTEM-111MET,SYSTEM-35ILE,SYSTEM-81LEU,SYSTEM-89VAL,SYSTEM-98VAL,SYSTEM-60MET
224	11	536.4		53.6		SYSTEM-53LEU,SYSTEM-23ILE,SYSTEM-32PRO,SYSTEM-99TYR,SYSTEM-109LEU,SYSTEM-111MET,SYSTEM-35ILE,SYSTEM-81LEU,SYSTEM-67ILE,SYSTEM-63LEU,SYSTEM-60MET
225	11	561.1		56.1		SYSTEM-53LEU,SYSTEM-23ILE,SYSTEM-32PRO,SYSTEM-99TYR,SYSTEM-109LEU,SYSTEM-111MET,SYSTEM-35ILE,SYSTEM-67ILE,SYSTEM-63LEU,SYSTEM-95ILE,SYSTEM-60MET
226	11	623.0		62.3		SYSTEM-53LEU,SYSTEM-23ILE,SYSTEM-32PRO,SYSTEM-99TYR,SYSTEM-109LEU,SYSTEM-111MET,SYSTEM-35ILE,SYSTEM-67ILE,SYSTEM-81LEU,SYSTEM-89VAL,SYSTEM-60MET
227	11	609.6		61.0		SYSTEM-53LEU,SYSTEM-23ILE,SYSTEM-32PRO,SYSTEM-99TYR,SYSTEM-109LEU,SYSTEM-111MET,SYSTEM-81LEU,SYSTEM-89VAL,SYSTEM-98VAL,SYSTEM-95ILE,SYSTEM-60MET
228	11	610.9		61.1		SYSTEM-53LEU,SYSTEM-23ILE,SYSTEM-32PRO,SYSTEM-99TYR,SYSTEM-109LEU,SYSTEM-111MET,SYSTEM-81LEU,SYSTEM-35ILE,SYSTEM-67ILE,SYSTEM-63LEU,SYSTEM-60MET
229	11	588.8		58.9		SYSTEM-53LEU,SYSTEM-23ILE,SYSTEM-32PRO,SYSTEM-99TYR,SYSTEM-109LEU,SYSTEM-111MET,SYSTEM-81LEU,SYSTEM-67ILE,SYSTEM-63LEU,SYSTEM-95ILE,SYSTEM-60MET
230	11	704.3		70.4		SYSTEM-53LEU,SYSTEM-23ILE,SYSTEM-32PRO,SYSTEM-99TYR,SYSTEM-109LEU,SYSTEM-33VAL,SYSTEM-54VAL,SYSTEM-95ILE,SYSTEM-98VAL,SYSTEM-89VAL,SYSTEM-60MET
231	11	610.5		61.0		SYSTEM-53LEU,SYSTEM-23ILE,SYSTEM-32PRO,SYSTEM-99TYR,SYSTEM-109LEU,SYSTEM-33VAL,SYSTEM-54VAL,SYSTEM-58VAL,SYSTEM-63LEU,SYSTEM-95ILE,SYSTEM-60MET
232	11	676.9		67.7		SYSTEM-53LEU,SYSTEM-23ILE,SYSTEM-32PRO,SYSTEM-99TYR,SYSTEM-109LEU,SYSTEM-33VAL,SYSTEM-54VAL,SYSTEM-63LEU,SYSTEM-95ILE,SYSTEM-98VAL,SYSTEM-60MET
233	11	718.5		71.8		SYSTEM-53LEU,SYSTEM-23ILE,SYSTEM-32PRO,SYSTEM-99TYR,SYSTEM-109LEU,SYSTEM-33VAL,SYSTEM-54VAL,SYSTEM-55PRO,SYSTEM-58VAL,SYSTEM-63LEU,SYSTEM-60MET
234	11	654.1		65.4		SYSTEM-53LEU,SYSTEM-23ILE,SYSTEM-32PRO,SYSTEM-99TYR,SYSTEM-109LEU,SYSTEM-33VAL,SYSTEM-111MET,SYSTEM-35ILE,SYSTEM-81LEU,SYSTEM-89VAL,SYSTEM-60MET
235	11	643.1		64.3		SYSTEM-53LEU,SYSTEM-23ILE,SYSTEM-32PRO,SYSTEM-99TYR,SYSTEM-109LEU,SYSTEM-33VAL,SYSTEM-111MET,SYSTEM-35ILE,SYSTEM-67ILE,SYSTEM-63LEU,SYSTEM-60MET
236	11	716.7		71.7		SYSTEM-53LEU,SYSTEM-23ILE,SYSTEM-32PRO,SYSTEM-99TYR,SYSTEM-109LEU,SYSTEM-33VAL,SYSTEM-111MET,SYSTEM-81LEU,SYSTEM-89VAL,SYSTEM-98VAL,SYSTEM-60MET
237	11	670.8		67.1		SYSTEM-53LEU,SYSTEM-23ILE,SYSTEM-32PRO,SYSTEM-99TYR,SYSTEM-109LEU,SYSTEM-33VAL,SYSTEM-111MET,SYSTEM-81LEU,SYSTEM-67ILE,SYSTEM-63LEU,SYSTEM-60MET
238	11	640.6		64.1		SYSTEM-53LEU,SYSTEM-23ILE,SYSTEM-32PRO,SYSTEM-99TYR,SYSTEM-31ILE,SYSTEM-95ILE,SYSTEM-63LEU,SYSTEM-67ILE,SYSTEM-81LEU,SYSTEM-89VAL,SYSTEM-60MET
239	11	780.0		78.0		SYSTEM-53LEU,SYSTEM-23ILE,SYSTEM-32PRO,SYSTEM-99TYR,SYSTEM-31ILE,SYSTEM-95ILE,SYSTEM-54VAL,SYSTEM-55PRO,SYSTEM-58VAL,SYSTEM-63LEU,SYSTEM-60MET
