Graph loaded! 120 nodes, 118 edges
Node list:
	SYSTEM-1MET
	SYSTEM-2PRO
	SYSTEM-3SER
	SYSTEM-4GLU
	SYSTEM-5LYS
	SYSTEM-6THR
	SYSTEM-7PHE
	SYSTEM-8LYS
	SYSTEM-9GLN
	SYSTEM-10ARG
	SYSTEM-11ARG
	SYSTEM-12THR
	SYSTEM-13PHE
	SYSTEM-14GLU
	SYSTEM-15GLN
	SYSTEM-16ARG
	SYSTEM-17VAL
	SYSTEM-18GLU
	SYSTEM-19ASP
	SYSTEM-20VAL
	SYSTEM-21ARG
	SYSTEM-22LEU
	SYSTEM-23ILE
	SYSTEM-24ARG
	SYSTEM-25GLU
	SYSTEM-26GLN
	SYSTEM-27HIS
	SYSTEM-28PRO
	SYSTEM-29THR
	SYSTEM-30LYS
	SYSTEM-31ILE
	SYSTEM-32PRO
	SYSTEM-33VAL
	SYSTEM-34ILE
	SYSTEM-35ILE
	SYSTEM-36GLU
	SYSTEM-37ARG
	SYSTEM-38TYR
	SYSTEM-39LYS
	SYSTEM-40GLY
	SYSTEM-41GLU
	SYSTEM-42LYS
	SYSTEM-43GLN
	SYSTEM-44LEU
	SYSTEM-45PRO
	SYSTEM-46VAL
	SYSTEM-47LEU
	SYSTEM-48ASP
	SYSTEM-49LYS
	SYSTEM-50THR
	SYSTEM-51LYS
	SYSTEM-52PHE
	SYSTEM-53LEU
	SYSTEM-54VAL
	SYSTEM-55PRO
	SYSTEM-56ASP
	SYSTEM-57HIS
	SYSTEM-58VAL
	SYSTEM-59ASN
	SYSTEM-60MET
	SYSTEM-61SER
	SYSTEM-62GLU
	SYSTEM-63LEU
	SYSTEM-64ILE
	SYSTEM-65LYS
	SYSTEM-66ILE
	SYSTEM-67ILE
	SYSTEM-68ARG
	SYSTEM-69ARG
	SYSTEM-70ARG
	SYSTEM-71LEU
	SYSTEM-72GLN
	SYSTEM-73LEU
	SYSTEM-74ASN
	SYSTEM-75ALA
	SYSTEM-76ASN
	SYSTEM-77GLN
	SYSTEM-78ALA
	SYSTEM-79PHE
	SYSTEM-80PHE
	SYSTEM-81LEU
	SYSTEM-82LEU
	SYSTEM-83VAL
	SYSTEM-84ASN
	SYSTEM-85GLY
	SYSTEM-86HIS
	SYSTEM-87SER
	SYSTEM-88MET
	SYSTEM-89VAL
	SYSTEM-90SER
	SYSTEM-91VAL
	SYSTEM-92SER
	SYSTEM-93THR
	SYSTEM-94PRO
	SYSTEM-95ILE
	SYSTEM-96SER
	SYSTEM-97GLU
	SYSTEM-98VAL
	SYSTEM-99TYR
	SYSTEM-100GLU
	SYSTEM-101SER
	SYSTEM-102GLU
	SYSTEM-103LYS
	SYSTEM-104ASP
	SYSTEM-105GLU
	SYSTEM-106ASP
	SYSTEM-107GLY
	SYSTEM-108PHE
	SYSTEM-109LEU
	SYSTEM-110TYR
	SYSTEM-111MET
	SYSTEM-112VAL
	SYSTEM-113TYR
	SYSTEM-114ALA
	SYSTEM-115SER
	SYSTEM-116GLN
	SYSTEM-117GLU
	SYSTEM-118THR
	SYSTEM-119PHE
	SYSTEM-120GLY
Path #	Length	Sum of weights	Average weight	Path
1	4	216.5		72.2		SYSTEM-70ARG,SYSTEM-66ILE,SYSTEM-69ARG,SYSTEM-65LYS
2	4	243.9		81.3		SYSTEM-70ARG,SYSTEM-66ILE,SYSTEM-62GLU,SYSTEM-65LYS
3	6	381.9		76.4		SYSTEM-70ARG,SYSTEM-67ILE,SYSTEM-63LEU,SYSTEM-59ASN,SYSTEM-61SER,SYSTEM-65LYS
4	6	432.8		86.6		SYSTEM-70ARG,SYSTEM-67ILE,SYSTEM-63LEU,SYSTEM-59ASN,SYSTEM-62GLU,SYSTEM-65LYS
5	6	356.0		71.2		SYSTEM-70ARG,SYSTEM-67ILE,SYSTEM-63LEU,SYSTEM-66ILE,SYSTEM-69ARG,SYSTEM-65LYS
6	6	383.4		76.7		SYSTEM-70ARG,SYSTEM-67ILE,SYSTEM-63LEU,SYSTEM-66ILE,SYSTEM-62GLU,SYSTEM-65LYS
7	6	299.8		60.0		SYSTEM-70ARG,SYSTEM-66ILE,SYSTEM-63LEU,SYSTEM-59ASN,SYSTEM-61SER,SYSTEM-65LYS
8	6	350.7		70.1		SYSTEM-70ARG,SYSTEM-66ILE,SYSTEM-63LEU,SYSTEM-59ASN,SYSTEM-62GLU,SYSTEM-65LYS
9	6	368.8		73.8		SYSTEM-70ARG,SYSTEM-66ILE,SYSTEM-62GLU,SYSTEM-59ASN,SYSTEM-61SER,SYSTEM-65LYS
10	7	427.4		71.2		SYSTEM-70ARG,SYSTEM-67ILE,SYSTEM-71LEU,SYSTEM-68ARG,SYSTEM-64ILE,SYSTEM-61SER,SYSTEM-65LYS
11	7	419.1		69.9		SYSTEM-70ARG,SYSTEM-67ILE,SYSTEM-63LEU,SYSTEM-60MET,SYSTEM-64ILE,SYSTEM-61SER,SYSTEM-65LYS
12	7	337.0		56.2		SYSTEM-70ARG,SYSTEM-66ILE,SYSTEM-63LEU,SYSTEM-60MET,SYSTEM-64ILE,SYSTEM-61SER,SYSTEM-65LYS
13	8	602.2		86.0		SYSTEM-70ARG,SYSTEM-67ILE,SYSTEM-63LEU,SYSTEM-59ASN,SYSTEM-62GLU,SYSTEM-66ILE,SYSTEM-69ARG,SYSTEM-65LYS
14	8	508.3		72.6		SYSTEM-70ARG,SYSTEM-67ILE,SYSTEM-63LEU,SYSTEM-66ILE,SYSTEM-62GLU,SYSTEM-59ASN,SYSTEM-61SER,SYSTEM-65LYS
15	8	471.2		67.3		SYSTEM-70ARG,SYSTEM-67ILE,SYSTEM-63LEU,SYSTEM-60MET,SYSTEM-93THR,SYSTEM-59ASN,SYSTEM-61SER,SYSTEM-65LYS
16	8	522.1		74.6		SYSTEM-70ARG,SYSTEM-67ILE,SYSTEM-63LEU,SYSTEM-60MET,SYSTEM-93THR,SYSTEM-59ASN,SYSTEM-62GLU,SYSTEM-65LYS
17	8	389.1		55.6		SYSTEM-70ARG,SYSTEM-66ILE,SYSTEM-63LEU,SYSTEM-60MET,SYSTEM-93THR,SYSTEM-59ASN,SYSTEM-61SER,SYSTEM-65LYS
18	8	440.0		62.9		SYSTEM-70ARG,SYSTEM-66ILE,SYSTEM-63LEU,SYSTEM-60MET,SYSTEM-93THR,SYSTEM-59ASN,SYSTEM-62GLU,SYSTEM-65LYS
19	9	576.7		72.1		SYSTEM-70ARG,SYSTEM-67ILE,SYSTEM-71LEU,SYSTEM-68ARG,SYSTEM-64ILE,SYSTEM-61SER,SYSTEM-59ASN,SYSTEM-62GLU,SYSTEM-65LYS
20	9	596.0		74.5		SYSTEM-70ARG,SYSTEM-67ILE,SYSTEM-63LEU,SYSTEM-59ASN,SYSTEM-93THR,SYSTEM-60MET,SYSTEM-64ILE,SYSTEM-61SER,SYSTEM-65LYS
21	9	568.4		71.0		SYSTEM-70ARG,SYSTEM-67ILE,SYSTEM-63LEU,SYSTEM-60MET,SYSTEM-64ILE,SYSTEM-61SER,SYSTEM-59ASN,SYSTEM-62GLU,SYSTEM-65LYS
22	9	513.9		64.2		SYSTEM-70ARG,SYSTEM-66ILE,SYSTEM-63LEU,SYSTEM-59ASN,SYSTEM-93THR,SYSTEM-60MET,SYSTEM-64ILE,SYSTEM-61SER,SYSTEM-65LYS
23	9	486.3		60.8		SYSTEM-70ARG,SYSTEM-66ILE,SYSTEM-63LEU,SYSTEM-60MET,SYSTEM-64ILE,SYSTEM-61SER,SYSTEM-59ASN,SYSTEM-62GLU,SYSTEM-65LYS
24	9	545.3		68.2		SYSTEM-70ARG,SYSTEM-66ILE,SYSTEM-63LEU,SYSTEM-67ILE,SYSTEM-71LEU,SYSTEM-68ARG,SYSTEM-64ILE,SYSTEM-61SER,SYSTEM-65LYS
25	9	582.9		72.9		SYSTEM-70ARG,SYSTEM-66ILE,SYSTEM-62GLU,SYSTEM-59ASN,SYSTEM-93THR,SYSTEM-60MET,SYSTEM-64ILE,SYSTEM-61SER,SYSTEM-65LYS
26	9	583.2		72.9		SYSTEM-70ARG,SYSTEM-66ILE,SYSTEM-62GLU,SYSTEM-59ASN,SYSTEM-63LEU,SYSTEM-60MET,SYSTEM-64ILE,SYSTEM-61SER,SYSTEM-65LYS
27	10	657.6		73.1		SYSTEM-70ARG,SYSTEM-67ILE,SYSTEM-71LEU,SYSTEM-68ARG,SYSTEM-64ILE,SYSTEM-60MET,SYSTEM-63LEU,SYSTEM-59ASN,SYSTEM-61SER,SYSTEM-65LYS
28	10	708.5		78.7		SYSTEM-70ARG,SYSTEM-67ILE,SYSTEM-71LEU,SYSTEM-68ARG,SYSTEM-64ILE,SYSTEM-60MET,SYSTEM-63LEU,SYSTEM-59ASN,SYSTEM-62GLU,SYSTEM-65LYS
29	10	631.7		70.2		SYSTEM-70ARG,SYSTEM-67ILE,SYSTEM-71LEU,SYSTEM-68ARG,SYSTEM-64ILE,SYSTEM-60MET,SYSTEM-63LEU,SYSTEM-66ILE,SYSTEM-69ARG,SYSTEM-65LYS
30	10	659.1		73.2		SYSTEM-70ARG,SYSTEM-67ILE,SYSTEM-71LEU,SYSTEM-68ARG,SYSTEM-64ILE,SYSTEM-60MET,SYSTEM-63LEU,SYSTEM-66ILE,SYSTEM-62GLU,SYSTEM-65LYS
31	10	657.3		73.0		SYSTEM-70ARG,SYSTEM-67ILE,SYSTEM-71LEU,SYSTEM-68ARG,SYSTEM-64ILE,SYSTEM-60MET,SYSTEM-93THR,SYSTEM-59ASN,SYSTEM-61SER,SYSTEM-65LYS
32	10	708.2		78.7		SYSTEM-70ARG,SYSTEM-67ILE,SYSTEM-71LEU,SYSTEM-68ARG,SYSTEM-64ILE,SYSTEM-60MET,SYSTEM-93THR,SYSTEM-59ASN,SYSTEM-62GLU,SYSTEM-65LYS
33	10	691.5		76.8		SYSTEM-70ARG,SYSTEM-67ILE,SYSTEM-63LEU,SYSTEM-60MET,SYSTEM-93THR,SYSTEM-59ASN,SYSTEM-62GLU,SYSTEM-66ILE,SYSTEM-69ARG,SYSTEM-65LYS
34	11	677.1		67.7		SYSTEM-70ARG,SYSTEM-67ILE,SYSTEM-71LEU,SYSTEM-68ARG,SYSTEM-64ILE,SYSTEM-61SER,SYSTEM-59ASN,SYSTEM-63LEU,SYSTEM-66ILE,SYSTEM-69ARG,SYSTEM-65LYS
35	11	704.5		70.4		SYSTEM-70ARG,SYSTEM-67ILE,SYSTEM-71LEU,SYSTEM-68ARG,SYSTEM-64ILE,SYSTEM-61SER,SYSTEM-59ASN,SYSTEM-63LEU,SYSTEM-66ILE,SYSTEM-62GLU,SYSTEM-65LYS
36	11	746.1		74.6		SYSTEM-70ARG,SYSTEM-67ILE,SYSTEM-71LEU,SYSTEM-68ARG,SYSTEM-64ILE,SYSTEM-61SER,SYSTEM-59ASN,SYSTEM-62GLU,SYSTEM-66ILE,SYSTEM-69ARG,SYSTEM-65LYS
37	11	722.4		72.2		SYSTEM-70ARG,SYSTEM-67ILE,SYSTEM-63LEU,SYSTEM-66ILE,SYSTEM-62GLU,SYSTEM-59ASN,SYSTEM-93THR,SYSTEM-60MET,SYSTEM-64ILE,SYSTEM-61SER,SYSTEM-65LYS
38	11	737.8		73.8		SYSTEM-70ARG,SYSTEM-67ILE,SYSTEM-63LEU,SYSTEM-60MET,SYSTEM-64ILE,SYSTEM-61SER,SYSTEM-59ASN,SYSTEM-62GLU,SYSTEM-66ILE,SYSTEM-69ARG,SYSTEM-65LYS
39	11	694.6		69.5		SYSTEM-70ARG,SYSTEM-66ILE,SYSTEM-63LEU,SYSTEM-67ILE,SYSTEM-71LEU,SYSTEM-68ARG,SYSTEM-64ILE,SYSTEM-61SER,SYSTEM-59ASN,SYSTEM-62GLU,SYSTEM-65LYS
40	11	791.5		79.1		SYSTEM-70ARG,SYSTEM-66ILE,SYSTEM-62GLU,SYSTEM-59ASN,SYSTEM-63LEU,SYSTEM-67ILE,SYSTEM-71LEU,SYSTEM-68ARG,SYSTEM-64ILE,SYSTEM-61SER,SYSTEM-65LYS
