Graph loaded! 120 nodes, 144 edges
Node list:
	SYSTEM-1MET
	SYSTEM-2PRO
	SYSTEM-3SER
	SYSTEM-4GLU
	SYSTEM-5LYS
	SYSTEM-6THR
	SYSTEM-7PHE
	SYSTEM-8LYS
	SYSTEM-9GLN
	SYSTEM-10ARG
	SYSTEM-11ARG
	SYSTEM-12THR
	SYSTEM-13PHE
	SYSTEM-14GLU
	SYSTEM-15GLN
	SYSTEM-16ARG
	SYSTEM-17VAL
	SYSTEM-18GLU
	SYSTEM-19ASP
	SYSTEM-20VAL
	SYSTEM-21ARG
	SYSTEM-22LEU
	SYSTEM-23ILE
	SYSTEM-24ARG
	SYSTEM-25GLU
	SYSTEM-26GLN
	SYSTEM-27HIS
	SYSTEM-28PRO
	SYSTEM-29THR
	SYSTEM-30LYS
	SYSTEM-31ILE
	SYSTEM-32PRO
	SYSTEM-33VAL
	SYSTEM-34ILE
	SYSTEM-35ILE
	SYSTEM-36GLU
	SYSTEM-37ARG
	SYSTEM-38TYR
	SYSTEM-39LYS
	SYSTEM-40GLY
	SYSTEM-41GLU
	SYSTEM-42LYS
	SYSTEM-43GLN
	SYSTEM-44LEU
	SYSTEM-45PRO
	SYSTEM-46VAL
	SYSTEM-47LEU
	SYSTEM-48ASP
	SYSTEM-49LYS
	SYSTEM-50THR
	SYSTEM-51LYS
	SYSTEM-52PHE
	SYSTEM-53LEU
	SYSTEM-54VAL
	SYSTEM-55PRO
	SYSTEM-56ASP
	SYSTEM-57HIS
	SYSTEM-58VAL
	SYSTEM-59ASN
	SYSTEM-60MET
	SYSTEM-61SER
	SYSTEM-62GLU
	SYSTEM-63LEU
	SYSTEM-64ILE
	SYSTEM-65LYS
	SYSTEM-66ILE
	SYSTEM-67ILE
	SYSTEM-68ARG
	SYSTEM-69ARG
	SYSTEM-70ARG
	SYSTEM-71LEU
	SYSTEM-72GLN
	SYSTEM-73LEU
	SYSTEM-74ASN
	SYSTEM-75ALA
	SYSTEM-76ASN
	SYSTEM-77GLN
	SYSTEM-78ALA
	SYSTEM-79PHE
	SYSTEM-80PHE
	SYSTEM-81LEU
	SYSTEM-82LEU
	SYSTEM-83VAL
	SYSTEM-84ASN
	SYSTEM-85GLY
	SYSTEM-86HIS
	SYSTEM-87SER
	SYSTEM-88MET
	SYSTEM-89VAL
	SYSTEM-90SER
	SYSTEM-91VAL
	SYSTEM-92SER
	SYSTEM-93THR
	SYSTEM-94PRO
	SYSTEM-95ILE
	SYSTEM-96SER
	SYSTEM-97GLU
	SYSTEM-98VAL
	SYSTEM-99TYR
	SYSTEM-100GLU
	SYSTEM-101SER
	SYSTEM-102GLU
	SYSTEM-103LYS
	SYSTEM-104ASP
	SYSTEM-105GLU
	SYSTEM-106ASP
	SYSTEM-107GLY
	SYSTEM-108PHE
	SYSTEM-109LEU
	SYSTEM-110TYR
	SYSTEM-111MET
	SYSTEM-112VAL
	SYSTEM-113TYR
	SYSTEM-114ALA
	SYSTEM-115SER
	SYSTEM-116GLN
	SYSTEM-117GLU
	SYSTEM-118THR
	SYSTEM-119PHE
	SYSTEM-120GLY
Path #	Length	Sum of weights	Average weight	Path
1	5	275.2		68.8		SYSTEM-57HIS,SYSTEM-55PRO,SYSTEM-30LYS,SYSTEM-29THR,SYSTEM-56ASP
2	6	387.3		77.5		SYSTEM-57HIS,SYSTEM-58VAL,SYSTEM-55PRO,SYSTEM-30LYS,SYSTEM-29THR,SYSTEM-56ASP
3	7	455.5		75.9		SYSTEM-57HIS,SYSTEM-58VAL,SYSTEM-54VAL,SYSTEM-55PRO,SYSTEM-30LYS,SYSTEM-29THR,SYSTEM-56ASP
4	8	516.8		73.8		SYSTEM-57HIS,SYSTEM-58VAL,SYSTEM-63LEU,SYSTEM-54VAL,SYSTEM-55PRO,SYSTEM-30LYS,SYSTEM-29THR,SYSTEM-56ASP
5	9	542.2		67.8		SYSTEM-57HIS,SYSTEM-58VAL,SYSTEM-63LEU,SYSTEM-95ILE,SYSTEM-54VAL,SYSTEM-55PRO,SYSTEM-30LYS,SYSTEM-29THR,SYSTEM-56ASP
6	9	534.8		66.8		SYSTEM-57HIS,SYSTEM-58VAL,SYSTEM-63LEU,SYSTEM-60MET,SYSTEM-89VAL,SYSTEM-93THR,SYSTEM-94PRO,SYSTEM-96SER,SYSTEM-56ASP
7	10	566.8		63.0		SYSTEM-57HIS,SYSTEM-58VAL,SYSTEM-54VAL,SYSTEM-95ILE,SYSTEM-98VAL,SYSTEM-89VAL,SYSTEM-93THR,SYSTEM-94PRO,SYSTEM-96SER,SYSTEM-56ASP
8	10	650.5		72.3		SYSTEM-57HIS,SYSTEM-58VAL,SYSTEM-54VAL,SYSTEM-95ILE,SYSTEM-60MET,SYSTEM-89VAL,SYSTEM-93THR,SYSTEM-94PRO,SYSTEM-96SER,SYSTEM-56ASP
9	10	650.5		72.3		SYSTEM-57HIS,SYSTEM-58VAL,SYSTEM-54VAL,SYSTEM-63LEU,SYSTEM-60MET,SYSTEM-89VAL,SYSTEM-93THR,SYSTEM-94PRO,SYSTEM-96SER,SYSTEM-56ASP
10	10	474.7		52.7		SYSTEM-57HIS,SYSTEM-58VAL,SYSTEM-63LEU,SYSTEM-95ILE,SYSTEM-98VAL,SYSTEM-89VAL,SYSTEM-93THR,SYSTEM-94PRO,SYSTEM-96SER,SYSTEM-56ASP
11	10	558.4		62.0		SYSTEM-57HIS,SYSTEM-58VAL,SYSTEM-63LEU,SYSTEM-95ILE,SYSTEM-60MET,SYSTEM-89VAL,SYSTEM-93THR,SYSTEM-94PRO,SYSTEM-96SER,SYSTEM-56ASP
12	10	634.6		70.5		SYSTEM-57HIS,SYSTEM-58VAL,SYSTEM-63LEU,SYSTEM-60MET,SYSTEM-95ILE,SYSTEM-54VAL,SYSTEM-55PRO,SYSTEM-30LYS,SYSTEM-29THR,SYSTEM-56ASP
13	10	568.6		63.2		SYSTEM-57HIS,SYSTEM-58VAL,SYSTEM-63LEU,SYSTEM-60MET,SYSTEM-98VAL,SYSTEM-89VAL,SYSTEM-93THR,SYSTEM-94PRO,SYSTEM-96SER,SYSTEM-56ASP
14	10	597.9		66.4		SYSTEM-57HIS,SYSTEM-58VAL,SYSTEM-63LEU,SYSTEM-60MET,SYSTEM-89VAL,SYSTEM-93THR,SYSTEM-94PRO,SYSTEM-97GLU,SYSTEM-96SER,SYSTEM-56ASP
15	10	479.3		53.3		SYSTEM-57HIS,SYSTEM-58VAL,SYSTEM-63LEU,SYSTEM-67ILE,SYSTEM-81LEU,SYSTEM-89VAL,SYSTEM-93THR,SYSTEM-94PRO,SYSTEM-96SER,SYSTEM-56ASP
16	10	586.3		65.1		SYSTEM-57HIS,SYSTEM-55PRO,SYSTEM-54VAL,SYSTEM-95ILE,SYSTEM-98VAL,SYSTEM-89VAL,SYSTEM-93THR,SYSTEM-94PRO,SYSTEM-96SER,SYSTEM-56ASP
17	10	670.0		74.4		SYSTEM-57HIS,SYSTEM-55PRO,SYSTEM-54VAL,SYSTEM-95ILE,SYSTEM-60MET,SYSTEM-89VAL,SYSTEM-93THR,SYSTEM-94PRO,SYSTEM-96SER,SYSTEM-56ASP
18	10	670.0		74.4		SYSTEM-57HIS,SYSTEM-55PRO,SYSTEM-54VAL,SYSTEM-63LEU,SYSTEM-60MET,SYSTEM-89VAL,SYSTEM-93THR,SYSTEM-94PRO,SYSTEM-96SER,SYSTEM-56ASP
19	10	587.3		65.3		SYSTEM-57HIS,SYSTEM-55PRO,SYSTEM-58VAL,SYSTEM-63LEU,SYSTEM-60MET,SYSTEM-89VAL,SYSTEM-93THR,SYSTEM-94PRO,SYSTEM-96SER,SYSTEM-56ASP
20	11	771.2		77.1		SYSTEM-57HIS,SYSTEM-58VAL,SYSTEM-54VAL,SYSTEM-95ILE,SYSTEM-31ILE,SYSTEM-32PRO,SYSTEM-23ILE,SYSTEM-53LEU,SYSTEM-30LYS,SYSTEM-29THR,SYSTEM-56ASP
21	11	702.4		70.2		SYSTEM-57HIS,SYSTEM-58VAL,SYSTEM-54VAL,SYSTEM-95ILE,SYSTEM-98VAL,SYSTEM-60MET,SYSTEM-89VAL,SYSTEM-93THR,SYSTEM-94PRO,SYSTEM-96SER,SYSTEM-56ASP
22	11	629.9		63.0		SYSTEM-57HIS,SYSTEM-58VAL,SYSTEM-54VAL,SYSTEM-95ILE,SYSTEM-98VAL,SYSTEM-89VAL,SYSTEM-93THR,SYSTEM-94PRO,SYSTEM-97GLU,SYSTEM-96SER,SYSTEM-56ASP
23	11	684.3		68.4		SYSTEM-57HIS,SYSTEM-58VAL,SYSTEM-54VAL,SYSTEM-95ILE,SYSTEM-60MET,SYSTEM-98VAL,SYSTEM-89VAL,SYSTEM-93THR,SYSTEM-94PRO,SYSTEM-96SER,SYSTEM-56ASP
24	11	713.6		71.4		SYSTEM-57HIS,SYSTEM-58VAL,SYSTEM-54VAL,SYSTEM-95ILE,SYSTEM-60MET,SYSTEM-89VAL,SYSTEM-93THR,SYSTEM-94PRO,SYSTEM-97GLU,SYSTEM-96SER,SYSTEM-56ASP
25	11	675.9		67.6		SYSTEM-57HIS,SYSTEM-58VAL,SYSTEM-54VAL,SYSTEM-95ILE,SYSTEM-63LEU,SYSTEM-60MET,SYSTEM-89VAL,SYSTEM-93THR,SYSTEM-94PRO,SYSTEM-96SER,SYSTEM-56ASP
26	11	718.4		71.8		SYSTEM-57HIS,SYSTEM-58VAL,SYSTEM-54VAL,SYSTEM-33VAL,SYSTEM-111MET,SYSTEM-81LEU,SYSTEM-89VAL,SYSTEM-93THR,SYSTEM-94PRO,SYSTEM-96SER,SYSTEM-56ASP
27	11	590.4		59.0		SYSTEM-57HIS,SYSTEM-58VAL,SYSTEM-54VAL,SYSTEM-63LEU,SYSTEM-95ILE,SYSTEM-98VAL,SYSTEM-89VAL,SYSTEM-93THR,SYSTEM-94PRO,SYSTEM-96SER,SYSTEM-56ASP
28	11	674.1		67.4		SYSTEM-57HIS,SYSTEM-58VAL,SYSTEM-54VAL,SYSTEM-63LEU,SYSTEM-95ILE,SYSTEM-60MET,SYSTEM-89VAL,SYSTEM-93THR,SYSTEM-94PRO,SYSTEM-96SER,SYSTEM-56ASP
29	11	684.3		68.4		SYSTEM-57HIS,SYSTEM-58VAL,SYSTEM-54VAL,SYSTEM-63LEU,SYSTEM-60MET,SYSTEM-98VAL,SYSTEM-89VAL,SYSTEM-93THR,SYSTEM-94PRO,SYSTEM-96SER,SYSTEM-56ASP
30	11	713.6		71.4		SYSTEM-57HIS,SYSTEM-58VAL,SYSTEM-54VAL,SYSTEM-63LEU,SYSTEM-60MET,SYSTEM-89VAL,SYSTEM-93THR,SYSTEM-94PRO,SYSTEM-97GLU,SYSTEM-96SER,SYSTEM-56ASP
31	11	595.0		59.5		SYSTEM-57HIS,SYSTEM-58VAL,SYSTEM-54VAL,SYSTEM-63LEU,SYSTEM-67ILE,SYSTEM-81LEU,SYSTEM-89VAL,SYSTEM-93THR,SYSTEM-94PRO,SYSTEM-96SER,SYSTEM-56ASP
32	11	679.1		67.9		SYSTEM-57HIS,SYSTEM-58VAL,SYSTEM-63LEU,SYSTEM-95ILE,SYSTEM-31ILE,SYSTEM-32PRO,SYSTEM-23ILE,SYSTEM-53LEU,SYSTEM-30LYS,SYSTEM-29THR,SYSTEM-56ASP
33	11	610.3		61.0		SYSTEM-57HIS,SYSTEM-58VAL,SYSTEM-63LEU,SYSTEM-95ILE,SYSTEM-98VAL,SYSTEM-60MET,SYSTEM-89VAL,SYSTEM-93THR,SYSTEM-94PRO,SYSTEM-96SER,SYSTEM-56ASP
34	11	537.8		53.8		SYSTEM-57HIS,SYSTEM-58VAL,SYSTEM-63LEU,SYSTEM-95ILE,SYSTEM-98VAL,SYSTEM-89VAL,SYSTEM-93THR,SYSTEM-94PRO,SYSTEM-97GLU,SYSTEM-96SER,SYSTEM-56ASP
35	11	592.2		59.2		SYSTEM-57HIS,SYSTEM-58VAL,SYSTEM-63LEU,SYSTEM-95ILE,SYSTEM-60MET,SYSTEM-98VAL,SYSTEM-89VAL,SYSTEM-93THR,SYSTEM-94PRO,SYSTEM-96SER,SYSTEM-56ASP
36	11	621.5		62.1		SYSTEM-57HIS,SYSTEM-58VAL,SYSTEM-63LEU,SYSTEM-95ILE,SYSTEM-60MET,SYSTEM-89VAL,SYSTEM-93THR,SYSTEM-94PRO,SYSTEM-97GLU,SYSTEM-96SER,SYSTEM-56ASP
37	11	567.1		56.7		SYSTEM-57HIS,SYSTEM-58VAL,SYSTEM-63LEU,SYSTEM-60MET,SYSTEM-95ILE,SYSTEM-98VAL,SYSTEM-89VAL,SYSTEM-93THR,SYSTEM-94PRO,SYSTEM-96SER,SYSTEM-56ASP
38	11	686.5		68.7		SYSTEM-57HIS,SYSTEM-58VAL,SYSTEM-63LEU,SYSTEM-60MET,SYSTEM-98VAL,SYSTEM-95ILE,SYSTEM-54VAL,SYSTEM-55PRO,SYSTEM-30LYS,SYSTEM-29THR,SYSTEM-56ASP
39	11	631.7		63.2		SYSTEM-57HIS,SYSTEM-58VAL,SYSTEM-63LEU,SYSTEM-60MET,SYSTEM-98VAL,SYSTEM-89VAL,SYSTEM-93THR,SYSTEM-94PRO,SYSTEM-97GLU,SYSTEM-96SER,SYSTEM-56ASP
40	11	628.1		62.8		SYSTEM-57HIS,SYSTEM-58VAL,SYSTEM-63LEU,SYSTEM-54VAL,SYSTEM-95ILE,SYSTEM-98VAL,SYSTEM-89VAL,SYSTEM-93THR,SYSTEM-94PRO,SYSTEM-96SER,SYSTEM-56ASP
41	11	711.8		71.2		SYSTEM-57HIS,SYSTEM-58VAL,SYSTEM-63LEU,SYSTEM-54VAL,SYSTEM-95ILE,SYSTEM-60MET,SYSTEM-89VAL,SYSTEM-93THR,SYSTEM-94PRO,SYSTEM-96SER,SYSTEM-56ASP
42	11	525.0		52.5		SYSTEM-57HIS,SYSTEM-58VAL,SYSTEM-63LEU,SYSTEM-67ILE,SYSTEM-35ILE,SYSTEM-81LEU,SYSTEM-89VAL,SYSTEM-93THR,SYSTEM-94PRO,SYSTEM-96SER,SYSTEM-56ASP
43	11	542.4		54.2		SYSTEM-57HIS,SYSTEM-58VAL,SYSTEM-63LEU,SYSTEM-67ILE,SYSTEM-81LEU,SYSTEM-89VAL,SYSTEM-93THR,SYSTEM-94PRO,SYSTEM-97GLU,SYSTEM-96SER,SYSTEM-56ASP
44	11	698.4		69.8		SYSTEM-57HIS,SYSTEM-58VAL,SYSTEM-55PRO,SYSTEM-54VAL,SYSTEM-95ILE,SYSTEM-98VAL,SYSTEM-89VAL,SYSTEM-93THR,SYSTEM-94PRO,SYSTEM-96SER,SYSTEM-56ASP
45	11	782.1		78.2		SYSTEM-57HIS,SYSTEM-58VAL,SYSTEM-55PRO,SYSTEM-54VAL,SYSTEM-95ILE,SYSTEM-60MET,SYSTEM-89VAL,SYSTEM-93THR,SYSTEM-94PRO,SYSTEM-96SER,SYSTEM-56ASP
46	11	782.1		78.2		SYSTEM-57HIS,SYSTEM-58VAL,SYSTEM-55PRO,SYSTEM-54VAL,SYSTEM-63LEU,SYSTEM-60MET,SYSTEM-89VAL,SYSTEM-93THR,SYSTEM-94PRO,SYSTEM-96SER,SYSTEM-56ASP
47	11	790.7		79.1		SYSTEM-57HIS,SYSTEM-55PRO,SYSTEM-54VAL,SYSTEM-95ILE,SYSTEM-31ILE,SYSTEM-32PRO,SYSTEM-23ILE,SYSTEM-53LEU,SYSTEM-30LYS,SYSTEM-29THR,SYSTEM-56ASP
48	11	721.9		72.2		SYSTEM-57HIS,SYSTEM-55PRO,SYSTEM-54VAL,SYSTEM-95ILE,SYSTEM-98VAL,SYSTEM-60MET,SYSTEM-89VAL,SYSTEM-93THR,SYSTEM-94PRO,SYSTEM-96SER,SYSTEM-56ASP
49	11	649.4		64.9		SYSTEM-57HIS,SYSTEM-55PRO,SYSTEM-54VAL,SYSTEM-95ILE,SYSTEM-98VAL,SYSTEM-89VAL,SYSTEM-93THR,SYSTEM-94PRO,SYSTEM-97GLU,SYSTEM-96SER,SYSTEM-56ASP
50	11	703.8		70.4		SYSTEM-57HIS,SYSTEM-55PRO,SYSTEM-54VAL,SYSTEM-95ILE,SYSTEM-60MET,SYSTEM-98VAL,SYSTEM-89VAL,SYSTEM-93THR,SYSTEM-94PRO,SYSTEM-96SER,SYSTEM-56ASP
51	11	733.1		73.3		SYSTEM-57HIS,SYSTEM-55PRO,SYSTEM-54VAL,SYSTEM-95ILE,SYSTEM-60MET,SYSTEM-89VAL,SYSTEM-93THR,SYSTEM-94PRO,SYSTEM-97GLU,SYSTEM-96SER,SYSTEM-56ASP
52	11	695.4		69.5		SYSTEM-57HIS,SYSTEM-55PRO,SYSTEM-54VAL,SYSTEM-95ILE,SYSTEM-63LEU,SYSTEM-60MET,SYSTEM-89VAL,SYSTEM-93THR,SYSTEM-94PRO,SYSTEM-96SER,SYSTEM-56ASP
53	11	655.5		65.5		SYSTEM-57HIS,SYSTEM-55PRO,SYSTEM-54VAL,SYSTEM-58VAL,SYSTEM-63LEU,SYSTEM-60MET,SYSTEM-89VAL,SYSTEM-93THR,SYSTEM-94PRO,SYSTEM-96SER,SYSTEM-56ASP
54	11	737.9		73.8		SYSTEM-57HIS,SYSTEM-55PRO,SYSTEM-54VAL,SYSTEM-33VAL,SYSTEM-111MET,SYSTEM-81LEU,SYSTEM-89VAL,SYSTEM-93THR,SYSTEM-94PRO,SYSTEM-96SER,SYSTEM-56ASP
55	11	609.9		61.0		SYSTEM-57HIS,SYSTEM-55PRO,SYSTEM-54VAL,SYSTEM-63LEU,SYSTEM-95ILE,SYSTEM-98VAL,SYSTEM-89VAL,SYSTEM-93THR,SYSTEM-94PRO,SYSTEM-96SER,SYSTEM-56ASP
56	11	693.6		69.4		SYSTEM-57HIS,SYSTEM-55PRO,SYSTEM-54VAL,SYSTEM-63LEU,SYSTEM-95ILE,SYSTEM-60MET,SYSTEM-89VAL,SYSTEM-93THR,SYSTEM-94PRO,SYSTEM-96SER,SYSTEM-56ASP
57	11	703.8		70.4		SYSTEM-57HIS,SYSTEM-55PRO,SYSTEM-54VAL,SYSTEM-63LEU,SYSTEM-60MET,SYSTEM-98VAL,SYSTEM-89VAL,SYSTEM-93THR,SYSTEM-94PRO,SYSTEM-96SER,SYSTEM-56ASP
58	11	733.1		73.3		SYSTEM-57HIS,SYSTEM-55PRO,SYSTEM-54VAL,SYSTEM-63LEU,SYSTEM-60MET,SYSTEM-89VAL,SYSTEM-93THR,SYSTEM-94PRO,SYSTEM-97GLU,SYSTEM-96SER,SYSTEM-56ASP
59	11	614.5		61.5		SYSTEM-57HIS,SYSTEM-55PRO,SYSTEM-54VAL,SYSTEM-63LEU,SYSTEM-67ILE,SYSTEM-81LEU,SYSTEM-89VAL,SYSTEM-93THR,SYSTEM-94PRO,SYSTEM-96SER,SYSTEM-56ASP
60	11	619.3		61.9		SYSTEM-57HIS,SYSTEM-55PRO,SYSTEM-58VAL,SYSTEM-54VAL,SYSTEM-95ILE,SYSTEM-98VAL,SYSTEM-89VAL,SYSTEM-93THR,SYSTEM-94PRO,SYSTEM-96SER,SYSTEM-56ASP
61	11	703.0		70.3		SYSTEM-57HIS,SYSTEM-55PRO,SYSTEM-58VAL,SYSTEM-54VAL,SYSTEM-95ILE,SYSTEM-60MET,SYSTEM-89VAL,SYSTEM-93THR,SYSTEM-94PRO,SYSTEM-96SER,SYSTEM-56ASP
62	11	703.0		70.3		SYSTEM-57HIS,SYSTEM-55PRO,SYSTEM-58VAL,SYSTEM-54VAL,SYSTEM-63LEU,SYSTEM-60MET,SYSTEM-89VAL,SYSTEM-93THR,SYSTEM-94PRO,SYSTEM-96SER,SYSTEM-56ASP
63	11	527.2		52.7		SYSTEM-57HIS,SYSTEM-55PRO,SYSTEM-58VAL,SYSTEM-63LEU,SYSTEM-95ILE,SYSTEM-98VAL,SYSTEM-89VAL,SYSTEM-93THR,SYSTEM-94PRO,SYSTEM-96SER,SYSTEM-56ASP
64	11	610.9		61.1		SYSTEM-57HIS,SYSTEM-55PRO,SYSTEM-58VAL,SYSTEM-63LEU,SYSTEM-95ILE,SYSTEM-60MET,SYSTEM-89VAL,SYSTEM-93THR,SYSTEM-94PRO,SYSTEM-96SER,SYSTEM-56ASP
65	11	621.1		62.1		SYSTEM-57HIS,SYSTEM-55PRO,SYSTEM-58VAL,SYSTEM-63LEU,SYSTEM-60MET,SYSTEM-98VAL,SYSTEM-89VAL,SYSTEM-93THR,SYSTEM-94PRO,SYSTEM-96SER,SYSTEM-56ASP
66	11	650.4		65.0		SYSTEM-57HIS,SYSTEM-55PRO,SYSTEM-58VAL,SYSTEM-63LEU,SYSTEM-60MET,SYSTEM-89VAL,SYSTEM-93THR,SYSTEM-94PRO,SYSTEM-97GLU,SYSTEM-96SER,SYSTEM-56ASP
67	11	531.8		53.2		SYSTEM-57HIS,SYSTEM-55PRO,SYSTEM-58VAL,SYSTEM-63LEU,SYSTEM-67ILE,SYSTEM-81LEU,SYSTEM-89VAL,SYSTEM-93THR,SYSTEM-94PRO,SYSTEM-96SER,SYSTEM-56ASP
