Graph loaded! 120 nodes, 144 edges
Node list:
	SYSTEM-1MET
	SYSTEM-2PRO
	SYSTEM-3SER
	SYSTEM-4GLU
	SYSTEM-5LYS
	SYSTEM-6THR
	SYSTEM-7PHE
	SYSTEM-8LYS
	SYSTEM-9GLN
	SYSTEM-10ARG
	SYSTEM-11ARG
	SYSTEM-12THR
	SYSTEM-13PHE
	SYSTEM-14GLU
	SYSTEM-15GLN
	SYSTEM-16ARG
	SYSTEM-17VAL
	SYSTEM-18GLU
	SYSTEM-19ASP
	SYSTEM-20VAL
	SYSTEM-21ARG
	SYSTEM-22LEU
	SYSTEM-23ILE
	SYSTEM-24ARG
	SYSTEM-25GLU
	SYSTEM-26GLN
	SYSTEM-27HIS
	SYSTEM-28PRO
	SYSTEM-29THR
	SYSTEM-30LYS
	SYSTEM-31ILE
	SYSTEM-32PRO
	SYSTEM-33VAL
	SYSTEM-34ILE
	SYSTEM-35ILE
	SYSTEM-36GLU
	SYSTEM-37ARG
	SYSTEM-38TYR
	SYSTEM-39LYS
	SYSTEM-40GLY
	SYSTEM-41GLU
	SYSTEM-42LYS
	SYSTEM-43GLN
	SYSTEM-44LEU
	SYSTEM-45PRO
	SYSTEM-46VAL
	SYSTEM-47LEU
	SYSTEM-48ASP
	SYSTEM-49LYS
	SYSTEM-50THR
	SYSTEM-51LYS
	SYSTEM-52PHE
	SYSTEM-53LEU
	SYSTEM-54VAL
	SYSTEM-55PRO
	SYSTEM-56ASP
	SYSTEM-57HIS
	SYSTEM-58VAL
	SYSTEM-59ASN
	SYSTEM-60MET
	SYSTEM-61SER
	SYSTEM-62GLU
	SYSTEM-63LEU
	SYSTEM-64ILE
	SYSTEM-65LYS
	SYSTEM-66ILE
	SYSTEM-67ILE
	SYSTEM-68ARG
	SYSTEM-69ARG
	SYSTEM-70ARG
	SYSTEM-71LEU
	SYSTEM-72GLN
	SYSTEM-73LEU
	SYSTEM-74ASN
	SYSTEM-75ALA
	SYSTEM-76ASN
	SYSTEM-77GLN
	SYSTEM-78ALA
	SYSTEM-79PHE
	SYSTEM-80PHE
	SYSTEM-81LEU
	SYSTEM-82LEU
	SYSTEM-83VAL
	SYSTEM-84ASN
	SYSTEM-85GLY
	SYSTEM-86HIS
	SYSTEM-87SER
	SYSTEM-88MET
	SYSTEM-89VAL
	SYSTEM-90SER
	SYSTEM-91VAL
	SYSTEM-92SER
	SYSTEM-93THR
	SYSTEM-94PRO
	SYSTEM-95ILE
	SYSTEM-96SER
	SYSTEM-97GLU
	SYSTEM-98VAL
	SYSTEM-99TYR
	SYSTEM-100GLU
	SYSTEM-101SER
	SYSTEM-102GLU
	SYSTEM-103LYS
	SYSTEM-104ASP
	SYSTEM-105GLU
	SYSTEM-106ASP
	SYSTEM-107GLY
	SYSTEM-108PHE
	SYSTEM-109LEU
	SYSTEM-110TYR
	SYSTEM-111MET
	SYSTEM-112VAL
	SYSTEM-113TYR
	SYSTEM-114ALA
	SYSTEM-115SER
	SYSTEM-116GLN
	SYSTEM-117GLU
	SYSTEM-118THR
	SYSTEM-119PHE
	SYSTEM-120GLY
Path #	Length	Sum of weights	Average weight	Path
1	9	484.9		60.6		SYSTEM-57HIS,SYSTEM-58VAL,SYSTEM-63LEU,SYSTEM-60MET,SYSTEM-89VAL,SYSTEM-88MET,SYSTEM-82LEU,SYSTEM-114ALA,SYSTEM-38TYR
2	10	516.9		57.4		SYSTEM-57HIS,SYSTEM-58VAL,SYSTEM-54VAL,SYSTEM-95ILE,SYSTEM-98VAL,SYSTEM-89VAL,SYSTEM-88MET,SYSTEM-82LEU,SYSTEM-114ALA,SYSTEM-38TYR
3	10	600.6		66.7		SYSTEM-57HIS,SYSTEM-58VAL,SYSTEM-54VAL,SYSTEM-95ILE,SYSTEM-60MET,SYSTEM-89VAL,SYSTEM-88MET,SYSTEM-82LEU,SYSTEM-114ALA,SYSTEM-38TYR
4	10	600.6		66.7		SYSTEM-57HIS,SYSTEM-58VAL,SYSTEM-54VAL,SYSTEM-63LEU,SYSTEM-60MET,SYSTEM-89VAL,SYSTEM-88MET,SYSTEM-82LEU,SYSTEM-114ALA,SYSTEM-38TYR
5	10	424.8		47.2		SYSTEM-57HIS,SYSTEM-58VAL,SYSTEM-63LEU,SYSTEM-95ILE,SYSTEM-98VAL,SYSTEM-89VAL,SYSTEM-88MET,SYSTEM-82LEU,SYSTEM-114ALA,SYSTEM-38TYR
6	10	508.5		56.5		SYSTEM-57HIS,SYSTEM-58VAL,SYSTEM-63LEU,SYSTEM-95ILE,SYSTEM-60MET,SYSTEM-89VAL,SYSTEM-88MET,SYSTEM-82LEU,SYSTEM-114ALA,SYSTEM-38TYR
7	10	518.7		57.6		SYSTEM-57HIS,SYSTEM-58VAL,SYSTEM-63LEU,SYSTEM-60MET,SYSTEM-98VAL,SYSTEM-89VAL,SYSTEM-88MET,SYSTEM-82LEU,SYSTEM-114ALA,SYSTEM-38TYR
8	10	429.4		47.7		SYSTEM-57HIS,SYSTEM-58VAL,SYSTEM-63LEU,SYSTEM-67ILE,SYSTEM-81LEU,SYSTEM-89VAL,SYSTEM-88MET,SYSTEM-82LEU,SYSTEM-114ALA,SYSTEM-38TYR
9	10	536.4		59.6		SYSTEM-57HIS,SYSTEM-55PRO,SYSTEM-54VAL,SYSTEM-95ILE,SYSTEM-98VAL,SYSTEM-89VAL,SYSTEM-88MET,SYSTEM-82LEU,SYSTEM-114ALA,SYSTEM-38TYR
10	10	620.1		68.9		SYSTEM-57HIS,SYSTEM-55PRO,SYSTEM-54VAL,SYSTEM-95ILE,SYSTEM-60MET,SYSTEM-89VAL,SYSTEM-88MET,SYSTEM-82LEU,SYSTEM-114ALA,SYSTEM-38TYR
11	10	620.1		68.9		SYSTEM-57HIS,SYSTEM-55PRO,SYSTEM-54VAL,SYSTEM-63LEU,SYSTEM-60MET,SYSTEM-89VAL,SYSTEM-88MET,SYSTEM-82LEU,SYSTEM-114ALA,SYSTEM-38TYR
12	10	537.4		59.7		SYSTEM-57HIS,SYSTEM-55PRO,SYSTEM-58VAL,SYSTEM-63LEU,SYSTEM-60MET,SYSTEM-89VAL,SYSTEM-88MET,SYSTEM-82LEU,SYSTEM-114ALA,SYSTEM-38TYR
13	11	652.5		65.3		SYSTEM-57HIS,SYSTEM-58VAL,SYSTEM-54VAL,SYSTEM-95ILE,SYSTEM-98VAL,SYSTEM-60MET,SYSTEM-89VAL,SYSTEM-88MET,SYSTEM-82LEU,SYSTEM-114ALA,SYSTEM-38TYR
14	11	634.4		63.4		SYSTEM-57HIS,SYSTEM-58VAL,SYSTEM-54VAL,SYSTEM-95ILE,SYSTEM-60MET,SYSTEM-98VAL,SYSTEM-89VAL,SYSTEM-88MET,SYSTEM-82LEU,SYSTEM-114ALA,SYSTEM-38TYR
15	11	626.0		62.6		SYSTEM-57HIS,SYSTEM-58VAL,SYSTEM-54VAL,SYSTEM-95ILE,SYSTEM-63LEU,SYSTEM-60MET,SYSTEM-89VAL,SYSTEM-88MET,SYSTEM-82LEU,SYSTEM-114ALA,SYSTEM-38TYR
16	11	668.5		66.8		SYSTEM-57HIS,SYSTEM-58VAL,SYSTEM-54VAL,SYSTEM-33VAL,SYSTEM-111MET,SYSTEM-81LEU,SYSTEM-89VAL,SYSTEM-88MET,SYSTEM-82LEU,SYSTEM-114ALA,SYSTEM-38TYR
17	11	540.5		54.0		SYSTEM-57HIS,SYSTEM-58VAL,SYSTEM-54VAL,SYSTEM-63LEU,SYSTEM-95ILE,SYSTEM-98VAL,SYSTEM-89VAL,SYSTEM-88MET,SYSTEM-82LEU,SYSTEM-114ALA,SYSTEM-38TYR
18	11	624.2		62.4		SYSTEM-57HIS,SYSTEM-58VAL,SYSTEM-54VAL,SYSTEM-63LEU,SYSTEM-95ILE,SYSTEM-60MET,SYSTEM-89VAL,SYSTEM-88MET,SYSTEM-82LEU,SYSTEM-114ALA,SYSTEM-38TYR
19	11	634.4		63.4		SYSTEM-57HIS,SYSTEM-58VAL,SYSTEM-54VAL,SYSTEM-63LEU,SYSTEM-60MET,SYSTEM-98VAL,SYSTEM-89VAL,SYSTEM-88MET,SYSTEM-82LEU,SYSTEM-114ALA,SYSTEM-38TYR
20	11	545.1		54.5		SYSTEM-57HIS,SYSTEM-58VAL,SYSTEM-54VAL,SYSTEM-63LEU,SYSTEM-67ILE,SYSTEM-81LEU,SYSTEM-89VAL,SYSTEM-88MET,SYSTEM-82LEU,SYSTEM-114ALA,SYSTEM-38TYR
21	11	560.4		56.0		SYSTEM-57HIS,SYSTEM-58VAL,SYSTEM-63LEU,SYSTEM-95ILE,SYSTEM-98VAL,SYSTEM-60MET,SYSTEM-89VAL,SYSTEM-88MET,SYSTEM-82LEU,SYSTEM-114ALA,SYSTEM-38TYR
22	11	542.3		54.2		SYSTEM-57HIS,SYSTEM-58VAL,SYSTEM-63LEU,SYSTEM-95ILE,SYSTEM-60MET,SYSTEM-98VAL,SYSTEM-89VAL,SYSTEM-88MET,SYSTEM-82LEU,SYSTEM-114ALA,SYSTEM-38TYR
23	11	517.2		51.7		SYSTEM-57HIS,SYSTEM-58VAL,SYSTEM-63LEU,SYSTEM-60MET,SYSTEM-95ILE,SYSTEM-98VAL,SYSTEM-89VAL,SYSTEM-88MET,SYSTEM-82LEU,SYSTEM-114ALA,SYSTEM-38TYR
24	11	529.1		52.9		SYSTEM-57HIS,SYSTEM-58VAL,SYSTEM-63LEU,SYSTEM-60MET,SYSTEM-89VAL,SYSTEM-88MET,SYSTEM-80PHE,SYSTEM-78ALA,SYSTEM-115SER,SYSTEM-114ALA,SYSTEM-38TYR
25	11	578.2		57.8		SYSTEM-57HIS,SYSTEM-58VAL,SYSTEM-63LEU,SYSTEM-54VAL,SYSTEM-95ILE,SYSTEM-98VAL,SYSTEM-89VAL,SYSTEM-88MET,SYSTEM-82LEU,SYSTEM-114ALA,SYSTEM-38TYR
26	11	661.9		66.2		SYSTEM-57HIS,SYSTEM-58VAL,SYSTEM-63LEU,SYSTEM-54VAL,SYSTEM-95ILE,SYSTEM-60MET,SYSTEM-89VAL,SYSTEM-88MET,SYSTEM-82LEU,SYSTEM-114ALA,SYSTEM-38TYR
27	11	475.1		47.5		SYSTEM-57HIS,SYSTEM-58VAL,SYSTEM-63LEU,SYSTEM-67ILE,SYSTEM-35ILE,SYSTEM-81LEU,SYSTEM-89VAL,SYSTEM-88MET,SYSTEM-82LEU,SYSTEM-114ALA,SYSTEM-38TYR
28	11	648.5		64.9		SYSTEM-57HIS,SYSTEM-58VAL,SYSTEM-55PRO,SYSTEM-54VAL,SYSTEM-95ILE,SYSTEM-98VAL,SYSTEM-89VAL,SYSTEM-88MET,SYSTEM-82LEU,SYSTEM-114ALA,SYSTEM-38TYR
29	11	732.2		73.2		SYSTEM-57HIS,SYSTEM-58VAL,SYSTEM-55PRO,SYSTEM-54VAL,SYSTEM-95ILE,SYSTEM-60MET,SYSTEM-89VAL,SYSTEM-88MET,SYSTEM-82LEU,SYSTEM-114ALA,SYSTEM-38TYR
30	11	732.2		73.2		SYSTEM-57HIS,SYSTEM-58VAL,SYSTEM-55PRO,SYSTEM-54VAL,SYSTEM-63LEU,SYSTEM-60MET,SYSTEM-89VAL,SYSTEM-88MET,SYSTEM-82LEU,SYSTEM-114ALA,SYSTEM-38TYR
31	11	672.0		67.2		SYSTEM-57HIS,SYSTEM-55PRO,SYSTEM-54VAL,SYSTEM-95ILE,SYSTEM-98VAL,SYSTEM-60MET,SYSTEM-89VAL,SYSTEM-88MET,SYSTEM-82LEU,SYSTEM-114ALA,SYSTEM-38TYR
32	11	653.9		65.4		SYSTEM-57HIS,SYSTEM-55PRO,SYSTEM-54VAL,SYSTEM-95ILE,SYSTEM-60MET,SYSTEM-98VAL,SYSTEM-89VAL,SYSTEM-88MET,SYSTEM-82LEU,SYSTEM-114ALA,SYSTEM-38TYR
33	11	645.5		64.5		SYSTEM-57HIS,SYSTEM-55PRO,SYSTEM-54VAL,SYSTEM-95ILE,SYSTEM-63LEU,SYSTEM-60MET,SYSTEM-89VAL,SYSTEM-88MET,SYSTEM-82LEU,SYSTEM-114ALA,SYSTEM-38TYR
34	11	605.6		60.6		SYSTEM-57HIS,SYSTEM-55PRO,SYSTEM-54VAL,SYSTEM-58VAL,SYSTEM-63LEU,SYSTEM-60MET,SYSTEM-89VAL,SYSTEM-88MET,SYSTEM-82LEU,SYSTEM-114ALA,SYSTEM-38TYR
35	11	688.0		68.8		SYSTEM-57HIS,SYSTEM-55PRO,SYSTEM-54VAL,SYSTEM-33VAL,SYSTEM-111MET,SYSTEM-81LEU,SYSTEM-89VAL,SYSTEM-88MET,SYSTEM-82LEU,SYSTEM-114ALA,SYSTEM-38TYR
36	11	560.0		56.0		SYSTEM-57HIS,SYSTEM-55PRO,SYSTEM-54VAL,SYSTEM-63LEU,SYSTEM-95ILE,SYSTEM-98VAL,SYSTEM-89VAL,SYSTEM-88MET,SYSTEM-82LEU,SYSTEM-114ALA,SYSTEM-38TYR
37	11	643.7		64.4		SYSTEM-57HIS,SYSTEM-55PRO,SYSTEM-54VAL,SYSTEM-63LEU,SYSTEM-95ILE,SYSTEM-60MET,SYSTEM-89VAL,SYSTEM-88MET,SYSTEM-82LEU,SYSTEM-114ALA,SYSTEM-38TYR
38	11	653.9		65.4		SYSTEM-57HIS,SYSTEM-55PRO,SYSTEM-54VAL,SYSTEM-63LEU,SYSTEM-60MET,SYSTEM-98VAL,SYSTEM-89VAL,SYSTEM-88MET,SYSTEM-82LEU,SYSTEM-114ALA,SYSTEM-38TYR
39	11	564.6		56.5		SYSTEM-57HIS,SYSTEM-55PRO,SYSTEM-54VAL,SYSTEM-63LEU,SYSTEM-67ILE,SYSTEM-81LEU,SYSTEM-89VAL,SYSTEM-88MET,SYSTEM-82LEU,SYSTEM-114ALA,SYSTEM-38TYR
40	11	569.4		56.9		SYSTEM-57HIS,SYSTEM-55PRO,SYSTEM-58VAL,SYSTEM-54VAL,SYSTEM-95ILE,SYSTEM-98VAL,SYSTEM-89VAL,SYSTEM-88MET,SYSTEM-82LEU,SYSTEM-114ALA,SYSTEM-38TYR
41	11	653.1		65.3		SYSTEM-57HIS,SYSTEM-55PRO,SYSTEM-58VAL,SYSTEM-54VAL,SYSTEM-95ILE,SYSTEM-60MET,SYSTEM-89VAL,SYSTEM-88MET,SYSTEM-82LEU,SYSTEM-114ALA,SYSTEM-38TYR
42	11	653.1		65.3		SYSTEM-57HIS,SYSTEM-55PRO,SYSTEM-58VAL,SYSTEM-54VAL,SYSTEM-63LEU,SYSTEM-60MET,SYSTEM-89VAL,SYSTEM-88MET,SYSTEM-82LEU,SYSTEM-114ALA,SYSTEM-38TYR
43	11	477.3		47.7		SYSTEM-57HIS,SYSTEM-55PRO,SYSTEM-58VAL,SYSTEM-63LEU,SYSTEM-95ILE,SYSTEM-98VAL,SYSTEM-89VAL,SYSTEM-88MET,SYSTEM-82LEU,SYSTEM-114ALA,SYSTEM-38TYR
44	11	561.0		56.1		SYSTEM-57HIS,SYSTEM-55PRO,SYSTEM-58VAL,SYSTEM-63LEU,SYSTEM-95ILE,SYSTEM-60MET,SYSTEM-89VAL,SYSTEM-88MET,SYSTEM-82LEU,SYSTEM-114ALA,SYSTEM-38TYR
45	11	571.2		57.1		SYSTEM-57HIS,SYSTEM-55PRO,SYSTEM-58VAL,SYSTEM-63LEU,SYSTEM-60MET,SYSTEM-98VAL,SYSTEM-89VAL,SYSTEM-88MET,SYSTEM-82LEU,SYSTEM-114ALA,SYSTEM-38TYR
46	11	481.9		48.2		SYSTEM-57HIS,SYSTEM-55PRO,SYSTEM-58VAL,SYSTEM-63LEU,SYSTEM-67ILE,SYSTEM-81LEU,SYSTEM-89VAL,SYSTEM-88MET,SYSTEM-82LEU,SYSTEM-114ALA,SYSTEM-38TYR
