Graph loaded! 120 nodes, 118 edges
Node list:
	SYSTEM-1MET
	SYSTEM-2PRO
	SYSTEM-3SER
	SYSTEM-4GLU
	SYSTEM-5LYS
	SYSTEM-6THR
	SYSTEM-7PHE
	SYSTEM-8LYS
	SYSTEM-9GLN
	SYSTEM-10ARG
	SYSTEM-11ARG
	SYSTEM-12THR
	SYSTEM-13PHE
	SYSTEM-14GLU
	SYSTEM-15GLN
	SYSTEM-16ARG
	SYSTEM-17VAL
	SYSTEM-18GLU
	SYSTEM-19ASP
	SYSTEM-20VAL
	SYSTEM-21ARG
	SYSTEM-22LEU
	SYSTEM-23ILE
	SYSTEM-24ARG
	SYSTEM-25GLU
	SYSTEM-26GLN
	SYSTEM-27HIS
	SYSTEM-28PRO
	SYSTEM-29THR
	SYSTEM-30LYS
	SYSTEM-31ILE
	SYSTEM-32PRO
	SYSTEM-33VAL
	SYSTEM-34ILE
	SYSTEM-35ILE
	SYSTEM-36GLU
	SYSTEM-37ARG
	SYSTEM-38TYR
	SYSTEM-39LYS
	SYSTEM-40GLY
	SYSTEM-41GLU
	SYSTEM-42LYS
	SYSTEM-43GLN
	SYSTEM-44LEU
	SYSTEM-45PRO
	SYSTEM-46VAL
	SYSTEM-47LEU
	SYSTEM-48ASP
	SYSTEM-49LYS
	SYSTEM-50THR
	SYSTEM-51LYS
	SYSTEM-52PHE
	SYSTEM-53LEU
	SYSTEM-54VAL
	SYSTEM-55PRO
	SYSTEM-56ASP
	SYSTEM-57HIS
	SYSTEM-58VAL
	SYSTEM-59ASN
	SYSTEM-60MET
	SYSTEM-61SER
	SYSTEM-62GLU
	SYSTEM-63LEU
	SYSTEM-64ILE
	SYSTEM-65LYS
	SYSTEM-66ILE
	SYSTEM-67ILE
	SYSTEM-68ARG
	SYSTEM-69ARG
	SYSTEM-70ARG
	SYSTEM-71LEU
	SYSTEM-72GLN
	SYSTEM-73LEU
	SYSTEM-74ASN
	SYSTEM-75ALA
	SYSTEM-76ASN
	SYSTEM-77GLN
	SYSTEM-78ALA
	SYSTEM-79PHE
	SYSTEM-80PHE
	SYSTEM-81LEU
	SYSTEM-82LEU
	SYSTEM-83VAL
	SYSTEM-84ASN
	SYSTEM-85GLY
	SYSTEM-86HIS
	SYSTEM-87SER
	SYSTEM-88MET
	SYSTEM-89VAL
	SYSTEM-90SER
	SYSTEM-91VAL
	SYSTEM-92SER
	SYSTEM-93THR
	SYSTEM-94PRO
	SYSTEM-95ILE
	SYSTEM-96SER
	SYSTEM-97GLU
	SYSTEM-98VAL
	SYSTEM-99TYR
	SYSTEM-100GLU
	SYSTEM-101SER
	SYSTEM-102GLU
	SYSTEM-103LYS
	SYSTEM-104ASP
	SYSTEM-105GLU
	SYSTEM-106ASP
	SYSTEM-107GLY
	SYSTEM-108PHE
	SYSTEM-109LEU
	SYSTEM-110TYR
	SYSTEM-111MET
	SYSTEM-112VAL
	SYSTEM-113TYR
	SYSTEM-114ALA
	SYSTEM-115SER
	SYSTEM-116GLN
	SYSTEM-117GLU
	SYSTEM-118THR
	SYSTEM-119PHE
	SYSTEM-120GLY
Path #	Length	Sum of weights	Average weight	Path
1	7	432.5		72.1		SYSTEM-51LYS,SYSTEM-19ASP,SYSTEM-11ARG,SYSTEM-7PHE,SYSTEM-36GLU,SYSTEM-113TYR,SYSTEM-38TYR
2	8	394.3		56.3		SYSTEM-51LYS,SYSTEM-19ASP,SYSTEM-11ARG,SYSTEM-8LYS,SYSTEM-6THR,SYSTEM-36GLU,SYSTEM-113TYR,SYSTEM-38TYR
3	8	344.6		49.2		SYSTEM-51LYS,SYSTEM-19ASP,SYSTEM-16ARG,SYSTEM-8LYS,SYSTEM-6THR,SYSTEM-36GLU,SYSTEM-113TYR,SYSTEM-38TYR
4	8	475.1		67.9		SYSTEM-51LYS,SYSTEM-19ASP,SYSTEM-16ARG,SYSTEM-11ARG,SYSTEM-7PHE,SYSTEM-36GLU,SYSTEM-113TYR,SYSTEM-38TYR
5	9	536.9		67.1		SYSTEM-51LYS,SYSTEM-19ASP,SYSTEM-11ARG,SYSTEM-7PHE,SYSTEM-10ARG,SYSTEM-6THR,SYSTEM-36GLU,SYSTEM-113TYR,SYSTEM-38TYR
6	9	502.0		62.8		SYSTEM-51LYS,SYSTEM-19ASP,SYSTEM-11ARG,SYSTEM-16ARG,SYSTEM-8LYS,SYSTEM-6THR,SYSTEM-36GLU,SYSTEM-113TYR,SYSTEM-38TYR
7	9	491.0		61.4		SYSTEM-51LYS,SYSTEM-19ASP,SYSTEM-16ARG,SYSTEM-8LYS,SYSTEM-11ARG,SYSTEM-7PHE,SYSTEM-36GLU,SYSTEM-113TYR,SYSTEM-38TYR
8	9	436.9		54.6		SYSTEM-51LYS,SYSTEM-19ASP,SYSTEM-16ARG,SYSTEM-11ARG,SYSTEM-8LYS,SYSTEM-6THR,SYSTEM-36GLU,SYSTEM-113TYR,SYSTEM-38TYR
9	10	571.7		63.5		SYSTEM-51LYS,SYSTEM-19ASP,SYSTEM-11ARG,SYSTEM-8LYS,SYSTEM-6THR,SYSTEM-10ARG,SYSTEM-7PHE,SYSTEM-36GLU,SYSTEM-113TYR,SYSTEM-38TYR
10	10	615.4		68.4		SYSTEM-51LYS,SYSTEM-19ASP,SYSTEM-15GLN,SYSTEM-12THR,SYSTEM-16ARG,SYSTEM-8LYS,SYSTEM-6THR,SYSTEM-36GLU,SYSTEM-113TYR,SYSTEM-38TYR
11	10	745.9		82.9		SYSTEM-51LYS,SYSTEM-19ASP,SYSTEM-15GLN,SYSTEM-12THR,SYSTEM-16ARG,SYSTEM-11ARG,SYSTEM-7PHE,SYSTEM-36GLU,SYSTEM-113TYR,SYSTEM-38TYR
12	10	522.0		58.0		SYSTEM-51LYS,SYSTEM-19ASP,SYSTEM-16ARG,SYSTEM-8LYS,SYSTEM-6THR,SYSTEM-10ARG,SYSTEM-7PHE,SYSTEM-36GLU,SYSTEM-113TYR,SYSTEM-38TYR
13	10	579.5		64.4		SYSTEM-51LYS,SYSTEM-19ASP,SYSTEM-16ARG,SYSTEM-11ARG,SYSTEM-7PHE,SYSTEM-10ARG,SYSTEM-6THR,SYSTEM-36GLU,SYSTEM-113TYR,SYSTEM-38TYR
14	11	679.4		67.9		SYSTEM-51LYS,SYSTEM-19ASP,SYSTEM-11ARG,SYSTEM-16ARG,SYSTEM-8LYS,SYSTEM-6THR,SYSTEM-10ARG,SYSTEM-7PHE,SYSTEM-36GLU,SYSTEM-113TYR,SYSTEM-38TYR
15	11	761.8		76.2		SYSTEM-51LYS,SYSTEM-19ASP,SYSTEM-15GLN,SYSTEM-12THR,SYSTEM-16ARG,SYSTEM-8LYS,SYSTEM-11ARG,SYSTEM-7PHE,SYSTEM-36GLU,SYSTEM-113TYR,SYSTEM-38TYR
16	11	707.7		70.8		SYSTEM-51LYS,SYSTEM-19ASP,SYSTEM-15GLN,SYSTEM-12THR,SYSTEM-16ARG,SYSTEM-11ARG,SYSTEM-8LYS,SYSTEM-6THR,SYSTEM-36GLU,SYSTEM-113TYR,SYSTEM-38TYR
17	11	595.4		59.5		SYSTEM-51LYS,SYSTEM-19ASP,SYSTEM-16ARG,SYSTEM-8LYS,SYSTEM-11ARG,SYSTEM-7PHE,SYSTEM-10ARG,SYSTEM-6THR,SYSTEM-36GLU,SYSTEM-113TYR,SYSTEM-38TYR
18	11	614.3		61.4		SYSTEM-51LYS,SYSTEM-19ASP,SYSTEM-16ARG,SYSTEM-11ARG,SYSTEM-8LYS,SYSTEM-6THR,SYSTEM-10ARG,SYSTEM-7PHE,SYSTEM-36GLU,SYSTEM-113TYR,SYSTEM-38TYR
19	11	582.6		58.3		SYSTEM-51LYS,SYSTEM-19ASP,SYSTEM-16ARG,SYSTEM-106ASP,SYSTEM-107GLY,SYSTEM-104ASP,SYSTEM-8LYS,SYSTEM-6THR,SYSTEM-36GLU,SYSTEM-113TYR,SYSTEM-38TYR
20	11	679.5		68.0		SYSTEM-51LYS,SYSTEM-19ASP,SYSTEM-16ARG,SYSTEM-106ASP,SYSTEM-108PHE,SYSTEM-104ASP,SYSTEM-8LYS,SYSTEM-6THR,SYSTEM-36GLU,SYSTEM-113TYR,SYSTEM-38TYR
