Graph loaded! 120 nodes, 144 edges
Node list:
	SYSTEM-1MET
	SYSTEM-2PRO
	SYSTEM-3SER
	SYSTEM-4GLU
	SYSTEM-5LYS
	SYSTEM-6THR
	SYSTEM-7PHE
	SYSTEM-8LYS
	SYSTEM-9GLN
	SYSTEM-10ARG
	SYSTEM-11ARG
	SYSTEM-12THR
	SYSTEM-13PHE
	SYSTEM-14GLU
	SYSTEM-15GLN
	SYSTEM-16ARG
	SYSTEM-17VAL
	SYSTEM-18GLU
	SYSTEM-19ASP
	SYSTEM-20VAL
	SYSTEM-21ARG
	SYSTEM-22LEU
	SYSTEM-23ILE
	SYSTEM-24ARG
	SYSTEM-25GLU
	SYSTEM-26GLN
	SYSTEM-27HIS
	SYSTEM-28PRO
	SYSTEM-29THR
	SYSTEM-30LYS
	SYSTEM-31ILE
	SYSTEM-32PRO
	SYSTEM-33VAL
	SYSTEM-34ILE
	SYSTEM-35ILE
	SYSTEM-36GLU
	SYSTEM-37ARG
	SYSTEM-38TYR
	SYSTEM-39LYS
	SYSTEM-40GLY
	SYSTEM-41GLU
	SYSTEM-42LYS
	SYSTEM-43GLN
	SYSTEM-44LEU
	SYSTEM-45PRO
	SYSTEM-46VAL
	SYSTEM-47LEU
	SYSTEM-48ASP
	SYSTEM-49LYS
	SYSTEM-50THR
	SYSTEM-51LYS
	SYSTEM-52PHE
	SYSTEM-53LEU
	SYSTEM-54VAL
	SYSTEM-55PRO
	SYSTEM-56ASP
	SYSTEM-57HIS
	SYSTEM-58VAL
	SYSTEM-59ASN
	SYSTEM-60MET
	SYSTEM-61SER
	SYSTEM-62GLU
	SYSTEM-63LEU
	SYSTEM-64ILE
	SYSTEM-65LYS
	SYSTEM-66ILE
	SYSTEM-67ILE
	SYSTEM-68ARG
	SYSTEM-69ARG
	SYSTEM-70ARG
	SYSTEM-71LEU
	SYSTEM-72GLN
	SYSTEM-73LEU
	SYSTEM-74ASN
	SYSTEM-75ALA
	SYSTEM-76ASN
	SYSTEM-77GLN
	SYSTEM-78ALA
	SYSTEM-79PHE
	SYSTEM-80PHE
	SYSTEM-81LEU
	SYSTEM-82LEU
	SYSTEM-83VAL
	SYSTEM-84ASN
	SYSTEM-85GLY
	SYSTEM-86HIS
	SYSTEM-87SER
	SYSTEM-88MET
	SYSTEM-89VAL
	SYSTEM-90SER
	SYSTEM-91VAL
	SYSTEM-92SER
	SYSTEM-93THR
	SYSTEM-94PRO
	SYSTEM-95ILE
	SYSTEM-96SER
	SYSTEM-97GLU
	SYSTEM-98VAL
	SYSTEM-99TYR
	SYSTEM-100GLU
	SYSTEM-101SER
	SYSTEM-102GLU
	SYSTEM-103LYS
	SYSTEM-104ASP
	SYSTEM-105GLU
	SYSTEM-106ASP
	SYSTEM-107GLY
	SYSTEM-108PHE
	SYSTEM-109LEU
	SYSTEM-110TYR
	SYSTEM-111MET
	SYSTEM-112VAL
	SYSTEM-113TYR
	SYSTEM-114ALA
	SYSTEM-115SER
	SYSTEM-116GLN
	SYSTEM-117GLU
	SYSTEM-118THR
	SYSTEM-119PHE
	SYSTEM-120GLY
Path #	Length	Sum of weights	Average weight	Path
1	7	490.1		81.7		SYSTEM-53LEU,SYSTEM-30LYS,SYSTEM-55PRO,SYSTEM-54VAL,SYSTEM-33VAL,SYSTEM-111MET,SYSTEM-35ILE
2	7	441.2		73.5		SYSTEM-53LEU,SYSTEM-30LYS,SYSTEM-55PRO,SYSTEM-54VAL,SYSTEM-63LEU,SYSTEM-67ILE,SYSTEM-35ILE
3	7	358.5		59.8		SYSTEM-53LEU,SYSTEM-30LYS,SYSTEM-55PRO,SYSTEM-58VAL,SYSTEM-63LEU,SYSTEM-67ILE,SYSTEM-35ILE
4	7	395.7		66.0		SYSTEM-53LEU,SYSTEM-23ILE,SYSTEM-32PRO,SYSTEM-99TYR,SYSTEM-109LEU,SYSTEM-111MET,SYSTEM-35ILE
5	8	516.2		73.7		SYSTEM-53LEU,SYSTEM-27HIS,SYSTEM-30LYS,SYSTEM-55PRO,SYSTEM-54VAL,SYSTEM-33VAL,SYSTEM-111MET,SYSTEM-35ILE
6	8	467.3		66.8		SYSTEM-53LEU,SYSTEM-27HIS,SYSTEM-30LYS,SYSTEM-55PRO,SYSTEM-54VAL,SYSTEM-63LEU,SYSTEM-67ILE,SYSTEM-35ILE
7	8	384.6		54.9		SYSTEM-53LEU,SYSTEM-27HIS,SYSTEM-30LYS,SYSTEM-55PRO,SYSTEM-58VAL,SYSTEM-63LEU,SYSTEM-67ILE,SYSTEM-35ILE
8	8	466.6		66.7		SYSTEM-53LEU,SYSTEM-30LYS,SYSTEM-55PRO,SYSTEM-54VAL,SYSTEM-95ILE,SYSTEM-63LEU,SYSTEM-67ILE,SYSTEM-35ILE
9	8	426.7		61.0		SYSTEM-53LEU,SYSTEM-30LYS,SYSTEM-55PRO,SYSTEM-54VAL,SYSTEM-58VAL,SYSTEM-63LEU,SYSTEM-67ILE,SYSTEM-35ILE
10	8	569.9		81.4		SYSTEM-53LEU,SYSTEM-30LYS,SYSTEM-55PRO,SYSTEM-54VAL,SYSTEM-33VAL,SYSTEM-109LEU,SYSTEM-111MET,SYSTEM-35ILE
11	8	563.5		80.5		SYSTEM-53LEU,SYSTEM-30LYS,SYSTEM-55PRO,SYSTEM-54VAL,SYSTEM-33VAL,SYSTEM-111MET,SYSTEM-81LEU,SYSTEM-35ILE
12	8	486.3		69.5		SYSTEM-53LEU,SYSTEM-30LYS,SYSTEM-55PRO,SYSTEM-54VAL,SYSTEM-63LEU,SYSTEM-67ILE,SYSTEM-52PHE,SYSTEM-35ILE
13	8	440.1		62.9		SYSTEM-53LEU,SYSTEM-30LYS,SYSTEM-55PRO,SYSTEM-54VAL,SYSTEM-63LEU,SYSTEM-67ILE,SYSTEM-81LEU,SYSTEM-35ILE
14	8	405.2		57.9		SYSTEM-53LEU,SYSTEM-30LYS,SYSTEM-55PRO,SYSTEM-57HIS,SYSTEM-58VAL,SYSTEM-63LEU,SYSTEM-67ILE,SYSTEM-35ILE
15	8	523.1		74.7		SYSTEM-53LEU,SYSTEM-30LYS,SYSTEM-55PRO,SYSTEM-58VAL,SYSTEM-54VAL,SYSTEM-33VAL,SYSTEM-111MET,SYSTEM-35ILE
16	8	474.2		67.7		SYSTEM-53LEU,SYSTEM-30LYS,SYSTEM-55PRO,SYSTEM-58VAL,SYSTEM-54VAL,SYSTEM-63LEU,SYSTEM-67ILE,SYSTEM-35ILE
17	8	403.6		57.7		SYSTEM-53LEU,SYSTEM-30LYS,SYSTEM-55PRO,SYSTEM-58VAL,SYSTEM-63LEU,SYSTEM-67ILE,SYSTEM-52PHE,SYSTEM-35ILE
18	8	357.4		51.1		SYSTEM-53LEU,SYSTEM-30LYS,SYSTEM-55PRO,SYSTEM-58VAL,SYSTEM-63LEU,SYSTEM-67ILE,SYSTEM-81LEU,SYSTEM-35ILE
19	8	451.9		64.6		SYSTEM-53LEU,SYSTEM-23ILE,SYSTEM-32PRO,SYSTEM-31ILE,SYSTEM-95ILE,SYSTEM-63LEU,SYSTEM-67ILE,SYSTEM-35ILE
20	8	514.1		73.4		SYSTEM-53LEU,SYSTEM-23ILE,SYSTEM-32PRO,SYSTEM-31ILE,SYSTEM-99TYR,SYSTEM-109LEU,SYSTEM-111MET,SYSTEM-35ILE
21	8	469.1		67.0		SYSTEM-53LEU,SYSTEM-23ILE,SYSTEM-32PRO,SYSTEM-99TYR,SYSTEM-109LEU,SYSTEM-111MET,SYSTEM-81LEU,SYSTEM-35ILE
22	8	501.3		71.6		SYSTEM-53LEU,SYSTEM-23ILE,SYSTEM-32PRO,SYSTEM-99TYR,SYSTEM-109LEU,SYSTEM-33VAL,SYSTEM-111MET,SYSTEM-35ILE
23	9	492.7		61.6		SYSTEM-53LEU,SYSTEM-27HIS,SYSTEM-30LYS,SYSTEM-55PRO,SYSTEM-54VAL,SYSTEM-95ILE,SYSTEM-63LEU,SYSTEM-67ILE,SYSTEM-35ILE
24	9	452.8		56.6		SYSTEM-53LEU,SYSTEM-27HIS,SYSTEM-30LYS,SYSTEM-55PRO,SYSTEM-54VAL,SYSTEM-58VAL,SYSTEM-63LEU,SYSTEM-67ILE,SYSTEM-35ILE
25	9	596.0		74.5		SYSTEM-53LEU,SYSTEM-27HIS,SYSTEM-30LYS,SYSTEM-55PRO,SYSTEM-54VAL,SYSTEM-33VAL,SYSTEM-109LEU,SYSTEM-111MET,SYSTEM-35ILE
26	9	589.6		73.7		SYSTEM-53LEU,SYSTEM-27HIS,SYSTEM-30LYS,SYSTEM-55PRO,SYSTEM-54VAL,SYSTEM-33VAL,SYSTEM-111MET,SYSTEM-81LEU,SYSTEM-35ILE
27	9	512.4		64.0		SYSTEM-53LEU,SYSTEM-27HIS,SYSTEM-30LYS,SYSTEM-55PRO,SYSTEM-54VAL,SYSTEM-63LEU,SYSTEM-67ILE,SYSTEM-52PHE,SYSTEM-35ILE
28	9	466.2		58.3		SYSTEM-53LEU,SYSTEM-27HIS,SYSTEM-30LYS,SYSTEM-55PRO,SYSTEM-54VAL,SYSTEM-63LEU,SYSTEM-67ILE,SYSTEM-81LEU,SYSTEM-35ILE
29	9	431.3		53.9		SYSTEM-53LEU,SYSTEM-27HIS,SYSTEM-30LYS,SYSTEM-55PRO,SYSTEM-57HIS,SYSTEM-58VAL,SYSTEM-63LEU,SYSTEM-67ILE,SYSTEM-35ILE
30	9	549.2		68.6		SYSTEM-53LEU,SYSTEM-27HIS,SYSTEM-30LYS,SYSTEM-55PRO,SYSTEM-58VAL,SYSTEM-54VAL,SYSTEM-33VAL,SYSTEM-111MET,SYSTEM-35ILE
31	9	500.3		62.5		SYSTEM-53LEU,SYSTEM-27HIS,SYSTEM-30LYS,SYSTEM-55PRO,SYSTEM-58VAL,SYSTEM-54VAL,SYSTEM-63LEU,SYSTEM-67ILE,SYSTEM-35ILE
32	9	429.7		53.7		SYSTEM-53LEU,SYSTEM-27HIS,SYSTEM-30LYS,SYSTEM-55PRO,SYSTEM-58VAL,SYSTEM-63LEU,SYSTEM-67ILE,SYSTEM-52PHE,SYSTEM-35ILE
33	9	383.5		47.9		SYSTEM-53LEU,SYSTEM-27HIS,SYSTEM-30LYS,SYSTEM-55PRO,SYSTEM-58VAL,SYSTEM-63LEU,SYSTEM-67ILE,SYSTEM-81LEU,SYSTEM-35ILE
34	9	486.3		60.8		SYSTEM-53LEU,SYSTEM-30LYS,SYSTEM-55PRO,SYSTEM-54VAL,SYSTEM-95ILE,SYSTEM-98VAL,SYSTEM-89VAL,SYSTEM-81LEU,SYSTEM-35ILE
35	9	570.0		71.2		SYSTEM-53LEU,SYSTEM-30LYS,SYSTEM-55PRO,SYSTEM-54VAL,SYSTEM-95ILE,SYSTEM-60MET,SYSTEM-89VAL,SYSTEM-81LEU,SYSTEM-35ILE
36	9	559.0		69.9		SYSTEM-53LEU,SYSTEM-30LYS,SYSTEM-55PRO,SYSTEM-54VAL,SYSTEM-95ILE,SYSTEM-60MET,SYSTEM-63LEU,SYSTEM-67ILE,SYSTEM-35ILE
37	9	511.7		64.0		SYSTEM-53LEU,SYSTEM-30LYS,SYSTEM-55PRO,SYSTEM-54VAL,SYSTEM-95ILE,SYSTEM-63LEU,SYSTEM-67ILE,SYSTEM-52PHE,SYSTEM-35ILE
38	9	465.5		58.2		SYSTEM-53LEU,SYSTEM-30LYS,SYSTEM-55PRO,SYSTEM-54VAL,SYSTEM-95ILE,SYSTEM-63LEU,SYSTEM-67ILE,SYSTEM-81LEU,SYSTEM-35ILE
39	9	471.8		59.0		SYSTEM-53LEU,SYSTEM-30LYS,SYSTEM-55PRO,SYSTEM-54VAL,SYSTEM-58VAL,SYSTEM-63LEU,SYSTEM-67ILE,SYSTEM-52PHE,SYSTEM-35ILE
40	9	425.6		53.2		SYSTEM-53LEU,SYSTEM-30LYS,SYSTEM-55PRO,SYSTEM-54VAL,SYSTEM-58VAL,SYSTEM-63LEU,SYSTEM-67ILE,SYSTEM-81LEU,SYSTEM-35ILE
41	9	643.3		80.4		SYSTEM-53LEU,SYSTEM-30LYS,SYSTEM-55PRO,SYSTEM-54VAL,SYSTEM-33VAL,SYSTEM-109LEU,SYSTEM-111MET,SYSTEM-81LEU,SYSTEM-35ILE
42	9	638.0		79.8		SYSTEM-53LEU,SYSTEM-30LYS,SYSTEM-55PRO,SYSTEM-54VAL,SYSTEM-33VAL,SYSTEM-111MET,SYSTEM-81LEU,SYSTEM-67ILE,SYSTEM-35ILE
43	9	570.0		71.2		SYSTEM-53LEU,SYSTEM-30LYS,SYSTEM-55PRO,SYSTEM-54VAL,SYSTEM-63LEU,SYSTEM-60MET,SYSTEM-89VAL,SYSTEM-81LEU,SYSTEM-35ILE
44	9	558.7		69.8		SYSTEM-53LEU,SYSTEM-30LYS,SYSTEM-55PRO,SYSTEM-54VAL,SYSTEM-63LEU,SYSTEM-67ILE,SYSTEM-81LEU,SYSTEM-111MET,SYSTEM-35ILE
45	9	569.8		71.2		SYSTEM-53LEU,SYSTEM-30LYS,SYSTEM-55PRO,SYSTEM-57HIS,SYSTEM-58VAL,SYSTEM-54VAL,SYSTEM-33VAL,SYSTEM-111MET,SYSTEM-35ILE
46	9	520.9		65.1		SYSTEM-53LEU,SYSTEM-30LYS,SYSTEM-55PRO,SYSTEM-57HIS,SYSTEM-58VAL,SYSTEM-54VAL,SYSTEM-63LEU,SYSTEM-67ILE,SYSTEM-35ILE
47	9	450.3		56.3		SYSTEM-53LEU,SYSTEM-30LYS,SYSTEM-55PRO,SYSTEM-57HIS,SYSTEM-58VAL,SYSTEM-63LEU,SYSTEM-67ILE,SYSTEM-52PHE,SYSTEM-35ILE
48	9	404.1		50.5		SYSTEM-53LEU,SYSTEM-30LYS,SYSTEM-55PRO,SYSTEM-57HIS,SYSTEM-58VAL,SYSTEM-63LEU,SYSTEM-67ILE,SYSTEM-81LEU,SYSTEM-35ILE
49	9	499.6		62.4		SYSTEM-53LEU,SYSTEM-30LYS,SYSTEM-55PRO,SYSTEM-58VAL,SYSTEM-54VAL,SYSTEM-95ILE,SYSTEM-63LEU,SYSTEM-67ILE,SYSTEM-35ILE
50	9	602.9		75.4		SYSTEM-53LEU,SYSTEM-30LYS,SYSTEM-55PRO,SYSTEM-58VAL,SYSTEM-54VAL,SYSTEM-33VAL,SYSTEM-109LEU,SYSTEM-111MET,SYSTEM-35ILE
51	9	596.5		74.6		SYSTEM-53LEU,SYSTEM-30LYS,SYSTEM-55PRO,SYSTEM-58VAL,SYSTEM-54VAL,SYSTEM-33VAL,SYSTEM-111MET,SYSTEM-81LEU,SYSTEM-35ILE
52	9	519.3		64.9		SYSTEM-53LEU,SYSTEM-30LYS,SYSTEM-55PRO,SYSTEM-58VAL,SYSTEM-54VAL,SYSTEM-63LEU,SYSTEM-67ILE,SYSTEM-52PHE,SYSTEM-35ILE
53	9	473.1		59.1		SYSTEM-53LEU,SYSTEM-30LYS,SYSTEM-55PRO,SYSTEM-58VAL,SYSTEM-54VAL,SYSTEM-63LEU,SYSTEM-67ILE,SYSTEM-81LEU,SYSTEM-35ILE
54	9	487.3		60.9		SYSTEM-53LEU,SYSTEM-30LYS,SYSTEM-55PRO,SYSTEM-58VAL,SYSTEM-63LEU,SYSTEM-60MET,SYSTEM-89VAL,SYSTEM-81LEU,SYSTEM-35ILE
55	9	584.4		73.0		SYSTEM-53LEU,SYSTEM-30LYS,SYSTEM-55PRO,SYSTEM-58VAL,SYSTEM-63LEU,SYSTEM-54VAL,SYSTEM-33VAL,SYSTEM-111MET,SYSTEM-35ILE
56	9	476.0		59.5		SYSTEM-53LEU,SYSTEM-30LYS,SYSTEM-55PRO,SYSTEM-58VAL,SYSTEM-63LEU,SYSTEM-67ILE,SYSTEM-81LEU,SYSTEM-111MET,SYSTEM-35ILE
57	9	471.6		59.0		SYSTEM-53LEU,SYSTEM-23ILE,SYSTEM-32PRO,SYSTEM-31ILE,SYSTEM-95ILE,SYSTEM-98VAL,SYSTEM-89VAL,SYSTEM-81LEU,SYSTEM-35ILE
58	9	555.3		69.4		SYSTEM-53LEU,SYSTEM-23ILE,SYSTEM-32PRO,SYSTEM-31ILE,SYSTEM-95ILE,SYSTEM-60MET,SYSTEM-89VAL,SYSTEM-81LEU,SYSTEM-35ILE
59	9	544.3		68.0		SYSTEM-53LEU,SYSTEM-23ILE,SYSTEM-32PRO,SYSTEM-31ILE,SYSTEM-95ILE,SYSTEM-60MET,SYSTEM-63LEU,SYSTEM-67ILE,SYSTEM-35ILE
60	9	497.0		62.1		SYSTEM-53LEU,SYSTEM-23ILE,SYSTEM-32PRO,SYSTEM-31ILE,SYSTEM-95ILE,SYSTEM-63LEU,SYSTEM-67ILE,SYSTEM-52PHE,SYSTEM-35ILE
61	9	450.8		56.4		SYSTEM-53LEU,SYSTEM-23ILE,SYSTEM-32PRO,SYSTEM-31ILE,SYSTEM-95ILE,SYSTEM-63LEU,SYSTEM-67ILE,SYSTEM-81LEU,SYSTEM-35ILE
62	9	654.2		81.8		SYSTEM-53LEU,SYSTEM-23ILE,SYSTEM-32PRO,SYSTEM-31ILE,SYSTEM-95ILE,SYSTEM-54VAL,SYSTEM-33VAL,SYSTEM-111MET,SYSTEM-35ILE
63	9	605.3		75.7		SYSTEM-53LEU,SYSTEM-23ILE,SYSTEM-32PRO,SYSTEM-31ILE,SYSTEM-95ILE,SYSTEM-54VAL,SYSTEM-63LEU,SYSTEM-67ILE,SYSTEM-35ILE
64	9	587.5		73.4		SYSTEM-53LEU,SYSTEM-23ILE,SYSTEM-32PRO,SYSTEM-31ILE,SYSTEM-99TYR,SYSTEM-109LEU,SYSTEM-111MET,SYSTEM-81LEU,SYSTEM-35ILE
65	9	619.7		77.5		SYSTEM-53LEU,SYSTEM-23ILE,SYSTEM-32PRO,SYSTEM-31ILE,SYSTEM-99TYR,SYSTEM-109LEU,SYSTEM-33VAL,SYSTEM-111MET,SYSTEM-35ILE
66	9	543.6		68.0		SYSTEM-53LEU,SYSTEM-23ILE,SYSTEM-32PRO,SYSTEM-99TYR,SYSTEM-109LEU,SYSTEM-111MET,SYSTEM-81LEU,SYSTEM-67ILE,SYSTEM-35ILE
67	9	574.7		71.8		SYSTEM-53LEU,SYSTEM-23ILE,SYSTEM-32PRO,SYSTEM-99TYR,SYSTEM-109LEU,SYSTEM-33VAL,SYSTEM-111MET,SYSTEM-81LEU,SYSTEM-35ILE
68	9	533.5		66.7		SYSTEM-53LEU,SYSTEM-23ILE,SYSTEM-32PRO,SYSTEM-99TYR,SYSTEM-31ILE,SYSTEM-95ILE,SYSTEM-63LEU,SYSTEM-67ILE,SYSTEM-35ILE
69	10	512.4		56.9		SYSTEM-53LEU,SYSTEM-27HIS,SYSTEM-30LYS,SYSTEM-55PRO,SYSTEM-54VAL,SYSTEM-95ILE,SYSTEM-98VAL,SYSTEM-89VAL,SYSTEM-81LEU,SYSTEM-35ILE
70	10	596.1		66.2		SYSTEM-53LEU,SYSTEM-27HIS,SYSTEM-30LYS,SYSTEM-55PRO,SYSTEM-54VAL,SYSTEM-95ILE,SYSTEM-60MET,SYSTEM-89VAL,SYSTEM-81LEU,SYSTEM-35ILE
71	10	585.1		65.0		SYSTEM-53LEU,SYSTEM-27HIS,SYSTEM-30LYS,SYSTEM-55PRO,SYSTEM-54VAL,SYSTEM-95ILE,SYSTEM-60MET,SYSTEM-63LEU,SYSTEM-67ILE,SYSTEM-35ILE
72	10	537.8		59.8		SYSTEM-53LEU,SYSTEM-27HIS,SYSTEM-30LYS,SYSTEM-55PRO,SYSTEM-54VAL,SYSTEM-95ILE,SYSTEM-63LEU,SYSTEM-67ILE,SYSTEM-52PHE,SYSTEM-35ILE
73	10	491.6		54.6		SYSTEM-53LEU,SYSTEM-27HIS,SYSTEM-30LYS,SYSTEM-55PRO,SYSTEM-54VAL,SYSTEM-95ILE,SYSTEM-63LEU,SYSTEM-67ILE,SYSTEM-81LEU,SYSTEM-35ILE
74	10	497.9		55.3		SYSTEM-53LEU,SYSTEM-27HIS,SYSTEM-30LYS,SYSTEM-55PRO,SYSTEM-54VAL,SYSTEM-58VAL,SYSTEM-63LEU,SYSTEM-67ILE,SYSTEM-52PHE,SYSTEM-35ILE
75	10	451.7		50.2		SYSTEM-53LEU,SYSTEM-27HIS,SYSTEM-30LYS,SYSTEM-55PRO,SYSTEM-54VAL,SYSTEM-58VAL,SYSTEM-63LEU,SYSTEM-67ILE,SYSTEM-81LEU,SYSTEM-35ILE
76	10	669.4		74.4		SYSTEM-53LEU,SYSTEM-27HIS,SYSTEM-30LYS,SYSTEM-55PRO,SYSTEM-54VAL,SYSTEM-33VAL,SYSTEM-109LEU,SYSTEM-111MET,SYSTEM-81LEU,SYSTEM-35ILE
77	10	664.1		73.8		SYSTEM-53LEU,SYSTEM-27HIS,SYSTEM-30LYS,SYSTEM-55PRO,SYSTEM-54VAL,SYSTEM-33VAL,SYSTEM-111MET,SYSTEM-81LEU,SYSTEM-67ILE,SYSTEM-35ILE
78	10	596.1		66.2		SYSTEM-53LEU,SYSTEM-27HIS,SYSTEM-30LYS,SYSTEM-55PRO,SYSTEM-54VAL,SYSTEM-63LEU,SYSTEM-60MET,SYSTEM-89VAL,SYSTEM-81LEU,SYSTEM-35ILE
79	10	584.8		65.0		SYSTEM-53LEU,SYSTEM-27HIS,SYSTEM-30LYS,SYSTEM-55PRO,SYSTEM-54VAL,SYSTEM-63LEU,SYSTEM-67ILE,SYSTEM-81LEU,SYSTEM-111MET,SYSTEM-35ILE
80	10	595.9		66.2		SYSTEM-53LEU,SYSTEM-27HIS,SYSTEM-30LYS,SYSTEM-55PRO,SYSTEM-57HIS,SYSTEM-58VAL,SYSTEM-54VAL,SYSTEM-33VAL,SYSTEM-111MET,SYSTEM-35ILE
81	10	547.0		60.8		SYSTEM-53LEU,SYSTEM-27HIS,SYSTEM-30LYS,SYSTEM-55PRO,SYSTEM-57HIS,SYSTEM-58VAL,SYSTEM-54VAL,SYSTEM-63LEU,SYSTEM-67ILE,SYSTEM-35ILE
82	10	476.4		52.9		SYSTEM-53LEU,SYSTEM-27HIS,SYSTEM-30LYS,SYSTEM-55PRO,SYSTEM-57HIS,SYSTEM-58VAL,SYSTEM-63LEU,SYSTEM-67ILE,SYSTEM-52PHE,SYSTEM-35ILE
83	10	430.2		47.8		SYSTEM-53LEU,SYSTEM-27HIS,SYSTEM-30LYS,SYSTEM-55PRO,SYSTEM-57HIS,SYSTEM-58VAL,SYSTEM-63LEU,SYSTEM-67ILE,SYSTEM-81LEU,SYSTEM-35ILE
84	10	525.7		58.4		SYSTEM-53LEU,SYSTEM-27HIS,SYSTEM-30LYS,SYSTEM-55PRO,SYSTEM-58VAL,SYSTEM-54VAL,SYSTEM-95ILE,SYSTEM-63LEU,SYSTEM-67ILE,SYSTEM-35ILE
85	10	629.0		69.9		SYSTEM-53LEU,SYSTEM-27HIS,SYSTEM-30LYS,SYSTEM-55PRO,SYSTEM-58VAL,SYSTEM-54VAL,SYSTEM-33VAL,SYSTEM-109LEU,SYSTEM-111MET,SYSTEM-35ILE
86	10	622.6		69.2		SYSTEM-53LEU,SYSTEM-27HIS,SYSTEM-30LYS,SYSTEM-55PRO,SYSTEM-58VAL,SYSTEM-54VAL,SYSTEM-33VAL,SYSTEM-111MET,SYSTEM-81LEU,SYSTEM-35ILE
87	10	545.4		60.6		SYSTEM-53LEU,SYSTEM-27HIS,SYSTEM-30LYS,SYSTEM-55PRO,SYSTEM-58VAL,SYSTEM-54VAL,SYSTEM-63LEU,SYSTEM-67ILE,SYSTEM-52PHE,SYSTEM-35ILE
88	10	499.2		55.5		SYSTEM-53LEU,SYSTEM-27HIS,SYSTEM-30LYS,SYSTEM-55PRO,SYSTEM-58VAL,SYSTEM-54VAL,SYSTEM-63LEU,SYSTEM-67ILE,SYSTEM-81LEU,SYSTEM-35ILE
89	10	513.4		57.0		SYSTEM-53LEU,SYSTEM-27HIS,SYSTEM-30LYS,SYSTEM-55PRO,SYSTEM-58VAL,SYSTEM-63LEU,SYSTEM-60MET,SYSTEM-89VAL,SYSTEM-81LEU,SYSTEM-35ILE
90	10	610.5		67.8		SYSTEM-53LEU,SYSTEM-27HIS,SYSTEM-30LYS,SYSTEM-55PRO,SYSTEM-58VAL,SYSTEM-63LEU,SYSTEM-54VAL,SYSTEM-33VAL,SYSTEM-111MET,SYSTEM-35ILE
91	10	502.1		55.8		SYSTEM-53LEU,SYSTEM-27HIS,SYSTEM-30LYS,SYSTEM-55PRO,SYSTEM-58VAL,SYSTEM-63LEU,SYSTEM-67ILE,SYSTEM-81LEU,SYSTEM-111MET,SYSTEM-35ILE
92	10	546.6		60.7		SYSTEM-53LEU,SYSTEM-30LYS,SYSTEM-29THR,SYSTEM-56ASP,SYSTEM-96SER,SYSTEM-94PRO,SYSTEM-93THR,SYSTEM-89VAL,SYSTEM-81LEU,SYSTEM-35ILE
93	10	725.8		80.6		SYSTEM-53LEU,SYSTEM-30LYS,SYSTEM-55PRO,SYSTEM-54VAL,SYSTEM-95ILE,SYSTEM-31ILE,SYSTEM-99TYR,SYSTEM-109LEU,SYSTEM-111MET,SYSTEM-35ILE
94	10	621.9		69.1		SYSTEM-53LEU,SYSTEM-30LYS,SYSTEM-55PRO,SYSTEM-54VAL,SYSTEM-95ILE,SYSTEM-98VAL,SYSTEM-60MET,SYSTEM-89VAL,SYSTEM-81LEU,SYSTEM-35ILE
95	10	610.9		67.9		SYSTEM-53LEU,SYSTEM-30LYS,SYSTEM-55PRO,SYSTEM-54VAL,SYSTEM-95ILE,SYSTEM-98VAL,SYSTEM-60MET,SYSTEM-63LEU,SYSTEM-67ILE,SYSTEM-35ILE
96	10	604.9		67.2		SYSTEM-53LEU,SYSTEM-30LYS,SYSTEM-55PRO,SYSTEM-54VAL,SYSTEM-95ILE,SYSTEM-98VAL,SYSTEM-89VAL,SYSTEM-81LEU,SYSTEM-111MET,SYSTEM-35ILE
97	10	560.8		62.3		SYSTEM-53LEU,SYSTEM-30LYS,SYSTEM-55PRO,SYSTEM-54VAL,SYSTEM-95ILE,SYSTEM-98VAL,SYSTEM-89VAL,SYSTEM-81LEU,SYSTEM-67ILE,SYSTEM-35ILE
98	10	603.8		67.1		SYSTEM-53LEU,SYSTEM-30LYS,SYSTEM-55PRO,SYSTEM-54VAL,SYSTEM-95ILE,SYSTEM-60MET,SYSTEM-98VAL,SYSTEM-89VAL,SYSTEM-81LEU,SYSTEM-35ILE
99	10	688.6		76.5		SYSTEM-53LEU,SYSTEM-30LYS,SYSTEM-55PRO,SYSTEM-54VAL,SYSTEM-95ILE,SYSTEM-60MET,SYSTEM-89VAL,SYSTEM-81LEU,SYSTEM-111MET,SYSTEM-35ILE
100	10	644.5		71.6		SYSTEM-53LEU,SYSTEM-30LYS,SYSTEM-55PRO,SYSTEM-54VAL,SYSTEM-95ILE,SYSTEM-60MET,SYSTEM-89VAL,SYSTEM-81LEU,SYSTEM-67ILE,SYSTEM-35ILE
101	10	604.1		67.1		SYSTEM-53LEU,SYSTEM-30LYS,SYSTEM-55PRO,SYSTEM-54VAL,SYSTEM-95ILE,SYSTEM-60MET,SYSTEM-63LEU,SYSTEM-67ILE,SYSTEM-52PHE,SYSTEM-35ILE
102	10	557.9		62.0		SYSTEM-53LEU,SYSTEM-30LYS,SYSTEM-55PRO,SYSTEM-54VAL,SYSTEM-95ILE,SYSTEM-60MET,SYSTEM-63LEU,SYSTEM-67ILE,SYSTEM-81LEU,SYSTEM-35ILE
103	10	595.4		66.2		SYSTEM-53LEU,SYSTEM-30LYS,SYSTEM-55PRO,SYSTEM-54VAL,SYSTEM-95ILE,SYSTEM-63LEU,SYSTEM-60MET,SYSTEM-89VAL,SYSTEM-81LEU,SYSTEM-35ILE
104	10	584.1		64.9		SYSTEM-53LEU,SYSTEM-30LYS,SYSTEM-55PRO,SYSTEM-54VAL,SYSTEM-95ILE,SYSTEM-63LEU,SYSTEM-67ILE,SYSTEM-81LEU,SYSTEM-111MET,SYSTEM-35ILE
105	10	555.5		61.7		SYSTEM-53LEU,SYSTEM-30LYS,SYSTEM-55PRO,SYSTEM-54VAL,SYSTEM-58VAL,SYSTEM-63LEU,SYSTEM-60MET,SYSTEM-89VAL,SYSTEM-81LEU,SYSTEM-35ILE
106	10	544.2		60.5		SYSTEM-53LEU,SYSTEM-30LYS,SYSTEM-55PRO,SYSTEM-54VAL,SYSTEM-58VAL,SYSTEM-63LEU,SYSTEM-67ILE,SYSTEM-81LEU,SYSTEM-111MET,SYSTEM-35ILE
107	10	717.8		79.8		SYSTEM-53LEU,SYSTEM-30LYS,SYSTEM-55PRO,SYSTEM-54VAL,SYSTEM-33VAL,SYSTEM-109LEU,SYSTEM-111MET,SYSTEM-81LEU,SYSTEM-67ILE,SYSTEM-35ILE
108	10	683.1		75.9		SYSTEM-53LEU,SYSTEM-30LYS,SYSTEM-55PRO,SYSTEM-54VAL,SYSTEM-33VAL,SYSTEM-111MET,SYSTEM-81LEU,SYSTEM-67ILE,SYSTEM-52PHE,SYSTEM-35ILE
109	10	509.9		56.7		SYSTEM-53LEU,SYSTEM-30LYS,SYSTEM-55PRO,SYSTEM-54VAL,SYSTEM-63LEU,SYSTEM-95ILE,SYSTEM-98VAL,SYSTEM-89VAL,SYSTEM-81LEU,SYSTEM-35ILE
110	10	593.6		66.0		SYSTEM-53LEU,SYSTEM-30LYS,SYSTEM-55PRO,SYSTEM-54VAL,SYSTEM-63LEU,SYSTEM-95ILE,SYSTEM-60MET,SYSTEM-89VAL,SYSTEM-81LEU,SYSTEM-35ILE
111	10	603.8		67.1		SYSTEM-53LEU,SYSTEM-30LYS,SYSTEM-55PRO,SYSTEM-54VAL,SYSTEM-63LEU,SYSTEM-60MET,SYSTEM-98VAL,SYSTEM-89VAL,SYSTEM-81LEU,SYSTEM-35ILE
112	10	688.6		76.5		SYSTEM-53LEU,SYSTEM-30LYS,SYSTEM-55PRO,SYSTEM-54VAL,SYSTEM-63LEU,SYSTEM-60MET,SYSTEM-89VAL,SYSTEM-81LEU,SYSTEM-111MET,SYSTEM-35ILE
113	10	644.5		71.6		SYSTEM-53LEU,SYSTEM-30LYS,SYSTEM-55PRO,SYSTEM-54VAL,SYSTEM-63LEU,SYSTEM-60MET,SYSTEM-89VAL,SYSTEM-81LEU,SYSTEM-67ILE,SYSTEM-35ILE
114	10	546.3		60.7		SYSTEM-53LEU,SYSTEM-30LYS,SYSTEM-55PRO,SYSTEM-57HIS,SYSTEM-58VAL,SYSTEM-54VAL,SYSTEM-95ILE,SYSTEM-63LEU,SYSTEM-67ILE,SYSTEM-35ILE
115	10	649.6		72.2		SYSTEM-53LEU,SYSTEM-30LYS,SYSTEM-55PRO,SYSTEM-57HIS,SYSTEM-58VAL,SYSTEM-54VAL,SYSTEM-33VAL,SYSTEM-109LEU,SYSTEM-111MET,SYSTEM-35ILE
116	10	643.2		71.5		SYSTEM-53LEU,SYSTEM-30LYS,SYSTEM-55PRO,SYSTEM-57HIS,SYSTEM-58VAL,SYSTEM-54VAL,SYSTEM-33VAL,SYSTEM-111MET,SYSTEM-81LEU,SYSTEM-35ILE
117	10	566.0		62.9		SYSTEM-53LEU,SYSTEM-30LYS,SYSTEM-55PRO,SYSTEM-57HIS,SYSTEM-58VAL,SYSTEM-54VAL,SYSTEM-63LEU,SYSTEM-67ILE,SYSTEM-52PHE,SYSTEM-35ILE
118	10	519.8		57.8		SYSTEM-53LEU,SYSTEM-30LYS,SYSTEM-55PRO,SYSTEM-57HIS,SYSTEM-58VAL,SYSTEM-54VAL,SYSTEM-63LEU,SYSTEM-67ILE,SYSTEM-81LEU,SYSTEM-35ILE
119	10	534.0		59.3		SYSTEM-53LEU,SYSTEM-30LYS,SYSTEM-55PRO,SYSTEM-57HIS,SYSTEM-58VAL,SYSTEM-63LEU,SYSTEM-60MET,SYSTEM-89VAL,SYSTEM-81LEU,SYSTEM-35ILE
120	10	631.1		70.1		SYSTEM-53LEU,SYSTEM-30LYS,SYSTEM-55PRO,SYSTEM-57HIS,SYSTEM-58VAL,SYSTEM-63LEU,SYSTEM-54VAL,SYSTEM-33VAL,SYSTEM-111MET,SYSTEM-35ILE
121	10	522.7		58.1		SYSTEM-53LEU,SYSTEM-30LYS,SYSTEM-55PRO,SYSTEM-57HIS,SYSTEM-58VAL,SYSTEM-63LEU,SYSTEM-67ILE,SYSTEM-81LEU,SYSTEM-111MET,SYSTEM-35ILE
122	10	519.3		57.7		SYSTEM-53LEU,SYSTEM-30LYS,SYSTEM-55PRO,SYSTEM-58VAL,SYSTEM-54VAL,SYSTEM-95ILE,SYSTEM-98VAL,SYSTEM-89VAL,SYSTEM-81LEU,SYSTEM-35ILE
123	10	603.0		67.0		SYSTEM-53LEU,SYSTEM-30LYS,SYSTEM-55PRO,SYSTEM-58VAL,SYSTEM-54VAL,SYSTEM-95ILE,SYSTEM-60MET,SYSTEM-89VAL,SYSTEM-81LEU,SYSTEM-35ILE
124	10	592.0		65.8		SYSTEM-53LEU,SYSTEM-30LYS,SYSTEM-55PRO,SYSTEM-58VAL,SYSTEM-54VAL,SYSTEM-95ILE,SYSTEM-60MET,SYSTEM-63LEU,SYSTEM-67ILE,SYSTEM-35ILE
125	10	544.7		60.5		SYSTEM-53LEU,SYSTEM-30LYS,SYSTEM-55PRO,SYSTEM-58VAL,SYSTEM-54VAL,SYSTEM-95ILE,SYSTEM-63LEU,SYSTEM-67ILE,SYSTEM-52PHE,SYSTEM-35ILE
126	10	498.5		55.4		SYSTEM-53LEU,SYSTEM-30LYS,SYSTEM-55PRO,SYSTEM-58VAL,SYSTEM-54VAL,SYSTEM-95ILE,SYSTEM-63LEU,SYSTEM-67ILE,SYSTEM-81LEU,SYSTEM-35ILE
127	10	676.3		75.1		SYSTEM-53LEU,SYSTEM-30LYS,SYSTEM-55PRO,SYSTEM-58VAL,SYSTEM-54VAL,SYSTEM-33VAL,SYSTEM-109LEU,SYSTEM-111MET,SYSTEM-81LEU,SYSTEM-35ILE
128	10	671.0		74.6		SYSTEM-53LEU,SYSTEM-30LYS,SYSTEM-55PRO,SYSTEM-58VAL,SYSTEM-54VAL,SYSTEM-33VAL,SYSTEM-111MET,SYSTEM-81LEU,SYSTEM-67ILE,SYSTEM-35ILE
129	10	603.0		67.0		SYSTEM-53LEU,SYSTEM-30LYS,SYSTEM-55PRO,SYSTEM-58VAL,SYSTEM-54VAL,SYSTEM-63LEU,SYSTEM-60MET,SYSTEM-89VAL,SYSTEM-81LEU,SYSTEM-35ILE
130	10	591.7		65.7		SYSTEM-53LEU,SYSTEM-30LYS,SYSTEM-55PRO,SYSTEM-58VAL,SYSTEM-54VAL,SYSTEM-63LEU,SYSTEM-67ILE,SYSTEM-81LEU,SYSTEM-111MET,SYSTEM-35ILE
131	10	427.2		47.5		SYSTEM-53LEU,SYSTEM-30LYS,SYSTEM-55PRO,SYSTEM-58VAL,SYSTEM-63LEU,SYSTEM-95ILE,SYSTEM-98VAL,SYSTEM-89VAL,SYSTEM-81LEU,SYSTEM-35ILE
132	10	510.9		56.8		SYSTEM-53LEU,SYSTEM-30LYS,SYSTEM-55PRO,SYSTEM-58VAL,SYSTEM-63LEU,SYSTEM-95ILE,SYSTEM-60MET,SYSTEM-89VAL,SYSTEM-81LEU,SYSTEM-35ILE
133	10	609.8		67.8		SYSTEM-53LEU,SYSTEM-30LYS,SYSTEM-55PRO,SYSTEM-58VAL,SYSTEM-63LEU,SYSTEM-95ILE,SYSTEM-54VAL,SYSTEM-33VAL,SYSTEM-111MET,SYSTEM-35ILE
134	10	521.1		57.9		SYSTEM-53LEU,SYSTEM-30LYS,SYSTEM-55PRO,SYSTEM-58VAL,SYSTEM-63LEU,SYSTEM-60MET,SYSTEM-98VAL,SYSTEM-89VAL,SYSTEM-81LEU,SYSTEM-35ILE
135	10	605.9		67.3		SYSTEM-53LEU,SYSTEM-30LYS,SYSTEM-55PRO,SYSTEM-58VAL,SYSTEM-63LEU,SYSTEM-60MET,SYSTEM-89VAL,SYSTEM-81LEU,SYSTEM-111MET,SYSTEM-35ILE
136	10	561.8		62.4		SYSTEM-53LEU,SYSTEM-30LYS,SYSTEM-55PRO,SYSTEM-58VAL,SYSTEM-63LEU,SYSTEM-60MET,SYSTEM-89VAL,SYSTEM-81LEU,SYSTEM-67ILE,SYSTEM-35ILE
137	10	664.2		73.8		SYSTEM-53LEU,SYSTEM-30LYS,SYSTEM-55PRO,SYSTEM-58VAL,SYSTEM-63LEU,SYSTEM-54VAL,SYSTEM-33VAL,SYSTEM-109LEU,SYSTEM-111MET,SYSTEM-35ILE
138	10	657.8		73.1		SYSTEM-53LEU,SYSTEM-30LYS,SYSTEM-55PRO,SYSTEM-58VAL,SYSTEM-63LEU,SYSTEM-54VAL,SYSTEM-33VAL,SYSTEM-111MET,SYSTEM-81LEU,SYSTEM-35ILE
139	10	607.2		67.5		SYSTEM-53LEU,SYSTEM-23ILE,SYSTEM-32PRO,SYSTEM-31ILE,SYSTEM-95ILE,SYSTEM-98VAL,SYSTEM-60MET,SYSTEM-89VAL,SYSTEM-81LEU,SYSTEM-35ILE
140	10	596.2		66.2		SYSTEM-53LEU,SYSTEM-23ILE,SYSTEM-32PRO,SYSTEM-31ILE,SYSTEM-95ILE,SYSTEM-98VAL,SYSTEM-60MET,SYSTEM-63LEU,SYSTEM-67ILE,SYSTEM-35ILE
141	10	590.2		65.6		SYSTEM-53LEU,SYSTEM-23ILE,SYSTEM-32PRO,SYSTEM-31ILE,SYSTEM-95ILE,SYSTEM-98VAL,SYSTEM-89VAL,SYSTEM-81LEU,SYSTEM-111MET,SYSTEM-35ILE
142	10	546.1		60.7		SYSTEM-53LEU,SYSTEM-23ILE,SYSTEM-32PRO,SYSTEM-31ILE,SYSTEM-95ILE,SYSTEM-98VAL,SYSTEM-89VAL,SYSTEM-81LEU,SYSTEM-67ILE,SYSTEM-35ILE
143	10	589.1		65.5		SYSTEM-53LEU,SYSTEM-23ILE,SYSTEM-32PRO,SYSTEM-31ILE,SYSTEM-95ILE,SYSTEM-60MET,SYSTEM-98VAL,SYSTEM-89VAL,SYSTEM-81LEU,SYSTEM-35ILE
144	10	673.9		74.9		SYSTEM-53LEU,SYSTEM-23ILE,SYSTEM-32PRO,SYSTEM-31ILE,SYSTEM-95ILE,SYSTEM-60MET,SYSTEM-89VAL,SYSTEM-81LEU,SYSTEM-111MET,SYSTEM-35ILE
145	10	629.8		70.0		SYSTEM-53LEU,SYSTEM-23ILE,SYSTEM-32PRO,SYSTEM-31ILE,SYSTEM-95ILE,SYSTEM-60MET,SYSTEM-89VAL,SYSTEM-81LEU,SYSTEM-67ILE,SYSTEM-35ILE
146	10	589.4		65.5		SYSTEM-53LEU,SYSTEM-23ILE,SYSTEM-32PRO,SYSTEM-31ILE,SYSTEM-95ILE,SYSTEM-60MET,SYSTEM-63LEU,SYSTEM-67ILE,SYSTEM-52PHE,SYSTEM-35ILE
147	10	543.2		60.4		SYSTEM-53LEU,SYSTEM-23ILE,SYSTEM-32PRO,SYSTEM-31ILE,SYSTEM-95ILE,SYSTEM-60MET,SYSTEM-63LEU,SYSTEM-67ILE,SYSTEM-81LEU,SYSTEM-35ILE
148	10	580.7		64.5		SYSTEM-53LEU,SYSTEM-23ILE,SYSTEM-32PRO,SYSTEM-31ILE,SYSTEM-95ILE,SYSTEM-63LEU,SYSTEM-60MET,SYSTEM-89VAL,SYSTEM-81LEU,SYSTEM-35ILE
149	10	677.8		75.3		SYSTEM-53LEU,SYSTEM-23ILE,SYSTEM-32PRO,SYSTEM-31ILE,SYSTEM-95ILE,SYSTEM-63LEU,SYSTEM-54VAL,SYSTEM-33VAL,SYSTEM-111MET,SYSTEM-35ILE
150	10	569.4		63.3		SYSTEM-53LEU,SYSTEM-23ILE,SYSTEM-32PRO,SYSTEM-31ILE,SYSTEM-95ILE,SYSTEM-63LEU,SYSTEM-67ILE,SYSTEM-81LEU,SYSTEM-111MET,SYSTEM-35ILE
151	10	590.8		65.6		SYSTEM-53LEU,SYSTEM-23ILE,SYSTEM-32PRO,SYSTEM-31ILE,SYSTEM-95ILE,SYSTEM-54VAL,SYSTEM-58VAL,SYSTEM-63LEU,SYSTEM-67ILE,SYSTEM-35ILE
152	10	734.0		81.6		SYSTEM-53LEU,SYSTEM-23ILE,SYSTEM-32PRO,SYSTEM-31ILE,SYSTEM-95ILE,SYSTEM-54VAL,SYSTEM-33VAL,SYSTEM-109LEU,SYSTEM-111MET,SYSTEM-35ILE
153	10	727.6		80.8		SYSTEM-53LEU,SYSTEM-23ILE,SYSTEM-32PRO,SYSTEM-31ILE,SYSTEM-95ILE,SYSTEM-54VAL,SYSTEM-33VAL,SYSTEM-111MET,SYSTEM-81LEU,SYSTEM-35ILE
154	10	650.4		72.3		SYSTEM-53LEU,SYSTEM-23ILE,SYSTEM-32PRO,SYSTEM-31ILE,SYSTEM-95ILE,SYSTEM-54VAL,SYSTEM-63LEU,SYSTEM-67ILE,SYSTEM-52PHE,SYSTEM-35ILE
155	10	604.2		67.1		SYSTEM-53LEU,SYSTEM-23ILE,SYSTEM-32PRO,SYSTEM-31ILE,SYSTEM-95ILE,SYSTEM-54VAL,SYSTEM-63LEU,SYSTEM-67ILE,SYSTEM-81LEU,SYSTEM-35ILE
156	10	662.0		73.6		SYSTEM-53LEU,SYSTEM-23ILE,SYSTEM-32PRO,SYSTEM-31ILE,SYSTEM-99TYR,SYSTEM-109LEU,SYSTEM-111MET,SYSTEM-81LEU,SYSTEM-67ILE,SYSTEM-35ILE
157	10	693.1		77.0		SYSTEM-53LEU,SYSTEM-23ILE,SYSTEM-32PRO,SYSTEM-31ILE,SYSTEM-99TYR,SYSTEM-109LEU,SYSTEM-33VAL,SYSTEM-111MET,SYSTEM-81LEU,SYSTEM-35ILE
158	10	588.7		65.4		SYSTEM-53LEU,SYSTEM-23ILE,SYSTEM-32PRO,SYSTEM-99TYR,SYSTEM-109LEU,SYSTEM-111MET,SYSTEM-81LEU,SYSTEM-67ILE,SYSTEM-52PHE,SYSTEM-35ILE
159	10	625.4		69.5		SYSTEM-53LEU,SYSTEM-23ILE,SYSTEM-32PRO,SYSTEM-99TYR,SYSTEM-109LEU,SYSTEM-33VAL,SYSTEM-54VAL,SYSTEM-63LEU,SYSTEM-67ILE,SYSTEM-35ILE
160	10	649.2		72.1		SYSTEM-53LEU,SYSTEM-23ILE,SYSTEM-32PRO,SYSTEM-99TYR,SYSTEM-109LEU,SYSTEM-33VAL,SYSTEM-111MET,SYSTEM-81LEU,SYSTEM-67ILE,SYSTEM-35ILE
161	10	553.2		61.5		SYSTEM-53LEU,SYSTEM-23ILE,SYSTEM-32PRO,SYSTEM-99TYR,SYSTEM-31ILE,SYSTEM-95ILE,SYSTEM-98VAL,SYSTEM-89VAL,SYSTEM-81LEU,SYSTEM-35ILE
162	10	636.9		70.8		SYSTEM-53LEU,SYSTEM-23ILE,SYSTEM-32PRO,SYSTEM-99TYR,SYSTEM-31ILE,SYSTEM-95ILE,SYSTEM-60MET,SYSTEM-89VAL,SYSTEM-81LEU,SYSTEM-35ILE
163	10	625.9		69.5		SYSTEM-53LEU,SYSTEM-23ILE,SYSTEM-32PRO,SYSTEM-99TYR,SYSTEM-31ILE,SYSTEM-95ILE,SYSTEM-60MET,SYSTEM-63LEU,SYSTEM-67ILE,SYSTEM-35ILE
164	10	578.6		64.3		SYSTEM-53LEU,SYSTEM-23ILE,SYSTEM-32PRO,SYSTEM-99TYR,SYSTEM-31ILE,SYSTEM-95ILE,SYSTEM-63LEU,SYSTEM-67ILE,SYSTEM-52PHE,SYSTEM-35ILE
165	10	532.4		59.2		SYSTEM-53LEU,SYSTEM-23ILE,SYSTEM-32PRO,SYSTEM-99TYR,SYSTEM-31ILE,SYSTEM-95ILE,SYSTEM-63LEU,SYSTEM-67ILE,SYSTEM-81LEU,SYSTEM-35ILE
166	10	735.8		81.8		SYSTEM-53LEU,SYSTEM-23ILE,SYSTEM-32PRO,SYSTEM-99TYR,SYSTEM-31ILE,SYSTEM-95ILE,SYSTEM-54VAL,SYSTEM-33VAL,SYSTEM-111MET,SYSTEM-35ILE
167	10	686.9		76.3		SYSTEM-53LEU,SYSTEM-23ILE,SYSTEM-32PRO,SYSTEM-99TYR,SYSTEM-31ILE,SYSTEM-95ILE,SYSTEM-54VAL,SYSTEM-63LEU,SYSTEM-67ILE,SYSTEM-35ILE
168	11	572.7		57.3		SYSTEM-53LEU,SYSTEM-27HIS,SYSTEM-30LYS,SYSTEM-29THR,SYSTEM-56ASP,SYSTEM-96SER,SYSTEM-94PRO,SYSTEM-93THR,SYSTEM-89VAL,SYSTEM-81LEU,SYSTEM-35ILE
169	11	751.9		75.2		SYSTEM-53LEU,SYSTEM-27HIS,SYSTEM-30LYS,SYSTEM-55PRO,SYSTEM-54VAL,SYSTEM-95ILE,SYSTEM-31ILE,SYSTEM-99TYR,SYSTEM-109LEU,SYSTEM-111MET,SYSTEM-35ILE
170	11	648.0		64.8		SYSTEM-53LEU,SYSTEM-27HIS,SYSTEM-30LYS,SYSTEM-55PRO,SYSTEM-54VAL,SYSTEM-95ILE,SYSTEM-98VAL,SYSTEM-60MET,SYSTEM-89VAL,SYSTEM-81LEU,SYSTEM-35ILE
171	11	637.0		63.7		SYSTEM-53LEU,SYSTEM-27HIS,SYSTEM-30LYS,SYSTEM-55PRO,SYSTEM-54VAL,SYSTEM-95ILE,SYSTEM-98VAL,SYSTEM-60MET,SYSTEM-63LEU,SYSTEM-67ILE,SYSTEM-35ILE
172	11	631.0		63.1		SYSTEM-53LEU,SYSTEM-27HIS,SYSTEM-30LYS,SYSTEM-55PRO,SYSTEM-54VAL,SYSTEM-95ILE,SYSTEM-98VAL,SYSTEM-89VAL,SYSTEM-81LEU,SYSTEM-111MET,SYSTEM-35ILE
173	11	586.9		58.7		SYSTEM-53LEU,SYSTEM-27HIS,SYSTEM-30LYS,SYSTEM-55PRO,SYSTEM-54VAL,SYSTEM-95ILE,SYSTEM-98VAL,SYSTEM-89VAL,SYSTEM-81LEU,SYSTEM-67ILE,SYSTEM-35ILE
174	11	629.9		63.0		SYSTEM-53LEU,SYSTEM-27HIS,SYSTEM-30LYS,SYSTEM-55PRO,SYSTEM-54VAL,SYSTEM-95ILE,SYSTEM-60MET,SYSTEM-98VAL,SYSTEM-89VAL,SYSTEM-81LEU,SYSTEM-35ILE
175	11	714.7		71.5		SYSTEM-53LEU,SYSTEM-27HIS,SYSTEM-30LYS,SYSTEM-55PRO,SYSTEM-54VAL,SYSTEM-95ILE,SYSTEM-60MET,SYSTEM-89VAL,SYSTEM-81LEU,SYSTEM-111MET,SYSTEM-35ILE
176	11	670.6		67.1		SYSTEM-53LEU,SYSTEM-27HIS,SYSTEM-30LYS,SYSTEM-55PRO,SYSTEM-54VAL,SYSTEM-95ILE,SYSTEM-60MET,SYSTEM-89VAL,SYSTEM-81LEU,SYSTEM-67ILE,SYSTEM-35ILE
177	11	630.2		63.0		SYSTEM-53LEU,SYSTEM-27HIS,SYSTEM-30LYS,SYSTEM-55PRO,SYSTEM-54VAL,SYSTEM-95ILE,SYSTEM-60MET,SYSTEM-63LEU,SYSTEM-67ILE,SYSTEM-52PHE,SYSTEM-35ILE
178	11	584.0		58.4		SYSTEM-53LEU,SYSTEM-27HIS,SYSTEM-30LYS,SYSTEM-55PRO,SYSTEM-54VAL,SYSTEM-95ILE,SYSTEM-60MET,SYSTEM-63LEU,SYSTEM-67ILE,SYSTEM-81LEU,SYSTEM-35ILE
179	11	621.5		62.1		SYSTEM-53LEU,SYSTEM-27HIS,SYSTEM-30LYS,SYSTEM-55PRO,SYSTEM-54VAL,SYSTEM-95ILE,SYSTEM-63LEU,SYSTEM-60MET,SYSTEM-89VAL,SYSTEM-81LEU,SYSTEM-35ILE
180	11	610.2		61.0		SYSTEM-53LEU,SYSTEM-27HIS,SYSTEM-30LYS,SYSTEM-55PRO,SYSTEM-54VAL,SYSTEM-95ILE,SYSTEM-63LEU,SYSTEM-67ILE,SYSTEM-81LEU,SYSTEM-111MET,SYSTEM-35ILE
181	11	581.6		58.2		SYSTEM-53LEU,SYSTEM-27HIS,SYSTEM-30LYS,SYSTEM-55PRO,SYSTEM-54VAL,SYSTEM-58VAL,SYSTEM-63LEU,SYSTEM-60MET,SYSTEM-89VAL,SYSTEM-81LEU,SYSTEM-35ILE
182	11	570.3		57.0		SYSTEM-53LEU,SYSTEM-27HIS,SYSTEM-30LYS,SYSTEM-55PRO,SYSTEM-54VAL,SYSTEM-58VAL,SYSTEM-63LEU,SYSTEM-67ILE,SYSTEM-81LEU,SYSTEM-111MET,SYSTEM-35ILE
183	11	743.9		74.4		SYSTEM-53LEU,SYSTEM-27HIS,SYSTEM-30LYS,SYSTEM-55PRO,SYSTEM-54VAL,SYSTEM-33VAL,SYSTEM-109LEU,SYSTEM-111MET,SYSTEM-81LEU,SYSTEM-67ILE,SYSTEM-35ILE
184	11	709.2		70.9		SYSTEM-53LEU,SYSTEM-27HIS,SYSTEM-30LYS,SYSTEM-55PRO,SYSTEM-54VAL,SYSTEM-33VAL,SYSTEM-111MET,SYSTEM-81LEU,SYSTEM-67ILE,SYSTEM-52PHE,SYSTEM-35ILE
185	11	536.0		53.6		SYSTEM-53LEU,SYSTEM-27HIS,SYSTEM-30LYS,SYSTEM-55PRO,SYSTEM-54VAL,SYSTEM-63LEU,SYSTEM-95ILE,SYSTEM-98VAL,SYSTEM-89VAL,SYSTEM-81LEU,SYSTEM-35ILE
186	11	619.7		62.0		SYSTEM-53LEU,SYSTEM-27HIS,SYSTEM-30LYS,SYSTEM-55PRO,SYSTEM-54VAL,SYSTEM-63LEU,SYSTEM-95ILE,SYSTEM-60MET,SYSTEM-89VAL,SYSTEM-81LEU,SYSTEM-35ILE
187	11	629.9		63.0		SYSTEM-53LEU,SYSTEM-27HIS,SYSTEM-30LYS,SYSTEM-55PRO,SYSTEM-54VAL,SYSTEM-63LEU,SYSTEM-60MET,SYSTEM-98VAL,SYSTEM-89VAL,SYSTEM-81LEU,SYSTEM-35ILE
188	11	714.7		71.5		SYSTEM-53LEU,SYSTEM-27HIS,SYSTEM-30LYS,SYSTEM-55PRO,SYSTEM-54VAL,SYSTEM-63LEU,SYSTEM-60MET,SYSTEM-89VAL,SYSTEM-81LEU,SYSTEM-111MET,SYSTEM-35ILE
189	11	670.6		67.1		SYSTEM-53LEU,SYSTEM-27HIS,SYSTEM-30LYS,SYSTEM-55PRO,SYSTEM-54VAL,SYSTEM-63LEU,SYSTEM-60MET,SYSTEM-89VAL,SYSTEM-81LEU,SYSTEM-67ILE,SYSTEM-35ILE
190	11	572.4		57.2		SYSTEM-53LEU,SYSTEM-27HIS,SYSTEM-30LYS,SYSTEM-55PRO,SYSTEM-57HIS,SYSTEM-58VAL,SYSTEM-54VAL,SYSTEM-95ILE,SYSTEM-63LEU,SYSTEM-67ILE,SYSTEM-35ILE
191	11	675.7		67.6		SYSTEM-53LEU,SYSTEM-27HIS,SYSTEM-30LYS,SYSTEM-55PRO,SYSTEM-57HIS,SYSTEM-58VAL,SYSTEM-54VAL,SYSTEM-33VAL,SYSTEM-109LEU,SYSTEM-111MET,SYSTEM-35ILE
192	11	669.3		66.9		SYSTEM-53LEU,SYSTEM-27HIS,SYSTEM-30LYS,SYSTEM-55PRO,SYSTEM-57HIS,SYSTEM-58VAL,SYSTEM-54VAL,SYSTEM-33VAL,SYSTEM-111MET,SYSTEM-81LEU,SYSTEM-35ILE
193	11	592.1		59.2		SYSTEM-53LEU,SYSTEM-27HIS,SYSTEM-30LYS,SYSTEM-55PRO,SYSTEM-57HIS,SYSTEM-58VAL,SYSTEM-54VAL,SYSTEM-63LEU,SYSTEM-67ILE,SYSTEM-52PHE,SYSTEM-35ILE
194	11	545.9		54.6		SYSTEM-53LEU,SYSTEM-27HIS,SYSTEM-30LYS,SYSTEM-55PRO,SYSTEM-57HIS,SYSTEM-58VAL,SYSTEM-54VAL,SYSTEM-63LEU,SYSTEM-67ILE,SYSTEM-81LEU,SYSTEM-35ILE
195	11	560.1		56.0		SYSTEM-53LEU,SYSTEM-27HIS,SYSTEM-30LYS,SYSTEM-55PRO,SYSTEM-57HIS,SYSTEM-58VAL,SYSTEM-63LEU,SYSTEM-60MET,SYSTEM-89VAL,SYSTEM-81LEU,SYSTEM-35ILE
196	11	657.2		65.7		SYSTEM-53LEU,SYSTEM-27HIS,SYSTEM-30LYS,SYSTEM-55PRO,SYSTEM-57HIS,SYSTEM-58VAL,SYSTEM-63LEU,SYSTEM-54VAL,SYSTEM-33VAL,SYSTEM-111MET,SYSTEM-35ILE
197	11	548.8		54.9		SYSTEM-53LEU,SYSTEM-27HIS,SYSTEM-30LYS,SYSTEM-55PRO,SYSTEM-57HIS,SYSTEM-58VAL,SYSTEM-63LEU,SYSTEM-67ILE,SYSTEM-81LEU,SYSTEM-111MET,SYSTEM-35ILE
198	11	545.4		54.5		SYSTEM-53LEU,SYSTEM-27HIS,SYSTEM-30LYS,SYSTEM-55PRO,SYSTEM-58VAL,SYSTEM-54VAL,SYSTEM-95ILE,SYSTEM-98VAL,SYSTEM-89VAL,SYSTEM-81LEU,SYSTEM-35ILE
199	11	629.1		62.9		SYSTEM-53LEU,SYSTEM-27HIS,SYSTEM-30LYS,SYSTEM-55PRO,SYSTEM-58VAL,SYSTEM-54VAL,SYSTEM-95ILE,SYSTEM-60MET,SYSTEM-89VAL,SYSTEM-81LEU,SYSTEM-35ILE
200	11	618.1		61.8		SYSTEM-53LEU,SYSTEM-27HIS,SYSTEM-30LYS,SYSTEM-55PRO,SYSTEM-58VAL,SYSTEM-54VAL,SYSTEM-95ILE,SYSTEM-60MET,SYSTEM-63LEU,SYSTEM-67ILE,SYSTEM-35ILE
201	11	570.8		57.1		SYSTEM-53LEU,SYSTEM-27HIS,SYSTEM-30LYS,SYSTEM-55PRO,SYSTEM-58VAL,SYSTEM-54VAL,SYSTEM-95ILE,SYSTEM-63LEU,SYSTEM-67ILE,SYSTEM-52PHE,SYSTEM-35ILE
202	11	524.6		52.5		SYSTEM-53LEU,SYSTEM-27HIS,SYSTEM-30LYS,SYSTEM-55PRO,SYSTEM-58VAL,SYSTEM-54VAL,SYSTEM-95ILE,SYSTEM-63LEU,SYSTEM-67ILE,SYSTEM-81LEU,SYSTEM-35ILE
203	11	702.4		70.2		SYSTEM-53LEU,SYSTEM-27HIS,SYSTEM-30LYS,SYSTEM-55PRO,SYSTEM-58VAL,SYSTEM-54VAL,SYSTEM-33VAL,SYSTEM-109LEU,SYSTEM-111MET,SYSTEM-81LEU,SYSTEM-35ILE
204	11	697.1		69.7		SYSTEM-53LEU,SYSTEM-27HIS,SYSTEM-30LYS,SYSTEM-55PRO,SYSTEM-58VAL,SYSTEM-54VAL,SYSTEM-33VAL,SYSTEM-111MET,SYSTEM-81LEU,SYSTEM-67ILE,SYSTEM-35ILE
205	11	629.1		62.9		SYSTEM-53LEU,SYSTEM-27HIS,SYSTEM-30LYS,SYSTEM-55PRO,SYSTEM-58VAL,SYSTEM-54VAL,SYSTEM-63LEU,SYSTEM-60MET,SYSTEM-89VAL,SYSTEM-81LEU,SYSTEM-35ILE
206	11	617.8		61.8		SYSTEM-53LEU,SYSTEM-27HIS,SYSTEM-30LYS,SYSTEM-55PRO,SYSTEM-58VAL,SYSTEM-54VAL,SYSTEM-63LEU,SYSTEM-67ILE,SYSTEM-81LEU,SYSTEM-111MET,SYSTEM-35ILE
207	11	453.3		45.3		SYSTEM-53LEU,SYSTEM-27HIS,SYSTEM-30LYS,SYSTEM-55PRO,SYSTEM-58VAL,SYSTEM-63LEU,SYSTEM-95ILE,SYSTEM-98VAL,SYSTEM-89VAL,SYSTEM-81LEU,SYSTEM-35ILE
208	11	537.0		53.7		SYSTEM-53LEU,SYSTEM-27HIS,SYSTEM-30LYS,SYSTEM-55PRO,SYSTEM-58VAL,SYSTEM-63LEU,SYSTEM-95ILE,SYSTEM-60MET,SYSTEM-89VAL,SYSTEM-81LEU,SYSTEM-35ILE
209	11	635.9		63.6		SYSTEM-53LEU,SYSTEM-27HIS,SYSTEM-30LYS,SYSTEM-55PRO,SYSTEM-58VAL,SYSTEM-63LEU,SYSTEM-95ILE,SYSTEM-54VAL,SYSTEM-33VAL,SYSTEM-111MET,SYSTEM-35ILE
210	11	547.2		54.7		SYSTEM-53LEU,SYSTEM-27HIS,SYSTEM-30LYS,SYSTEM-55PRO,SYSTEM-58VAL,SYSTEM-63LEU,SYSTEM-60MET,SYSTEM-98VAL,SYSTEM-89VAL,SYSTEM-81LEU,SYSTEM-35ILE
211	11	632.0		63.2		SYSTEM-53LEU,SYSTEM-27HIS,SYSTEM-30LYS,SYSTEM-55PRO,SYSTEM-58VAL,SYSTEM-63LEU,SYSTEM-60MET,SYSTEM-89VAL,SYSTEM-81LEU,SYSTEM-111MET,SYSTEM-35ILE
212	11	587.9		58.8		SYSTEM-53LEU,SYSTEM-27HIS,SYSTEM-30LYS,SYSTEM-55PRO,SYSTEM-58VAL,SYSTEM-63LEU,SYSTEM-60MET,SYSTEM-89VAL,SYSTEM-81LEU,SYSTEM-67ILE,SYSTEM-35ILE
213	11	690.3		69.0		SYSTEM-53LEU,SYSTEM-27HIS,SYSTEM-30LYS,SYSTEM-55PRO,SYSTEM-58VAL,SYSTEM-63LEU,SYSTEM-54VAL,SYSTEM-33VAL,SYSTEM-109LEU,SYSTEM-111MET,SYSTEM-35ILE
214	11	683.9		68.4		SYSTEM-53LEU,SYSTEM-27HIS,SYSTEM-30LYS,SYSTEM-55PRO,SYSTEM-58VAL,SYSTEM-63LEU,SYSTEM-54VAL,SYSTEM-33VAL,SYSTEM-111MET,SYSTEM-81LEU,SYSTEM-35ILE
215	11	665.2		66.5		SYSTEM-53LEU,SYSTEM-30LYS,SYSTEM-29THR,SYSTEM-56ASP,SYSTEM-96SER,SYSTEM-94PRO,SYSTEM-93THR,SYSTEM-89VAL,SYSTEM-81LEU,SYSTEM-111MET,SYSTEM-35ILE
216	11	621.1		62.1		SYSTEM-53LEU,SYSTEM-30LYS,SYSTEM-29THR,SYSTEM-56ASP,SYSTEM-96SER,SYSTEM-94PRO,SYSTEM-93THR,SYSTEM-89VAL,SYSTEM-81LEU,SYSTEM-67ILE,SYSTEM-35ILE
217	11	609.7		61.0		SYSTEM-53LEU,SYSTEM-30LYS,SYSTEM-29THR,SYSTEM-56ASP,SYSTEM-96SER,SYSTEM-97GLU,SYSTEM-94PRO,SYSTEM-93THR,SYSTEM-89VAL,SYSTEM-81LEU,SYSTEM-35ILE
218	11	764.8		76.5		SYSTEM-53LEU,SYSTEM-30LYS,SYSTEM-55PRO,SYSTEM-54VAL,SYSTEM-95ILE,SYSTEM-31ILE,SYSTEM-32PRO,SYSTEM-99TYR,SYSTEM-109LEU,SYSTEM-111MET,SYSTEM-35ILE
219	11	799.2		79.9		SYSTEM-53LEU,SYSTEM-30LYS,SYSTEM-55PRO,SYSTEM-54VAL,SYSTEM-95ILE,SYSTEM-31ILE,SYSTEM-99TYR,SYSTEM-109LEU,SYSTEM-111MET,SYSTEM-81LEU,SYSTEM-35ILE
220	11	831.4		83.1		SYSTEM-53LEU,SYSTEM-30LYS,SYSTEM-55PRO,SYSTEM-54VAL,SYSTEM-95ILE,SYSTEM-31ILE,SYSTEM-99TYR,SYSTEM-109LEU,SYSTEM-33VAL,SYSTEM-111MET,SYSTEM-35ILE
221	11	740.5		74.0		SYSTEM-53LEU,SYSTEM-30LYS,SYSTEM-55PRO,SYSTEM-54VAL,SYSTEM-95ILE,SYSTEM-98VAL,SYSTEM-60MET,SYSTEM-89VAL,SYSTEM-81LEU,SYSTEM-111MET,SYSTEM-35ILE
222	11	696.4		69.6		SYSTEM-53LEU,SYSTEM-30LYS,SYSTEM-55PRO,SYSTEM-54VAL,SYSTEM-95ILE,SYSTEM-98VAL,SYSTEM-60MET,SYSTEM-89VAL,SYSTEM-81LEU,SYSTEM-67ILE,SYSTEM-35ILE
223	11	656.0		65.6		SYSTEM-53LEU,SYSTEM-30LYS,SYSTEM-55PRO,SYSTEM-54VAL,SYSTEM-95ILE,SYSTEM-98VAL,SYSTEM-60MET,SYSTEM-63LEU,SYSTEM-67ILE,SYSTEM-52PHE,SYSTEM-35ILE
224	11	609.8		61.0		SYSTEM-53LEU,SYSTEM-30LYS,SYSTEM-55PRO,SYSTEM-54VAL,SYSTEM-95ILE,SYSTEM-98VAL,SYSTEM-60MET,SYSTEM-63LEU,SYSTEM-67ILE,SYSTEM-81LEU,SYSTEM-35ILE
225	11	661.9		66.2		SYSTEM-53LEU,SYSTEM-30LYS,SYSTEM-55PRO,SYSTEM-54VAL,SYSTEM-95ILE,SYSTEM-98VAL,SYSTEM-89VAL,SYSTEM-60MET,SYSTEM-63LEU,SYSTEM-67ILE,SYSTEM-35ILE
226	11	605.9		60.6		SYSTEM-53LEU,SYSTEM-30LYS,SYSTEM-55PRO,SYSTEM-54VAL,SYSTEM-95ILE,SYSTEM-98VAL,SYSTEM-89VAL,SYSTEM-81LEU,SYSTEM-67ILE,SYSTEM-52PHE,SYSTEM-35ILE
227	11	722.4		72.2		SYSTEM-53LEU,SYSTEM-30LYS,SYSTEM-55PRO,SYSTEM-54VAL,SYSTEM-95ILE,SYSTEM-60MET,SYSTEM-98VAL,SYSTEM-89VAL,SYSTEM-81LEU,SYSTEM-111MET,SYSTEM-35ILE
228	11	678.3		67.8		SYSTEM-53LEU,SYSTEM-30LYS,SYSTEM-55PRO,SYSTEM-54VAL,SYSTEM-95ILE,SYSTEM-60MET,SYSTEM-98VAL,SYSTEM-89VAL,SYSTEM-81LEU,SYSTEM-67ILE,SYSTEM-35ILE
229	11	689.6		69.0		SYSTEM-53LEU,SYSTEM-30LYS,SYSTEM-55PRO,SYSTEM-54VAL,SYSTEM-95ILE,SYSTEM-60MET,SYSTEM-89VAL,SYSTEM-81LEU,SYSTEM-67ILE,SYSTEM-52PHE,SYSTEM-35ILE
230	11	676.5		67.7		SYSTEM-53LEU,SYSTEM-30LYS,SYSTEM-55PRO,SYSTEM-54VAL,SYSTEM-95ILE,SYSTEM-60MET,SYSTEM-63LEU,SYSTEM-67ILE,SYSTEM-81LEU,SYSTEM-111MET,SYSTEM-35ILE
231	11	629.2		62.9		SYSTEM-53LEU,SYSTEM-30LYS,SYSTEM-55PRO,SYSTEM-54VAL,SYSTEM-95ILE,SYSTEM-63LEU,SYSTEM-60MET,SYSTEM-98VAL,SYSTEM-89VAL,SYSTEM-81LEU,SYSTEM-35ILE
232	11	714.0		71.4		SYSTEM-53LEU,SYSTEM-30LYS,SYSTEM-55PRO,SYSTEM-54VAL,SYSTEM-95ILE,SYSTEM-63LEU,SYSTEM-60MET,SYSTEM-89VAL,SYSTEM-81LEU,SYSTEM-111MET,SYSTEM-35ILE
233	11	669.9		67.0		SYSTEM-53LEU,SYSTEM-30LYS,SYSTEM-55PRO,SYSTEM-54VAL,SYSTEM-95ILE,SYSTEM-63LEU,SYSTEM-60MET,SYSTEM-89VAL,SYSTEM-81LEU,SYSTEM-67ILE,SYSTEM-35ILE
234	11	495.4		49.5		SYSTEM-53LEU,SYSTEM-30LYS,SYSTEM-55PRO,SYSTEM-54VAL,SYSTEM-58VAL,SYSTEM-63LEU,SYSTEM-95ILE,SYSTEM-98VAL,SYSTEM-89VAL,SYSTEM-81LEU,SYSTEM-35ILE
235	11	579.1		57.9		SYSTEM-53LEU,SYSTEM-30LYS,SYSTEM-55PRO,SYSTEM-54VAL,SYSTEM-58VAL,SYSTEM-63LEU,SYSTEM-95ILE,SYSTEM-60MET,SYSTEM-89VAL,SYSTEM-81LEU,SYSTEM-35ILE
236	11	589.3		58.9		SYSTEM-53LEU,SYSTEM-30LYS,SYSTEM-55PRO,SYSTEM-54VAL,SYSTEM-58VAL,SYSTEM-63LEU,SYSTEM-60MET,SYSTEM-98VAL,SYSTEM-89VAL,SYSTEM-81LEU,SYSTEM-35ILE
237	11	674.1		67.4		SYSTEM-53LEU,SYSTEM-30LYS,SYSTEM-55PRO,SYSTEM-54VAL,SYSTEM-58VAL,SYSTEM-63LEU,SYSTEM-60MET,SYSTEM-89VAL,SYSTEM-81LEU,SYSTEM-111MET,SYSTEM-35ILE
238	11	630.0		63.0		SYSTEM-53LEU,SYSTEM-30LYS,SYSTEM-55PRO,SYSTEM-54VAL,SYSTEM-58VAL,SYSTEM-63LEU,SYSTEM-60MET,SYSTEM-89VAL,SYSTEM-81LEU,SYSTEM-67ILE,SYSTEM-35ILE
239	11	762.9		76.3		SYSTEM-53LEU,SYSTEM-30LYS,SYSTEM-55PRO,SYSTEM-54VAL,SYSTEM-33VAL,SYSTEM-109LEU,SYSTEM-111MET,SYSTEM-81LEU,SYSTEM-67ILE,SYSTEM-52PHE,SYSTEM-35ILE
240	11	749.4		74.9		SYSTEM-53LEU,SYSTEM-30LYS,SYSTEM-55PRO,SYSTEM-54VAL,SYSTEM-63LEU,SYSTEM-95ILE,SYSTEM-31ILE,SYSTEM-99TYR,SYSTEM-109LEU,SYSTEM-111MET,SYSTEM-35ILE
241	11	645.5		64.5		SYSTEM-53LEU,SYSTEM-30LYS,SYSTEM-55PRO,SYSTEM-54VAL,SYSTEM-63LEU,SYSTEM-95ILE,SYSTEM-98VAL,SYSTEM-60MET,SYSTEM-89VAL,SYSTEM-81LEU,SYSTEM-35ILE
242	11	628.5		62.8		SYSTEM-53LEU,SYSTEM-30LYS,SYSTEM-55PRO,SYSTEM-54VAL,SYSTEM-63LEU,SYSTEM-95ILE,SYSTEM-98VAL,SYSTEM-89VAL,SYSTEM-81LEU,SYSTEM-111MET,SYSTEM-35ILE
243	11	584.4		58.4		SYSTEM-53LEU,SYSTEM-30LYS,SYSTEM-55PRO,SYSTEM-54VAL,SYSTEM-63LEU,SYSTEM-95ILE,SYSTEM-98VAL,SYSTEM-89VAL,SYSTEM-81LEU,SYSTEM-67ILE,SYSTEM-35ILE
244	11	627.4		62.7		SYSTEM-53LEU,SYSTEM-30LYS,SYSTEM-55PRO,SYSTEM-54VAL,SYSTEM-63LEU,SYSTEM-95ILE,SYSTEM-60MET,SYSTEM-98VAL,SYSTEM-89VAL,SYSTEM-81LEU,SYSTEM-35ILE
245	11	712.2		71.2		SYSTEM-53LEU,SYSTEM-30LYS,SYSTEM-55PRO,SYSTEM-54VAL,SYSTEM-63LEU,SYSTEM-95ILE,SYSTEM-60MET,SYSTEM-89VAL,SYSTEM-81LEU,SYSTEM-111MET,SYSTEM-35ILE
246	11	668.1		66.8		SYSTEM-53LEU,SYSTEM-30LYS,SYSTEM-55PRO,SYSTEM-54VAL,SYSTEM-63LEU,SYSTEM-95ILE,SYSTEM-60MET,SYSTEM-89VAL,SYSTEM-81LEU,SYSTEM-67ILE,SYSTEM-35ILE
247	11	602.3		60.2		SYSTEM-53LEU,SYSTEM-30LYS,SYSTEM-55PRO,SYSTEM-54VAL,SYSTEM-63LEU,SYSTEM-60MET,SYSTEM-95ILE,SYSTEM-98VAL,SYSTEM-89VAL,SYSTEM-81LEU,SYSTEM-35ILE
248	11	722.4		72.2		SYSTEM-53LEU,SYSTEM-30LYS,SYSTEM-55PRO,SYSTEM-54VAL,SYSTEM-63LEU,SYSTEM-60MET,SYSTEM-98VAL,SYSTEM-89VAL,SYSTEM-81LEU,SYSTEM-111MET,SYSTEM-35ILE
249	11	678.3		67.8		SYSTEM-53LEU,SYSTEM-30LYS,SYSTEM-55PRO,SYSTEM-54VAL,SYSTEM-63LEU,SYSTEM-60MET,SYSTEM-98VAL,SYSTEM-89VAL,SYSTEM-81LEU,SYSTEM-67ILE,SYSTEM-35ILE
250	11	689.6		69.0		SYSTEM-53LEU,SYSTEM-30LYS,SYSTEM-55PRO,SYSTEM-54VAL,SYSTEM-63LEU,SYSTEM-60MET,SYSTEM-89VAL,SYSTEM-81LEU,SYSTEM-67ILE,SYSTEM-52PHE,SYSTEM-35ILE
251	11	566.0		56.6		SYSTEM-53LEU,SYSTEM-30LYS,SYSTEM-55PRO,SYSTEM-57HIS,SYSTEM-58VAL,SYSTEM-54VAL,SYSTEM-95ILE,SYSTEM-98VAL,SYSTEM-89VAL,SYSTEM-81LEU,SYSTEM-35ILE
252	11	649.7		65.0		SYSTEM-53LEU,SYSTEM-30LYS,SYSTEM-55PRO,SYSTEM-57HIS,SYSTEM-58VAL,SYSTEM-54VAL,SYSTEM-95ILE,SYSTEM-60MET,SYSTEM-89VAL,SYSTEM-81LEU,SYSTEM-35ILE
253	11	638.7		63.9		SYSTEM-53LEU,SYSTEM-30LYS,SYSTEM-55PRO,SYSTEM-57HIS,SYSTEM-58VAL,SYSTEM-54VAL,SYSTEM-95ILE,SYSTEM-60MET,SYSTEM-63LEU,SYSTEM-67ILE,SYSTEM-35ILE
254	11	591.4		59.1		SYSTEM-53LEU,SYSTEM-30LYS,SYSTEM-55PRO,SYSTEM-57HIS,SYSTEM-58VAL,SYSTEM-54VAL,SYSTEM-95ILE,SYSTEM-63LEU,SYSTEM-67ILE,SYSTEM-52PHE,SYSTEM-35ILE
255	11	545.2		54.5		SYSTEM-53LEU,SYSTEM-30LYS,SYSTEM-55PRO,SYSTEM-57HIS,SYSTEM-58VAL,SYSTEM-54VAL,SYSTEM-95ILE,SYSTEM-63LEU,SYSTEM-67ILE,SYSTEM-81LEU,SYSTEM-35ILE
256	11	723.0		72.3		SYSTEM-53LEU,SYSTEM-30LYS,SYSTEM-55PRO,SYSTEM-57HIS,SYSTEM-58VAL,SYSTEM-54VAL,SYSTEM-33VAL,SYSTEM-109LEU,SYSTEM-111MET,SYSTEM-81LEU,SYSTEM-35ILE
257	11	717.7		71.8		SYSTEM-53LEU,SYSTEM-30LYS,SYSTEM-55PRO,SYSTEM-57HIS,SYSTEM-58VAL,SYSTEM-54VAL,SYSTEM-33VAL,SYSTEM-111MET,SYSTEM-81LEU,SYSTEM-67ILE,SYSTEM-35ILE
258	11	649.7		65.0		SYSTEM-53LEU,SYSTEM-30LYS,SYSTEM-55PRO,SYSTEM-57HIS,SYSTEM-58VAL,SYSTEM-54VAL,SYSTEM-63LEU,SYSTEM-60MET,SYSTEM-89VAL,SYSTEM-81LEU,SYSTEM-35ILE
259	11	638.4		63.8		SYSTEM-53LEU,SYSTEM-30LYS,SYSTEM-55PRO,SYSTEM-57HIS,SYSTEM-58VAL,SYSTEM-54VAL,SYSTEM-63LEU,SYSTEM-67ILE,SYSTEM-81LEU,SYSTEM-111MET,SYSTEM-35ILE
260	11	473.9		47.4		SYSTEM-53LEU,SYSTEM-30LYS,SYSTEM-55PRO,SYSTEM-57HIS,SYSTEM-58VAL,SYSTEM-63LEU,SYSTEM-95ILE,SYSTEM-98VAL,SYSTEM-89VAL,SYSTEM-81LEU,SYSTEM-35ILE
261	11	557.6		55.8		SYSTEM-53LEU,SYSTEM-30LYS,SYSTEM-55PRO,SYSTEM-57HIS,SYSTEM-58VAL,SYSTEM-63LEU,SYSTEM-95ILE,SYSTEM-60MET,SYSTEM-89VAL,SYSTEM-81LEU,SYSTEM-35ILE
262	11	656.5		65.7		SYSTEM-53LEU,SYSTEM-30LYS,SYSTEM-55PRO,SYSTEM-57HIS,SYSTEM-58VAL,SYSTEM-63LEU,SYSTEM-95ILE,SYSTEM-54VAL,SYSTEM-33VAL,SYSTEM-111MET,SYSTEM-35ILE
263	11	567.8		56.8		SYSTEM-53LEU,SYSTEM-30LYS,SYSTEM-55PRO,SYSTEM-57HIS,SYSTEM-58VAL,SYSTEM-63LEU,SYSTEM-60MET,SYSTEM-98VAL,SYSTEM-89VAL,SYSTEM-81LEU,SYSTEM-35ILE
264	11	652.6		65.3		SYSTEM-53LEU,SYSTEM-30LYS,SYSTEM-55PRO,SYSTEM-57HIS,SYSTEM-58VAL,SYSTEM-63LEU,SYSTEM-60MET,SYSTEM-89VAL,SYSTEM-81LEU,SYSTEM-111MET,SYSTEM-35ILE
265	11	608.5		60.9		SYSTEM-53LEU,SYSTEM-30LYS,SYSTEM-55PRO,SYSTEM-57HIS,SYSTEM-58VAL,SYSTEM-63LEU,SYSTEM-60MET,SYSTEM-89VAL,SYSTEM-81LEU,SYSTEM-67ILE,SYSTEM-35ILE
266	11	710.9		71.1		SYSTEM-53LEU,SYSTEM-30LYS,SYSTEM-55PRO,SYSTEM-57HIS,SYSTEM-58VAL,SYSTEM-63LEU,SYSTEM-54VAL,SYSTEM-33VAL,SYSTEM-109LEU,SYSTEM-111MET,SYSTEM-35ILE
267	11	704.5		70.5		SYSTEM-53LEU,SYSTEM-30LYS,SYSTEM-55PRO,SYSTEM-57HIS,SYSTEM-58VAL,SYSTEM-63LEU,SYSTEM-54VAL,SYSTEM-33VAL,SYSTEM-111MET,SYSTEM-81LEU,SYSTEM-35ILE
268	11	758.8		75.9		SYSTEM-53LEU,SYSTEM-30LYS,SYSTEM-55PRO,SYSTEM-58VAL,SYSTEM-54VAL,SYSTEM-95ILE,SYSTEM-31ILE,SYSTEM-99TYR,SYSTEM-109LEU,SYSTEM-111MET,SYSTEM-35ILE
269	11	654.9		65.5		SYSTEM-53LEU,SYSTEM-30LYS,SYSTEM-55PRO,SYSTEM-58VAL,SYSTEM-54VAL,SYSTEM-95ILE,SYSTEM-98VAL,SYSTEM-60MET,SYSTEM-89VAL,SYSTEM-81LEU,SYSTEM-35ILE
270	11	643.9		64.4		SYSTEM-53LEU,SYSTEM-30LYS,SYSTEM-55PRO,SYSTEM-58VAL,SYSTEM-54VAL,SYSTEM-95ILE,SYSTEM-98VAL,SYSTEM-60MET,SYSTEM-63LEU,SYSTEM-67ILE,SYSTEM-35ILE
271	11	637.9		63.8		SYSTEM-53LEU,SYSTEM-30LYS,SYSTEM-55PRO,SYSTEM-58VAL,SYSTEM-54VAL,SYSTEM-95ILE,SYSTEM-98VAL,SYSTEM-89VAL,SYSTEM-81LEU,SYSTEM-111MET,SYSTEM-35ILE
272	11	593.8		59.4		SYSTEM-53LEU,SYSTEM-30LYS,SYSTEM-55PRO,SYSTEM-58VAL,SYSTEM-54VAL,SYSTEM-95ILE,SYSTEM-98VAL,SYSTEM-89VAL,SYSTEM-81LEU,SYSTEM-67ILE,SYSTEM-35ILE
273	11	636.8		63.7		SYSTEM-53LEU,SYSTEM-30LYS,SYSTEM-55PRO,SYSTEM-58VAL,SYSTEM-54VAL,SYSTEM-95ILE,SYSTEM-60MET,SYSTEM-98VAL,SYSTEM-89VAL,SYSTEM-81LEU,SYSTEM-35ILE
274	11	721.6		72.2		SYSTEM-53LEU,SYSTEM-30LYS,SYSTEM-55PRO,SYSTEM-58VAL,SYSTEM-54VAL,SYSTEM-95ILE,SYSTEM-60MET,SYSTEM-89VAL,SYSTEM-81LEU,SYSTEM-111MET,SYSTEM-35ILE
275	11	677.5		67.8		SYSTEM-53LEU,SYSTEM-30LYS,SYSTEM-55PRO,SYSTEM-58VAL,SYSTEM-54VAL,SYSTEM-95ILE,SYSTEM-60MET,SYSTEM-89VAL,SYSTEM-81LEU,SYSTEM-67ILE,SYSTEM-35ILE
276	11	637.1		63.7		SYSTEM-53LEU,SYSTEM-30LYS,SYSTEM-55PRO,SYSTEM-58VAL,SYSTEM-54VAL,SYSTEM-95ILE,SYSTEM-60MET,SYSTEM-63LEU,SYSTEM-67ILE,SYSTEM-52PHE,SYSTEM-35ILE
277	11	590.9		59.1		SYSTEM-53LEU,SYSTEM-30LYS,SYSTEM-55PRO,SYSTEM-58VAL,SYSTEM-54VAL,SYSTEM-95ILE,SYSTEM-60MET,SYSTEM-63LEU,SYSTEM-67ILE,SYSTEM-81LEU,SYSTEM-35ILE
278	11	628.4		62.8		SYSTEM-53LEU,SYSTEM-30LYS,SYSTEM-55PRO,SYSTEM-58VAL,SYSTEM-54VAL,SYSTEM-95ILE,SYSTEM-63LEU,SYSTEM-60MET,SYSTEM-89VAL,SYSTEM-81LEU,SYSTEM-35ILE
279	11	617.1		61.7		SYSTEM-53LEU,SYSTEM-30LYS,SYSTEM-55PRO,SYSTEM-58VAL,SYSTEM-54VAL,SYSTEM-95ILE,SYSTEM-63LEU,SYSTEM-67ILE,SYSTEM-81LEU,SYSTEM-111MET,SYSTEM-35ILE
280	11	750.8		75.1		SYSTEM-53LEU,SYSTEM-30LYS,SYSTEM-55PRO,SYSTEM-58VAL,SYSTEM-54VAL,SYSTEM-33VAL,SYSTEM-109LEU,SYSTEM-111MET,SYSTEM-81LEU,SYSTEM-67ILE,SYSTEM-35ILE
281	11	716.1		71.6		SYSTEM-53LEU,SYSTEM-30LYS,SYSTEM-55PRO,SYSTEM-58VAL,SYSTEM-54VAL,SYSTEM-33VAL,SYSTEM-111MET,SYSTEM-81LEU,SYSTEM-67ILE,SYSTEM-52PHE,SYSTEM-35ILE
282	11	542.9		54.3		SYSTEM-53LEU,SYSTEM-30LYS,SYSTEM-55PRO,SYSTEM-58VAL,SYSTEM-54VAL,SYSTEM-63LEU,SYSTEM-95ILE,SYSTEM-98VAL,SYSTEM-89VAL,SYSTEM-81LEU,SYSTEM-35ILE
283	11	626.6		62.7		SYSTEM-53LEU,SYSTEM-30LYS,SYSTEM-55PRO,SYSTEM-58VAL,SYSTEM-54VAL,SYSTEM-63LEU,SYSTEM-95ILE,SYSTEM-60MET,SYSTEM-89VAL,SYSTEM-81LEU,SYSTEM-35ILE
284	11	636.8		63.7		SYSTEM-53LEU,SYSTEM-30LYS,SYSTEM-55PRO,SYSTEM-58VAL,SYSTEM-54VAL,SYSTEM-63LEU,SYSTEM-60MET,SYSTEM-98VAL,SYSTEM-89VAL,SYSTEM-81LEU,SYSTEM-35ILE
285	11	721.6		72.2		SYSTEM-53LEU,SYSTEM-30LYS,SYSTEM-55PRO,SYSTEM-58VAL,SYSTEM-54VAL,SYSTEM-63LEU,SYSTEM-60MET,SYSTEM-89VAL,SYSTEM-81LEU,SYSTEM-111MET,SYSTEM-35ILE
286	11	677.5		67.8		SYSTEM-53LEU,SYSTEM-30LYS,SYSTEM-55PRO,SYSTEM-58VAL,SYSTEM-54VAL,SYSTEM-63LEU,SYSTEM-60MET,SYSTEM-89VAL,SYSTEM-81LEU,SYSTEM-67ILE,SYSTEM-35ILE
287	11	666.7		66.7		SYSTEM-53LEU,SYSTEM-30LYS,SYSTEM-55PRO,SYSTEM-58VAL,SYSTEM-63LEU,SYSTEM-95ILE,SYSTEM-31ILE,SYSTEM-99TYR,SYSTEM-109LEU,SYSTEM-111MET,SYSTEM-35ILE
288	11	562.8		56.3		SYSTEM-53LEU,SYSTEM-30LYS,SYSTEM-55PRO,SYSTEM-58VAL,SYSTEM-63LEU,SYSTEM-95ILE,SYSTEM-98VAL,SYSTEM-60MET,SYSTEM-89VAL,SYSTEM-81LEU,SYSTEM-35ILE
289	11	545.8		54.6		SYSTEM-53LEU,SYSTEM-30LYS,SYSTEM-55PRO,SYSTEM-58VAL,SYSTEM-63LEU,SYSTEM-95ILE,SYSTEM-98VAL,SYSTEM-89VAL,SYSTEM-81LEU,SYSTEM-111MET,SYSTEM-35ILE
290	11	501.7		50.2		SYSTEM-53LEU,SYSTEM-30LYS,SYSTEM-55PRO,SYSTEM-58VAL,SYSTEM-63LEU,SYSTEM-95ILE,SYSTEM-98VAL,SYSTEM-89VAL,SYSTEM-81LEU,SYSTEM-67ILE,SYSTEM-35ILE
291	11	544.7		54.5		SYSTEM-53LEU,SYSTEM-30LYS,SYSTEM-55PRO,SYSTEM-58VAL,SYSTEM-63LEU,SYSTEM-95ILE,SYSTEM-60MET,SYSTEM-98VAL,SYSTEM-89VAL,SYSTEM-81LEU,SYSTEM-35ILE
292	11	629.5		62.9		SYSTEM-53LEU,SYSTEM-30LYS,SYSTEM-55PRO,SYSTEM-58VAL,SYSTEM-63LEU,SYSTEM-95ILE,SYSTEM-60MET,SYSTEM-89VAL,SYSTEM-81LEU,SYSTEM-111MET,SYSTEM-35ILE
293	11	585.4		58.5		SYSTEM-53LEU,SYSTEM-30LYS,SYSTEM-55PRO,SYSTEM-58VAL,SYSTEM-63LEU,SYSTEM-95ILE,SYSTEM-60MET,SYSTEM-89VAL,SYSTEM-81LEU,SYSTEM-67ILE,SYSTEM-35ILE
294	11	689.6		69.0		SYSTEM-53LEU,SYSTEM-30LYS,SYSTEM-55PRO,SYSTEM-58VAL,SYSTEM-63LEU,SYSTEM-95ILE,SYSTEM-54VAL,SYSTEM-33VAL,SYSTEM-109LEU,SYSTEM-111MET,SYSTEM-35ILE
295	11	683.2		68.3		SYSTEM-53LEU,SYSTEM-30LYS,SYSTEM-55PRO,SYSTEM-58VAL,SYSTEM-63LEU,SYSTEM-95ILE,SYSTEM-54VAL,SYSTEM-33VAL,SYSTEM-111MET,SYSTEM-81LEU,SYSTEM-35ILE
296	11	519.6		52.0		SYSTEM-53LEU,SYSTEM-30LYS,SYSTEM-55PRO,SYSTEM-58VAL,SYSTEM-63LEU,SYSTEM-60MET,SYSTEM-95ILE,SYSTEM-98VAL,SYSTEM-89VAL,SYSTEM-81LEU,SYSTEM-35ILE
297	11	702.2		70.2		SYSTEM-53LEU,SYSTEM-30LYS,SYSTEM-55PRO,SYSTEM-58VAL,SYSTEM-63LEU,SYSTEM-60MET,SYSTEM-95ILE,SYSTEM-54VAL,SYSTEM-33VAL,SYSTEM-111MET,SYSTEM-35ILE
298	11	639.7		64.0		SYSTEM-53LEU,SYSTEM-30LYS,SYSTEM-55PRO,SYSTEM-58VAL,SYSTEM-63LEU,SYSTEM-60MET,SYSTEM-98VAL,SYSTEM-89VAL,SYSTEM-81LEU,SYSTEM-111MET,SYSTEM-35ILE
299	11	595.6		59.6		SYSTEM-53LEU,SYSTEM-30LYS,SYSTEM-55PRO,SYSTEM-58VAL,SYSTEM-63LEU,SYSTEM-60MET,SYSTEM-98VAL,SYSTEM-89VAL,SYSTEM-81LEU,SYSTEM-67ILE,SYSTEM-35ILE
300	11	606.9		60.7		SYSTEM-53LEU,SYSTEM-30LYS,SYSTEM-55PRO,SYSTEM-58VAL,SYSTEM-63LEU,SYSTEM-60MET,SYSTEM-89VAL,SYSTEM-81LEU,SYSTEM-67ILE,SYSTEM-52PHE,SYSTEM-35ILE
301	11	580.6		58.1		SYSTEM-53LEU,SYSTEM-30LYS,SYSTEM-55PRO,SYSTEM-58VAL,SYSTEM-63LEU,SYSTEM-54VAL,SYSTEM-95ILE,SYSTEM-98VAL,SYSTEM-89VAL,SYSTEM-81LEU,SYSTEM-35ILE
302	11	664.3		66.4		SYSTEM-53LEU,SYSTEM-30LYS,SYSTEM-55PRO,SYSTEM-58VAL,SYSTEM-63LEU,SYSTEM-54VAL,SYSTEM-95ILE,SYSTEM-60MET,SYSTEM-89VAL,SYSTEM-81LEU,SYSTEM-35ILE
303	11	737.6		73.8		SYSTEM-53LEU,SYSTEM-30LYS,SYSTEM-55PRO,SYSTEM-58VAL,SYSTEM-63LEU,SYSTEM-54VAL,SYSTEM-33VAL,SYSTEM-109LEU,SYSTEM-111MET,SYSTEM-81LEU,SYSTEM-35ILE
304	11	732.3		73.2		SYSTEM-53LEU,SYSTEM-30LYS,SYSTEM-55PRO,SYSTEM-58VAL,SYSTEM-63LEU,SYSTEM-54VAL,SYSTEM-33VAL,SYSTEM-111MET,SYSTEM-81LEU,SYSTEM-67ILE,SYSTEM-35ILE
305	11	725.8		72.6		SYSTEM-53LEU,SYSTEM-23ILE,SYSTEM-32PRO,SYSTEM-31ILE,SYSTEM-95ILE,SYSTEM-98VAL,SYSTEM-60MET,SYSTEM-89VAL,SYSTEM-81LEU,SYSTEM-111MET,SYSTEM-35ILE
306	11	681.7		68.2		SYSTEM-53LEU,SYSTEM-23ILE,SYSTEM-32PRO,SYSTEM-31ILE,SYSTEM-95ILE,SYSTEM-98VAL,SYSTEM-60MET,SYSTEM-89VAL,SYSTEM-81LEU,SYSTEM-67ILE,SYSTEM-35ILE
307	11	641.3		64.1		SYSTEM-53LEU,SYSTEM-23ILE,SYSTEM-32PRO,SYSTEM-31ILE,SYSTEM-95ILE,SYSTEM-98VAL,SYSTEM-60MET,SYSTEM-63LEU,SYSTEM-67ILE,SYSTEM-52PHE,SYSTEM-35ILE
308	11	595.1		59.5		SYSTEM-53LEU,SYSTEM-23ILE,SYSTEM-32PRO,SYSTEM-31ILE,SYSTEM-95ILE,SYSTEM-98VAL,SYSTEM-60MET,SYSTEM-63LEU,SYSTEM-67ILE,SYSTEM-81LEU,SYSTEM-35ILE
309	11	647.2		64.7		SYSTEM-53LEU,SYSTEM-23ILE,SYSTEM-32PRO,SYSTEM-31ILE,SYSTEM-95ILE,SYSTEM-98VAL,SYSTEM-89VAL,SYSTEM-60MET,SYSTEM-63LEU,SYSTEM-67ILE,SYSTEM-35ILE
310	11	591.2		59.1		SYSTEM-53LEU,SYSTEM-23ILE,SYSTEM-32PRO,SYSTEM-31ILE,SYSTEM-95ILE,SYSTEM-98VAL,SYSTEM-89VAL,SYSTEM-81LEU,SYSTEM-67ILE,SYSTEM-52PHE,SYSTEM-35ILE
311	11	707.7		70.8		SYSTEM-53LEU,SYSTEM-23ILE,SYSTEM-32PRO,SYSTEM-31ILE,SYSTEM-95ILE,SYSTEM-60MET,SYSTEM-98VAL,SYSTEM-89VAL,SYSTEM-81LEU,SYSTEM-111MET,SYSTEM-35ILE
312	11	663.6		66.4		SYSTEM-53LEU,SYSTEM-23ILE,SYSTEM-32PRO,SYSTEM-31ILE,SYSTEM-95ILE,SYSTEM-60MET,SYSTEM-98VAL,SYSTEM-89VAL,SYSTEM-81LEU,SYSTEM-67ILE,SYSTEM-35ILE
313	11	674.9		67.5		SYSTEM-53LEU,SYSTEM-23ILE,SYSTEM-32PRO,SYSTEM-31ILE,SYSTEM-95ILE,SYSTEM-60MET,SYSTEM-89VAL,SYSTEM-81LEU,SYSTEM-67ILE,SYSTEM-52PHE,SYSTEM-35ILE
314	11	770.2		77.0		SYSTEM-53LEU,SYSTEM-23ILE,SYSTEM-32PRO,SYSTEM-31ILE,SYSTEM-95ILE,SYSTEM-60MET,SYSTEM-63LEU,SYSTEM-54VAL,SYSTEM-33VAL,SYSTEM-111MET,SYSTEM-35ILE
315	11	661.8		66.2		SYSTEM-53LEU,SYSTEM-23ILE,SYSTEM-32PRO,SYSTEM-31ILE,SYSTEM-95ILE,SYSTEM-60MET,SYSTEM-63LEU,SYSTEM-67ILE,SYSTEM-81LEU,SYSTEM-111MET,SYSTEM-35ILE
316	11	663.3		66.3		SYSTEM-53LEU,SYSTEM-23ILE,SYSTEM-32PRO,SYSTEM-31ILE,SYSTEM-95ILE,SYSTEM-63LEU,SYSTEM-58VAL,SYSTEM-54VAL,SYSTEM-33VAL,SYSTEM-111MET,SYSTEM-35ILE
317	11	614.5		61.5		SYSTEM-53LEU,SYSTEM-23ILE,SYSTEM-32PRO,SYSTEM-31ILE,SYSTEM-95ILE,SYSTEM-63LEU,SYSTEM-60MET,SYSTEM-98VAL,SYSTEM-89VAL,SYSTEM-81LEU,SYSTEM-35ILE
318	11	699.3		69.9		SYSTEM-53LEU,SYSTEM-23ILE,SYSTEM-32PRO,SYSTEM-31ILE,SYSTEM-95ILE,SYSTEM-63LEU,SYSTEM-60MET,SYSTEM-89VAL,SYSTEM-81LEU,SYSTEM-111MET,SYSTEM-35ILE
319	11	655.2		65.5		SYSTEM-53LEU,SYSTEM-23ILE,SYSTEM-32PRO,SYSTEM-31ILE,SYSTEM-95ILE,SYSTEM-63LEU,SYSTEM-60MET,SYSTEM-89VAL,SYSTEM-81LEU,SYSTEM-67ILE,SYSTEM-35ILE
320	11	757.6		75.8		SYSTEM-53LEU,SYSTEM-23ILE,SYSTEM-32PRO,SYSTEM-31ILE,SYSTEM-95ILE,SYSTEM-63LEU,SYSTEM-54VAL,SYSTEM-33VAL,SYSTEM-109LEU,SYSTEM-111MET,SYSTEM-35ILE
321	11	751.2		75.1		SYSTEM-53LEU,SYSTEM-23ILE,SYSTEM-32PRO,SYSTEM-31ILE,SYSTEM-95ILE,SYSTEM-63LEU,SYSTEM-54VAL,SYSTEM-33VAL,SYSTEM-111MET,SYSTEM-81LEU,SYSTEM-35ILE
322	11	635.9		63.6		SYSTEM-53LEU,SYSTEM-23ILE,SYSTEM-32PRO,SYSTEM-31ILE,SYSTEM-95ILE,SYSTEM-54VAL,SYSTEM-58VAL,SYSTEM-63LEU,SYSTEM-67ILE,SYSTEM-52PHE,SYSTEM-35ILE
323	11	589.7		59.0		SYSTEM-53LEU,SYSTEM-23ILE,SYSTEM-32PRO,SYSTEM-31ILE,SYSTEM-95ILE,SYSTEM-54VAL,SYSTEM-58VAL,SYSTEM-63LEU,SYSTEM-67ILE,SYSTEM-81LEU,SYSTEM-35ILE
324	11	807.4		80.7		SYSTEM-53LEU,SYSTEM-23ILE,SYSTEM-32PRO,SYSTEM-31ILE,SYSTEM-95ILE,SYSTEM-54VAL,SYSTEM-33VAL,SYSTEM-109LEU,SYSTEM-111MET,SYSTEM-81LEU,SYSTEM-35ILE
325	11	802.1		80.2		SYSTEM-53LEU,SYSTEM-23ILE,SYSTEM-32PRO,SYSTEM-31ILE,SYSTEM-95ILE,SYSTEM-54VAL,SYSTEM-33VAL,SYSTEM-111MET,SYSTEM-81LEU,SYSTEM-67ILE,SYSTEM-35ILE
326	11	734.1		73.4		SYSTEM-53LEU,SYSTEM-23ILE,SYSTEM-32PRO,SYSTEM-31ILE,SYSTEM-95ILE,SYSTEM-54VAL,SYSTEM-63LEU,SYSTEM-60MET,SYSTEM-89VAL,SYSTEM-81LEU,SYSTEM-35ILE
327	11	722.8		72.3		SYSTEM-53LEU,SYSTEM-23ILE,SYSTEM-32PRO,SYSTEM-31ILE,SYSTEM-95ILE,SYSTEM-54VAL,SYSTEM-63LEU,SYSTEM-67ILE,SYSTEM-81LEU,SYSTEM-111MET,SYSTEM-35ILE
328	11	722.4		72.2		SYSTEM-53LEU,SYSTEM-23ILE,SYSTEM-32PRO,SYSTEM-31ILE,SYSTEM-95ILE,SYSTEM-54VAL,SYSTEM-55PRO,SYSTEM-58VAL,SYSTEM-63LEU,SYSTEM-67ILE,SYSTEM-35ILE
329	11	707.1		70.7		SYSTEM-53LEU,SYSTEM-23ILE,SYSTEM-32PRO,SYSTEM-31ILE,SYSTEM-99TYR,SYSTEM-109LEU,SYSTEM-111MET,SYSTEM-81LEU,SYSTEM-67ILE,SYSTEM-52PHE,SYSTEM-35ILE
330	11	743.8		74.4		SYSTEM-53LEU,SYSTEM-23ILE,SYSTEM-32PRO,SYSTEM-31ILE,SYSTEM-99TYR,SYSTEM-109LEU,SYSTEM-33VAL,SYSTEM-54VAL,SYSTEM-63LEU,SYSTEM-67ILE,SYSTEM-35ILE
331	11	767.6		76.8		SYSTEM-53LEU,SYSTEM-23ILE,SYSTEM-32PRO,SYSTEM-31ILE,SYSTEM-99TYR,SYSTEM-109LEU,SYSTEM-33VAL,SYSTEM-111MET,SYSTEM-81LEU,SYSTEM-67ILE,SYSTEM-35ILE
332	11	697.6		69.8		SYSTEM-53LEU,SYSTEM-23ILE,SYSTEM-32PRO,SYSTEM-99TYR,SYSTEM-109LEU,SYSTEM-111MET,SYSTEM-33VAL,SYSTEM-54VAL,SYSTEM-63LEU,SYSTEM-67ILE,SYSTEM-35ILE
333	11	650.8		65.1		SYSTEM-53LEU,SYSTEM-23ILE,SYSTEM-32PRO,SYSTEM-99TYR,SYSTEM-109LEU,SYSTEM-33VAL,SYSTEM-54VAL,SYSTEM-95ILE,SYSTEM-63LEU,SYSTEM-67ILE,SYSTEM-35ILE
334	11	610.9		61.1		SYSTEM-53LEU,SYSTEM-23ILE,SYSTEM-32PRO,SYSTEM-99TYR,SYSTEM-109LEU,SYSTEM-33VAL,SYSTEM-54VAL,SYSTEM-58VAL,SYSTEM-63LEU,SYSTEM-67ILE,SYSTEM-35ILE
335	11	670.5		67.0		SYSTEM-53LEU,SYSTEM-23ILE,SYSTEM-32PRO,SYSTEM-99TYR,SYSTEM-109LEU,SYSTEM-33VAL,SYSTEM-54VAL,SYSTEM-63LEU,SYSTEM-67ILE,SYSTEM-52PHE,SYSTEM-35ILE
336	11	624.3		62.4		SYSTEM-53LEU,SYSTEM-23ILE,SYSTEM-32PRO,SYSTEM-99TYR,SYSTEM-109LEU,SYSTEM-33VAL,SYSTEM-54VAL,SYSTEM-63LEU,SYSTEM-67ILE,SYSTEM-81LEU,SYSTEM-35ILE
337	11	694.3		69.4		SYSTEM-53LEU,SYSTEM-23ILE,SYSTEM-32PRO,SYSTEM-99TYR,SYSTEM-109LEU,SYSTEM-33VAL,SYSTEM-111MET,SYSTEM-81LEU,SYSTEM-67ILE,SYSTEM-52PHE,SYSTEM-35ILE
338	11	688.8		68.9		SYSTEM-53LEU,SYSTEM-23ILE,SYSTEM-32PRO,SYSTEM-99TYR,SYSTEM-31ILE,SYSTEM-95ILE,SYSTEM-98VAL,SYSTEM-60MET,SYSTEM-89VAL,SYSTEM-81LEU,SYSTEM-35ILE
339	11	677.8		67.8		SYSTEM-53LEU,SYSTEM-23ILE,SYSTEM-32PRO,SYSTEM-99TYR,SYSTEM-31ILE,SYSTEM-95ILE,SYSTEM-98VAL,SYSTEM-60MET,SYSTEM-63LEU,SYSTEM-67ILE,SYSTEM-35ILE
340	11	671.8		67.2		SYSTEM-53LEU,SYSTEM-23ILE,SYSTEM-32PRO,SYSTEM-99TYR,SYSTEM-31ILE,SYSTEM-95ILE,SYSTEM-98VAL,SYSTEM-89VAL,SYSTEM-81LEU,SYSTEM-111MET,SYSTEM-35ILE
341	11	627.7		62.8		SYSTEM-53LEU,SYSTEM-23ILE,SYSTEM-32PRO,SYSTEM-99TYR,SYSTEM-31ILE,SYSTEM-95ILE,SYSTEM-98VAL,SYSTEM-89VAL,SYSTEM-81LEU,SYSTEM-67ILE,SYSTEM-35ILE
342	11	670.7		67.1		SYSTEM-53LEU,SYSTEM-23ILE,SYSTEM-32PRO,SYSTEM-99TYR,SYSTEM-31ILE,SYSTEM-95ILE,SYSTEM-60MET,SYSTEM-98VAL,SYSTEM-89VAL,SYSTEM-81LEU,SYSTEM-35ILE
343	11	755.5		75.5		SYSTEM-53LEU,SYSTEM-23ILE,SYSTEM-32PRO,SYSTEM-99TYR,SYSTEM-31ILE,SYSTEM-95ILE,SYSTEM-60MET,SYSTEM-89VAL,SYSTEM-81LEU,SYSTEM-111MET,SYSTEM-35ILE
344	11	711.4		71.1		SYSTEM-53LEU,SYSTEM-23ILE,SYSTEM-32PRO,SYSTEM-99TYR,SYSTEM-31ILE,SYSTEM-95ILE,SYSTEM-60MET,SYSTEM-89VAL,SYSTEM-81LEU,SYSTEM-67ILE,SYSTEM-35ILE
345	11	671.0		67.1		SYSTEM-53LEU,SYSTEM-23ILE,SYSTEM-32PRO,SYSTEM-99TYR,SYSTEM-31ILE,SYSTEM-95ILE,SYSTEM-60MET,SYSTEM-63LEU,SYSTEM-67ILE,SYSTEM-52PHE,SYSTEM-35ILE
346	11	624.8		62.5		SYSTEM-53LEU,SYSTEM-23ILE,SYSTEM-32PRO,SYSTEM-99TYR,SYSTEM-31ILE,SYSTEM-95ILE,SYSTEM-60MET,SYSTEM-63LEU,SYSTEM-67ILE,SYSTEM-81LEU,SYSTEM-35ILE
347	11	662.3		66.2		SYSTEM-53LEU,SYSTEM-23ILE,SYSTEM-32PRO,SYSTEM-99TYR,SYSTEM-31ILE,SYSTEM-95ILE,SYSTEM-63LEU,SYSTEM-60MET,SYSTEM-89VAL,SYSTEM-81LEU,SYSTEM-35ILE
348	11	759.4		75.9		SYSTEM-53LEU,SYSTEM-23ILE,SYSTEM-32PRO,SYSTEM-99TYR,SYSTEM-31ILE,SYSTEM-95ILE,SYSTEM-63LEU,SYSTEM-54VAL,SYSTEM-33VAL,SYSTEM-111MET,SYSTEM-35ILE
349	11	651.0		65.1		SYSTEM-53LEU,SYSTEM-23ILE,SYSTEM-32PRO,SYSTEM-99TYR,SYSTEM-31ILE,SYSTEM-95ILE,SYSTEM-63LEU,SYSTEM-67ILE,SYSTEM-81LEU,SYSTEM-111MET,SYSTEM-35ILE
350	11	672.4		67.2		SYSTEM-53LEU,SYSTEM-23ILE,SYSTEM-32PRO,SYSTEM-99TYR,SYSTEM-31ILE,SYSTEM-95ILE,SYSTEM-54VAL,SYSTEM-58VAL,SYSTEM-63LEU,SYSTEM-67ILE,SYSTEM-35ILE
351	11	815.6		81.6		SYSTEM-53LEU,SYSTEM-23ILE,SYSTEM-32PRO,SYSTEM-99TYR,SYSTEM-31ILE,SYSTEM-95ILE,SYSTEM-54VAL,SYSTEM-33VAL,SYSTEM-109LEU,SYSTEM-111MET,SYSTEM-35ILE
352	11	809.2		80.9		SYSTEM-53LEU,SYSTEM-23ILE,SYSTEM-32PRO,SYSTEM-99TYR,SYSTEM-31ILE,SYSTEM-95ILE,SYSTEM-54VAL,SYSTEM-33VAL,SYSTEM-111MET,SYSTEM-81LEU,SYSTEM-35ILE
353	11	732.0		73.2		SYSTEM-53LEU,SYSTEM-23ILE,SYSTEM-32PRO,SYSTEM-99TYR,SYSTEM-31ILE,SYSTEM-95ILE,SYSTEM-54VAL,SYSTEM-63LEU,SYSTEM-67ILE,SYSTEM-52PHE,SYSTEM-35ILE
354	11	685.8		68.6		SYSTEM-53LEU,SYSTEM-23ILE,SYSTEM-32PRO,SYSTEM-99TYR,SYSTEM-31ILE,SYSTEM-95ILE,SYSTEM-54VAL,SYSTEM-63LEU,SYSTEM-67ILE,SYSTEM-81LEU,SYSTEM-35ILE
