Graph loaded! 120 nodes, 144 edges
Node list:
	SYSTEM-1MET
	SYSTEM-2PRO
	SYSTEM-3SER
	SYSTEM-4GLU
	SYSTEM-5LYS
	SYSTEM-6THR
	SYSTEM-7PHE
	SYSTEM-8LYS
	SYSTEM-9GLN
	SYSTEM-10ARG
	SYSTEM-11ARG
	SYSTEM-12THR
	SYSTEM-13PHE
	SYSTEM-14GLU
	SYSTEM-15GLN
	SYSTEM-16ARG
	SYSTEM-17VAL
	SYSTEM-18GLU
	SYSTEM-19ASP
	SYSTEM-20VAL
	SYSTEM-21ARG
	SYSTEM-22LEU
	SYSTEM-23ILE
	SYSTEM-24ARG
	SYSTEM-25GLU
	SYSTEM-26GLN
	SYSTEM-27HIS
	SYSTEM-28PRO
	SYSTEM-29THR
	SYSTEM-30LYS
	SYSTEM-31ILE
	SYSTEM-32PRO
	SYSTEM-33VAL
	SYSTEM-34ILE
	SYSTEM-35ILE
	SYSTEM-36GLU
	SYSTEM-37ARG
	SYSTEM-38TYR
	SYSTEM-39LYS
	SYSTEM-40GLY
	SYSTEM-41GLU
	SYSTEM-42LYS
	SYSTEM-43GLN
	SYSTEM-44LEU
	SYSTEM-45PRO
	SYSTEM-46VAL
	SYSTEM-47LEU
	SYSTEM-48ASP
	SYSTEM-49LYS
	SYSTEM-50THR
	SYSTEM-51LYS
	SYSTEM-52PHE
	SYSTEM-53LEU
	SYSTEM-54VAL
	SYSTEM-55PRO
	SYSTEM-56ASP
	SYSTEM-57HIS
	SYSTEM-58VAL
	SYSTEM-59ASN
	SYSTEM-60MET
	SYSTEM-61SER
	SYSTEM-62GLU
	SYSTEM-63LEU
	SYSTEM-64ILE
	SYSTEM-65LYS
	SYSTEM-66ILE
	SYSTEM-67ILE
	SYSTEM-68ARG
	SYSTEM-69ARG
	SYSTEM-70ARG
	SYSTEM-71LEU
	SYSTEM-72GLN
	SYSTEM-73LEU
	SYSTEM-74ASN
	SYSTEM-75ALA
	SYSTEM-76ASN
	SYSTEM-77GLN
	SYSTEM-78ALA
	SYSTEM-79PHE
	SYSTEM-80PHE
	SYSTEM-81LEU
	SYSTEM-82LEU
	SYSTEM-83VAL
	SYSTEM-84ASN
	SYSTEM-85GLY
	SYSTEM-86HIS
	SYSTEM-87SER
	SYSTEM-88MET
	SYSTEM-89VAL
	SYSTEM-90SER
	SYSTEM-91VAL
	SYSTEM-92SER
	SYSTEM-93THR
	SYSTEM-94PRO
	SYSTEM-95ILE
	SYSTEM-96SER
	SYSTEM-97GLU
	SYSTEM-98VAL
	SYSTEM-99TYR
	SYSTEM-100GLU
	SYSTEM-101SER
	SYSTEM-102GLU
	SYSTEM-103LYS
	SYSTEM-104ASP
	SYSTEM-105GLU
	SYSTEM-106ASP
	SYSTEM-107GLY
	SYSTEM-108PHE
	SYSTEM-109LEU
	SYSTEM-110TYR
	SYSTEM-111MET
	SYSTEM-112VAL
	SYSTEM-113TYR
	SYSTEM-114ALA
	SYSTEM-115SER
	SYSTEM-116GLN
	SYSTEM-117GLU
	SYSTEM-118THR
	SYSTEM-119PHE
	SYSTEM-120GLY
Path #	Length	Sum of weights	Average weight	Path
1	5	277.8		69.5		SYSTEM-10ARG,SYSTEM-7PHE,SYSTEM-34ILE,SYSTEM-108PHE,SYSTEM-32PRO
2	6	391.3		78.3		SYSTEM-10ARG,SYSTEM-7PHE,SYSTEM-34ILE,SYSTEM-108PHE,SYSTEM-20VAL,SYSTEM-32PRO
3	6	241.6		48.3		SYSTEM-10ARG,SYSTEM-7PHE,SYSTEM-50THR,SYSTEM-34ILE,SYSTEM-108PHE,SYSTEM-32PRO
4	7	435.5		72.6		SYSTEM-10ARG,SYSTEM-7PHE,SYSTEM-34ILE,SYSTEM-110TYR,SYSTEM-106ASP,SYSTEM-108PHE,SYSTEM-32PRO
5	7	355.1		59.2		SYSTEM-10ARG,SYSTEM-7PHE,SYSTEM-50THR,SYSTEM-34ILE,SYSTEM-108PHE,SYSTEM-20VAL,SYSTEM-32PRO
6	8	555.9		79.4		SYSTEM-10ARG,SYSTEM-7PHE,SYSTEM-34ILE,SYSTEM-110TYR,SYSTEM-104ASP,SYSTEM-106ASP,SYSTEM-108PHE,SYSTEM-32PRO
7	8	549.0		78.4		SYSTEM-10ARG,SYSTEM-7PHE,SYSTEM-34ILE,SYSTEM-110TYR,SYSTEM-106ASP,SYSTEM-108PHE,SYSTEM-20VAL,SYSTEM-32PRO
8	8	399.3		57.0		SYSTEM-10ARG,SYSTEM-7PHE,SYSTEM-50THR,SYSTEM-34ILE,SYSTEM-110TYR,SYSTEM-106ASP,SYSTEM-108PHE,SYSTEM-32PRO
9	9	669.4		83.7		SYSTEM-10ARG,SYSTEM-7PHE,SYSTEM-34ILE,SYSTEM-110TYR,SYSTEM-104ASP,SYSTEM-106ASP,SYSTEM-108PHE,SYSTEM-20VAL,SYSTEM-32PRO
10	9	595.7		74.5		SYSTEM-10ARG,SYSTEM-7PHE,SYSTEM-34ILE,SYSTEM-110TYR,SYSTEM-8LYS,SYSTEM-104ASP,SYSTEM-106ASP,SYSTEM-108PHE,SYSTEM-32PRO
11	9	621.6		77.7		SYSTEM-10ARG,SYSTEM-7PHE,SYSTEM-34ILE,SYSTEM-110TYR,SYSTEM-8LYS,SYSTEM-16ARG,SYSTEM-106ASP,SYSTEM-108PHE,SYSTEM-32PRO
12	9	519.7		65.0		SYSTEM-10ARG,SYSTEM-7PHE,SYSTEM-50THR,SYSTEM-34ILE,SYSTEM-110TYR,SYSTEM-104ASP,SYSTEM-106ASP,SYSTEM-108PHE,SYSTEM-32PRO
13	9	512.8		64.1		SYSTEM-10ARG,SYSTEM-7PHE,SYSTEM-50THR,SYSTEM-34ILE,SYSTEM-110TYR,SYSTEM-106ASP,SYSTEM-108PHE,SYSTEM-20VAL,SYSTEM-32PRO
14	10	640.2		71.1		SYSTEM-10ARG,SYSTEM-7PHE,SYSTEM-34ILE,SYSTEM-110TYR,SYSTEM-104ASP,SYSTEM-8LYS,SYSTEM-16ARG,SYSTEM-106ASP,SYSTEM-108PHE,SYSTEM-32PRO
15	10	709.2		78.8		SYSTEM-10ARG,SYSTEM-7PHE,SYSTEM-34ILE,SYSTEM-110TYR,SYSTEM-8LYS,SYSTEM-104ASP,SYSTEM-106ASP,SYSTEM-108PHE,SYSTEM-20VAL,SYSTEM-32PRO
16	10	735.1		81.7		SYSTEM-10ARG,SYSTEM-7PHE,SYSTEM-34ILE,SYSTEM-110TYR,SYSTEM-8LYS,SYSTEM-16ARG,SYSTEM-106ASP,SYSTEM-108PHE,SYSTEM-20VAL,SYSTEM-32PRO
17	10	633.2		70.4		SYSTEM-10ARG,SYSTEM-7PHE,SYSTEM-50THR,SYSTEM-34ILE,SYSTEM-110TYR,SYSTEM-104ASP,SYSTEM-106ASP,SYSTEM-108PHE,SYSTEM-20VAL,SYSTEM-32PRO
18	10	559.5		62.2		SYSTEM-10ARG,SYSTEM-7PHE,SYSTEM-50THR,SYSTEM-34ILE,SYSTEM-110TYR,SYSTEM-8LYS,SYSTEM-104ASP,SYSTEM-106ASP,SYSTEM-108PHE,SYSTEM-32PRO
19	10	585.4		65.0		SYSTEM-10ARG,SYSTEM-7PHE,SYSTEM-50THR,SYSTEM-34ILE,SYSTEM-110TYR,SYSTEM-8LYS,SYSTEM-16ARG,SYSTEM-106ASP,SYSTEM-108PHE,SYSTEM-32PRO
20	11	753.7		75.4		SYSTEM-10ARG,SYSTEM-7PHE,SYSTEM-34ILE,SYSTEM-110TYR,SYSTEM-104ASP,SYSTEM-8LYS,SYSTEM-16ARG,SYSTEM-106ASP,SYSTEM-108PHE,SYSTEM-20VAL,SYSTEM-32PRO
21	11	604.0		60.4		SYSTEM-10ARG,SYSTEM-7PHE,SYSTEM-50THR,SYSTEM-34ILE,SYSTEM-110TYR,SYSTEM-104ASP,SYSTEM-8LYS,SYSTEM-16ARG,SYSTEM-106ASP,SYSTEM-108PHE,SYSTEM-32PRO
22	11	673.0		67.3		SYSTEM-10ARG,SYSTEM-7PHE,SYSTEM-50THR,SYSTEM-34ILE,SYSTEM-110TYR,SYSTEM-8LYS,SYSTEM-104ASP,SYSTEM-106ASP,SYSTEM-108PHE,SYSTEM-20VAL,SYSTEM-32PRO
23	11	698.9		69.9		SYSTEM-10ARG,SYSTEM-7PHE,SYSTEM-50THR,SYSTEM-34ILE,SYSTEM-110TYR,SYSTEM-8LYS,SYSTEM-16ARG,SYSTEM-106ASP,SYSTEM-108PHE,SYSTEM-20VAL,SYSTEM-32PRO
