Graph loaded! 120 nodes, 118 edges
Node list:
	SYSTEM-1MET
	SYSTEM-2PRO
	SYSTEM-3SER
	SYSTEM-4GLU
	SYSTEM-5LYS
	SYSTEM-6THR
	SYSTEM-7PHE
	SYSTEM-8LYS
	SYSTEM-9GLN
	SYSTEM-10ARG
	SYSTEM-11ARG
	SYSTEM-12THR
	SYSTEM-13PHE
	SYSTEM-14GLU
	SYSTEM-15GLN
	SYSTEM-16ARG
	SYSTEM-17VAL
	SYSTEM-18GLU
	SYSTEM-19ASP
	SYSTEM-20VAL
	SYSTEM-21ARG
	SYSTEM-22LEU
	SYSTEM-23ILE
	SYSTEM-24ARG
	SYSTEM-25GLU
	SYSTEM-26GLN
	SYSTEM-27HIS
	SYSTEM-28PRO
	SYSTEM-29THR
	SYSTEM-30LYS
	SYSTEM-31ILE
	SYSTEM-32PRO
	SYSTEM-33VAL
	SYSTEM-34ILE
	SYSTEM-35ILE
	SYSTEM-36GLU
	SYSTEM-37ARG
	SYSTEM-38TYR
	SYSTEM-39LYS
	SYSTEM-40GLY
	SYSTEM-41GLU
	SYSTEM-42LYS
	SYSTEM-43GLN
	SYSTEM-44LEU
	SYSTEM-45PRO
	SYSTEM-46VAL
	SYSTEM-47LEU
	SYSTEM-48ASP
	SYSTEM-49LYS
	SYSTEM-50THR
	SYSTEM-51LYS
	SYSTEM-52PHE
	SYSTEM-53LEU
	SYSTEM-54VAL
	SYSTEM-55PRO
	SYSTEM-56ASP
	SYSTEM-57HIS
	SYSTEM-58VAL
	SYSTEM-59ASN
	SYSTEM-60MET
	SYSTEM-61SER
	SYSTEM-62GLU
	SYSTEM-63LEU
	SYSTEM-64ILE
	SYSTEM-65LYS
	SYSTEM-66ILE
	SYSTEM-67ILE
	SYSTEM-68ARG
	SYSTEM-69ARG
	SYSTEM-70ARG
	SYSTEM-71LEU
	SYSTEM-72GLN
	SYSTEM-73LEU
	SYSTEM-74ASN
	SYSTEM-75ALA
	SYSTEM-76ASN
	SYSTEM-77GLN
	SYSTEM-78ALA
	SYSTEM-79PHE
	SYSTEM-80PHE
	SYSTEM-81LEU
	SYSTEM-82LEU
	SYSTEM-83VAL
	SYSTEM-84ASN
	SYSTEM-85GLY
	SYSTEM-86HIS
	SYSTEM-87SER
	SYSTEM-88MET
	SYSTEM-89VAL
	SYSTEM-90SER
	SYSTEM-91VAL
	SYSTEM-92SER
	SYSTEM-93THR
	SYSTEM-94PRO
	SYSTEM-95ILE
	SYSTEM-96SER
	SYSTEM-97GLU
	SYSTEM-98VAL
	SYSTEM-99TYR
	SYSTEM-100GLU
	SYSTEM-101SER
	SYSTEM-102GLU
	SYSTEM-103LYS
	SYSTEM-104ASP
	SYSTEM-105GLU
	SYSTEM-106ASP
	SYSTEM-107GLY
	SYSTEM-108PHE
	SYSTEM-109LEU
	SYSTEM-110TYR
	SYSTEM-111MET
	SYSTEM-112VAL
	SYSTEM-113TYR
	SYSTEM-114ALA
	SYSTEM-115SER
	SYSTEM-116GLN
	SYSTEM-117GLU
	SYSTEM-118THR
	SYSTEM-119PHE
	SYSTEM-120GLY
Path #	Length	Sum of weights	Average weight	Path
1	3	69.8		34.9		SYSTEM-70ARG,SYSTEM-72GLN,SYSTEM-70ARG
2	3	56.4		28.2		SYSTEM-70ARG,SYSTEM-48ASP,SYSTEM-70ARG
3	3	154.6		77.3		SYSTEM-70ARG,SYSTEM-67ILE,SYSTEM-70ARG
4	3	133.0		66.5		SYSTEM-70ARG,SYSTEM-66ILE,SYSTEM-70ARG
5	5	272.5		68.1		SYSTEM-70ARG,SYSTEM-67ILE,SYSTEM-63LEU,SYSTEM-66ILE,SYSTEM-70ARG
6	5	272.5		68.1		SYSTEM-70ARG,SYSTEM-66ILE,SYSTEM-63LEU,SYSTEM-67ILE,SYSTEM-70ARG
7	7	518.7		86.4		SYSTEM-70ARG,SYSTEM-67ILE,SYSTEM-63LEU,SYSTEM-59ASN,SYSTEM-62GLU,SYSTEM-66ILE,SYSTEM-70ARG
8	7	518.7		86.4		SYSTEM-70ARG,SYSTEM-66ILE,SYSTEM-62GLU,SYSTEM-59ASN,SYSTEM-63LEU,SYSTEM-67ILE,SYSTEM-70ARG
9	9	548.2		68.5		SYSTEM-70ARG,SYSTEM-67ILE,SYSTEM-71LEU,SYSTEM-68ARG,SYSTEM-64ILE,SYSTEM-60MET,SYSTEM-63LEU,SYSTEM-66ILE,SYSTEM-70ARG
10	9	598.4		74.8		SYSTEM-70ARG,SYSTEM-67ILE,SYSTEM-63LEU,SYSTEM-59ASN,SYSTEM-61SER,SYSTEM-65LYS,SYSTEM-69ARG,SYSTEM-66ILE,SYSTEM-70ARG
11	9	625.8		78.2		SYSTEM-70ARG,SYSTEM-67ILE,SYSTEM-63LEU,SYSTEM-59ASN,SYSTEM-61SER,SYSTEM-65LYS,SYSTEM-62GLU,SYSTEM-66ILE,SYSTEM-70ARG
12	9	649.3		81.2		SYSTEM-70ARG,SYSTEM-67ILE,SYSTEM-63LEU,SYSTEM-59ASN,SYSTEM-62GLU,SYSTEM-65LYS,SYSTEM-69ARG,SYSTEM-66ILE,SYSTEM-70ARG
13	9	608.0		76.0		SYSTEM-70ARG,SYSTEM-67ILE,SYSTEM-63LEU,SYSTEM-60MET,SYSTEM-93THR,SYSTEM-59ASN,SYSTEM-62GLU,SYSTEM-66ILE,SYSTEM-70ARG
14	9	598.4		74.8		SYSTEM-70ARG,SYSTEM-66ILE,SYSTEM-69ARG,SYSTEM-65LYS,SYSTEM-61SER,SYSTEM-59ASN,SYSTEM-63LEU,SYSTEM-67ILE,SYSTEM-70ARG
15	9	649.3		81.2		SYSTEM-70ARG,SYSTEM-66ILE,SYSTEM-69ARG,SYSTEM-65LYS,SYSTEM-62GLU,SYSTEM-59ASN,SYSTEM-63LEU,SYSTEM-67ILE,SYSTEM-70ARG
16	9	548.2		68.5		SYSTEM-70ARG,SYSTEM-66ILE,SYSTEM-63LEU,SYSTEM-60MET,SYSTEM-64ILE,SYSTEM-68ARG,SYSTEM-71LEU,SYSTEM-67ILE,SYSTEM-70ARG
17	9	608.0		76.0		SYSTEM-70ARG,SYSTEM-66ILE,SYSTEM-62GLU,SYSTEM-59ASN,SYSTEM-93THR,SYSTEM-60MET,SYSTEM-63LEU,SYSTEM-67ILE,SYSTEM-70ARG
18	9	625.8		78.2		SYSTEM-70ARG,SYSTEM-66ILE,SYSTEM-62GLU,SYSTEM-65LYS,SYSTEM-61SER,SYSTEM-59ASN,SYSTEM-63LEU,SYSTEM-67ILE,SYSTEM-70ARG
19	10	593.6		66.0		SYSTEM-70ARG,SYSTEM-67ILE,SYSTEM-71LEU,SYSTEM-68ARG,SYSTEM-64ILE,SYSTEM-61SER,SYSTEM-59ASN,SYSTEM-63LEU,SYSTEM-66ILE,SYSTEM-70ARG
20	10	662.6		73.6		SYSTEM-70ARG,SYSTEM-67ILE,SYSTEM-71LEU,SYSTEM-68ARG,SYSTEM-64ILE,SYSTEM-61SER,SYSTEM-59ASN,SYSTEM-62GLU,SYSTEM-66ILE,SYSTEM-70ARG
21	10	643.9		71.5		SYSTEM-70ARG,SYSTEM-67ILE,SYSTEM-71LEU,SYSTEM-68ARG,SYSTEM-64ILE,SYSTEM-61SER,SYSTEM-65LYS,SYSTEM-69ARG,SYSTEM-66ILE,SYSTEM-70ARG
22	10	671.3		74.6		SYSTEM-70ARG,SYSTEM-67ILE,SYSTEM-71LEU,SYSTEM-68ARG,SYSTEM-64ILE,SYSTEM-61SER,SYSTEM-65LYS,SYSTEM-62GLU,SYSTEM-66ILE,SYSTEM-70ARG
23	10	654.3		72.7		SYSTEM-70ARG,SYSTEM-67ILE,SYSTEM-63LEU,SYSTEM-60MET,SYSTEM-64ILE,SYSTEM-61SER,SYSTEM-59ASN,SYSTEM-62GLU,SYSTEM-66ILE,SYSTEM-70ARG
24	10	635.6		70.6		SYSTEM-70ARG,SYSTEM-67ILE,SYSTEM-63LEU,SYSTEM-60MET,SYSTEM-64ILE,SYSTEM-61SER,SYSTEM-65LYS,SYSTEM-69ARG,SYSTEM-66ILE,SYSTEM-70ARG
25	10	663.0		73.7		SYSTEM-70ARG,SYSTEM-67ILE,SYSTEM-63LEU,SYSTEM-60MET,SYSTEM-64ILE,SYSTEM-61SER,SYSTEM-65LYS,SYSTEM-62GLU,SYSTEM-66ILE,SYSTEM-70ARG
26	10	635.6		70.6		SYSTEM-70ARG,SYSTEM-66ILE,SYSTEM-69ARG,SYSTEM-65LYS,SYSTEM-61SER,SYSTEM-64ILE,SYSTEM-60MET,SYSTEM-63LEU,SYSTEM-67ILE,SYSTEM-70ARG
27	10	643.9		71.5		SYSTEM-70ARG,SYSTEM-66ILE,SYSTEM-69ARG,SYSTEM-65LYS,SYSTEM-61SER,SYSTEM-64ILE,SYSTEM-68ARG,SYSTEM-71LEU,SYSTEM-67ILE,SYSTEM-70ARG
28	10	593.6		66.0		SYSTEM-70ARG,SYSTEM-66ILE,SYSTEM-63LEU,SYSTEM-59ASN,SYSTEM-61SER,SYSTEM-64ILE,SYSTEM-68ARG,SYSTEM-71LEU,SYSTEM-67ILE,SYSTEM-70ARG
29	10	654.3		72.7		SYSTEM-70ARG,SYSTEM-66ILE,SYSTEM-62GLU,SYSTEM-59ASN,SYSTEM-61SER,SYSTEM-64ILE,SYSTEM-60MET,SYSTEM-63LEU,SYSTEM-67ILE,SYSTEM-70ARG
30	10	662.6		73.6		SYSTEM-70ARG,SYSTEM-66ILE,SYSTEM-62GLU,SYSTEM-59ASN,SYSTEM-61SER,SYSTEM-64ILE,SYSTEM-68ARG,SYSTEM-71LEU,SYSTEM-67ILE,SYSTEM-70ARG
31	10	663.0		73.7		SYSTEM-70ARG,SYSTEM-66ILE,SYSTEM-62GLU,SYSTEM-65LYS,SYSTEM-61SER,SYSTEM-64ILE,SYSTEM-60MET,SYSTEM-63LEU,SYSTEM-67ILE,SYSTEM-70ARG
32	10	671.3		74.6		SYSTEM-70ARG,SYSTEM-66ILE,SYSTEM-62GLU,SYSTEM-65LYS,SYSTEM-61SER,SYSTEM-64ILE,SYSTEM-68ARG,SYSTEM-71LEU,SYSTEM-67ILE,SYSTEM-70ARG
33	11	794.4		79.4		SYSTEM-70ARG,SYSTEM-67ILE,SYSTEM-71LEU,SYSTEM-68ARG,SYSTEM-64ILE,SYSTEM-60MET,SYSTEM-63LEU,SYSTEM-59ASN,SYSTEM-62GLU,SYSTEM-66ILE,SYSTEM-70ARG
34	11	725.1		72.5		SYSTEM-70ARG,SYSTEM-67ILE,SYSTEM-71LEU,SYSTEM-68ARG,SYSTEM-64ILE,SYSTEM-60MET,SYSTEM-93THR,SYSTEM-59ASN,SYSTEM-63LEU,SYSTEM-66ILE,SYSTEM-70ARG
35	11	794.1		79.4		SYSTEM-70ARG,SYSTEM-67ILE,SYSTEM-71LEU,SYSTEM-68ARG,SYSTEM-64ILE,SYSTEM-60MET,SYSTEM-93THR,SYSTEM-59ASN,SYSTEM-62GLU,SYSTEM-66ILE,SYSTEM-70ARG
36	11	687.7		68.8		SYSTEM-70ARG,SYSTEM-67ILE,SYSTEM-63LEU,SYSTEM-60MET,SYSTEM-93THR,SYSTEM-59ASN,SYSTEM-61SER,SYSTEM-65LYS,SYSTEM-69ARG,SYSTEM-66ILE,SYSTEM-70ARG
37	11	715.1		71.5		SYSTEM-70ARG,SYSTEM-67ILE,SYSTEM-63LEU,SYSTEM-60MET,SYSTEM-93THR,SYSTEM-59ASN,SYSTEM-61SER,SYSTEM-65LYS,SYSTEM-62GLU,SYSTEM-66ILE,SYSTEM-70ARG
38	11	738.6		73.9		SYSTEM-70ARG,SYSTEM-67ILE,SYSTEM-63LEU,SYSTEM-60MET,SYSTEM-93THR,SYSTEM-59ASN,SYSTEM-62GLU,SYSTEM-65LYS,SYSTEM-69ARG,SYSTEM-66ILE,SYSTEM-70ARG
39	11	687.7		68.8		SYSTEM-70ARG,SYSTEM-66ILE,SYSTEM-69ARG,SYSTEM-65LYS,SYSTEM-61SER,SYSTEM-59ASN,SYSTEM-93THR,SYSTEM-60MET,SYSTEM-63LEU,SYSTEM-67ILE,SYSTEM-70ARG
40	11	738.6		73.9		SYSTEM-70ARG,SYSTEM-66ILE,SYSTEM-69ARG,SYSTEM-65LYS,SYSTEM-62GLU,SYSTEM-59ASN,SYSTEM-93THR,SYSTEM-60MET,SYSTEM-63LEU,SYSTEM-67ILE,SYSTEM-70ARG
41	11	725.1		72.5		SYSTEM-70ARG,SYSTEM-66ILE,SYSTEM-63LEU,SYSTEM-59ASN,SYSTEM-93THR,SYSTEM-60MET,SYSTEM-64ILE,SYSTEM-68ARG,SYSTEM-71LEU,SYSTEM-67ILE,SYSTEM-70ARG
42	11	794.1		79.4		SYSTEM-70ARG,SYSTEM-66ILE,SYSTEM-62GLU,SYSTEM-59ASN,SYSTEM-93THR,SYSTEM-60MET,SYSTEM-64ILE,SYSTEM-68ARG,SYSTEM-71LEU,SYSTEM-67ILE,SYSTEM-70ARG
43	11	794.4		79.4		SYSTEM-70ARG,SYSTEM-66ILE,SYSTEM-62GLU,SYSTEM-59ASN,SYSTEM-63LEU,SYSTEM-60MET,SYSTEM-64ILE,SYSTEM-68ARG,SYSTEM-71LEU,SYSTEM-67ILE,SYSTEM-70ARG
44	11	715.1		71.5		SYSTEM-70ARG,SYSTEM-66ILE,SYSTEM-62GLU,SYSTEM-65LYS,SYSTEM-61SER,SYSTEM-59ASN,SYSTEM-93THR,SYSTEM-60MET,SYSTEM-63LEU,SYSTEM-67ILE,SYSTEM-70ARG
