Graph loaded! 120 nodes, 118 edges
Node list:
	SYSTEM-1MET
	SYSTEM-2PRO
	SYSTEM-3SER
	SYSTEM-4GLU
	SYSTEM-5LYS
	SYSTEM-6THR
	SYSTEM-7PHE
	SYSTEM-8LYS
	SYSTEM-9GLN
	SYSTEM-10ARG
	SYSTEM-11ARG
	SYSTEM-12THR
	SYSTEM-13PHE
	SYSTEM-14GLU
	SYSTEM-15GLN
	SYSTEM-16ARG
	SYSTEM-17VAL
	SYSTEM-18GLU
	SYSTEM-19ASP
	SYSTEM-20VAL
	SYSTEM-21ARG
	SYSTEM-22LEU
	SYSTEM-23ILE
	SYSTEM-24ARG
	SYSTEM-25GLU
	SYSTEM-26GLN
	SYSTEM-27HIS
	SYSTEM-28PRO
	SYSTEM-29THR
	SYSTEM-30LYS
	SYSTEM-31ILE
	SYSTEM-32PRO
	SYSTEM-33VAL
	SYSTEM-34ILE
	SYSTEM-35ILE
	SYSTEM-36GLU
	SYSTEM-37ARG
	SYSTEM-38TYR
	SYSTEM-39LYS
	SYSTEM-40GLY
	SYSTEM-41GLU
	SYSTEM-42LYS
	SYSTEM-43GLN
	SYSTEM-44LEU
	SYSTEM-45PRO
	SYSTEM-46VAL
	SYSTEM-47LEU
	SYSTEM-48ASP
	SYSTEM-49LYS
	SYSTEM-50THR
	SYSTEM-51LYS
	SYSTEM-52PHE
	SYSTEM-53LEU
	SYSTEM-54VAL
	SYSTEM-55PRO
	SYSTEM-56ASP
	SYSTEM-57HIS
	SYSTEM-58VAL
	SYSTEM-59ASN
	SYSTEM-60MET
	SYSTEM-61SER
	SYSTEM-62GLU
	SYSTEM-63LEU
	SYSTEM-64ILE
	SYSTEM-65LYS
	SYSTEM-66ILE
	SYSTEM-67ILE
	SYSTEM-68ARG
	SYSTEM-69ARG
	SYSTEM-70ARG
	SYSTEM-71LEU
	SYSTEM-72GLN
	SYSTEM-73LEU
	SYSTEM-74ASN
	SYSTEM-75ALA
	SYSTEM-76ASN
	SYSTEM-77GLN
	SYSTEM-78ALA
	SYSTEM-79PHE
	SYSTEM-80PHE
	SYSTEM-81LEU
	SYSTEM-82LEU
	SYSTEM-83VAL
	SYSTEM-84ASN
	SYSTEM-85GLY
	SYSTEM-86HIS
	SYSTEM-87SER
	SYSTEM-88MET
	SYSTEM-89VAL
	SYSTEM-90SER
	SYSTEM-91VAL
	SYSTEM-92SER
	SYSTEM-93THR
	SYSTEM-94PRO
	SYSTEM-95ILE
	SYSTEM-96SER
	SYSTEM-97GLU
	SYSTEM-98VAL
	SYSTEM-99TYR
	SYSTEM-100GLU
	SYSTEM-101SER
	SYSTEM-102GLU
	SYSTEM-103LYS
	SYSTEM-104ASP
	SYSTEM-105GLU
	SYSTEM-106ASP
	SYSTEM-107GLY
	SYSTEM-108PHE
	SYSTEM-109LEU
	SYSTEM-110TYR
	SYSTEM-111MET
	SYSTEM-112VAL
	SYSTEM-113TYR
	SYSTEM-114ALA
	SYSTEM-115SER
	SYSTEM-116GLN
	SYSTEM-117GLU
	SYSTEM-118THR
	SYSTEM-119PHE
	SYSTEM-120GLY
Path #	Length	Sum of weights	Average weight	Path
1	2	78.0		78.0		SYSTEM-11ARG,SYSTEM-19ASP
2	3	120.6		60.3		SYSTEM-11ARG,SYSTEM-16ARG,SYSTEM-19ASP
3	4	136.5		45.5		SYSTEM-11ARG,SYSTEM-8LYS,SYSTEM-16ARG,SYSTEM-19ASP
4	5	391.4		97.8		SYSTEM-11ARG,SYSTEM-16ARG,SYSTEM-12THR,SYSTEM-15GLN,SYSTEM-19ASP
5	6	407.3		81.5		SYSTEM-11ARG,SYSTEM-8LYS,SYSTEM-16ARG,SYSTEM-12THR,SYSTEM-15GLN,SYSTEM-19ASP
6	7	471.4		78.6		SYSTEM-11ARG,SYSTEM-8LYS,SYSTEM-104ASP,SYSTEM-108PHE,SYSTEM-106ASP,SYSTEM-16ARG,SYSTEM-19ASP
7	7	374.5		62.4		SYSTEM-11ARG,SYSTEM-8LYS,SYSTEM-104ASP,SYSTEM-107GLY,SYSTEM-106ASP,SYSTEM-16ARG,SYSTEM-19ASP
8	7	339.9		56.7		SYSTEM-11ARG,SYSTEM-7PHE,SYSTEM-10ARG,SYSTEM-6THR,SYSTEM-8LYS,SYSTEM-16ARG,SYSTEM-19ASP
9	7	306.1		51.0		SYSTEM-11ARG,SYSTEM-7PHE,SYSTEM-36GLU,SYSTEM-6THR,SYSTEM-8LYS,SYSTEM-16ARG,SYSTEM-19ASP
10	7	527.3		87.9		SYSTEM-11ARG,SYSTEM-16ARG,SYSTEM-20VAL,SYSTEM-24ARG,SYSTEM-27HIS,SYSTEM-23ILE,SYSTEM-19ASP
11	8	533.7		76.2		SYSTEM-11ARG,SYSTEM-8LYS,SYSTEM-104ASP,SYSTEM-108PHE,SYSTEM-106ASP,SYSTEM-110TYR,SYSTEM-16ARG,SYSTEM-19ASP
12	8	436.8		62.4		SYSTEM-11ARG,SYSTEM-8LYS,SYSTEM-104ASP,SYSTEM-107GLY,SYSTEM-106ASP,SYSTEM-110TYR,SYSTEM-16ARG,SYSTEM-19ASP
13	8	543.2		77.6		SYSTEM-11ARG,SYSTEM-8LYS,SYSTEM-16ARG,SYSTEM-20VAL,SYSTEM-24ARG,SYSTEM-27HIS,SYSTEM-23ILE,SYSTEM-19ASP
14	8	653.7		93.4		SYSTEM-11ARG,SYSTEM-16ARG,SYSTEM-20VAL,SYSTEM-24ARG,SYSTEM-30LYS,SYSTEM-27HIS,SYSTEM-23ILE,SYSTEM-19ASP
15	9	742.2		92.8		SYSTEM-11ARG,SYSTEM-8LYS,SYSTEM-104ASP,SYSTEM-108PHE,SYSTEM-106ASP,SYSTEM-16ARG,SYSTEM-12THR,SYSTEM-15GLN,SYSTEM-19ASP
16	9	645.3		80.7		SYSTEM-11ARG,SYSTEM-8LYS,SYSTEM-104ASP,SYSTEM-107GLY,SYSTEM-106ASP,SYSTEM-16ARG,SYSTEM-12THR,SYSTEM-15GLN,SYSTEM-19ASP
17	9	669.6		83.7		SYSTEM-11ARG,SYSTEM-8LYS,SYSTEM-16ARG,SYSTEM-20VAL,SYSTEM-24ARG,SYSTEM-30LYS,SYSTEM-27HIS,SYSTEM-23ILE,SYSTEM-19ASP
18	9	610.7		76.3		SYSTEM-11ARG,SYSTEM-7PHE,SYSTEM-10ARG,SYSTEM-6THR,SYSTEM-8LYS,SYSTEM-16ARG,SYSTEM-12THR,SYSTEM-15GLN,SYSTEM-19ASP
19	9	576.9		72.1		SYSTEM-11ARG,SYSTEM-7PHE,SYSTEM-36GLU,SYSTEM-6THR,SYSTEM-8LYS,SYSTEM-16ARG,SYSTEM-12THR,SYSTEM-15GLN,SYSTEM-19ASP
20	10	804.5		89.4		SYSTEM-11ARG,SYSTEM-8LYS,SYSTEM-104ASP,SYSTEM-108PHE,SYSTEM-106ASP,SYSTEM-110TYR,SYSTEM-16ARG,SYSTEM-12THR,SYSTEM-15GLN,SYSTEM-19ASP
21	10	707.6		78.6		SYSTEM-11ARG,SYSTEM-8LYS,SYSTEM-104ASP,SYSTEM-107GLY,SYSTEM-106ASP,SYSTEM-110TYR,SYSTEM-16ARG,SYSTEM-12THR,SYSTEM-15GLN,SYSTEM-19ASP
22	10	674.8		75.0		SYSTEM-11ARG,SYSTEM-7PHE,SYSTEM-10ARG,SYSTEM-6THR,SYSTEM-8LYS,SYSTEM-104ASP,SYSTEM-108PHE,SYSTEM-106ASP,SYSTEM-16ARG,SYSTEM-19ASP
23	10	577.9		64.2		SYSTEM-11ARG,SYSTEM-7PHE,SYSTEM-10ARG,SYSTEM-6THR,SYSTEM-8LYS,SYSTEM-104ASP,SYSTEM-107GLY,SYSTEM-106ASP,SYSTEM-16ARG,SYSTEM-19ASP
24	10	641.0		71.2		SYSTEM-11ARG,SYSTEM-7PHE,SYSTEM-36GLU,SYSTEM-6THR,SYSTEM-8LYS,SYSTEM-104ASP,SYSTEM-108PHE,SYSTEM-106ASP,SYSTEM-16ARG,SYSTEM-19ASP
25	10	544.1		60.5		SYSTEM-11ARG,SYSTEM-7PHE,SYSTEM-36GLU,SYSTEM-6THR,SYSTEM-8LYS,SYSTEM-104ASP,SYSTEM-107GLY,SYSTEM-106ASP,SYSTEM-16ARG,SYSTEM-19ASP
26	11	878.1		87.8		SYSTEM-11ARG,SYSTEM-8LYS,SYSTEM-104ASP,SYSTEM-108PHE,SYSTEM-106ASP,SYSTEM-16ARG,SYSTEM-20VAL,SYSTEM-24ARG,SYSTEM-27HIS,SYSTEM-23ILE,SYSTEM-19ASP
27	11	781.2		78.1		SYSTEM-11ARG,SYSTEM-8LYS,SYSTEM-104ASP,SYSTEM-107GLY,SYSTEM-106ASP,SYSTEM-16ARG,SYSTEM-20VAL,SYSTEM-24ARG,SYSTEM-27HIS,SYSTEM-23ILE,SYSTEM-19ASP
28	11	737.1		73.7		SYSTEM-11ARG,SYSTEM-7PHE,SYSTEM-10ARG,SYSTEM-6THR,SYSTEM-8LYS,SYSTEM-104ASP,SYSTEM-108PHE,SYSTEM-106ASP,SYSTEM-110TYR,SYSTEM-16ARG,SYSTEM-19ASP
29	11	640.2		64.0		SYSTEM-11ARG,SYSTEM-7PHE,SYSTEM-10ARG,SYSTEM-6THR,SYSTEM-8LYS,SYSTEM-104ASP,SYSTEM-107GLY,SYSTEM-106ASP,SYSTEM-110TYR,SYSTEM-16ARG,SYSTEM-19ASP
30	11	746.6		74.7		SYSTEM-11ARG,SYSTEM-7PHE,SYSTEM-10ARG,SYSTEM-6THR,SYSTEM-8LYS,SYSTEM-16ARG,SYSTEM-20VAL,SYSTEM-24ARG,SYSTEM-27HIS,SYSTEM-23ILE,SYSTEM-19ASP
31	11	703.3		70.3		SYSTEM-11ARG,SYSTEM-7PHE,SYSTEM-36GLU,SYSTEM-6THR,SYSTEM-8LYS,SYSTEM-104ASP,SYSTEM-108PHE,SYSTEM-106ASP,SYSTEM-110TYR,SYSTEM-16ARG,SYSTEM-19ASP
32	11	606.4		60.6		SYSTEM-11ARG,SYSTEM-7PHE,SYSTEM-36GLU,SYSTEM-6THR,SYSTEM-8LYS,SYSTEM-104ASP,SYSTEM-107GLY,SYSTEM-106ASP,SYSTEM-110TYR,SYSTEM-16ARG,SYSTEM-19ASP
33	11	712.8		71.3		SYSTEM-11ARG,SYSTEM-7PHE,SYSTEM-36GLU,SYSTEM-6THR,SYSTEM-8LYS,SYSTEM-16ARG,SYSTEM-20VAL,SYSTEM-24ARG,SYSTEM-27HIS,SYSTEM-23ILE,SYSTEM-19ASP
